{"baseurl": "http://cassci.datastax.com/job/cassandra-2.2_dtest/321/testReport/api/python", "_data": {"skipCount": 200, "empty": false, "testActions": [], "suites": [{"timestamp": null, "stderr": null, "stdout": null, "id": null, "duration": 16503.799, "cases": [{"skipped": false, "errorStackTrace": null, "duration": 244.613, "name": "functional_test", "age": 0, "failedSince": 0, "status": "PASSED", "testActions": [], "stdout": null, "className": "global_row_key_cache_test.TestGlobalRowKeyCache", "stderr": null, "errorDetails": null, "skippedMessage": null}, {"skipped": false, "errorStackTrace": null, "duration": 311.913, "name": "upgrade_to_22_test", "age": 0, "failedSince": 0, "status": "PASSED", "testActions": [], "stdout": "http://git-wip-us.apache.org/repos/asf/cassandra.git git:cassandra-2.1\nhttp://git-wip-us.apache.org/repos/asf/cassandra.git git:cassandra-2.2\nFetching Cassandra updates...\nCloning Cassandra (from local cache)\nChecking out requested branch (cassandra-2.2)\nCompiling Cassandra cassandra-2.2 ...\nhttp://git-wip-us.apache.org/repos/asf/cassandra.git git:cassandra-2.2\nFetching Cassandra updates...\nhttp://git-wip-us.apache.org/repos/asf/cassandra.git git:cassandra-2.2\nFetching Cassandra updates...\n", "className": "upgrade_internal_auth_test.TestAuthUpgrade", "stderr": null, "errorDetails": null, "skippedMessage": null}, {"skipped": false, "errorStackTrace": null, "duration": 119.43, "name": "create_lots_of_tables_concurrently_test", "age": 0, "failedSince": 0, "status": "PASSED", "testActions": [], "stdout": null, "className": "concurrent_schema_changes_test.TestConcurrentSchemaChanges", "stderr": null, "errorDetails": null, "skippedMessage": null}, {"skipped": false, "errorStackTrace": null, "duration": 78.718, "name": "changes_to_different_nodes_test", "age": 0, "failedSince": 0, "status": "PASSED", "testActions": [], "stdout": null, "className": "concurrent_schema_changes_test.TestConcurrentSchemaChanges", "stderr": null, "errorDetails": null, "skippedMessage": null}, {"skipped": false, "errorStackTrace": null, "duration": 31.744, "name": "basic_test", "age": 0, "failedSince": 0, "status": "PASSED", "testActions": [], "stdout": null, "className": "concurrent_schema_changes_test.TestConcurrentSchemaChanges", "stderr": null, "errorDetails": null, "skippedMessage": null}, {"skipped": false, "errorStackTrace": null, "duration": 90.149, "name": "test_archive_commitlog_with_active_commitlog", "age": 0, "failedSince": 0, "status": "PASSED", "testActions": [], "stdout": null, "className": "snapshot_test.TestArchiveCommitlog", "stderr": null, "errorDetails": null, "skippedMessage": null}, {"skipped": false, "errorStackTrace": null, "duration": 12.964, "name": "test_basic_snapshot_and_restore", "age": 0, "failedSince": 0, "status": "PASSED", "testActions": [], "stdout": null, "className": "snapshot_test.TestSnapshot", "stderr": null, "errorDetails": null, "skippedMessage": null}, {"skipped": false, "errorStackTrace": null, "duration": 80.93, "name": "sstableloader_compression_snappy_to_snappy_test", "age": 0, "failedSince": 0, "status": "PASSED", "testActions": [], "stdout": null, "className": "sstable_generation_loading_test.TestSSTableGenerationAndLoading", "stderr": null, "errorDetails": null, "skippedMessage": null}, {"skipped": false, "errorStackTrace": null, "duration": 62.184, "name": "test_list_indexes", "age": 0, "failedSince": 0, "status": "PASSED", "testActions": [], "stdout": null, "className": "secondary_indexes_test.TestSecondaryIndexesOnCollections", "stderr": null, "errorDetails": null, "skippedMessage": null}, {"skipped": false, "errorStackTrace": null, "duration": 61.767, "name": "repair_table_test", "age": 0, "failedSince": 0, "status": "PASSED", "testActions": [], "stdout": null, "className": "repair_test.TestRepairDataSystemTable", "stderr": null, "errorDetails": null, "skippedMessage": null}, {"skipped": false, "errorStackTrace": null, "duration": 55.646, "name": "test_mutation_v2", "age": 0, "failedSince": 0, "status": "PASSED", "testActions": [], "stdout": null, "className": "write_failures_test.TestWriteFailures", "stderr": null, "errorDetails": null, "skippedMessage": null}, {"skipped": false, "errorStackTrace": null, "duration": 44.087, "name": "acknowledged_by_batchlog_set_when_batchlog_write_succeeds_test", "age": 0, "failedSince": 0, "status": "PASSED", "testActions": [], "stdout": null, "className": "batch_test.TestBatch", "stderr": null, "errorDetails": null, "skippedMessage": null}, {"skipped": false, "errorStackTrace": null, "duration": 33.549, "name": "disable_autocompaction_schema_test", "age": 0, "failedSince": 0, "status": "PASSED", "testActions": [], "stdout": null, "className": "compaction_test.TestCompaction_with_DateTieredCompactionStrategy", "stderr": null, "errorDetails": null, "skippedMessage": null}, {"skipped": false, "errorStackTrace": null, "duration": 22.923, "name": "disable_autocompaction_alter_test", "age": 0, "failedSince": 0, "status": "PASSED", "testActions": [], "stdout": null, "className": "compaction_test.TestCompaction_with_SizeTieredCompactionStrategy", "stderr": null, "errorDetails": null, "skippedMessage": null}, {"skipped": false, "errorStackTrace": null, "duration": 28.931, "name": "test_closing_connections", "age": 0, "failedSince": 0, "status": "PASSED", "testActions": [], "stdout": null, "className": "thrift_hsha_test.ThriftHSHATest", "stderr": null, "errorDetails": null, "skippedMessage": null}, {"skipped": false, "errorStackTrace": null, "duration": 26.489, "name": "removing_default_ttl_does_not_affect_existing_rows_test", "age": 0, "failedSince": 0, "status": "PASSED", "testActions": [], "stdout": null, "className": "ttl_test.TestTTL", "stderr": null, "errorDetails": null, "skippedMessage": null}, {"skipped": false, "errorStackTrace": null, "duration": 10.451, "name": "remove_column_ttl_test", "age": 0, "failedSince": 0, "status": "PASSED", "testActions": [], "stdout": null, "className": "ttl_test.TestTTL", "stderr": null, "errorDetails": null, "skippedMessage": null}, {"skipped": false, "errorStackTrace": null, "duration": 24.712, "name": "test_type_enforcement", "age": 0, "failedSince": 0, "status": "PASSED", "testActions": [], "stdout": null, "className": "user_types_test.TestUserTypes", "stderr": null, "errorDetails": null, "skippedMessage": null}, {"skipped": false, "errorStackTrace": null, "duration": 22.082, "name": "stop_failure_policy_test", "age": 0, "failedSince": 0, "status": "PASSED", "testActions": [], "stdout": null, "className": "commitlog_test.TestCommitLog", "stderr": null, "errorDetails": null, "skippedMessage": null}, {"skipped": false, "errorStackTrace": null, "duration": 18.189, "name": "test_nodetool_scrub", "age": 0, "failedSince": 0, "status": "PASSED", "testActions": [], "stdout": null, "className": "scrub_test.TestScrub", "stderr": null, "errorDetails": null, "skippedMessage": null}, {"skipped": false, "errorStackTrace": null, "duration": 9.433, "name": "test_scrub_with_UDT", "age": 0, "failedSince": 0, "status": "PASSED", "testActions": [], "stdout": null, "className": "scrub_test.TestScrub", "stderr": null, "errorDetails": null, "skippedMessage": null}, {"skipped": false, "errorStackTrace": null, "duration": 18.626, "name": "grant_revoke_cleanup_test", "age": 0, "failedSince": 0, "status": "PASSED", "testActions": [], "stdout": null, "className": "auth_test.TestAuth", "stderr": null, "errorDetails": null, "skippedMessage": null}, {"skipped": false, "errorStackTrace": null, "duration": 16.195, "name": "dropping_nonexistent_user_throws_exception_test", "age": 0, "failedSince": 0, "status": "PASSED", "testActions": [], "stdout": null, "className": "auth_test.TestAuth", "stderr": null, "errorDetails": null, "skippedMessage": null}, {"skipped": false, "errorStackTrace": null, "duration": 7.929, "name": "basic_data_types_test", "age": 0, "failedSince": 0, "status": "PASSED", "testActions": [], "stdout": null, "className": "json_test.FromJsonInsertTests", "stderr": null, "errorDetails": null, "skippedMessage": null}, {"skipped": false, "errorStackTrace": null, "duration": 7.453, "name": "test_use_keyspace", "age": 0, "failedSince": 0, "status": "PASSED", "testActions": [], "stdout": "(EE)  (EE)  ", "className": "cqlsh_tests.cqlsh_tests.CqlshSmokeTest", "stderr": null, "errorDetails": null, "skippedMessage": null}, {"skipped": false, "errorStackTrace": null, "duration": 7.167, "name": "test_commented_lines", "age": 0, "failedSince": 0, "status": "PASSED", "testActions": [], "stdout": "(EE)  <stdin>:6:SyntaxException: <ErrorMessage code=2000 [Syntax error in CQL query] message=\"line 1:0 no viable alternative at input ';' ([;])\">(EE)  (EE)  ", "className": "cqlsh_tests.cqlsh_tests.CqlshSmokeTest", "stderr": null, "errorDetails": null, "skippedMessage": null}, {"skipped": false, "errorStackTrace": null, "duration": 6.742, "name": "test_update", "age": 0, "failedSince": 0, "status": "PASSED", "testActions": [], "stdout": "(EE)  ", "className": "cqlsh_tests.cqlsh_tests.CqlshSmokeTest", "stderr": null, "errorDetails": null, "skippedMessage": null}, {"skipped": false, "errorStackTrace": "  File \"/usr/lib/python2.7/unittest/case.py\", line 329, in run\n    testMethod()\n  File \"/home/automaton/cassandra-dtest/cqlsh_tests/cqlsh_copy_tests.py\", line 648, in test_read_invalid_float\n    self.data_validation_on_read_template(2.14, expect_invalid=True)\n  File \"/home/automaton/cassandra-dtest/cqlsh_tests/cqlsh_copy_tests.py\", line 628, in data_validation_on_read_template\n    self.assertRegexpMatches('Bad [Rr]equest', err)\n  File \"/usr/lib/python2.7/unittest/case.py\", line 1002, in assertRegexpMatches\n    raise self.failureException(msg)\n'Regexp didn\\'t match: \"<stdin>:2:\\\\n\\'QueryMessage\\' object has no attribute \\'to_binary\\'\\\\n<stdin>:2:Aborting import at record #1. Previously inserted records are still present, and some records after that may be present as well.\\\\n\" not found in \\'Bad [Rr]equest\\'\\n-------------------- >> begin captured logging << --------------------\\ndtest: DEBUG: cluster ccm directory: /mnt/tmp/dtest-35DcUT\\n--------------------- >> end captured logging << ---------------------'", "duration": 6.678, "name": "test_read_invalid_float", "age": 1, "failedSince": 321, "status": "FAILED", "testActions": [], "stdout": "(EE)  <stdin>:2:(EE)  'QueryMessage' object has no attribute 'to_binary'(EE)  <stdin>:2:Aborting import at record #1. Previously inserted records are still present, and some records after that may be present as well.(EE)  ", "className": "cqlsh_tests.cqlsh_copy_tests.CqlshCopyTest", "stderr": null, "errorDetails": "Regexp didn't match: \"<stdin>:2:\\n'QueryMessage' object has no attribute 'to_binary'\\n<stdin>:2:Aborting import at record #1. Previously inserted records are still present, and some records after that may be present as well.\\n\" not found in 'Bad [Rr]equest'\n-------------------- >> begin captured logging << --------------------\ndtest: DEBUG: cluster ccm directory: /mnt/tmp/dtest-35DcUT\n--------------------- >> end captured logging << ---------------------", "skippedMessage": null}, {"skipped": false, "errorStackTrace": "  File \"/usr/lib/python2.7/unittest/case.py\", line 329, in run\n    testMethod()\n  File \"/home/automaton/cassandra-dtest/dtest.py\", line 660, in wrapped\n    f(obj)\n  File \"/home/automaton/cassandra-dtest/cqlsh_tests/cqlsh_copy_tests.py\", line 922, in test_bulk_round_trip\n    self._test_bulk_round_trip(nodes=3, partitioner=\"murmur3\", num_records=100000)\n  File \"/home/automaton/cassandra-dtest/cqlsh_tests/cqlsh_copy_tests.py\", line 899, in _test_bulk_round_trip\n    self.assertEqual([[num_records]], rows_to_list(self.session.execute(\"SELECT COUNT(*) FROM {}\".format(stress_table))))\n  File \"/usr/lib/python2.7/unittest/case.py\", line 513, in assertEqual\n    assertion_func(first, second, msg=msg)\n  File \"/usr/lib/python2.7/unittest/case.py\", line 742, in assertListEqual\n    self.assertSequenceEqual(list1, list2, msg, seq_type=list)\n  File \"/usr/lib/python2.7/unittest/case.py\", line 724, in assertSequenceEqual\n    self.fail(msg)\n  File \"/usr/lib/python2.7/unittest/case.py\", line 410, in fail\n    raise self.failureException(msg)\n'Lists differ: [[100000]] != [[100001]]\\n\\nFirst differing element 0:\\n[100000]\\n[100001]\\n\\n- [[100000]]\\n?        ^\\n\\n+ [[100001]]\\n?        ^\\n\\n-------------------- >> begin captured logging << --------------------\\ndtest: DEBUG: cluster ccm directory: /mnt/tmp/dtest-zVLkbl\\ndtest: DEBUG: removing ccm cluster test at: /mnt/tmp/dtest-zVLkbl\\ndtest: DEBUG: clearing ssl stores from [/mnt/tmp/dtest-zVLkbl] directory\\ndtest: DEBUG: cluster ccm directory: /mnt/tmp/dtest-btCPGY\\n--------------------- >> end captured logging << ---------------------'", "duration": 83.912, "name": "test_bulk_round_trip", "age": 1, "failedSince": 321, "status": "FAILED", "testActions": [], "stdout": null, "className": "cqlsh_tests.cqlsh_copy_tests.CqlshCopyTest", "stderr": null, "errorDetails": "Lists differ: [[100000]] != [[100001]]\n\nFirst differing element 0:\n[100000]\n[100001]\n\n- [[100000]]\n?        ^\n\n+ [[100001]]\n?        ^\n\n-------------------- >> begin captured logging << --------------------\ndtest: DEBUG: cluster ccm directory: /mnt/tmp/dtest-zVLkbl\ndtest: DEBUG: removing ccm cluster test at: /mnt/tmp/dtest-zVLkbl\ndtest: DEBUG: clearing ssl stores from [/mnt/tmp/dtest-zVLkbl] directory\ndtest: DEBUG: cluster ccm directory: /mnt/tmp/dtest-btCPGY\n--------------------- >> end captured logging << ---------------------", "skippedMessage": null}, {"skipped": false, "errorStackTrace": null, "duration": 6.564, "name": "test_batch", "age": 0, "failedSince": 0, "status": "PASSED", "testActions": [], "stdout": null, "className": "cqlsh_tests.cqlsh_tests.TestCqlsh", "stderr": null, "errorDetails": null, "skippedMessage": null}, {"skipped": false, "errorStackTrace": null, "duration": 6.903, "name": "drop_column_queries_test", "age": 0, "failedSince": 0, "status": "PASSED", "testActions": [], "stdout": null, "className": "schema_test.TestSchema", "stderr": null, "errorDetails": null, "skippedMessage": null}, {"skipped": false, "errorStackTrace": null, "duration": 6.66, "name": "test_batch_mutate_standard_columns", "age": 0, "failedSince": 0, "status": "PASSED", "testActions": [], "stdout": null, "className": "thrift_tests.TestMutations", "stderr": null, "errorDetails": null, "skippedMessage": null}, {"skipped": false, "errorStackTrace": null, "duration": 6.618, "name": "test_super_get", "age": 0, "failedSince": 0, "status": "PASSED", "testActions": [], "stdout": null, "className": "thrift_tests.TestMutations", "stderr": null, "errorDetails": null, "skippedMessage": null}, {"skipped": false, "errorStackTrace": null, "duration": 6.689, "name": "test_batch_mutate_remove_standard_columns", "age": 0, "failedSince": 0, "status": "PASSED", "testActions": [], "stdout": null, "className": "thrift_tests.TestMutations", "stderr": null, "errorDetails": null, "skippedMessage": null}, {"skipped": false, "errorStackTrace": null, "duration": 6.644, "name": "test_super_cf_remove_supercolumn", "age": 0, "failedSince": 0, "status": "PASSED", "testActions": [], "stdout": null, "className": "thrift_tests.TestMutations", "stderr": null, "errorDetails": null, "skippedMessage": null}, {"skipped": false, "errorStackTrace": null, "duration": 6.708, "name": "test_integer_order", "age": 0, "failedSince": 0, "status": "PASSED", "testActions": [], "stdout": null, "className": "thrift_tests.TestMutations", "stderr": null, "errorDetails": null, "skippedMessage": null}, {"skipped": false, "errorStackTrace": null, "duration": 6.625, "name": "test_bad_system_calls", "age": 0, "failedSince": 0, "status": "PASSED", "testActions": [], "stdout": null, "className": "thrift_tests.TestMutations", "stderr": null, "errorDetails": null, "skippedMessage": null}, {"skipped": false, "errorStackTrace": null, "duration": 6.568, "name": "test_describe_ring_on_invalid_keyspace", "age": 0, "failedSince": 0, "status": "PASSED", "testActions": [], "stdout": null, "className": "thrift_tests.TestMutations", "stderr": null, "errorDetails": null, "skippedMessage": null}, {"skipped": false, "errorStackTrace": null, "duration": 17.728, "name": "aggregate_function_permissions_test", "age": 0, "failedSince": 0, "status": "PASSED", "testActions": [], "stdout": null, "className": "auth_roles_test.TestAuthRoles", "stderr": null, "errorDetails": null, "skippedMessage": null}, {"skipped": false, "errorStackTrace": null, "duration": 16.989, "name": "builtin_functions_require_no_special_permissions_test", "age": 0, "failedSince": 0, "status": "PASSED", "testActions": [], "stdout": null, "className": "auth_roles_test.TestAuthRoles", "stderr": null, "errorDetails": null, "skippedMessage": null}, {"skipped": false, "errorStackTrace": null, "duration": 16.299, "name": "conditional_create_drop_role_test", "age": 0, "failedSince": 0, "status": "PASSED", "testActions": [], "stdout": null, "className": "auth_roles_test.TestAuthRoles", "stderr": null, "errorDetails": null, "skippedMessage": null}, {"skipped": false, "errorStackTrace": null, "duration": 16.783, "name": "create_and_grant_roles_with_superuser_status_test", "age": 0, "failedSince": 0, "status": "PASSED", "testActions": [], "stdout": null, "className": "auth_roles_test.TestAuthRoles", "stderr": null, "errorDetails": null, "skippedMessage": null}, {"skipped": false, "errorStackTrace": null, "duration": 16.196, "name": "create_drop_role_test", "age": 0, "failedSince": 0, "status": "PASSED", "testActions": [], "stdout": null, "className": "auth_roles_test.TestAuthRoles", "stderr": null, "errorDetails": null, "skippedMessage": null}, {"skipped": false, "errorStackTrace": null, "duration": 16.74, "name": "create_drop_role_validation_test", "age": 0, "failedSince": 0, "status": "PASSED", "testActions": [], "stdout": null, "className": "auth_roles_test.TestAuthRoles", "stderr": null, "errorDetails": null, "skippedMessage": null}, {"skipped": false, "errorStackTrace": null, "duration": 16.336, "name": "create_user_as_alias_for_create_role_test", "age": 0, "failedSince": 0, "status": "PASSED", "testActions": [], "stdout": null, "className": "auth_roles_test.TestAuthRoles", "stderr": null, "errorDetails": null, "skippedMessage": null}, {"skipped": false, "errorStackTrace": null, "duration": 17.217, "name": "creator_of_db_resource_granted_all_permissions_test", "age": 0, "failedSince": 0, "status": "PASSED", "testActions": [], "stdout": null, "className": "auth_roles_test.TestAuthRoles", "stderr": null, "errorDetails": null, "skippedMessage": null}, {"skipped": false, "errorStackTrace": null, "duration": 16.495, "name": "disallow_grant_execute_on_non_function_resources_test", "age": 0, "failedSince": 0, "status": "PASSED", "testActions": [], "stdout": null, "className": "auth_roles_test.TestAuthRoles", "stderr": null, "errorDetails": null, "skippedMessage": null}, {"skipped": false, "errorStackTrace": null, "duration": 16.487, "name": "disallow_grant_revoke_on_builtin_functions_test", "age": 0, "failedSince": 0, "status": "PASSED", "testActions": [], "stdout": null, "className": "auth_roles_test.TestAuthRoles", "stderr": null, "errorDetails": null, "skippedMessage": null}, {"skipped": false, "errorStackTrace": null, "duration": 16.746, "name": "drop_and_revoke_roles_with_superuser_status_test", "age": 0, "failedSince": 0, "status": "PASSED", "testActions": [], "stdout": null, "className": "auth_roles_test.TestAuthRoles", "stderr": null, "errorDetails": null, "skippedMessage": null}, {"skipped": false, "errorStackTrace": null, "duration": 17.146, "name": "drop_function_and_keyspace_cleans_up_udf_permissions_test", "age": 0, "failedSince": 0, "status": "PASSED", "testActions": [], "stdout": null, "className": "auth_roles_test.TestAuthRoles", "stderr": null, "errorDetails": null, "skippedMessage": null}, {"skipped": false, "errorStackTrace": null, "duration": 17.103, "name": "drop_keyspace_cleans_up_function_level_permissions_test", "age": 0, "failedSince": 0, "status": "PASSED", "testActions": [], "stdout": null, "className": "auth_roles_test.TestAuthRoles", "stderr": null, "errorDetails": null, "skippedMessage": null}, {"skipped": false, "errorStackTrace": null, "duration": 16.843, "name": "drop_role_cleans_up_udf_permissions_test", "age": 0, "failedSince": 0, "status": "PASSED", "testActions": [], "stdout": null, "className": "auth_roles_test.TestAuthRoles", "stderr": null, "errorDetails": null, "skippedMessage": null}, {"skipped": false, "errorStackTrace": null, "duration": 16.347, "name": "drop_role_removes_memberships_test", "age": 0, "failedSince": 0, "status": "PASSED", "testActions": [], "stdout": null, "className": "auth_roles_test.TestAuthRoles", "stderr": null, "errorDetails": null, "skippedMessage": null}, {"skipped": false, "errorStackTrace": null, "duration": 16.294, "name": "drop_role_revokes_permissions_granted_on_it_test", "age": 0, "failedSince": 0, "status": "PASSED", "testActions": [], "stdout": null, "className": "auth_roles_test.TestAuthRoles", "stderr": null, "errorDetails": null, "skippedMessage": null}, {"skipped": false, "errorStackTrace": null, "duration": 17.149, "name": "filter_granted_permissions_by_resource_type_test", "age": 0, "failedSince": 0, "status": "PASSED", "testActions": [], "stdout": null, "className": "auth_roles_test.TestAuthRoles", "stderr": null, "errorDetails": null, "skippedMessage": null}, {"skipped": false, "errorStackTrace": null, "duration": 17.564, "name": "function_resource_hierarchy_permissions_test", "age": 0, "failedSince": 0, "status": "PASSED", "testActions": [], "stdout": null, "className": "auth_roles_test.TestAuthRoles", "stderr": null, "errorDetails": null, "skippedMessage": null}, {"skipped": false, "errorStackTrace": null, "duration": 16.736, "name": "grant_revoke_are_idempotent_test", "age": 0, "failedSince": 0, "status": "PASSED", "testActions": [], "stdout": null, "className": "auth_roles_test.TestAuthRoles", "stderr": null, "errorDetails": null, "skippedMessage": null}, {"skipped": false, "errorStackTrace": null, "duration": 17.035, "name": "grant_revoke_permissions_test", "age": 0, "failedSince": 0, "status": "PASSED", "testActions": [], "stdout": null, "className": "auth_roles_test.TestAuthRoles", "stderr": null, "errorDetails": null, "skippedMessage": null}, {"skipped": false, "errorStackTrace": null, "duration": 16.937, "name": "grant_revoke_role_validation_test", "age": 0, "failedSince": 0, "status": "PASSED", "testActions": [], "stdout": null, "className": "auth_roles_test.TestAuthRoles", "stderr": null, "errorDetails": null, "skippedMessage": null}, {"skipped": false, "errorStackTrace": null, "duration": 16.344, "name": "grant_revoke_roles_test", "age": 0, "failedSince": 0, "status": "PASSED", "testActions": [], "stdout": null, "className": "auth_roles_test.TestAuthRoles", "stderr": null, "errorDetails": null, "skippedMessage": null}, {"skipped": false, "errorStackTrace": null, "duration": 16.846, "name": "grant_revoke_udf_permissions_test", "age": 0, "failedSince": 0, "status": "PASSED", "testActions": [], "stdout": null, "className": "auth_roles_test.TestAuthRoles", "stderr": null, "errorDetails": null, "skippedMessage": null}, {"skipped": false, "errorStackTrace": null, "duration": 16.203, "name": "ignore_invalid_roles_test", "age": 0, "failedSince": 0, "status": "PASSED", "testActions": [], "stdout": null, "className": "auth_roles_test.TestAuthRoles", "stderr": null, "errorDetails": null, "skippedMessage": null}, {"skipped": false, "errorStackTrace": null, "duration": 17.172, "name": "inheritence_of_udf_permissions_test", "age": 0, "failedSince": 0, "status": "PASSED", "testActions": [], "stdout": null, "className": "auth_roles_test.TestAuthRoles", "stderr": null, "errorDetails": null, "skippedMessage": null}, {"skipped": false, "errorStackTrace": null, "duration": 17.106, "name": "list_permissions_test", "age": 0, "failedSince": 0, "status": "PASSED", "testActions": [], "stdout": null, "className": "auth_roles_test.TestAuthRoles", "stderr": null, "errorDetails": null, "skippedMessage": null}, {"skipped": false, "errorStackTrace": null, "duration": 17.166, "name": "list_permissions_validation_test", "age": 0, "failedSince": 0, "status": "PASSED", "testActions": [], "stdout": null, "className": "auth_roles_test.TestAuthRoles", "stderr": null, "errorDetails": null, "skippedMessage": null}, {"skipped": false, "errorStackTrace": null, "duration": 16.87, "name": "list_roles_test", "age": 0, "failedSince": 0, "status": "PASSED", "testActions": [], "stdout": null, "className": "auth_roles_test.TestAuthRoles", "stderr": null, "errorDetails": null, "skippedMessage": null}, {"skipped": false, "errorStackTrace": null, "duration": 16.249, "name": "list_users_considers_inherited_superuser_status_test", "age": 0, "failedSince": 0, "status": "PASSED", "testActions": [], "stdout": null, "className": "auth_roles_test.TestAuthRoles", "stderr": null, "errorDetails": null, "skippedMessage": null}, {"skipped": false, "errorStackTrace": null, "duration": 16.196, "name": "prevent_circular_grants_test", "age": 0, "failedSince": 0, "status": "PASSED", "testActions": [], "stdout": null, "className": "auth_roles_test.TestAuthRoles", "stderr": null, "errorDetails": null, "skippedMessage": null}, {"skipped": false, "errorStackTrace": null, "duration": 17.955, "name": "role_admin_validation_test", "age": 0, "failedSince": 0, "status": "PASSED", "testActions": [], "stdout": null, "className": "auth_roles_test.TestAuthRoles", "stderr": null, "errorDetails": null, "skippedMessage": null}, {"skipped": false, "errorStackTrace": null, "duration": 18.988, "name": "role_caching_authenticated_user_test", "age": 0, "failedSince": 0, "status": "PASSED", "testActions": [], "stdout": null, "className": "auth_roles_test.TestAuthRoles", "stderr": null, "errorDetails": null, "skippedMessage": null}, {"skipped": false, "errorStackTrace": null, "duration": 17.143, "name": "role_requires_login_privilege_to_authenticate_test", "age": 0, "failedSince": 0, "status": "PASSED", "testActions": [], "stdout": null, "className": "auth_roles_test.TestAuthRoles", "stderr": null, "errorDetails": null, "skippedMessage": null}, {"skipped": false, "errorStackTrace": null, "duration": 16.711, "name": "role_requires_password_to_login_test", "age": 0, "failedSince": 0, "status": "PASSED", "testActions": [], "stdout": null, "className": "auth_roles_test.TestAuthRoles", "stderr": null, "errorDetails": null, "skippedMessage": null}, {"skipped": false, "errorStackTrace": null, "duration": 16.495, "name": "roles_do_not_inherit_login_privilege_test", "age": 0, "failedSince": 0, "status": "PASSED", "testActions": [], "stdout": null, "className": "auth_roles_test.TestAuthRoles", "stderr": null, "errorDetails": null, "skippedMessage": null}, {"skipped": false, "errorStackTrace": null, "duration": 16.691, "name": "superuser_status_is_inherited_test", "age": 0, "failedSince": 0, "status": "PASSED", "testActions": [], "stdout": null, "className": "auth_roles_test.TestAuthRoles", "stderr": null, "errorDetails": null, "skippedMessage": null}, {"skipped": false, "errorStackTrace": null, "duration": 17.179, "name": "udf_permissions_in_delete_test", "age": 0, "failedSince": 0, "status": "PASSED", "testActions": [], "stdout": null, "className": "auth_roles_test.TestAuthRoles", "stderr": null, "errorDetails": null, "skippedMessage": null}, {"skipped": false, "errorStackTrace": null, "duration": 17.19, "name": "udf_permissions_in_insert_test", "age": 0, "failedSince": 0, "status": "PASSED", "testActions": [], "stdout": null, "className": "auth_roles_test.TestAuthRoles", "stderr": null, "errorDetails": null, "skippedMessage": null}, {"skipped": false, "errorStackTrace": null, "duration": 17.22, "name": "udf_permissions_in_select_where_clause_test", "age": 0, "failedSince": 0, "status": "PASSED", "testActions": [], "stdout": null, "className": "auth_roles_test.TestAuthRoles", "stderr": null, "errorDetails": null, "skippedMessage": null}, {"skipped": false, "errorStackTrace": null, "duration": 17.193, "name": "udf_permissions_in_selection_test", "age": 0, "failedSince": 0, "status": "PASSED", "testActions": [], "stdout": null, "className": "auth_roles_test.TestAuthRoles", "stderr": null, "errorDetails": null, "skippedMessage": null}, {"skipped": false, "errorStackTrace": null, "duration": 17.292, "name": "udf_permissions_in_update_test", "age": 0, "failedSince": 0, "status": "PASSED", "testActions": [], "stdout": null, "className": "auth_roles_test.TestAuthRoles", "stderr": null, "errorDetails": null, "skippedMessage": null}, {"skipped": false, "errorStackTrace": null, "duration": 17.553, "name": "udf_permissions_validation_test", "age": 0, "failedSince": 0, "status": "PASSED", "testActions": [], "stdout": null, "className": "auth_roles_test.TestAuthRoles", "stderr": null, "errorDetails": null, "skippedMessage": null}, {"skipped": false, "errorStackTrace": null, "duration": 17.051, "name": "udf_with_overloads_permissions_test", "age": 0, "failedSince": 0, "status": "PASSED", "testActions": [], "stdout": null, "className": "auth_roles_test.TestAuthRoles", "stderr": null, "errorDetails": null, "skippedMessage": null}, {"skipped": true, "errorStackTrace": null, "duration": 0.053, "name": "range_query_2ndary_test", "age": 1, "failedSince": 321, "status": "SKIPPED", "testActions": [], "stdout": null, "className": "deprecated_cql_tests.TestCQL", "stderr": null, "errorDetails": null, "skippedMessage": "2.2.2 > 2.0.x"}, {"skipped": true, "errorStackTrace": null, "duration": 0.101, "name": "compression_option_validation_test", "age": 1, "failedSince": 321, "status": "SKIPPED", "testActions": [], "stdout": null, "className": "deprecated_cql_tests.TestCQL", "stderr": null, "errorDetails": null, "skippedMessage": "2.2.2 > 2.0.x"}, {"skipped": true, "errorStackTrace": null, "duration": 0.101, "name": "order_by_with_in_test", "age": 1, "failedSince": 321, "status": "SKIPPED", "testActions": [], "stdout": null, "className": "deprecated_cql_tests.TestCQL", "stderr": null, "errorDetails": null, "skippedMessage": "2.2.2 > 2.0.x"}, {"skipped": true, "errorStackTrace": null, "duration": 0.1, "name": "bug_4882_test", "age": 45, "failedSince": 277, "status": "SKIPPED", "testActions": [], "stdout": null, "className": "deprecated_cql_tests.TestCQL", "stderr": null, "errorDetails": null, "skippedMessage": "2.2.2 > 2.0.x"}, {"skipped": true, "errorStackTrace": null, "duration": 0.1, "name": "static_with_empty_clustering_test", "age": 46, "failedSince": 276, "status": "SKIPPED", "testActions": [], "stdout": null, "className": "deprecated_cql_tests.TestCQL", "stderr": null, "errorDetails": null, "skippedMessage": "2.2.2 > 2.0.x"}, {"skipped": true, "errorStackTrace": null, "duration": 0.1, "name": "conversion_functions_test", "age": 45, "failedSince": 277, "status": "SKIPPED", "testActions": [], "stdout": null, "className": "deprecated_cql_tests.TestCQL", "stderr": null, "errorDetails": null, "skippedMessage": "2.2.2 > 2.0.x"}, {"skipped": true, "errorStackTrace": null, "duration": 0.1, "name": "function_with_null_test", "age": 45, "failedSince": 277, "status": "SKIPPED", "testActions": [], "stdout": null, "className": "deprecated_cql_tests.TestCQL", "stderr": null, "errorDetails": null, "skippedMessage": "2.2.2 > 2.0.x"}, {"skipped": true, "errorStackTrace": null, "duration": 0.1, "name": "tuple_notation_test", "age": 1, "failedSince": 321, "status": "SKIPPED", "testActions": [], "stdout": null, "className": "deprecated_cql_tests.TestCQL", "stderr": null, "errorDetails": null, "skippedMessage": "2.2.2 > 2.0.x"}, {"skipped": true, "errorStackTrace": null, "duration": 0.102, "name": "null_support_test", "age": 45, "failedSince": 277, "status": "SKIPPED", "testActions": [], "stdout": null, "className": "deprecated_cql_tests.TestCQL", "stderr": null, "errorDetails": null, "skippedMessage": "2.2.2 > 2.0.x"}, {"skipped": true, "errorStackTrace": null, "duration": 0.1, "name": "static_columns_test", "age": 47, "failedSince": 275, "status": "SKIPPED", "testActions": [], "stdout": null, "className": "deprecated_cql_tests.TestCQL", "stderr": null, "errorDetails": null, "skippedMessage": "2.2.2 > 2.0.x"}, {"skipped": true, "errorStackTrace": null, "duration": 0.101, "name": "collection_and_regular_test", "age": 1, "failedSince": 321, "status": "SKIPPED", "testActions": [], "stdout": null, "className": "deprecated_cql_tests.TestCQL", "stderr": null, "errorDetails": null, "skippedMessage": "2.2.2 > 2.0.x"}, {"skipped": true, "errorStackTrace": null, "duration": 0.1, "name": "bug_6327_test", "age": 1, "failedSince": 321, "status": "SKIPPED", "testActions": [], "stdout": null, "className": "deprecated_cql_tests.TestCQL", "stderr": null, "errorDetails": null, "skippedMessage": "2.2.2 > 2.0.x"}, {"skipped": true, "errorStackTrace": null, "duration": 0.102, "name": "set_test", "age": 1, "failedSince": 321, "status": "SKIPPED", "testActions": [], "stdout": null, "className": "deprecated_cql_tests.TestCQL", "stderr": null, "errorDetails": null, "skippedMessage": "2.2.2 > 2.0.x"}, {"skipped": true, "errorStackTrace": null, "duration": 0.1, "name": "clustering_order_in_test", "age": 45, "failedSince": 277, "status": "SKIPPED", "testActions": [], "stdout": null, "className": "deprecated_cql_tests.TestCQL", "stderr": null, "errorDetails": null, "skippedMessage": "2.2.2 > 2.0.x"}, {"skipped": true, "errorStackTrace": null, "duration": 0.1, "name": "select_count_paging_test", "age": 1, "failedSince": 321, "status": "SKIPPED", "testActions": [], "stdout": null, "className": "deprecated_cql_tests.TestCQL", "stderr": null, "errorDetails": null, "skippedMessage": "2.2.2 > 2.0.x"}, {"skipped": true, "errorStackTrace": null, "duration": 0.099, "name": "composite_index_collections_test", "age": 45, "failedSince": 277, "status": "SKIPPED", "testActions": [], "stdout": null, "className": "deprecated_cql_tests.TestCQL", "stderr": null, "errorDetails": null, "skippedMessage": "2.2.2 > 2.0.x"}, {"skipped": true, "errorStackTrace": null, "duration": 0.099, "name": "in_with_desc_order_test", "age": 49, "failedSince": 273, "status": "SKIPPED", "testActions": [], "stdout": null, "className": "deprecated_cql_tests.TestCQL", "stderr": null, "errorDetails": null, "skippedMessage": "2.2.2 > 2.0.x"}, {"skipped": true, "errorStackTrace": null, "duration": 0.099, "name": "empty_in_test", "age": 1, "failedSince": 321, "status": "SKIPPED", "testActions": [], "stdout": null, "className": "deprecated_cql_tests.TestCQL", "stderr": null, "errorDetails": null, "skippedMessage": "2.2.2 > 2.0.x"}, {"skipped": true, "errorStackTrace": null, "duration": 0.099, "name": "batch_test", "age": 1, "failedSince": 321, "status": "SKIPPED", "testActions": [], "stdout": null, "className": "deprecated_cql_tests.TestCQL", "stderr": null, "errorDetails": null, "skippedMessage": "2.2.2 > 2.0.x"}, {"skipped": true, "errorStackTrace": null, "duration": 0.1, "name": "conditional_ddl_table_test", "age": 1, "failedSince": 321, "status": "SKIPPED", "testActions": [], "stdout": null, "className": "deprecated_cql_tests.TestCQL", "stderr": null, "errorDetails": null, "skippedMessage": "2.2.2 > 2.0.x"}, {"skipped": true, "errorStackTrace": null, "duration": 0.052, "name": "whole_map_conditional_test", "age": 1, "failedSince": 321, "status": "SKIPPED", "testActions": [], "stdout": null, "className": "upgrade_tests.cql_tests.TestCQL", "stderr": null, "errorDetails": null, "skippedMessage": "2.2.2 < 3.0"}, {"skipped": true, "errorStackTrace": null, "duration": 0.099, "name": "select_key_in_test", "age": 46, "failedSince": 276, "status": "SKIPPED", "testActions": [], "stdout": null, "className": "upgrade_tests.cql_tests.TestCQL", "stderr": null, "errorDetails": null, "skippedMessage": "2.2.2 < 3.0"}, {"skipped": true, "errorStackTrace": null, "duration": 0.099, "name": "static_columns_with_distinct_test", "age": 56, "failedSince": 266, "status": "SKIPPED", "testActions": [], "stdout": null, "className": "upgrade_tests.cql_tests.TestCQL", "stderr": null, "errorDetails": null, "skippedMessage": "2.2.2 < 3.0"}, {"skipped": true, "errorStackTrace": null, "duration": 0.1, "name": "non_eq_conditional_update_test", "age": 1, "failedSince": 321, "status": "SKIPPED", "testActions": [], "stdout": null, "className": "upgrade_tests.cql_tests.TestCQL", "stderr": null, "errorDetails": null, "skippedMessage": "2.2.2 < 3.0"}, {"skipped": true, "errorStackTrace": null, "duration": 0.099, "name": "delete_row_test", "age": 1, "failedSince": 321, "status": "SKIPPED", "testActions": [], "stdout": null, "className": "upgrade_tests.cql_tests.TestCQL", "stderr": null, "errorDetails": null, "skippedMessage": "2.2.2 < 3.0"}, {"skipped": true, "errorStackTrace": null, "duration": 0.1, "name": "boolean_test", "age": 45, "failedSince": 277, "status": "SKIPPED", "testActions": [], "stdout": null, "className": "upgrade_tests.cql_tests.TestCQL", "stderr": null, "errorDetails": null, "skippedMessage": "2.2.2 < 3.0"}, {"skipped": true, "errorStackTrace": null, "duration": 0.1, "name": "list_test", "age": 1, "failedSince": 321, "status": "SKIPPED", "testActions": [], "stdout": null, "className": "upgrade_tests.cql_tests.TestCQL", "stderr": null, "errorDetails": null, "skippedMessage": "2.2.2 < 3.0"}, {"skipped": true, "errorStackTrace": null, "duration": 0.1, "name": "limit_bugs_test", "age": 1, "failedSince": 321, "status": "SKIPPED", "testActions": [], "stdout": null, "className": "upgrade_tests.cql_tests.TestCQL", "stderr": null, "errorDetails": null, "skippedMessage": "2.2.2 < 3.0"}, {"skipped": true, "errorStackTrace": null, "duration": 0.1, "name": "static_columns_with_2i_test", "age": 45, "failedSince": 277, "status": "SKIPPED", "testActions": [], "stdout": null, "className": "upgrade_tests.cql_tests.TestCQL", "stderr": null, "errorDetails": null, "skippedMessage": "2.2.2 < 3.0"}, {"skipped": true, "errorStackTrace": null, "duration": 0.099, "name": "in_clause_wide_rows_test", "age": 4, "failedSince": 318, "status": "SKIPPED", "testActions": [], "stdout": null, "className": "upgrade_tests.cql_tests.TestCQL", "stderr": null, "errorDetails": null, "skippedMessage": "2.2.2 < 3.0"}, {"skipped": true, "errorStackTrace": null, "duration": 0.099, "name": "order_by_validation_test", "age": 45, "failedSince": 277, "status": "SKIPPED", "testActions": [], "stdout": null, "className": "upgrade_tests.cql_tests.TestCQL", "stderr": null, "errorDetails": null, "skippedMessage": "2.2.2 < 3.0"}, {"skipped": true, "errorStackTrace": null, "duration": 0.1, "name": "bug_6612_test", "age": 45, "failedSince": 277, "status": "SKIPPED", "testActions": [], "stdout": null, "className": "upgrade_tests.cql_tests.TestCQL", "stderr": null, "errorDetails": null, "skippedMessage": "2.2.2 < 3.0"}, {"skipped": true, "errorStackTrace": null, "duration": 0.1, "name": "timeuuid_test", "age": 45, "failedSince": 277, "status": "SKIPPED", "testActions": [], "stdout": null, "className": "upgrade_tests.cql_tests.TestCQL", "stderr": null, "errorDetails": null, "skippedMessage": "2.2.2 < 3.0"}, {"skipped": true, "errorStackTrace": null, "duration": 0.1, "name": "collection_and_regular_test", "age": 1, "failedSince": 321, "status": "SKIPPED", "testActions": [], "stdout": null, "className": "upgrade_tests.cql_tests.TestCQL", "stderr": null, "errorDetails": null, "skippedMessage": "2.2.2 < 3.0"}, {"skipped": true, "errorStackTrace": null, "duration": 0.052, "name": "test_cell_TTL_expiry_during_paging", "age": 1, "failedSince": 321, "status": "SKIPPED", "testActions": [], "stdout": null, "className": "upgrade_tests.paging_test.TestPagingDatasetChanges", "stderr": null, "errorDetails": null, "skippedMessage": "2.2.2 < 3.0"}, {"skipped": true, "errorStackTrace": null, "duration": 0.052, "name": "drop_table_test", "age": 1, "failedSince": 321, "status": "SKIPPED", "testActions": [], "stdout": null, "className": "materialized_views_test.TestMaterializedViews", "stderr": null, "errorDetails": null, "skippedMessage": "2.2.2 < 3.0"}, {"skipped": true, "errorStackTrace": null, "duration": 0.101, "name": "lwt_test", "age": 1, "failedSince": 321, "status": "SKIPPED", "testActions": [], "stdout": null, "className": "materialized_views_test.TestMaterializedViews", "stderr": null, "errorDetails": null, "skippedMessage": "2.2.2 < 3.0"}, {"skipped": true, "errorStackTrace": null, "duration": 0.053, "name": "nodetool_test", "age": 1, "failedSince": 321, "status": "SKIPPED", "testActions": [], "stdout": null, "className": "hintedhandoff_test.TestHintedHandoffConfig", "stderr": null, "errorDetails": null, "skippedMessage": "2.2.2 < 3.0"}, {"skipped": false, "errorStackTrace": null, "duration": 243.574, "name": "wide_row_test", "age": 0, "failedSince": 0, "status": "PASSED", "testActions": [], "stdout": null, "className": "putget_test.TestPutGet", "stderr": null, "errorDetails": null, "skippedMessage": null}, {"skipped": false, "errorStackTrace": null, "duration": 209.87, "name": "test_network_topology_strategy_users", "age": 0, "failedSince": 0, "status": "PASSED", "testActions": [], "stdout": null, "className": "consistency_test.TestAccuracy", "stderr": null, "errorDetails": null, "skippedMessage": null}, {"skipped": false, "errorStackTrace": null, "duration": 26.178, "name": "quorum_available_during_failure_test", "age": 0, "failedSince": 0, "status": "PASSED", "testActions": [], "stdout": null, "className": "consistency_test.TestConsistency", "stderr": null, "errorDetails": null, "skippedMessage": null}, {"skipped": false, "errorStackTrace": null, "duration": 125.979, "name": "replace_shutdown_node_test", "age": 0, "failedSince": 0, "status": "PASSED", "testActions": [], "stdout": null, "className": "replace_address_test.TestReplaceAddress", "stderr": null, "errorDetails": null, "skippedMessage": null}, {"skipped": false, "errorStackTrace": null, "duration": 93.154, "name": "killed_wiped_node_cannot_join_test", "age": 0, "failedSince": 0, "status": "PASSED", "testActions": [], "stdout": null, "className": "bootstrap_test.TestBootstrap", "stderr": null, "errorDetails": null, "skippedMessage": null}, {"skipped": false, "errorStackTrace": null, "duration": 93.003, "name": "sstable_repairedset_test", "age": 0, "failedSince": 0, "status": "PASSED", "testActions": [], "stdout": null, "className": "incremental_repair_test.TestIncRepair", "stderr": null, "errorDetails": null, "skippedMessage": null}, {"skipped": false, "errorStackTrace": null, "duration": 51.147, "name": "compaction_test", "age": 0, "failedSince": 0, "status": "FIXED", "testActions": [], "stdout": null, "className": "incremental_repair_test.TestIncRepair", "stderr": null, "errorDetails": null, "skippedMessage": null}, {"skipped": false, "errorStackTrace": null, "duration": 81.784, "name": "sstableloader_compression_snappy_to_none_test", "age": 0, "failedSince": 0, "status": "PASSED", "testActions": [], "stdout": null, "className": "sstable_generation_loading_test.TestSSTableGenerationAndLoading", "stderr": null, "errorDetails": null, "skippedMessage": null}, {"skipped": false, "errorStackTrace": null, "duration": 71.684, "name": "test_rf_collapse_gossiping_property_file_snitch", "age": 0, "failedSince": 0, "status": "PASSED", "testActions": [], "stdout": null, "className": "replication_test.SnitchConfigurationUpdateTest", "stderr": null, "errorDetails": null, "skippedMessage": null}, {"skipped": false, "errorStackTrace": null, "duration": 65.903, "name": "changes_while_node_toggle_test", "age": 0, "failedSince": 0, "status": "PASSED", "testActions": [], "stdout": null, "className": "concurrent_schema_changes_test.TestConcurrentSchemaChanges", "stderr": null, "errorDetails": null, "skippedMessage": null}, {"skipped": false, "errorStackTrace": null, "duration": 43.271, "name": "table_metric_mbeans_test", "age": 0, "failedSince": 0, "status": "PASSED", "testActions": [], "stdout": null, "className": "jmx_test.TestJMX", "stderr": null, "errorDetails": null, "skippedMessage": null}, {"skipped": false, "errorStackTrace": null, "duration": 38.569, "name": "test_mutation_quorum", "age": 0, "failedSince": 0, "status": "PASSED", "testActions": [], "stdout": null, "className": "write_failures_test.TestWriteFailures", "stderr": null, "errorDetails": null, "skippedMessage": null}, {"skipped": false, "errorStackTrace": null, "duration": 32.544, "name": "test_nested_user_types", "age": 0, "failedSince": 0, "status": "PASSED", "testActions": [], "stdout": null, "className": "user_types_test.TestUserTypes", "stderr": null, "errorDetails": null, "skippedMessage": null}, {"skipped": false, "errorStackTrace": null, "duration": 29.777, "name": "test_scrub_static_table", "age": 0, "failedSince": 0, "status": "PASSED", "testActions": [], "stdout": null, "className": "scrub_test.TestScrubIndexes", "stderr": null, "errorDetails": null, "skippedMessage": null}, {"skipped": false, "errorStackTrace": null, "duration": 24.442, "name": "test_with_limit", "age": 0, "failedSince": 0, "status": "FIXED", "testActions": [], "stdout": null, "className": "paging_test.TestPagingWithModifiers", "stderr": null, "errorDetails": null, "skippedMessage": null}, {"skipped": false, "errorStackTrace": null, "duration": 21.374, "name": "test_with_more_results_than_page_size", "age": 0, "failedSince": 0, "status": "FIXED", "testActions": [], "stdout": null, "className": "paging_test.TestPagingSize", "stderr": null, "errorDetails": null, "skippedMessage": null}, {"skipped": false, "errorStackTrace": null, "duration": 23.66, "name": "disable_autocompaction_alter_test", "age": 0, "failedSince": 0, "status": "PASSED", "testActions": [], "stdout": null, "className": "compaction_test.TestCompaction_with_DateTieredCompactionStrategy", "stderr": null, "errorDetails": null, "skippedMessage": null}, {"skipped": false, "errorStackTrace": null, "duration": 17.712, "name": "test_login_keeps_keyspace", "age": 0, "failedSince": 0, "status": "PASSED", "testActions": [], "stdout": "(EE)  ", "className": "cqlsh_tests.cqlsh_tests.CqlLoginTest", "stderr": null, "errorDetails": null, "skippedMessage": null}, {"skipped": false, "errorStackTrace": null, "duration": 7.036, "name": "test_past_and_future_dates", "age": 0, "failedSince": 0, "status": "PASSED", "testActions": [], "stdout": "(EE)  ", "className": "cqlsh_tests.cqlsh_tests.TestCqlsh", "stderr": null, "errorDetails": null, "skippedMessage": null}, {"skipped": false, "errorStackTrace": null, "duration": 7.744, "name": "tracing_from_system_traces_test", "age": 0, "failedSince": 0, "status": "PASSED", "testActions": [], "stdout": null, "className": "cqlsh_tests.cqlsh_tests.TestCqlsh", "stderr": null, "errorDetails": null, "skippedMessage": null}, {"skipped": false, "errorStackTrace": null, "duration": 6.819, "name": "select_element_inside_udt_test", "age": 0, "failedSince": 0, "status": "PASSED", "testActions": [], "stdout": null, "className": "cqlsh_tests.cqlsh_tests.TestCqlsh", "stderr": null, "errorDetails": null, "skippedMessage": null}, {"skipped": false, "errorStackTrace": null, "duration": 6.892, "name": "test_client_warnings", "age": 0, "failedSince": 0, "status": "PASSED", "testActions": [], "stdout": null, "className": "cqlsh_tests.cqlsh_tests.TestCqlsh", "stderr": null, "errorDetails": null, "skippedMessage": null}, {"skipped": false, "errorStackTrace": "  File \"/usr/lib/python2.7/unittest/case.py\", line 329, in run\n    testMethod()\n  File \"/home/automaton/cassandra-dtest/cqlsh_tests/cqlsh_copy_tests.py\", line 496, in test_explicit_column_order_reading\n    self.assertCsvResultEqual(reference_file.name, results)\n  File \"/home/automaton/cassandra-dtest/cqlsh_tests/cqlsh_copy_tests.py\", line 167, in assertCsvResultEqual\n    raise e\n\"Element counts were not equal:\\nFirst has 1, Second has 0:  ['1', 'ham', '20']\\nFirst has 1, Second has 0:  ['2', 'eggs', '40']\\nFirst has 1, Second has 0:  ['3', 'beans', '60']\\nFirst has 1, Second has 0:  ['4', 'toast', '80']\\n-------------------- >> begin captured logging << --------------------\\ndtest: DEBUG: cluster ccm directory: /mnt/tmp/dtest-UMhXS4\\ndtest: WARNING: Different # of entries. CSV: 4 vs results: 0\\n--------------------- >> end captured logging << ---------------------\"", "duration": 6.932, "name": "test_explicit_column_order_reading", "age": 6, "failedSince": 316, "status": "FAILED", "testActions": [], "stdout": "(EE)  <stdin>:2:(EE)  'QueryMessage' object has no attribute 'to_binary'(EE)  <stdin>:2:Aborting import at record #3. Previously inserted records are still present, and some records after that may be present as well.(EE)  ", "className": "cqlsh_tests.cqlsh_copy_tests.CqlshCopyTest", "stderr": null, "errorDetails": "Element counts were not equal:\nFirst has 1, Second has 0:  ['1', 'ham', '20']\nFirst has 1, Second has 0:  ['2', 'eggs', '40']\nFirst has 1, Second has 0:  ['3', 'beans', '60']\nFirst has 1, Second has 0:  ['4', 'toast', '80']\n-------------------- >> begin captured logging << --------------------\ndtest: DEBUG: cluster ccm directory: /mnt/tmp/dtest-UMhXS4\ndtest: WARNING: Different # of entries. CSV: 4 vs results: 0\n--------------------- >> end captured logging << ---------------------", "skippedMessage": null}, {"skipped": false, "errorStackTrace": "  File \"/usr/lib/python2.7/unittest/case.py\", line 329, in run\n    testMethod()\n  File \"/home/automaton/cassandra-dtest/cqlsh_tests/cqlsh_copy_tests.py\", line 655, in test_read_invalid_uuid\n    self.data_validation_on_read_template(uuid4(), expect_invalid=True)\n  File \"/home/automaton/cassandra-dtest/cqlsh_tests/cqlsh_copy_tests.py\", line 628, in data_validation_on_read_template\n    self.assertRegexpMatches('Bad [Rr]equest', err)\n  File \"/usr/lib/python2.7/unittest/case.py\", line 1002, in assertRegexpMatches\n    raise self.failureException(msg)\n'Regexp didn\\'t match: \"<stdin>:2:\\\\n\\'QueryMessage\\' object has no attribute \\'to_binary\\'\\\\n<stdin>:2:Aborting import at record #1. Previously inserted records are still present, and some records after that may be present as well.\\\\n\" not found in \\'Bad [Rr]equest\\'\\n-------------------- >> begin captured logging << --------------------\\ndtest: DEBUG: cluster ccm directory: /mnt/tmp/dtest-dQhDLZ\\n--------------------- >> end captured logging << ---------------------'", "duration": 6.812, "name": "test_read_invalid_uuid", "age": 6, "failedSince": 316, "status": "FAILED", "testActions": [], "stdout": "(EE)  <stdin>:2:(EE)  'QueryMessage' object has no attribute 'to_binary'(EE)  <stdin>:2:Aborting import at record #1. Previously inserted records are still present, and some records after that may be present as well.(EE)  ", "className": "cqlsh_tests.cqlsh_copy_tests.CqlshCopyTest", "stderr": null, "errorDetails": "Regexp didn't match: \"<stdin>:2:\\n'QueryMessage' object has no attribute 'to_binary'\\n<stdin>:2:Aborting import at record #1. Previously inserted records are still present, and some records after that may be present as well.\\n\" not found in 'Bad [Rr]equest'\n-------------------- >> begin captured logging << --------------------\ndtest: DEBUG: cluster ccm directory: /mnt/tmp/dtest-dQhDLZ\n--------------------- >> end captured logging << ---------------------", "skippedMessage": null}, {"skipped": false, "errorStackTrace": null, "duration": 6.879, "name": "test_all_datatypes_write", "age": 0, "failedSince": 0, "status": "PASSED", "testActions": [], "stdout": "(EE)  ", "className": "cqlsh_tests.cqlsh_copy_tests.CqlshCopyTest", "stderr": null, "errorDetails": null, "skippedMessage": null}, {"skipped": false, "errorStackTrace": null, "duration": 16.589, "name": "list_users_test", "age": 0, "failedSince": 0, "status": "PASSED", "testActions": [], "stdout": null, "className": "auth_test.TestAuth", "stderr": null, "errorDetails": null, "skippedMessage": null}, {"skipped": false, "errorStackTrace": null, "duration": 16.171, "name": "users_cant_alter_their_superuser_status_test", "age": 0, "failedSince": 0, "status": "PASSED", "testActions": [], "stdout": null, "className": "auth_test.TestAuth", "stderr": null, "errorDetails": null, "skippedMessage": null}, {"skipped": false, "errorStackTrace": null, "duration": 14.406, "name": "update_column_ttl_with_default_ttl_test2", "age": 0, "failedSince": 0, "status": "PASSED", "testActions": [], "stdout": null, "className": "ttl_test.TestTTL", "stderr": null, "errorDetails": null, "skippedMessage": null}, {"skipped": false, "errorStackTrace": null, "duration": 9.663, "name": "test_simple_expiration_batch_mutate", "age": 0, "failedSince": 0, "status": "PASSED", "testActions": [], "stdout": null, "className": "thrift_tests.TestMutations", "stderr": null, "errorDetails": null, "skippedMessage": null}, {"skipped": false, "errorStackTrace": null, "duration": 6.991, "name": "test_incr_decr_super_add", "age": 0, "failedSince": 0, "status": "PASSED", "testActions": [], "stdout": null, "className": "thrift_tests.TestMutations", "stderr": null, "errorDetails": null, "skippedMessage": null}, {"skipped": false, "errorStackTrace": null, "duration": 6.682, "name": "test_super_cf_remove_and_range_slice", "age": 0, "failedSince": 0, "status": "PASSED", "testActions": [], "stdout": null, "className": "thrift_tests.TestMutations", "stderr": null, "errorDetails": null, "skippedMessage": null}, {"skipped": false, "errorStackTrace": null, "duration": 6.553, "name": "test_wrapped_range_slices", "age": 0, "failedSince": 0, "status": "PASSED", "testActions": [], "stdout": null, "className": "thrift_tests.TestMutations", "stderr": null, "errorDetails": null, "skippedMessage": null}, {"skipped": false, "errorStackTrace": null, "duration": 6.709, "name": "test_super_reinsert", "age": 0, "failedSince": 0, "status": "PASSED", "testActions": [], "stdout": null, "className": "thrift_tests.TestMutations", "stderr": null, "errorDetails": null, "skippedMessage": null}, {"skipped": false, "errorStackTrace": null, "duration": 6.579, "name": "test_multi_slice", "age": 0, "failedSince": 0, "status": "PASSED", "testActions": [], "stdout": null, "className": "thrift_tests.TestMutations", "stderr": null, "errorDetails": null, "skippedMessage": null}, {"skipped": false, "errorStackTrace": null, "duration": 6.594, "name": "test_invalid_strategy_class", "age": 0, "failedSince": 0, "status": "PASSED", "testActions": [], "stdout": null, "className": "thrift_tests.TestMutations", "stderr": null, "errorDetails": null, "skippedMessage": null}, {"skipped": false, "errorStackTrace": null, "duration": 6.63, "name": "test_index_scan_uuid_names", "age": 0, "failedSince": 0, "status": "PASSED", "testActions": [], "stdout": null, "className": "thrift_tests.TestMutations", "stderr": null, "errorDetails": null, "skippedMessage": null}, {"skipped": false, "errorStackTrace": null, "duration": 6.247, "name": "nondefault_table_settings_test", "age": 0, "failedSince": 0, "status": "PASSED", "testActions": [], "stdout": null, "className": "schema_metadata_test.TestSchemaMetadata", "stderr": null, "errorDetails": null, "skippedMessage": null}, {"skipped": false, "errorStackTrace": null, "duration": 7.034, "name": "uda_test", "age": 0, "failedSince": 0, "status": "PASSED", "testActions": [], "stdout": null, "className": "schema_metadata_test.TestSchemaMetadata", "stderr": null, "errorDetails": null, "skippedMessage": null}, {"skipped": false, "errorStackTrace": null, "duration": 459.955, "name": "sstableverify_test", "age": 0, "failedSince": 0, "status": "PASSED", "testActions": [], "stdout": null, "className": "offline_tools_test.TestOfflineTools", "stderr": null, "errorDetails": null, "skippedMessage": null}, {"skipped": false, "errorStackTrace": null, "duration": 137.282, "name": "multiple_repair_test", "age": 0, "failedSince": 0, "status": "PASSED", "testActions": [], "stdout": null, "className": "incremental_repair_test.TestIncRepair", "stderr": null, "errorDetails": null, "skippedMessage": null}, {"skipped": false, "errorStackTrace": null, "duration": 90.773, "name": "simple_rebuild_test", "age": 0, "failedSince": 0, "status": "PASSED", "testActions": [], "stdout": null, "className": "rebuild_test.TestRebuild", "stderr": null, "errorDetails": null, "skippedMessage": null}, {"skipped": false, "errorStackTrace": null, "duration": 84.307, "name": "test_column_index_stress", "age": 0, "failedSince": 0, "status": "PASSED", "testActions": [], "stdout": null, "className": "wide_rows_test.TestWideRows", "stderr": null, "errorDetails": null, "skippedMessage": null}, {"skipped": false, "errorStackTrace": null, "duration": 82.57, "name": "counter_consistency_test", "age": 0, "failedSince": 0, "status": "PASSED", "testActions": [], "stdout": null, "className": "counter_tests.TestCounters", "stderr": null, "errorDetails": null, "skippedMessage": null}, {"skipped": false, "errorStackTrace": null, "duration": 24.548, "name": "simple_increment_test", "age": 0, "failedSince": 0, "status": "PASSED", "testActions": [], "stdout": null, "className": "counter_tests.TestCounters", "stderr": null, "errorDetails": null, "skippedMessage": null}, {"skipped": false, "errorStackTrace": null, "duration": 6.373, "name": "validate_empty_column_name_test", "age": 0, "failedSince": 0, "status": "PASSED", "testActions": [], "stdout": null, "className": "counter_tests.TestCounters", "stderr": null, "errorDetails": null, "skippedMessage": null}, {"skipped": false, "errorStackTrace": null, "duration": 68.915, "name": "snapshot_test", "age": 0, "failedSince": 0, "status": "PASSED", "testActions": [], "stdout": null, "className": "concurrent_schema_changes_test.TestConcurrentSchemaChanges", "stderr": null, "errorDetails": null, "skippedMessage": null}, {"skipped": false, "errorStackTrace": null, "duration": 55.688, "name": "test_thrift", "age": 0, "failedSince": 0, "status": "PASSED", "testActions": [], "stdout": null, "className": "write_failures_test.TestWriteFailures", "stderr": null, "errorDetails": null, "skippedMessage": null}, {"skipped": false, "errorStackTrace": null, "duration": 54.338, "name": "test_paxos", "age": 0, "failedSince": 0, "status": "PASSED", "testActions": [], "stdout": null, "className": "write_failures_test.TestWriteFailures", "stderr": null, "errorDetails": null, "skippedMessage": null}, {"skipped": false, "errorStackTrace": null, "duration": 36.817, "name": "test_simple_strategy_counters", "age": 0, "failedSince": 0, "status": "PASSED", "testActions": [], "stdout": null, "className": "consistency_test.TestAccuracy", "stderr": null, "errorDetails": null, "skippedMessage": null}, {"skipped": false, "errorStackTrace": null, "duration": 38.878, "name": "compaction_strategy_switching_test", "age": 0, "failedSince": 0, "status": "PASSED", "testActions": [], "stdout": null, "className": "compaction_test.TestCompaction_with_SizeTieredCompactionStrategy", "stderr": null, "errorDetails": null, "skippedMessage": null}, {"skipped": false, "errorStackTrace": null, "duration": 33.317, "name": "disable_autocompaction_schema_test", "age": 0, "failedSince": 0, "status": "PASSED", "testActions": [], "stdout": null, "className": "compaction_test.TestCompaction_with_SizeTieredCompactionStrategy", "stderr": null, "errorDetails": null, "skippedMessage": null}, {"skipped": false, "errorStackTrace": null, "duration": 10.16, "name": "sstable_deletion_test", "age": 0, "failedSince": 0, "status": "PASSED", "testActions": [], "stdout": null, "className": "compaction_test.TestCompaction_with_SizeTieredCompactionStrategy", "stderr": null, "errorDetails": null, "skippedMessage": null}, {"skipped": false, "errorStackTrace": null, "duration": 17.943, "name": "large_compaction_warning_test", "age": 0, "failedSince": 0, "status": "PASSED", "testActions": [], "stdout": null, "className": "compaction_test.TestCompaction_with_LeveledCompactionStrategy", "stderr": null, "errorDetails": null, "skippedMessage": null}, {"skipped": false, "errorStackTrace": null, "duration": 27.219, "name": "test_type_secondary_indexing", "age": 0, "failedSince": 0, "status": "PASSED", "testActions": [], "stdout": null, "className": "user_types_test.TestUserTypes", "stderr": null, "errorDetails": null, "skippedMessage": null}, {"skipped": false, "errorStackTrace": null, "duration": 23.564, "name": "test_data_change_impacting_later_page", "age": 0, "failedSince": 0, "status": "FIXED", "testActions": [], "stdout": null, "className": "paging_test.TestPagingDatasetChanges", "stderr": null, "errorDetails": null, "skippedMessage": null}, {"skipped": false, "errorStackTrace": null, "duration": 22.052, "name": "test_with_order_by", "age": 0, "failedSince": 0, "status": "PASSED", "testActions": [], "stdout": null, "className": "paging_test.TestPagingWithModifiers", "stderr": null, "errorDetails": null, "skippedMessage": null}, {"skipped": false, "errorStackTrace": null, "duration": 21.737, "name": "connect_to_ssl_test", "age": 0, "failedSince": 0, "status": "PASSED", "testActions": [], "stdout": null, "className": "native_transport_ssl_test.NativeTransportSSL", "stderr": null, "errorDetails": null, "skippedMessage": null}, {"skipped": false, "errorStackTrace": null, "duration": 17.82, "name": "test_login_authenticates_correct_user", "age": 0, "failedSince": 0, "status": "PASSED", "testActions": [], "stdout": "(EE)  <stdin>:3:Unauthorized: code=2100 [Unauthorized] message=\"Only superusers can create a role with superuser status\"(EE)  ", "className": "cqlsh_tests.cqlsh_tests.CqlLoginTest", "stderr": null, "errorDetails": null, "skippedMessage": null}, {"skipped": false, "errorStackTrace": null, "duration": 8.266, "name": "test_float_formatting", "age": 0, "failedSince": 0, "status": "PASSED", "testActions": [], "stdout": null, "className": "cqlsh_tests.cqlsh_tests.TestCqlsh", "stderr": null, "errorDetails": null, "skippedMessage": null}, {"skipped": false, "errorStackTrace": null, "duration": 7.155, "name": "test_datetime_values", "age": 0, "failedSince": 0, "status": "PASSED", "testActions": [], "stdout": null, "className": "cqlsh_tests.cqlsh_tests.TestCqlsh", "stderr": null, "errorDetails": null, "skippedMessage": null}, {"skipped": false, "errorStackTrace": null, "duration": 16.13, "name": "user_cant_drop_themselves_test", "age": 0, "failedSince": 0, "status": "PASSED", "testActions": [], "stdout": null, "className": "auth_test.TestAuth", "stderr": null, "errorDetails": null, "skippedMessage": null}, {"skipped": false, "errorStackTrace": null, "duration": 14.074, "name": "cfid_test", "age": 0, "failedSince": 0, "status": "PASSED", "testActions": [], "stdout": null, "className": "cfid_test.TestCFID", "stderr": null, "errorDetails": null, "skippedMessage": null}, {"skipped": false, "errorStackTrace": null, "duration": 7.796, "name": "test_system_cf_recreate", "age": 0, "failedSince": 0, "status": "PASSED", "testActions": [], "stdout": null, "className": "thrift_tests.TestMutations", "stderr": null, "errorDetails": null, "skippedMessage": null}, {"skipped": false, "errorStackTrace": null, "duration": 7.108, "name": "test_column_validators", "age": 0, "failedSince": 0, "status": "PASSED", "testActions": [], "stdout": null, "className": "thrift_tests.TestMutations", "stderr": null, "errorDetails": null, "skippedMessage": null}, {"skipped": false, "errorStackTrace": null, "duration": 6.532, "name": "test_multiget_slice", "age": 0, "failedSince": 0, "status": "PASSED", "testActions": [], "stdout": null, "className": "thrift_tests.TestMutations", "stderr": null, "errorDetails": null, "skippedMessage": null}, {"skipped": false, "errorStackTrace": null, "duration": 6.736, "name": "test_batch_mutate_remove_super_columns_with_standard_under", "age": 0, "failedSince": 0, "status": "PASSED", "testActions": [], "stdout": null, "className": "thrift_tests.TestMutations", "stderr": null, "errorDetails": null, "skippedMessage": null}, {"skipped": false, "errorStackTrace": null, "duration": 6.727, "name": "test_cas", "age": 0, "failedSince": 0, "status": "PASSED", "testActions": [], "stdout": null, "className": "thrift_tests.TestMutations", "stderr": null, "errorDetails": null, "skippedMessage": null}, {"skipped": false, "errorStackTrace": null, "duration": 6.532, "name": "test_empty_range", "age": 0, "failedSince": 0, "status": "PASSED", "testActions": [], "stdout": null, "className": "thrift_tests.TestMutations", "stderr": null, "errorDetails": null, "skippedMessage": null}, {"skipped": false, "errorStackTrace": null, "duration": 6.629, "name": "test_batch_insert_super_blocking", "age": 0, "failedSince": 0, "status": "PASSED", "testActions": [], "stdout": null, "className": "thrift_tests.TestMutations", "stderr": null, "errorDetails": null, "skippedMessage": null}, {"skipped": false, "errorStackTrace": null, "duration": 47.565, "name": "begin_test", "age": 0, "failedSince": 0, "status": "PASSED", "testActions": [], "stdout": null, "className": "jmxmetrics_test.TestJMXMetrics", "stderr": null, "errorDetails": null, "skippedMessage": null}, {"skipped": false, "errorStackTrace": null, "duration": 6.872, "name": "table_test", "age": 0, "failedSince": 0, "status": "PASSED", "testActions": [], "stdout": null, "className": "cql_tests.StorageProxyCQLTester", "stderr": null, "errorDetails": null, "skippedMessage": null}, {"skipped": false, "errorStackTrace": null, "duration": 6.97, "name": "batch_uses_proper_timestamp_test", "age": 0, "failedSince": 0, "status": "PASSED", "testActions": [], "stdout": null, "className": "batch_test.TestBatch", "stderr": null, "errorDetails": null, "skippedMessage": null}, {"skipped": false, "errorStackTrace": null, "duration": 6.748, "name": "logged_batch_accepts_regular_mutations_test", "age": 0, "failedSince": 0, "status": "PASSED", "testActions": [], "stdout": null, "className": "batch_test.TestBatch", "stderr": null, "errorDetails": null, "skippedMessage": null}, {"skipped": false, "errorStackTrace": null, "duration": 6.634, "name": "drop_column_compact_test", "age": 0, "failedSince": 0, "status": "PASSED", "testActions": [], "stdout": null, "className": "schema_test.TestSchema", "stderr": null, "errorDetails": null, "skippedMessage": null}, {"skipped": false, "errorStackTrace": null, "duration": 6.056, "name": "batch_preparation_test", "age": 0, "failedSince": 0, "status": "PASSED", "testActions": [], "stdout": null, "className": "cql_prepared_test.TestCQL", "stderr": null, "errorDetails": null, "skippedMessage": null}, {"skipped": false, "errorStackTrace": null, "duration": 195.849, "name": "decommissioned_wiped_node_can_join_test", "age": 0, "failedSince": 0, "status": "PASSED", "testActions": [], "stdout": null, "className": "bootstrap_test.TestBootstrap", "stderr": null, "errorDetails": null, "skippedMessage": null}, {"skipped": false, "errorStackTrace": null, "duration": 192.927, "name": "local_dc_repair_test", "age": 0, "failedSince": 0, "status": "PASSED", "testActions": [], "stdout": null, "className": "repair_test.TestRepair", "stderr": null, "errorDetails": null, "skippedMessage": null}, {"skipped": false, "errorStackTrace": null, "duration": 80.088, "name": "empty_vs_gcable_parallel_repair_test", "age": 0, "failedSince": 0, "status": "PASSED", "testActions": [], "stdout": null, "className": "repair_test.TestRepair", "stderr": null, "errorDetails": null, "skippedMessage": null}, {"skipped": false, "errorStackTrace": null, "duration": 131.169, "name": "replace_stopped_node_test", "age": 0, "failedSince": 0, "status": "PASSED", "testActions": [], "stdout": null, "className": "replace_address_test.TestReplaceAddress", "stderr": null, "errorDetails": null, "skippedMessage": null}, {"skipped": false, "errorStackTrace": null, "duration": 86.029, "name": "test_rf_collapse_gossiping_property_file_snitch_multi_dc", "age": 0, "failedSince": 0, "status": "PASSED", "testActions": [], "stdout": null, "className": "replication_test.SnitchConfigurationUpdateTest", "stderr": null, "errorDetails": null, "skippedMessage": null}, {"skipped": false, "errorStackTrace": null, "duration": 70.971, "name": "test_rf_collapse_property_file_snitch", "age": 0, "failedSince": 0, "status": "PASSED", "testActions": [], "stdout": null, "className": "replication_test.SnitchConfigurationUpdateTest", "stderr": null, "errorDetails": null, "skippedMessage": null}, {"skipped": false, "errorStackTrace": null, "duration": 78.734, "name": "test_archive_commitlog", "age": 0, "failedSince": 0, "status": "PASSED", "testActions": [], "stdout": null, "className": "snapshot_test.TestArchiveCommitlog", "stderr": null, "errorDetails": null, "skippedMessage": null}, {"skipped": false, "errorStackTrace": null, "duration": 57.292, "name": "test_query_isolation", "age": 0, "failedSince": 0, "status": "PASSED", "testActions": [], "stdout": null, "className": "paging_test.TestPagingQueryIsolation", "stderr": null, "errorDetails": null, "skippedMessage": null}, {"skipped": false, "errorStackTrace": null, "duration": 40.686, "name": "test_undefined_page_size_default", "age": 0, "failedSince": 0, "status": "PASSED", "testActions": [], "stdout": null, "className": "paging_test.TestPagingSize", "stderr": null, "errorDetails": null, "skippedMessage": null}, {"skipped": false, "errorStackTrace": null, "duration": 24.013, "name": "test_multiple_cell_deletions", "age": 0, "failedSince": 0, "status": "FIXED", "testActions": [], "stdout": null, "className": "paging_test.TestPagingWithDeletions", "stderr": null, "errorDetails": null, "skippedMessage": null}, {"skipped": false, "errorStackTrace": null, "duration": 21.02, "name": "test_paging_with_in_orderby_and_two_partition_keys", "age": 0, "failedSince": 0, "status": "PASSED", "testActions": [], "stdout": null, "className": "paging_test.TestPagingData", "stderr": null, "errorDetails": null, "skippedMessage": null}, {"skipped": false, "errorStackTrace": null, "duration": 55.201, "name": "test_counter", "age": 0, "failedSince": 0, "status": "PASSED", "testActions": [], "stdout": null, "className": "write_failures_test.TestWriteFailures", "stderr": null, "errorDetails": null, "skippedMessage": null}, {"skipped": false, "errorStackTrace": null, "duration": 36.325, "name": "login_test", "age": 0, "failedSince": 0, "status": "PASSED", "testActions": [], "stdout": null, "className": "auth_test.TestAuth", "stderr": null, "errorDetails": null, "skippedMessage": null}, {"skipped": false, "errorStackTrace": null, "duration": 16.307, "name": "conditional_create_drop_user_test", "age": 0, "failedSince": 0, "status": "PASSED", "testActions": [], "stdout": null, "className": "auth_test.TestAuth", "stderr": null, "errorDetails": null, "skippedMessage": null}, {"skipped": false, "errorStackTrace": null, "duration": 16.371, "name": "grant_revoke_validation_test", "age": 0, "failedSince": 0, "status": "PASSED", "testActions": [], "stdout": null, "className": "auth_test.TestAuth", "stderr": null, "errorDetails": null, "skippedMessage": null}, {"skipped": false, "errorStackTrace": null, "duration": 32.094, "name": "test_standalone_scrub", "age": 0, "failedSince": 0, "status": "PASSED", "testActions": [], "stdout": null, "className": "scrub_test.TestScrubIndexes", "stderr": null, "errorDetails": null, "skippedMessage": null}, {"skipped": false, "errorStackTrace": null, "duration": 18.878, "name": "test_standalone_scrub_essential_files_only", "age": 0, "failedSince": 0, "status": "PASSED", "testActions": [], "stdout": null, "className": "scrub_test.TestScrub", "stderr": null, "errorDetails": null, "skippedMessage": null}, {"skipped": false, "errorStackTrace": null, "duration": 26.343, "name": "test_incr_decr_standard_batch_remove", "age": 0, "failedSince": 0, "status": "PASSED", "testActions": [], "stdout": null, "className": "thrift_tests.TestMutations", "stderr": null, "errorDetails": null, "skippedMessage": null}, {"skipped": false, "errorStackTrace": null, "duration": 26.392, "name": "test_incr_decr_standard_remove", "age": 0, "failedSince": 0, "status": "PASSED", "testActions": [], "stdout": null, "className": "thrift_tests.TestMutations", "stderr": null, "errorDetails": null, "skippedMessage": null}, {"skipped": false, "errorStackTrace": null, "duration": 7.727, "name": "test_dynamic_indexes_creation_deletion", "age": 0, "failedSince": 0, "status": "PASSED", "testActions": [], "stdout": null, "className": "thrift_tests.TestMutations", "stderr": null, "errorDetails": null, "skippedMessage": null}, {"skipped": false, "errorStackTrace": null, "duration": 6.902, "name": "test_time_uuid", "age": 0, "failedSince": 0, "status": "PASSED", "testActions": [], "stdout": null, "className": "thrift_tests.TestMutations", "stderr": null, "errorDetails": null, "skippedMessage": null}, {"skipped": false, "errorStackTrace": null, "duration": 6.346, "name": "test_get_slice_super_range", "age": 0, "failedSince": 0, "status": "PASSED", "testActions": [], "stdout": null, "className": "thrift_tests.TestMutations", "stderr": null, "errorDetails": null, "skippedMessage": null}, {"skipped": false, "errorStackTrace": null, "duration": 6.445, "name": "test_batch_insert_super", "age": 0, "failedSince": 0, "status": "PASSED", "testActions": [], "stdout": null, "className": "thrift_tests.TestMutations", "stderr": null, "errorDetails": null, "skippedMessage": null}, {"skipped": false, "errorStackTrace": null, "duration": 6.375, "name": "test_long_remove", "age": 0, "failedSince": 0, "status": "PASSED", "testActions": [], "stdout": null, "className": "thrift_tests.TestMutations", "stderr": null, "errorDetails": null, "skippedMessage": null}, {"skipped": false, "errorStackTrace": null, "duration": 6.672, "name": "test_incr_decr_standard_add", "age": 0, "failedSince": 0, "status": "PASSED", "testActions": [], "stdout": null, "className": "thrift_tests.TestMutations", "stderr": null, "errorDetails": null, "skippedMessage": null}, {"skipped": false, "errorStackTrace": null, "duration": 6.43, "name": "test_missing_super", "age": 0, "failedSince": 0, "status": "PASSED", "testActions": [], "stdout": null, "className": "thrift_tests.TestMutations", "stderr": null, "errorDetails": null, "skippedMessage": null}, {"skipped": false, "errorStackTrace": null, "duration": 6.415, "name": "test_insert", "age": 0, "failedSince": 0, "status": "PASSED", "testActions": [], "stdout": null, "className": "thrift_tests.TestMutations", "stderr": null, "errorDetails": null, "skippedMessage": null}, {"skipped": false, "errorStackTrace": null, "duration": 6.541, "name": "test_range_deletion", "age": 0, "failedSince": 0, "status": "PASSED", "testActions": [], "stdout": null, "className": "thrift_tests.TestMutations", "stderr": null, "errorDetails": null, "skippedMessage": null}, {"skipped": false, "errorStackTrace": null, "duration": 6.425, "name": "test_batch_mutate_remove_slice_standard", "age": 0, "failedSince": 0, "status": "PASSED", "testActions": [], "stdout": null, "className": "thrift_tests.TestMutations", "stderr": null, "errorDetails": null, "skippedMessage": null}, {"skipped": false, "errorStackTrace": null, "duration": 23.161, "name": "disable_autocompaction_nodetool_test", "age": 0, "failedSince": 0, "status": "PASSED", "testActions": [], "stdout": null, "className": "compaction_test.TestCompaction_with_LeveledCompactionStrategy", "stderr": null, "errorDetails": null, "skippedMessage": null}, {"skipped": false, "errorStackTrace": null, "duration": 15.08, "name": "compaction_delete_test", "age": 0, "failedSince": 0, "status": "PASSED", "testActions": [], "stdout": "running\n['/mnt/tmp/dtest-7QpWdx/test/node1/data/ks/cf-d63bdd006f3711e5a4f1696c4b3da3bc/la-1-big-Data.db', '/mnt/tmp/dtest-7QpWdx/test/node1/data/ks/cf-d63bdd006f3711e5a4f1696c4b3da3bc/la-2-big-Data.db']\n-- la-1-big-Data.db -----\n\n-- la-2-big-Data.db -----\n\n", "className": "compaction_test.TestCompaction_with_DateTieredCompactionStrategy", "stderr": null, "errorDetails": null, "skippedMessage": null}, {"skipped": false, "errorStackTrace": null, "duration": 9.226, "name": "simple_schema_test", "age": 0, "failedSince": 0, "status": "PASSED", "testActions": [], "stdout": null, "className": "json_test.JsonFullRowInsertSelect", "stderr": null, "errorDetails": null, "skippedMessage": null}, {"skipped": false, "errorStackTrace": null, "duration": 8.126, "name": "delete_with_ttl_expired_test", "age": 0, "failedSince": 0, "status": "PASSED", "testActions": [], "stdout": null, "className": "ttl_test.TestTTL", "stderr": null, "errorDetails": null, "skippedMessage": null}, {"skipped": false, "errorStackTrace": "  File \"/usr/lib/python2.7/unittest/case.py\", line 329, in run\n    testMethod()\n  File \"/home/automaton/cassandra-dtest/cqlsh_tests/cqlsh_copy_tests.py\", line 641, in test_read_valid_data\n    self.data_validation_on_read_template(2, expect_invalid=False)\n  File \"/home/automaton/cassandra-dtest/cqlsh_tests/cqlsh_copy_tests.py\", line 631, in data_validation_on_read_template\n    self.assertFalse(err)\n  File \"/usr/lib/python2.7/unittest/case.py\", line 416, in assertFalse\n    raise self.failureException(msg)\n'\"<stdin>:2:\\\\n\\'QueryMessage\\' object has no attribute \\'to_binary\\'\\\\n<stdin>:2:Aborting import at record #1. Previously inserted records are still present, and some records after that may be present as well.\\\\n\" is not false\\n-------------------- >> begin captured logging << --------------------\\ndtest: DEBUG: cluster ccm directory: /mnt/tmp/dtest-SJMECF\\n--------------------- >> end captured logging << ---------------------'", "duration": 6.642, "name": "test_read_valid_data", "age": 6, "failedSince": 316, "status": "FAILED", "testActions": [], "stdout": "(EE)  <stdin>:2:(EE)  'QueryMessage' object has no attribute 'to_binary'(EE)  <stdin>:2:Aborting import at record #1. Previously inserted records are still present, and some records after that may be present as well.(EE)  ", "className": "cqlsh_tests.cqlsh_copy_tests.CqlshCopyTest", "stderr": null, "errorDetails": "\"<stdin>:2:\\n'QueryMessage' object has no attribute 'to_binary'\\n<stdin>:2:Aborting import at record #1. Previously inserted records are still present, and some records after that may be present as well.\\n\" is not false\n-------------------- >> begin captured logging << --------------------\ndtest: DEBUG: cluster ccm directory: /mnt/tmp/dtest-SJMECF\n--------------------- >> end captured logging << ---------------------", "skippedMessage": null}, {"skipped": false, "errorStackTrace": "  File \"/usr/lib/python2.7/unittest/case.py\", line 329, in run\n    testMethod()\n  File \"/home/automaton/cassandra-dtest/cqlsh_tests/cqlsh_copy_tests.py\", line 548, in test_quoted_column_names_reading_dont_specify_names\n    self.quoted_column_names_reading_template(specify_column_names=False)\n  File \"/home/automaton/cassandra-dtest/cqlsh_tests/cqlsh_copy_tests.py\", line 532, in quoted_column_names_reading_template\n    self.assertCsvResultEqual(self.tempfile.name, results)\n  File \"/home/automaton/cassandra-dtest/cqlsh_tests/cqlsh_copy_tests.py\", line 167, in assertCsvResultEqual\n    raise e\n\"Element counts were not equal:\\nFirst has 1, Second has 0:  ['1', 'no']\\nFirst has 1, Second has 0:  ['2', 'Yes']\\nFirst has 1, Second has 0:  ['3', 'True']\\nFirst has 1, Second has 0:  ['4', 'false']\\n-------------------- >> begin captured logging << --------------------\\ndtest: DEBUG: cluster ccm directory: /mnt/tmp/dtest-_yv_w8\\ndtest: WARNING: Different # of entries. CSV: 4 vs results: 0\\n--------------------- >> end captured logging << ---------------------\"", "duration": 6.44, "name": "test_quoted_column_names_reading_dont_specify_names", "age": 6, "failedSince": 316, "status": "FAILED", "testActions": [], "stdout": "(EE)  <stdin>:2:(EE)  'QueryMessage' object has no attribute 'to_binary'(EE)  <stdin>:2:Aborting import at record #3. Previously inserted records are still present, and some records after that may be present as well.(EE)  ", "className": "cqlsh_tests.cqlsh_copy_tests.CqlshCopyTest", "stderr": null, "errorDetails": "Element counts were not equal:\nFirst has 1, Second has 0:  ['1', 'no']\nFirst has 1, Second has 0:  ['2', 'Yes']\nFirst has 1, Second has 0:  ['3', 'True']\nFirst has 1, Second has 0:  ['4', 'false']\n-------------------- >> begin captured logging << --------------------\ndtest: DEBUG: cluster ccm directory: /mnt/tmp/dtest-_yv_w8\ndtest: WARNING: Different # of entries. CSV: 4 vs results: 0\n--------------------- >> end captured logging << ---------------------", "skippedMessage": null}, {"skipped": false, "errorStackTrace": null, "duration": 6.584, "name": "each_statement_in_batch_uses_proper_timestamp_test", "age": 0, "failedSince": 0, "status": "PASSED", "testActions": [], "stdout": null, "className": "batch_test.TestBatch", "stderr": null, "errorDetails": null, "skippedMessage": null}, {"skipped": false, "errorStackTrace": null, "duration": 6.096, "name": "cql3_insert_thrift_test", "age": 0, "failedSince": 0, "status": "FIXED", "testActions": [], "stdout": null, "className": "cql_tests.MiscellaneousCQLTester", "stderr": null, "errorDetails": null, "skippedMessage": null}, {"skipped": false, "errorStackTrace": null, "duration": 5.872, "name": "test_no_counters_in_user_types", "age": 0, "failedSince": 0, "status": "PASSED", "testActions": [], "stdout": null, "className": "user_types_test.TestUserTypes", "stderr": null, "errorDetails": null, "skippedMessage": null}, {"skipped": false, "errorStackTrace": null, "duration": 466.311, "name": "single_file_split_test", "age": 0, "failedSince": 0, "status": "PASSED", "testActions": [], "stdout": "-- la-19-big-Data.db-----\n-- la-10-big-Data.db-----\n-- la-35-big-Data.db-----\n-- la-27-big-Data.db-----\n-- la-32-big-Data.db-----\n-- la-21-big-Data.db-----\n-- la-25-big-Data.db-----\n-- la-26-big-Data.db-----\n-- la-17-big-Data.db-----\n-- la-29-big-Data.db-----\n-- la-52-big-Data.db-----\n-- la-40-big-Data.db-----\n-- la-53-big-Data.db-----\n-- la-42-big-Data.db-----\n-- la-33-big-Data.db-----\n-- la-28-big-Data.db-----\n-- la-59-big-Data.db-----\n-- la-16-big-Data.db-----\n-- la-48-big-Data.db-----\n-- la-\n...[truncated 14 chars]...\n-----\n-- la-20-big-Data.db-----\n-- la-11-big-Data.db-----\n-- la-62-big-Data.db-----\n-- la-55-big-Data.db-----\n-- la-38-big-Data.db-----\n-- la-31-big-Data.db-----\n-- la-45-big-Data.db-----\n-- la-12-big-Data.db-----\n-- la-57-big-Data.db-----\n-- la-14-big-Data.db-----\n-- la-47-big-Data.db-----\n-- la-22-big-Data.db-----\n-- la-44-big-Data.db-----\n-- la-15-big-Data.db-----\n-- la-13-big-Data.db-----\n-- la-18-big-Data.db-----\n-- la-37-big-Data.db-----\n-- la-50-big-Data.db-----\n-- la-23-big-Data.db-----\n", "className": "sstablesplit_test.TestSSTableSplit", "stderr": null, "errorDetails": null, "skippedMessage": null}, {"skipped": false, "errorStackTrace": null, "duration": 129.988, "name": "simple_parallel_repair_test", "age": 0, "failedSince": 0, "status": "PASSED", "testActions": [], "stdout": null, "className": "repair_test.TestRepair", "stderr": null, "errorDetails": null, "skippedMessage": null}, {"skipped": false, "errorStackTrace": null, "duration": 87.599, "name": "test_archive_commitlog_point_in_time_with_active_commitlog", "age": 0, "failedSince": 0, "status": "PASSED", "testActions": [], "stdout": null, "className": "snapshot_test.TestArchiveCommitlog", "stderr": null, "errorDetails": null, "skippedMessage": null}, {"skipped": false, "errorStackTrace": null, "duration": 83.818, "name": "ignore_failure_policy_test", "age": 0, "failedSince": 0, "status": "PASSED", "testActions": [], "stdout": null, "className": "commitlog_test.TestCommitLog", "stderr": null, "errorDetails": null, "skippedMessage": null}, {"skipped": false, "errorStackTrace": null, "duration": 80.927, "name": "stop_commit_failure_policy_test", "age": 0, "failedSince": 0, "status": "PASSED", "testActions": [], "stdout": null, "className": "commitlog_test.TestCommitLog", "stderr": null, "errorDetails": null, "skippedMessage": null}, {"skipped": false, "errorStackTrace": null, "duration": 57.098, "name": "default_segment_size_test", "age": 0, "failedSince": 0, "status": "PASSED", "testActions": [], "stdout": null, "className": "commitlog_test.TestCommitLog", "stderr": null, "errorDetails": null, "skippedMessage": null}, {"skipped": false, "errorStackTrace": null, "duration": 62.653, "name": "test_6924_dropping_ks", "age": 0, "failedSince": 0, "status": "PASSED", "testActions": [], "stdout": null, "className": "secondary_indexes_test.TestSecondaryIndexes", "stderr": null, "errorDetails": null, "skippedMessage": null}, {"skipped": false, "errorStackTrace": null, "duration": 6.619, "name": "bug3367_test", "age": 0, "failedSince": 0, "status": "PASSED", "testActions": [], "stdout": null, "className": "secondary_indexes_test.TestSecondaryIndexes", "stderr": null, "errorDetails": null, "skippedMessage": null}, {"skipped": false, "errorStackTrace": null, "duration": 51.646, "name": "test_simple_strategy", "age": 0, "failedSince": 0, "status": "PASSED", "testActions": [], "stdout": null, "className": "consistency_test.TestAvailability", "stderr": null, "errorDetails": null, "skippedMessage": null}, {"skipped": false, "errorStackTrace": null, "duration": 42.656, "name": "rangeputget_test", "age": 0, "failedSince": 0, "status": "PASSED", "testActions": [], "stdout": null, "className": "putget_test.TestPutGet", "stderr": null, "errorDetails": null, "skippedMessage": null}, {"skipped": false, "errorStackTrace": null, "duration": 35.566, "name": "delete_insert_search_test", "age": 0, "failedSince": 0, "status": "PASSED", "testActions": [], "stdout": null, "className": "delete_insert_test.DeleteInsertTest", "stderr": null, "errorDetails": null, "skippedMessage": null}, {"skipped": false, "errorStackTrace": null, "duration": 32.806, "name": "test_compression_error", "age": 0, "failedSince": 0, "status": "PASSED", "testActions": [], "stdout": null, "className": "commit_log_test.TestCommitLogFailurePolicy", "stderr": null, "errorDetails": null, "skippedMessage": null}, {"skipped": false, "errorStackTrace": null, "duration": 25.958, "name": "test_single_cell_deletions", "age": 0, "failedSince": 0, "status": "FIXED", "testActions": [], "stdout": null, "className": "paging_test.TestPagingWithDeletions", "stderr": null, "errorDetails": null, "skippedMessage": null}, {"skipped": false, "errorStackTrace": null, "duration": 21.144, "name": "test_with_less_results_than_page_size", "age": 0, "failedSince": 0, "status": "PASSED", "testActions": [], "stdout": null, "className": "paging_test.TestPagingSize", "stderr": null, "errorDetails": null, "skippedMessage": null}, {"skipped": false, "errorStackTrace": null, "duration": 25.865, "name": "logged_batch_doesnt_throw_uae_test", "age": 0, "failedSince": 0, "status": "PASSED", "testActions": [], "stdout": null, "className": "batch_test.TestBatch", "stderr": null, "errorDetails": null, "skippedMessage": null}, {"skipped": false, "errorStackTrace": null, "duration": 23.664, "name": "udt_test", "age": 0, "failedSince": 0, "status": "PASSED", "testActions": [], "stdout": null, "className": "udtencoding_test.TestUDTEncoding", "stderr": null, "errorDetails": null, "skippedMessage": null}, {"skipped": false, "errorStackTrace": "  File \"/usr/lib/python2.7/unittest/case.py\", line 329, in run\n    testMethod()\n  File \"/home/automaton/cassandra-dtest/tools.py\", line 253, in wrapped\n    f(obj)\n  File \"/home/automaton/cassandra-dtest/pushed_notifications_test.py\", line 311, in tombstone_failure_threshold_message_test\n    read_failure_query()\n  File \"/usr/local/lib/python2.7/dist-packages/nose/tools/nontrivial.py\", line 97, in newfunc\n    result = func(*arg, **kw)\n  File \"/home/automaton/cassandra-dtest/pushed_notifications_test.py\", line 308, in read_failure_query\n    expected=ReadTimeout if self.cluster.version() < '3' else ReadFailure,\n  File \"/home/automaton/cassandra-dtest/assertions.py\", line 23, in assert_invalid\n    res = session.execute(query)\n  File \"cassandra/cluster.py\", line 1623, in cassandra.cluster.Session.execute (cassandra/cluster.c:27566)\n    result = future.result()\n  File \"cassandra/cluster.py\", line 3205, in cassandra.cluster.ResponseFuture.result (cassandra/cluster.c:61306)\n    raise self._final_exception\n'code=1300 [Replica(s) failed to execute read] message=\"Operation failed - received 0 responses and 2 failures\" info={\\'failures\\': 2, \\'received_responses\\': 0, \\'required_responses\\': 3, \\'consistency\\': \\'ALL\\'}\\n-------------------- >> begin captured logging << --------------------\\ndtest: DEBUG: cluster ccm directory: /mnt/tmp/dtest-IY4yaF\\n--------------------- >> end captured logging << ---------------------'", "duration": 23.269, "name": "tombstone_failure_threshold_message_test", "age": 20, "failedSince": 302, "status": "FAILED", "testActions": [], "stdout": null, "className": "pushed_notifications_test.TestVariousNotifications", "stderr": null, "errorDetails": "code=1300 [Replica(s) failed to execute read] message=\"Operation failed - received 0 responses and 2 failures\" info={'failures': 2, 'received_responses': 0, 'required_responses': 3, 'consistency': 'ALL'}\n-------------------- >> begin captured logging << --------------------\ndtest: DEBUG: cluster ccm directory: /mnt/tmp/dtest-IY4yaF\n--------------------- >> end captured logging << ---------------------", "skippedMessage": null}, {"skipped": false, "errorStackTrace": null, "duration": 18.12, "name": "large_compaction_warning_test", "age": 0, "failedSince": 0, "status": "PASSED", "testActions": [], "stdout": null, "className": "compaction_test.TestCompaction_with_SizeTieredCompactionStrategy", "stderr": null, "errorDetails": null, "skippedMessage": null}, {"skipped": false, "errorStackTrace": null, "duration": 18.231, "name": "large_compaction_warning_test", "age": 0, "failedSince": 0, "status": "PASSED", "testActions": [], "stdout": null, "className": "compaction_test.TestCompaction_with_DateTieredCompactionStrategy", "stderr": null, "errorDetails": null, "skippedMessage": null}, {"skipped": false, "errorStackTrace": null, "duration": 10.271, "name": "sstable_deletion_test", "age": 0, "failedSince": 0, "status": "PASSED", "testActions": [], "stdout": null, "className": "compaction_test.TestCompaction_with_LeveledCompactionStrategy", "stderr": null, "errorDetails": null, "skippedMessage": null}, {"skipped": false, "errorStackTrace": null, "duration": 16.161, "name": "remove_column_ttl_with_default_ttl_test", "age": 0, "failedSince": 0, "status": "PASSED", "testActions": [], "stdout": null, "className": "ttl_test.TestTTL", "stderr": null, "errorDetails": null, "skippedMessage": null}, {"skipped": false, "errorStackTrace": null, "duration": 14.196, "name": "collection_map_ttl_test", "age": 0, "failedSince": 0, "status": "PASSED", "testActions": [], "stdout": null, "className": "ttl_test.TestTTL", "stderr": null, "errorDetails": null, "skippedMessage": null}, {"skipped": false, "errorStackTrace": null, "duration": 8.849, "name": "collection_update_test", "age": 0, "failedSince": 0, "status": "PASSED", "testActions": [], "stdout": null, "className": "json_test.FromJsonUpdateTests", "stderr": null, "errorDetails": null, "skippedMessage": null}, {"skipped": false, "errorStackTrace": null, "duration": 7.64, "name": "basic_data_types_test", "age": 0, "failedSince": 0, "status": "PASSED", "testActions": [], "stdout": null, "className": "json_test.FromJsonUpdateTests", "stderr": null, "errorDetails": null, "skippedMessage": null}, {"skipped": false, "errorStackTrace": null, "duration": 7.362, "name": "counters_test", "age": 0, "failedSince": 0, "status": "FIXED", "testActions": [], "stdout": null, "className": "json_test.ToJsonSelectTests", "stderr": null, "errorDetails": null, "skippedMessage": null}, {"skipped": false, "errorStackTrace": null, "duration": 6.537, "name": "test_describe_describes_non_default_compaction_parameters", "age": 0, "failedSince": 0, "status": "PASSED", "testActions": [], "stdout": null, "className": "cqlsh_tests.cqlsh_tests.TestCqlsh", "stderr": null, "errorDetails": null, "skippedMessage": null}, {"skipped": false, "errorStackTrace": null, "duration": 6.627, "name": "test_describe_on_non_reserved_keywords", "age": 0, "failedSince": 0, "status": "PASSED", "testActions": [], "stdout": null, "className": "cqlsh_tests.cqlsh_tests.TestCqlsh", "stderr": null, "errorDetails": null, "skippedMessage": null}, {"skipped": false, "errorStackTrace": "  File \"/usr/lib/python2.7/unittest/case.py\", line 329, in run\n    testMethod()\n  File \"/home/automaton/cassandra-dtest/cqlsh_tests/cqlsh_copy_tests.py\", line 715, in test_all_datatypes_read\n    self.assertCsvResultEqual(self.tempfile.name, results)\n  File \"/home/automaton/cassandra-dtest/cqlsh_tests/cqlsh_copy_tests.py\", line 167, in assertCsvResultEqual\n    raise e\n\"Element counts were not equal:\\nFirst has 1, Second has 0:  ['ascii', '1099511627776', '0xbeef', 'True', '3.140000000000000124344978758017532527446746826171875', '2.444', '1.1', '127.0.0.1', '25', '\\\\xe3\\\\x83\\\\xbd(\\\\xc2\\\\xb4\\\\xe3\\\\x83\\\\xbc\\\\xef\\\\xbd\\\\x80)\\\\xe3\\\\x83\\\\x8e', '2005-07-14 12:30:00', '039e0f2a-6f38-11e5-acf8-0a4dec8c109b', '05322c5a-011e-4265-8241-f4906e52ef64', 'asdf', '36893488147419103232']\\n-------------------- >> begin captured logging << --------------------\\ndtest: DEBUG: cluster ccm directory: /mnt/tmp/dtest-gYUKoK\\ndtest: DEBUG: Importing from csv file: /mnt/tmp/tmpV4YqlA\\ndtest: WARNING: Different # of entries. CSV: 1 vs results: 0\\n--------------------- >> end captured logging << ---------------------\"", "duration": 6.792, "name": "test_all_datatypes_read", "age": 6, "failedSince": 316, "status": "FAILED", "testActions": [], "stdout": "(EE)  <stdin>:2:(EE)  'QueryMessage' object has no attribute 'to_binary'(EE)  <stdin>:2:Aborting import at record #1. Previously inserted records are still present, and some records after that may be present as well.(EE)  ", "className": "cqlsh_tests.cqlsh_copy_tests.CqlshCopyTest", "stderr": null, "errorDetails": "Element counts were not equal:\nFirst has 1, Second has 0:  ['ascii', '1099511627776', '0xbeef', 'True', '3.140000000000000124344978758017532527446746826171875', '2.444', '1.1', '127.0.0.1', '25', '\\xe3\\x83\\xbd(\\xc2\\xb4\\xe3\\x83\\xbc\\xef\\xbd\\x80)\\xe3\\x83\\x8e', '2005-07-14 12:30:00', '039e0f2a-6f38-11e5-acf8-0a4dec8c109b', '05322c5a-011e-4265-8241-f4906e52ef64', 'asdf', '36893488147419103232']\n-------------------- >> begin captured logging << --------------------\ndtest: DEBUG: cluster ccm directory: /mnt/tmp/dtest-gYUKoK\ndtest: DEBUG: Importing from csv file: /mnt/tmp/tmpV4YqlA\ndtest: WARNING: Different # of entries. CSV: 1 vs results: 0\n--------------------- >> end captured logging << ---------------------", "skippedMessage": null}, {"skipped": false, "errorStackTrace": null, "duration": 6.716, "name": "test_explicit_column_order_writing", "age": 0, "failedSince": 0, "status": "PASSED", "testActions": [], "stdout": "(EE)  ", "className": "cqlsh_tests.cqlsh_copy_tests.CqlshCopyTest", "stderr": null, "errorDetails": null, "skippedMessage": null}, {"skipped": false, "errorStackTrace": null, "duration": 6.684, "name": "test_undefined_as_null_indicator", "age": 0, "failedSince": 0, "status": "PASSED", "testActions": [], "stdout": "(EE)  ", "className": "cqlsh_tests.cqlsh_copy_tests.CqlshCopyTest", "stderr": null, "errorDetails": null, "skippedMessage": null}, {"skipped": false, "errorStackTrace": null, "duration": 6.864, "name": "type_test", "age": 0, "failedSince": 0, "status": "PASSED", "testActions": [], "stdout": null, "className": "cql_tests.StorageProxyCQLTester", "stderr": null, "errorDetails": null, "skippedMessage": null}, {"skipped": false, "errorStackTrace": null, "duration": 6.4, "name": "dropped_index_test", "age": 0, "failedSince": 0, "status": "PASSED", "testActions": [], "stdout": "Number of matching rows: 10\nExecuting prepared statement with dropped index...\ncode=2200 [Invalid query] message=\"No secondary indexes on the restricted columns support the provided operators: \"\n", "className": "prepared_statements_test.TestPreparedStatements", "stderr": null, "errorDetails": null, "skippedMessage": null}, {"skipped": false, "errorStackTrace": null, "duration": 6.629, "name": "test_get_range_slice_super", "age": 0, "failedSince": 0, "status": "PASSED", "testActions": [], "stdout": null, "className": "thrift_tests.TestMutations", "stderr": null, "errorDetails": null, "skippedMessage": null}, {"skipped": false, "errorStackTrace": null, "duration": 6.161, "name": "collection_table_datatype_test", "age": 0, "failedSince": 0, "status": "PASSED", "testActions": [], "stdout": null, "className": "schema_metadata_test.TestSchemaMetadata", "stderr": null, "errorDetails": null, "skippedMessage": null}, {"skipped": false, "errorStackTrace": null, "duration": 6.197, "name": "compact_storage_test", "age": 0, "failedSince": 0, "status": "PASSED", "testActions": [], "stdout": null, "className": "schema_metadata_test.TestSchemaMetadata", "stderr": null, "errorDetails": null, "skippedMessage": null}, {"skipped": false, "errorStackTrace": null, "duration": 6.177, "name": "clustering_order_test", "age": 0, "failedSince": 0, "status": "PASSED", "testActions": [], "stdout": null, "className": "schema_metadata_test.TestSchemaMetadata", "stderr": null, "errorDetails": null, "skippedMessage": null}, {"skipped": false, "errorStackTrace": null, "duration": 6.182, "name": "test_user_type_isolation", "age": 0, "failedSince": 0, "status": "PASSED", "testActions": [], "stdout": null, "className": "user_types_test.TestUserTypes", "stderr": null, "errorDetails": null, "skippedMessage": null}, {"skipped": false, "errorStackTrace": null, "duration": 401.999, "name": "short_read_reversed_test", "age": 0, "failedSince": 0, "status": "PASSED", "testActions": [], "stdout": null, "className": "consistency_test.TestConsistency", "stderr": null, "errorDetails": null, "skippedMessage": null}, {"skipped": false, "errorStackTrace": null, "duration": 162.499, "name": "test_network_topology_strategy", "age": 0, "failedSince": 0, "status": "PASSED", "testActions": [], "stdout": null, "className": "consistency_test.TestAvailability", "stderr": null, "errorDetails": null, "skippedMessage": null}, {"skipped": false, "errorStackTrace": null, "duration": 94.702, "name": "shutdown_wiped_node_cannot_join_test", "age": 0, "failedSince": 0, "status": "PASSED", "testActions": [], "stdout": null, "className": "bootstrap_test.TestBootstrap", "stderr": null, "errorDetails": null, "skippedMessage": null}, {"skipped": false, "errorStackTrace": null, "duration": 45.444, "name": "manual_bootstrap_test", "age": 0, "failedSince": 0, "status": "PASSED", "testActions": [], "stdout": null, "className": "bootstrap_test.TestBootstrap", "stderr": null, "errorDetails": null, "skippedMessage": null}, {"skipped": false, "errorStackTrace": null, "duration": 84.393, "name": "functional_test", "age": 0, "failedSince": 0, "status": "PASSED", "testActions": [], "stdout": null, "className": "super_counter_test.TestSuperCounterClusterRestart", "stderr": null, "errorDetails": null, "skippedMessage": null}, {"skipped": false, "errorStackTrace": null, "duration": 76.444, "name": "compaction_throughput_test", "age": 0, "failedSince": 0, "status": "PASSED", "testActions": [], "stdout": null, "className": "compaction_test.TestCompaction_with_DateTieredCompactionStrategy", "stderr": null, "errorDetails": null, "skippedMessage": null}, {"skipped": false, "errorStackTrace": null, "duration": 70.606, "name": "compaction_throughput_test", "age": 0, "failedSince": 0, "status": "PASSED", "testActions": [], "stdout": null, "className": "compaction_test.TestCompaction_with_SizeTieredCompactionStrategy", "stderr": null, "errorDetails": null, "skippedMessage": null}, {"skipped": false, "errorStackTrace": null, "duration": 54.459, "name": "data_size_test", "age": 0, "failedSince": 0, "status": "PASSED", "testActions": [], "stdout": null, "className": "compaction_test.TestCompaction_with_SizeTieredCompactionStrategy", "stderr": null, "errorDetails": null, "skippedMessage": null}, {"skipped": false, "errorStackTrace": null, "duration": 32.796, "name": "disable_autocompaction_schema_test", "age": 0, "failedSince": 0, "status": "PASSED", "testActions": [], "stdout": null, "className": "compaction_test.TestCompaction_with_LeveledCompactionStrategy", "stderr": null, "errorDetails": null, "skippedMessage": null}, {"skipped": false, "errorStackTrace": null, "duration": 55.328, "name": "test_paxos_any", "age": 0, "failedSince": 0, "status": "PASSED", "testActions": [], "stdout": null, "className": "write_failures_test.TestWriteFailures", "stderr": null, "errorDetails": null, "skippedMessage": null}, {"skipped": false, "errorStackTrace": null, "duration": 32.773, "name": "load_test", "age": 0, "failedSince": 0, "status": "PASSED", "testActions": [], "stdout": null, "className": "concurrent_schema_changes_test.TestConcurrentSchemaChanges", "stderr": null, "errorDetails": null, "skippedMessage": null}, {"skipped": false, "errorStackTrace": null, "duration": 30.011, "name": "logged_batch_throws_uae_test", "age": 0, "failedSince": 0, "status": "PASSED", "testActions": [], "stdout": null, "className": "batch_test.TestBatch", "stderr": null, "errorDetails": null, "skippedMessage": null}, {"skipped": false, "errorStackTrace": null, "duration": 6.634, "name": "unlogged_batch_rejects_counter_mutations_test", "age": 0, "failedSince": 0, "status": "PASSED", "testActions": [], "stdout": null, "className": "batch_test.TestBatch", "stderr": null, "errorDetails": null, "skippedMessage": null}, {"skipped": false, "errorStackTrace": null, "duration": 6.573, "name": "counter_batch_rejects_regular_mutations_test", "age": 0, "failedSince": 0, "status": "PASSED", "testActions": [], "stdout": null, "className": "batch_test.TestBatch", "stderr": null, "errorDetails": null, "skippedMessage": null}, {"skipped": false, "errorStackTrace": null, "duration": 26.406, "name": "test_incr_standard_remove", "age": 0, "failedSince": 0, "status": "PASSED", "testActions": [], "stdout": null, "className": "thrift_tests.TestMutations", "stderr": null, "errorDetails": null, "skippedMessage": null}, {"skipped": false, "errorStackTrace": null, "duration": 8.281, "name": "test_count_around_page_size", "age": 0, "failedSince": 0, "status": "PASSED", "testActions": [], "stdout": null, "className": "thrift_tests.TestMutations", "stderr": null, "errorDetails": null, "skippedMessage": null}, {"skipped": false, "errorStackTrace": null, "duration": 7.238, "name": "test_dynamic_indexes_with_system_update_cf", "age": 0, "failedSince": 0, "status": "PASSED", "testActions": [], "stdout": null, "className": "thrift_tests.TestMutations", "stderr": null, "errorDetails": null, "skippedMessage": null}, {"skipped": false, "errorStackTrace": null, "duration": 6.475, "name": "test_batch_insert_blocking", "age": 0, "failedSince": 0, "status": "PASSED", "testActions": [], "stdout": null, "className": "thrift_tests.TestMutations", "stderr": null, "errorDetails": null, "skippedMessage": null}, {"skipped": false, "errorStackTrace": null, "duration": 6.769, "name": "test_system_keyspace_operations", "age": 0, "failedSince": 0, "status": "PASSED", "testActions": [], "stdout": null, "className": "thrift_tests.TestMutations", "stderr": null, "errorDetails": null, "skippedMessage": null}, {"skipped": false, "errorStackTrace": null, "duration": 6.407, "name": "test_batch_mutate_standard_columns_blocking", "age": 0, "failedSince": 0, "status": "PASSED", "testActions": [], "stdout": null, "className": "thrift_tests.TestMutations", "stderr": null, "errorDetails": null, "skippedMessage": null}, {"skipped": false, "errorStackTrace": null, "duration": 6.485, "name": "test_batch_insert", "age": 0, "failedSince": 0, "status": "PASSED", "testActions": [], "stdout": null, "className": "thrift_tests.TestMutations", "stderr": null, "errorDetails": null, "skippedMessage": null}, {"skipped": false, "errorStackTrace": null, "duration": 6.248, "name": "test_column_name_lengths", "age": 0, "failedSince": 0, "status": "PASSED", "testActions": [], "stdout": null, "className": "thrift_tests.TestMutations", "stderr": null, "errorDetails": null, "skippedMessage": null}, {"skipped": false, "errorStackTrace": null, "duration": 6.335, "name": "test_describe_ring", "age": 0, "failedSince": 0, "status": "PASSED", "testActions": [], "stdout": null, "className": "thrift_tests.TestMutations", "stderr": null, "errorDetails": null, "skippedMessage": null}, {"skipped": false, "errorStackTrace": null, "duration": 6.34, "name": "test_describe_token_map", "age": 0, "failedSince": 0, "status": "PASSED", "testActions": [], "stdout": null, "className": "thrift_tests.TestMutations", "stderr": null, "errorDetails": null, "skippedMessage": null}, {"skipped": false, "errorStackTrace": null, "duration": 22.751, "name": "test_multiple_partition_deletions", "age": 0, "failedSince": 0, "status": "PASSED", "testActions": [], "stdout": null, "className": "paging_test.TestPagingWithDeletions", "stderr": null, "errorDetails": null, "skippedMessage": null}, {"skipped": false, "errorStackTrace": null, "duration": 23.844, "name": "test_data_change_impacting_earlier_page", "age": 0, "failedSince": 0, "status": "FIXED", "testActions": [], "stdout": null, "className": "paging_test.TestPagingDatasetChanges", "stderr": null, "errorDetails": null, "skippedMessage": null}, {"skipped": false, "errorStackTrace": null, "duration": 19.459, "name": "force_repair_async_2_test", "age": 0, "failedSince": 0, "status": "PASSED", "testActions": [], "stdout": null, "className": "deprecated_repair_test.TestDeprecatedRepairAPI", "stderr": null, "errorDetails": null, "skippedMessage": null}, {"skipped": false, "errorStackTrace": null, "duration": 19.392, "name": "use_custom_port_test", "age": 0, "failedSince": 0, "status": "PASSED", "testActions": [], "stdout": null, "className": "native_transport_ssl_test.NativeTransportSSL", "stderr": null, "errorDetails": null, "skippedMessage": null}, {"skipped": false, "errorStackTrace": null, "duration": 16.785, "name": "create_cf_auth_test", "age": 0, "failedSince": 0, "status": "PASSED", "testActions": [], "stdout": null, "className": "auth_test.TestAuth", "stderr": null, "errorDetails": null, "skippedMessage": null}, {"skipped": false, "errorStackTrace": null, "duration": 16.976, "name": "type_auth_test", "age": 0, "failedSince": 0, "status": "PASSED", "testActions": [], "stdout": null, "className": "auth_test.TestAuth", "stderr": null, "errorDetails": null, "skippedMessage": null}, {"skipped": false, "errorStackTrace": null, "duration": 11.647, "name": "test_commitlog_replay_on_startup", "age": 0, "failedSince": 0, "status": "PASSED", "testActions": [], "stdout": null, "className": "commitlog_test.TestCommitLog", "stderr": null, "errorDetails": null, "skippedMessage": null}, {"skipped": false, "errorStackTrace": null, "duration": 10.978, "name": "complex_data_types_test", "age": 0, "failedSince": 0, "status": "PASSED", "testActions": [], "stdout": null, "className": "json_test.ToJsonSelectTests", "stderr": null, "errorDetails": null, "skippedMessage": null}, {"skipped": false, "errorStackTrace": null, "duration": 7.623, "name": "test_8280_validate_indexed_values", "age": 0, "failedSince": 0, "status": "PASSED", "testActions": [], "stdout": null, "className": "secondary_indexes_test.TestSecondaryIndexes", "stderr": null, "errorDetails": null, "skippedMessage": null}, {"skipped": false, "errorStackTrace": null, "duration": 7.259, "name": "creating_and_dropping_uda_test", "age": 0, "failedSince": 0, "status": "PASSED", "testActions": [], "stdout": null, "className": "schema_metadata_test.TestSchemaMetadata", "stderr": null, "errorDetails": null, "skippedMessage": null}, {"skipped": false, "errorStackTrace": null, "duration": 6.02, "name": "static_column_test", "age": 0, "failedSince": 0, "status": "PASSED", "testActions": [], "stdout": null, "className": "schema_metadata_test.TestSchemaMetadata", "stderr": null, "errorDetails": null, "skippedMessage": null}, {"skipped": false, "errorStackTrace": null, "duration": 6.719, "name": "test_alter_table", "age": 0, "failedSince": 0, "status": "PASSED", "testActions": [], "stdout": "(EE)  ", "className": "cqlsh_tests.cqlsh_tests.CqlshSmokeTest", "stderr": null, "errorDetails": null, "skippedMessage": null}, {"skipped": false, "errorStackTrace": null, "duration": 6.158, "name": "sc_with_row_cache_test", "age": 0, "failedSince": 0, "status": "PASSED", "testActions": [], "stdout": null, "className": "super_column_cache_test.TestSCCache", "stderr": null, "errorDetails": null, "skippedMessage": null}, {"skipped": false, "errorStackTrace": null, "duration": 297.296, "name": "replace_with_reset_resume_state_test", "age": 0, "failedSince": 0, "status": "PASSED", "testActions": [], "stdout": null, "className": "replace_address_test.TestReplaceAddress", "stderr": null, "errorDetails": null, "skippedMessage": null}, {"skipped": false, "errorStackTrace": "  File \"/usr/lib/python2.7/unittest/case.py\", line 329, in run\n    testMethod()\n  File \"/home/automaton/cassandra-dtest/concurrent_schema_changes_test.py\", line 188, in create_lots_of_alters_concurrently_test\n    self.assertEqual(510, column_ct)\n  File \"/usr/lib/python2.7/unittest/case.py\", line 513, in assertEqual\n    assertion_func(first, second, msg=msg)\n  File \"/usr/lib/python2.7/unittest/case.py\", line 506, in _baseAssertEqual\n    raise self.failureException(msg)\n'510 != 509\\n-------------------- >> begin captured logging << --------------------\\ndtest: DEBUG: cluster ccm directory: /mnt/tmp/dtest-R0VabA\\ndtest: DEBUG: executing 500 alters\\ndtest: DEBUG: waiting for alters to propagate\\n--------------------- >> end captured logging << ---------------------'", "duration": 214.763, "name": "create_lots_of_alters_concurrently_test", "age": 4, "failedSince": 318, "status": "FAILED", "testActions": [], "stdout": null, "className": "concurrent_schema_changes_test.TestConcurrentSchemaChanges", "stderr": null, "errorDetails": "510 != 509\n-------------------- >> begin captured logging << --------------------\ndtest: DEBUG: cluster ccm directory: /mnt/tmp/dtest-R0VabA\ndtest: DEBUG: executing 500 alters\ndtest: DEBUG: waiting for alters to propagate\n--------------------- >> end captured logging << ---------------------", "skippedMessage": null}, {"skipped": false, "errorStackTrace": null, "duration": 113.175, "name": "test_simple_strategy_users", "age": 0, "failedSince": 0, "status": "PASSED", "testActions": [], "stdout": null, "className": "consistency_test.TestAccuracy", "stderr": null, "errorDetails": null, "skippedMessage": null}, {"skipped": false, "errorStackTrace": null, "duration": 78.774, "name": "sstableloader_compression_none_to_snappy_test", "age": 0, "failedSince": 0, "status": "PASSED", "testActions": [], "stdout": null, "className": "sstable_generation_loading_test.TestSSTableGenerationAndLoading", "stderr": null, "errorDetails": null, "skippedMessage": null}, {"skipped": false, "errorStackTrace": null, "duration": 79.174, "name": "sstableloader_compression_deflate_to_deflate_test", "age": 0, "failedSince": 0, "status": "PASSED", "testActions": [], "stdout": null, "className": "sstable_generation_loading_test.TestSSTableGenerationAndLoading", "stderr": null, "errorDetails": null, "skippedMessage": null}, {"skipped": false, "errorStackTrace": null, "duration": 35.687, "name": "remove_index_file_test", "age": 0, "failedSince": 0, "status": "PASSED", "testActions": [], "stdout": null, "className": "sstable_generation_loading_test.TestSSTableGenerationAndLoading", "stderr": null, "errorDetails": null, "skippedMessage": null}, {"skipped": false, "errorStackTrace": null, "duration": 9.963, "name": "incompressible_data_in_compressed_table_test", "age": 0, "failedSince": 0, "status": "PASSED", "testActions": [], "stdout": null, "className": "sstable_generation_loading_test.TestSSTableGenerationAndLoading", "stderr": null, "errorDetails": null, "skippedMessage": null}, {"skipped": false, "errorStackTrace": null, "duration": 77.737, "name": "dont_test_archive_commitlog", "age": 0, "failedSince": 0, "status": "PASSED", "testActions": [], "stdout": null, "className": "snapshot_test.TestArchiveCommitlog", "stderr": null, "errorDetails": null, "skippedMessage": null}, {"skipped": false, "errorStackTrace": null, "duration": 66.443, "name": "range_slice_query_with_tombstones_test", "age": 0, "failedSince": 0, "status": "PASSED", "testActions": [], "stdout": null, "className": "read_repair_test.TestRepairDataSystemTable", "stderr": null, "errorDetails": null, "skippedMessage": null}, {"skipped": false, "errorStackTrace": null, "duration": 55.915, "name": "sstable_marking_test_not_intersecting_all_ranges", "age": 0, "failedSince": 0, "status": "PASSED", "testActions": [], "stdout": null, "className": "incremental_repair_test.TestIncRepair", "stderr": null, "errorDetails": null, "skippedMessage": null}, {"skipped": false, "errorStackTrace": null, "duration": 54.648, "name": "replica_availability_test", "age": 0, "failedSince": 0, "status": "PASSED", "testActions": [], "stdout": null, "className": "paxos_tests.TestPaxos", "stderr": null, "errorDetails": null, "skippedMessage": null}, {"skipped": false, "errorStackTrace": null, "duration": 43.045, "name": "acknowledged_by_batchlog_not_set_when_batchlog_write_fails_test", "age": 0, "failedSince": 0, "status": "PASSED", "testActions": [], "stdout": null, "className": "batch_test.TestBatch", "stderr": null, "errorDetails": null, "skippedMessage": null}, {"skipped": true, "errorStackTrace": null, "duration": 0.054, "name": "logged_batch_compatibility_4_test", "age": 4, "failedSince": 318, "status": "SKIPPED", "testActions": [], "stdout": null, "className": "batch_test.TestBatch", "stderr": null, "errorDetails": null, "skippedMessage": "2.2.2 < 3.0"}, {"skipped": true, "errorStackTrace": null, "duration": 0.053, "name": "logged_batch_compatibility_3_test", "age": 4, "failedSince": 318, "status": "SKIPPED", "testActions": [], "stdout": null, "className": "batch_test.TestBatch", "stderr": null, "errorDetails": null, "skippedMessage": "2.2.2 < 3.0"}, {"skipped": false, "errorStackTrace": null, "duration": 32.84, "name": "test_bad_crc", "age": 0, "failedSince": 0, "status": "PASSED", "testActions": [], "stdout": null, "className": "commit_log_test.TestCommitLogFailurePolicy", "stderr": null, "errorDetails": null, "skippedMessage": null}, {"skipped": false, "errorStackTrace": null, "duration": 26.428, "name": "test_incr_decr_super_remove", "age": 0, "failedSince": 0, "status": "PASSED", "testActions": [], "stdout": null, "className": "thrift_tests.TestMutations", "stderr": null, "errorDetails": null, "skippedMessage": null}, {"skipped": false, "errorStackTrace": null, "duration": 6.995, "name": "test_system_super_column_family_operations", "age": 0, "failedSince": 0, "status": "PASSED", "testActions": [], "stdout": null, "className": "thrift_tests.TestMutations", "stderr": null, "errorDetails": null, "skippedMessage": null}, {"skipped": false, "errorStackTrace": null, "duration": 6.783, "name": "test_create_then_drop_ks", "age": 0, "failedSince": 0, "status": "PASSED", "testActions": [], "stdout": null, "className": "thrift_tests.TestMutations", "stderr": null, "errorDetails": null, "skippedMessage": null}, {"skipped": false, "errorStackTrace": null, "duration": 6.656, "name": "test_long_order", "age": 0, "failedSince": 0, "status": "PASSED", "testActions": [], "stdout": null, "className": "thrift_tests.TestMutations", "stderr": null, "errorDetails": null, "skippedMessage": null}, {"skipped": false, "errorStackTrace": null, "duration": 6.417, "name": "test_bad_batch_calls", "age": 0, "failedSince": 0, "status": "PASSED", "testActions": [], "stdout": null, "className": "thrift_tests.TestMutations", "stderr": null, "errorDetails": null, "skippedMessage": null}, {"skipped": false, "errorStackTrace": null, "duration": 6.484, "name": "test_integer_remove", "age": 0, "failedSince": 0, "status": "PASSED", "testActions": [], "stdout": null, "className": "thrift_tests.TestMutations", "stderr": null, "errorDetails": null, "skippedMessage": null}, {"skipped": false, "errorStackTrace": null, "duration": 6.579, "name": "test_range_with_remove", "age": 0, "failedSince": 0, "status": "PASSED", "testActions": [], "stdout": null, "className": "thrift_tests.TestMutations", "stderr": null, "errorDetails": null, "skippedMessage": null}, {"skipped": false, "errorStackTrace": null, "duration": 6.468, "name": "test_invalid_ks_names", "age": 0, "failedSince": 0, "status": "PASSED", "testActions": [], "stdout": null, "className": "thrift_tests.TestMutations", "stderr": null, "errorDetails": null, "skippedMessage": null}, {"skipped": false, "errorStackTrace": null, "duration": 25.38, "name": "non_local_read_test", "age": 0, "failedSince": 0, "status": "PASSED", "testActions": [], "stdout": null, "className": "putget_test.TestPutGet", "stderr": null, "errorDetails": null, "skippedMessage": null}, {"skipped": false, "errorStackTrace": null, "duration": 24.613, "name": "test_type_as_part_of_pkey", "age": 0, "failedSince": 0, "status": "PASSED", "testActions": [], "stdout": null, "className": "user_types_test.TestUserTypes", "stderr": null, "errorDetails": null, "skippedMessage": null}, {"skipped": false, "errorStackTrace": null, "duration": 21.087, "name": "test_with_equal_results_to_page_size", "age": 0, "failedSince": 0, "status": "FIXED", "testActions": [], "stdout": null, "className": "paging_test.TestPagingSize", "stderr": null, "errorDetails": null, "skippedMessage": null}, {"skipped": false, "errorStackTrace": null, "duration": 19.384, "name": "die_failure_policy_test", "age": 0, "failedSince": 0, "status": "PASSED", "testActions": [], "stdout": null, "className": "commitlog_test.TestCommitLog", "stderr": null, "errorDetails": null, "skippedMessage": null}, {"skipped": false, "errorStackTrace": null, "duration": 18.534, "name": "range_slice_test", "age": 0, "failedSince": 0, "status": "PASSED", "testActions": [], "stdout": null, "className": "cql_tests.MiscellaneousCQLTester", "stderr": null, "errorDetails": null, "skippedMessage": null}, {"skipped": false, "errorStackTrace": null, "duration": 6.093, "name": "statements_test", "age": 0, "failedSince": 0, "status": "PASSED", "testActions": [], "stdout": null, "className": "cql_tests.StorageProxyCQLTester", "stderr": null, "errorDetails": null, "skippedMessage": null}, {"skipped": false, "errorStackTrace": null, "duration": 17.185, "name": "test_login_rejects_bad_pass", "age": 0, "failedSince": 0, "status": "PASSED", "testActions": [], "stdout": "(EE)  <stdin>:2:('Unable to connect to any servers', {'127.0.0.1': AuthenticationFailed(u'Failed to authenticate to 127.0.0.1: code=0100 [Bad credentials] message=\"Username and/or password are incorrect\"',)})(EE)  ", "className": "cqlsh_tests.cqlsh_tests.CqlLoginTest", "stderr": null, "errorDetails": null, "skippedMessage": null}, {"skipped": false, "errorStackTrace": null, "duration": 21.688, "name": "test_number_delimiter", "age": 0, "failedSince": 0, "status": "PASSED", "testActions": [], "stdout": "(EE)  ", "className": "cqlsh_tests.cqlsh_copy_tests.CqlshCopyTest", "stderr": null, "errorDetails": null, "skippedMessage": null}, {"skipped": false, "errorStackTrace": null, "duration": 22.018, "name": "test_colon_delimiter", "age": 0, "failedSince": 0, "status": "PASSED", "testActions": [], "stdout": "(EE)  ", "className": "cqlsh_tests.cqlsh_copy_tests.CqlshCopyTest", "stderr": null, "errorDetails": null, "skippedMessage": null}, {"skipped": false, "errorStackTrace": null, "duration": 6.614, "name": "test_quoted_column_names_writing_dont_specify_names", "age": 0, "failedSince": 0, "status": "PASSED", "testActions": [], "stdout": "(EE)  ", "className": "cqlsh_tests.cqlsh_copy_tests.CqlshCopyTest", "stderr": null, "errorDetails": null, "skippedMessage": null}, {"skipped": false, "errorStackTrace": null, "duration": 6.639, "name": "test_drop_keyspace", "age": 0, "failedSince": 0, "status": "PASSED", "testActions": [], "stdout": "(EE)  ", "className": "cqlsh_tests.cqlsh_tests.CqlshSmokeTest", "stderr": null, "errorDetails": null, "skippedMessage": null}, {"skipped": false, "errorStackTrace": null, "duration": 6.556, "name": "test_create_keyspace", "age": 0, "failedSince": 0, "status": "PASSED", "testActions": [], "stdout": "(EE)  ", "className": "cqlsh_tests.cqlsh_tests.CqlshSmokeTest", "stderr": null, "errorDetails": null, "skippedMessage": null}, {"skipped": false, "errorStackTrace": null, "duration": 6.924, "name": "test_int_values", "age": 0, "failedSince": 0, "status": "PASSED", "testActions": [], "stdout": null, "className": "cqlsh_tests.cqlsh_tests.TestCqlsh", "stderr": null, "errorDetails": null, "skippedMessage": null}, {"skipped": false, "errorStackTrace": "  File \"/usr/lib/python2.7/unittest/case.py\", line 329, in run\n    testMethod()\n  File \"/home/automaton/cassandra-dtest/tools.py\", line 253, in wrapped\n    f(obj)\n  File \"/home/automaton/cassandra-dtest/cqlsh_tests/cqlsh_tests.py\", line 68, in test_pep8_compliance\n    self.assertEqual(len(stdout), 0, stdout)\n  File \"/usr/lib/python2.7/unittest/case.py\", line 513, in assertEqual\n    assertion_func(first, second, msg=msg)\n  File \"/usr/lib/python2.7/unittest/case.py\", line 506, in _baseAssertEqual\n    raise self.failureException(msg)\n\"/home/automaton/cassandra/bin/cqlsh.py:2493:1: E302 expected 2 blank lines, found 1\\n/home/automaton/cassandra/bin/cqlsh.py:2495:1: W293 blank line contains whitespace\\n/home/automaton/cassandra/bin/cqlsh.py:2506:1: W293 blank line contains whitespace\\n/home/automaton/cassandra/bin/cqlsh.py:2517:1: E302 expected 2 blank lines, found 1\\n\\n-------------------- >> begin captured logging << --------------------\\ndtest: DEBUG: cluster ccm directory: /mnt/tmp/dtest-Xj5MxN\\ndtest: DEBUG: ['pep8', '--ignore', 'E501,E402,E731', '/home/automaton/cassandra/bin/cqlsh.py', '/home/automaton/cassandra/pylib/cqlshlib/helptopics.py', '/home/automaton/cassandra/pylib/cqlshlib/cqlhandling.py', '/home/automaton/cassandra/pylib/cqlshlib/wcwidth.py', '/home/automaton/cassandra/pylib/cqlshlib/displaying.py', '/home/automaton/cassandra/pylib/cqlshlib/pylexotron.py', '/home/automaton/cassandra/pylib/cqlshlib/cql3handling.py', '/home/automaton/cassandra/pylib/cqlshlib/saferscanner.py', '/home/automaton/cassandra/pylib/cqlshlib/__init__.py', '/home/automaton/cassandra/pylib/cqlshlib/tracing.py', '/home/automaton/cassandra/pylib/cqlshlib/formatting.py', '/home/automaton/cassandra/pylib/cqlshlib/sslhandling.py', '/home/automaton/cassandra/pylib/cqlshlib/util.py']\\n--------------------- >> end captured logging << ---------------------\"", "duration": 0.784, "name": "test_pep8_compliance", "age": 16, "failedSince": 306, "status": "FAILED", "testActions": [], "stdout": null, "className": "cqlsh_tests.cqlsh_tests.TestCqlsh", "stderr": null, "errorDetails": "/home/automaton/cassandra/bin/cqlsh.py:2493:1: E302 expected 2 blank lines, found 1\n/home/automaton/cassandra/bin/cqlsh.py:2495:1: W293 blank line contains whitespace\n/home/automaton/cassandra/bin/cqlsh.py:2506:1: W293 blank line contains whitespace\n/home/automaton/cassandra/bin/cqlsh.py:2517:1: E302 expected 2 blank lines, found 1\n\n-------------------- >> begin captured logging << --------------------\ndtest: DEBUG: cluster ccm directory: /mnt/tmp/dtest-Xj5MxN\ndtest: DEBUG: ['pep8', '--ignore', 'E501,E402,E731', '/home/automaton/cassandra/bin/cqlsh.py', '/home/automaton/cassandra/pylib/cqlshlib/helptopics.py', '/home/automaton/cassandra/pylib/cqlshlib/cqlhandling.py', '/home/automaton/cassandra/pylib/cqlshlib/wcwidth.py', '/home/automaton/cassandra/pylib/cqlshlib/displaying.py', '/home/automaton/cassandra/pylib/cqlshlib/pylexotron.py', '/home/automaton/cassandra/pylib/cqlshlib/cql3handling.py', '/home/automaton/cassandra/pylib/cqlshlib/saferscanner.py', '/home/automaton/cassandra/pylib/cqlshlib/__init__.py', '/home/automaton/cassandra/pylib/cqlshlib/tracing.py', '/home/automaton/cassandra/pylib/cqlshlib/formatting.py', '/home/automaton/cassandra/pylib/cqlshlib/sslhandling.py', '/home/automaton/cassandra/pylib/cqlshlib/util.py']\n--------------------- >> end captured logging << ---------------------", "skippedMessage": null}, {"skipped": false, "errorStackTrace": null, "duration": 15.456, "name": "compaction_delete_test", "age": 0, "failedSince": 0, "status": "PASSED", "testActions": [], "stdout": "running\n['/mnt/tmp/dtest-4uVxtJ/test/node1/data/ks/cf-2a0943506f3811e5b74447f60c3cbfde/la-2-big-Data.db', '/mnt/tmp/dtest-4uVxtJ/test/node1/data/ks/cf-2a0943506f3811e5b74447f60c3cbfde/la-1-big-Data.db']\n-- la-2-big-Data.db -----\n\n-- la-1-big-Data.db -----\n\n", "className": "compaction_test.TestCompaction_with_SizeTieredCompactionStrategy", "stderr": null, "errorDetails": null, "skippedMessage": null}, {"skipped": false, "errorStackTrace": null, "duration": 13.063, "name": "insert_ttl_has_priority_on_defaut_ttl_test", "age": 0, "failedSince": 0, "status": "PASSED", "testActions": [], "stdout": null, "className": "ttl_test.TestTTL", "stderr": null, "errorDetails": null, "skippedMessage": null}, {"skipped": false, "errorStackTrace": null, "duration": 9.003, "name": "default_ttl_test", "age": 0, "failedSince": 0, "status": "PASSED", "testActions": [], "stdout": null, "className": "ttl_test.TestTTL", "stderr": null, "errorDetails": null, "skippedMessage": null}, {"skipped": false, "errorStackTrace": null, "duration": 7.064, "name": "aggregate_udf_test", "age": 0, "failedSince": 0, "status": "PASSED", "testActions": [], "stdout": null, "className": "user_functions_test.TestUserFunctions", "stderr": null, "errorDetails": null, "skippedMessage": null}, {"skipped": false, "errorStackTrace": null, "duration": 5.994, "name": "aggregate_with_udt_keyspace_isolation_test", "age": 0, "failedSince": 0, "status": "PASSED", "testActions": [], "stdout": null, "className": "user_functions_test.TestUserFunctions", "stderr": null, "errorDetails": null, "skippedMessage": null}, {"skipped": false, "errorStackTrace": null, "duration": 6.197, "name": "default_aggregate_test", "age": 0, "failedSince": 0, "status": "PASSED", "testActions": [], "stdout": null, "className": "user_functions_test.TestUserFunctions", "stderr": null, "errorDetails": null, "skippedMessage": null}, {"skipped": false, "errorStackTrace": null, "duration": 30.411, "name": "test_migration", "age": 0, "failedSince": 0, "status": "PASSED", "testActions": [], "stdout": null, "className": "user_functions_test.TestUserFunctions", "stderr": null, "errorDetails": null, "skippedMessage": null}, {"skipped": false, "errorStackTrace": null, "duration": 32.172, "name": "udf_overload_test", "age": 0, "failedSince": 0, "status": "PASSED", "testActions": [], "stdout": null, "className": "user_functions_test.TestUserFunctions", "stderr": null, "errorDetails": null, "skippedMessage": null}, {"skipped": false, "errorStackTrace": null, "duration": 6.61, "name": "udf_scripting_test", "age": 0, "failedSince": 0, "status": "PASSED", "testActions": [], "stdout": null, "className": "user_functions_test.TestUserFunctions", "stderr": null, "errorDetails": null, "skippedMessage": null}, {"skipped": false, "errorStackTrace": null, "duration": 5.987, "name": "udf_with_udt_keyspace_isolation_test", "age": 0, "failedSince": 0, "status": "PASSED", "testActions": [], "stdout": null, "className": "user_functions_test.TestUserFunctions", "stderr": null, "errorDetails": null, "skippedMessage": null}, {"skipped": false, "errorStackTrace": null, "duration": 6.664, "name": "udf_with_udt_test", "age": 0, "failedSince": 0, "status": "PASSED", "testActions": [], "stdout": null, "className": "user_functions_test.TestUserFunctions", "stderr": null, "errorDetails": null, "skippedMessage": null}, {"skipped": true, "errorStackTrace": null, "duration": 0.066, "name": "allow_filtering_test", "age": 167, "failedSince": 155, "status": "SKIPPED", "testActions": [], "stdout": null, "className": "materialized_views_test.TestMaterializedViews", "stderr": null, "errorDetails": null, "skippedMessage": "2.2.2 < 3.0"}, {"skipped": true, "errorStackTrace": null, "duration": 0.101, "name": "insert_test", "age": 4, "failedSince": 318, "status": "SKIPPED", "testActions": [], "stdout": null, "className": "materialized_views_test.TestMaterializedViews", "stderr": null, "errorDetails": null, "skippedMessage": "2.2.2 < 3.0"}, {"skipped": true, "errorStackTrace": null, "duration": 0.1, "name": "clustering_column_test", "age": 4, "failedSince": 318, "status": "SKIPPED", "testActions": [], "stdout": null, "className": "materialized_views_test.TestMaterializedViews", "stderr": null, "errorDetails": null, "skippedMessage": "2.2.2 < 3.0"}, {"skipped": true, "errorStackTrace": null, "duration": 0.1, "name": "immutable_test", "age": 4, "failedSince": 318, "status": "SKIPPED", "testActions": [], "stdout": null, "className": "materialized_views_test.TestMaterializedViews", "stderr": null, "errorDetails": null, "skippedMessage": "2.2.2 < 3.0"}, {"skipped": true, "errorStackTrace": null, "duration": 0.052, "name": "order_by_validation_test", "age": 45, "failedSince": 277, "status": "SKIPPED", "testActions": [], "stdout": null, "className": "deprecated_cql_tests.TestCQL", "stderr": null, "errorDetails": null, "skippedMessage": "2.2.2 > 2.0.x"}, {"skipped": true, "errorStackTrace": null, "duration": 0.1, "name": "cql3_insert_thrift_test", "age": 4, "failedSince": 318, "status": "SKIPPED", "testActions": [], "stdout": null, "className": "deprecated_cql_tests.TestCQL", "stderr": null, "errorDetails": null, "skippedMessage": "2.2.2 > 2.0.x"}, {"skipped": true, "errorStackTrace": null, "duration": 0.1, "name": "multi_list_set_test", "age": 45, "failedSince": 277, "status": "SKIPPED", "testActions": [], "stdout": null, "className": "deprecated_cql_tests.TestCQL", "stderr": null, "errorDetails": null, "skippedMessage": "2.2.2 > 2.0.x"}, {"skipped": true, "errorStackTrace": null, "duration": 0.1, "name": "update_type_test", "age": 4, "failedSince": 318, "status": "SKIPPED", "testActions": [], "stdout": null, "className": "deprecated_cql_tests.TestCQL", "stderr": null, "errorDetails": null, "skippedMessage": "2.2.2 > 2.0.x"}, {"skipped": true, "errorStackTrace": null, "duration": 0.101, "name": "static_columns_with_distinct_test", "age": 56, "failedSince": 266, "status": "SKIPPED", "testActions": [], "stdout": null, "className": "deprecated_cql_tests.TestCQL", "stderr": null, "errorDetails": null, "skippedMessage": "2.2.2 > 2.0.x"}, {"skipped": true, "errorStackTrace": null, "duration": 0.101, "name": "static_columns_with_2i_test", "age": 45, "failedSince": 277, "status": "SKIPPED", "testActions": [], "stdout": null, "className": "deprecated_cql_tests.TestCQL", "stderr": null, "errorDetails": null, "skippedMessage": "2.2.2 > 2.0.x"}, {"skipped": true, "errorStackTrace": null, "duration": 0.167, "name": "ticket_5230_test", "age": 45, "failedSince": 277, "status": "SKIPPED", "testActions": [], "stdout": null, "className": "deprecated_cql_tests.TestCQL", "stderr": null, "errorDetails": null, "skippedMessage": "2.2.2 > 2.0.x"}, {"skipped": true, "errorStackTrace": null, "duration": 0.1, "name": "function_and_reverse_type_test", "age": 45, "failedSince": 277, "status": "SKIPPED", "testActions": [], "stdout": null, "className": "deprecated_cql_tests.TestCQL", "stderr": null, "errorDetails": null, "skippedMessage": "2.2.2 > 2.0.x"}, {"skipped": true, "errorStackTrace": null, "duration": 0.099, "name": "token_range_test", "age": 46, "failedSince": 276, "status": "SKIPPED", "testActions": [], "stdout": null, "className": "deprecated_cql_tests.TestCQL", "stderr": null, "errorDetails": null, "skippedMessage": "2.2.2 > 2.0.x"}, {"skipped": true, "errorStackTrace": null, "duration": 0.099, "name": "timeuuid_test", "age": 45, "failedSince": 277, "status": "SKIPPED", "testActions": [], "stdout": null, "className": "deprecated_cql_tests.TestCQL", "stderr": null, "errorDetails": null, "skippedMessage": "2.2.2 > 2.0.x"}, {"skipped": true, "errorStackTrace": null, "duration": 0.099, "name": "create_invalid_test", "age": 56, "failedSince": 266, "status": "SKIPPED", "testActions": [], "stdout": null, "className": "deprecated_cql_tests.TestCQL", "stderr": null, "errorDetails": null, "skippedMessage": "2.2.2 > 2.0.x"}, {"skipped": true, "errorStackTrace": null, "duration": 0.099, "name": "identifier_test", "age": 46, "failedSince": 276, "status": "SKIPPED", "testActions": [], "stdout": null, "className": "deprecated_cql_tests.TestCQL", "stderr": null, "errorDetails": null, "skippedMessage": "2.2.2 > 2.0.x"}, {"skipped": true, "errorStackTrace": null, "duration": 0.101, "name": "noncomposite_static_cf_test", "age": 46, "failedSince": 276, "status": "SKIPPED", "testActions": [], "stdout": null, "className": "deprecated_cql_tests.TestCQL", "stderr": null, "errorDetails": null, "skippedMessage": "2.2.2 > 2.0.x"}, {"skipped": true, "errorStackTrace": null, "duration": 0.104, "name": "order_by_multikey_test", "age": 46, "failedSince": 276, "status": "SKIPPED", "testActions": [], "stdout": null, "className": "deprecated_cql_tests.TestCQL", "stderr": null, "errorDetails": null, "skippedMessage": "2.2.2 > 2.0.x"}, {"skipped": true, "errorStackTrace": null, "duration": 0.103, "name": "reversed_compact_test", "age": 4, "failedSince": 318, "status": "SKIPPED", "testActions": [], "stdout": null, "className": "deprecated_cql_tests.TestCQL", "stderr": null, "errorDetails": null, "skippedMessage": "2.2.2 > 2.0.x"}, {"skipped": true, "errorStackTrace": null, "duration": 0.103, "name": "bug_6069_test", "age": 4, "failedSince": 318, "status": "SKIPPED", "testActions": [], "stdout": null, "className": "deprecated_cql_tests.TestCQL", "stderr": null, "errorDetails": null, "skippedMessage": "2.2.2 > 2.0.x"}, {"skipped": true, "errorStackTrace": null, "duration": 0.101, "name": "count_test", "age": 4, "failedSince": 318, "status": "SKIPPED", "testActions": [], "stdout": null, "className": "deprecated_cql_tests.TestCQL", "stderr": null, "errorDetails": null, "skippedMessage": "2.2.2 > 2.0.x"}, {"skipped": true, "errorStackTrace": null, "duration": 0.11, "name": "collection_flush_test", "age": 45, "failedSince": 277, "status": "SKIPPED", "testActions": [], "stdout": null, "className": "deprecated_cql_tests.TestCQL", "stderr": null, "errorDetails": null, "skippedMessage": "2.2.2 > 2.0.x"}, {"skipped": true, "errorStackTrace": null, "duration": 0.105, "name": "negative_timestamp_test", "age": 46, "failedSince": 276, "status": "SKIPPED", "testActions": [], "stdout": null, "className": "deprecated_cql_tests.TestCQL", "stderr": null, "errorDetails": null, "skippedMessage": "2.2.2 > 2.0.x"}, {"skipped": true, "errorStackTrace": null, "duration": 0.099, "name": "conditional_update_test", "age": 4, "failedSince": 318, "status": "SKIPPED", "testActions": [], "stdout": null, "className": "deprecated_cql_tests.TestCQL", "stderr": null, "errorDetails": null, "skippedMessage": "2.2.2 > 2.0.x"}, {"skipped": true, "errorStackTrace": null, "duration": 0.102, "name": "select_distinct_test", "age": 45, "failedSince": 277, "status": "SKIPPED", "testActions": [], "stdout": null, "className": "deprecated_cql_tests.TestCQL", "stderr": null, "errorDetails": null, "skippedMessage": "2.2.2 > 2.0.x"}, {"skipped": true, "errorStackTrace": null, "duration": 0.103, "name": "multiordering_test", "age": 45, "failedSince": 277, "status": "SKIPPED", "testActions": [], "stdout": null, "className": "deprecated_cql_tests.TestCQL", "stderr": null, "errorDetails": null, "skippedMessage": "2.2.2 > 2.0.x"}, {"skipped": true, "errorStackTrace": null, "duration": 0.102, "name": "double_with_npe_test", "age": 56, "failedSince": 266, "status": "SKIPPED", "testActions": [], "stdout": null, "className": "deprecated_cql_tests.TestCQL", "stderr": null, "errorDetails": null, "skippedMessage": "2.2.2 > 2.0.x"}, {"skipped": true, "errorStackTrace": null, "duration": 0.104, "name": "collection_function_test", "age": 45, "failedSince": 277, "status": "SKIPPED", "testActions": [], "stdout": null, "className": "deprecated_cql_tests.TestCQL", "stderr": null, "errorDetails": null, "skippedMessage": "2.2.2 > 2.0.x"}, {"skipped": true, "errorStackTrace": null, "duration": 0.105, "name": "multiordering_validation_test", "age": 4, "failedSince": 318, "status": "SKIPPED", "testActions": [], "stdout": null, "className": "deprecated_cql_tests.TestCQL", "stderr": null, "errorDetails": null, "skippedMessage": "2.2.2 > 2.0.x"}, {"skipped": true, "errorStackTrace": null, "duration": 0.107, "name": "static_with_limit_test", "age": 4, "failedSince": 318, "status": "SKIPPED", "testActions": [], "stdout": null, "className": "deprecated_cql_tests.TestCQL", "stderr": null, "errorDetails": null, "skippedMessage": "2.2.2 > 2.0.x"}, {"skipped": true, "errorStackTrace": null, "duration": 0.054, "name": "sparse_cf_test", "age": 45, "failedSince": 277, "status": "SKIPPED", "testActions": [], "stdout": null, "className": "upgrade_tests.cql_tests.TestCQL", "stderr": null, "errorDetails": null, "skippedMessage": "2.2.2 < 3.0"}, {"skipped": true, "errorStackTrace": null, "duration": 0.103, "name": "map_test", "age": 45, "failedSince": 277, "status": "SKIPPED", "testActions": [], "stdout": null, "className": "upgrade_tests.cql_tests.TestCQL", "stderr": null, "errorDetails": null, "skippedMessage": "2.2.2 < 3.0"}, {"skipped": true, "errorStackTrace": null, "duration": 0.102, "name": "list_item_conditional_test", "age": 46, "failedSince": 276, "status": "SKIPPED", "testActions": [], "stdout": null, "className": "upgrade_tests.cql_tests.TestCQL", "stderr": null, "errorDetails": null, "skippedMessage": "2.2.2 < 3.0"}, {"skipped": true, "errorStackTrace": null, "duration": 0.099, "name": "static_columns_cas_test", "age": 46, "failedSince": 276, "status": "SKIPPED", "testActions": [], "stdout": null, "className": "upgrade_tests.cql_tests.TestCQL", "stderr": null, "errorDetails": null, "skippedMessage": "2.2.2 < 3.0"}, {"skipped": true, "errorStackTrace": null, "duration": 0.1, "name": "null_support_test", "age": 45, "failedSince": 277, "status": "SKIPPED", "testActions": [], "stdout": null, "className": "upgrade_tests.cql_tests.TestCQL", "stderr": null, "errorDetails": null, "skippedMessage": "2.2.2 < 3.0"}, {"skipped": true, "errorStackTrace": null, "duration": 0.099, "name": "composite_index_collections_test", "age": 45, "failedSince": 277, "status": "SKIPPED", "testActions": [], "stdout": null, "className": "upgrade_tests.cql_tests.TestCQL", "stderr": null, "errorDetails": null, "skippedMessage": "2.2.2 < 3.0"}, {"skipped": true, "errorStackTrace": null, "duration": 0.101, "name": "multi_in_compact_test", "age": 4, "failedSince": 318, "status": "SKIPPED", "testActions": [], "stdout": null, "className": "upgrade_tests.cql_tests.TestCQL", "stderr": null, "errorDetails": null, "skippedMessage": "2.2.2 < 3.0"}, {"skipped": true, "errorStackTrace": null, "duration": 0.101, "name": "expanded_map_item_conditional_test", "age": 45, "failedSince": 277, "status": "SKIPPED", "testActions": [], "stdout": null, "className": "upgrade_tests.cql_tests.TestCQL", "stderr": null, "errorDetails": null, "skippedMessage": "2.2.2 < 3.0"}, {"skipped": true, "errorStackTrace": null, "duration": 0.1, "name": "bug_6115_test", "age": 45, "failedSince": 277, "status": "SKIPPED", "testActions": [], "stdout": null, "className": "upgrade_tests.cql_tests.TestCQL", "stderr": null, "errorDetails": null, "skippedMessage": "2.2.2 < 3.0"}, {"skipped": true, "errorStackTrace": null, "duration": 0.1, "name": "ticket_5230_test", "age": 45, "failedSince": 277, "status": "SKIPPED", "testActions": [], "stdout": null, "className": "upgrade_tests.cql_tests.TestCQL", "stderr": null, "errorDetails": null, "skippedMessage": "2.2.2 < 3.0"}, {"skipped": true, "errorStackTrace": null, "duration": 0.1, "name": "clustering_indexing_test", "age": 45, "failedSince": 277, "status": "SKIPPED", "testActions": [], "stdout": null, "className": "upgrade_tests.cql_tests.TestCQL", "stderr": null, "errorDetails": null, "skippedMessage": "2.2.2 < 3.0"}, {"skipped": true, "errorStackTrace": null, "duration": 0.1, "name": "truncate_clean_cache_test", "age": 45, "failedSince": 277, "status": "SKIPPED", "testActions": [], "stdout": null, "className": "upgrade_tests.cql_tests.TestCQL", "stderr": null, "errorDetails": null, "skippedMessage": "2.2.2 < 3.0"}, {"skipped": true, "errorStackTrace": null, "duration": 0.1, "name": "select_with_alias_test", "age": 48, "failedSince": 274, "status": "SKIPPED", "testActions": [], "stdout": null, "className": "upgrade_tests.cql_tests.TestCQL", "stderr": null, "errorDetails": null, "skippedMessage": "2.2.2 < 3.0"}, {"skipped": true, "errorStackTrace": null, "duration": 0.103, "name": "bug7105_test", "age": 4, "failedSince": 318, "status": "SKIPPED", "testActions": [], "stdout": null, "className": "upgrade_tests.cql_tests.TestCQL", "stderr": null, "errorDetails": null, "skippedMessage": "2.2.2 < 3.0"}, {"skipped": true, "errorStackTrace": null, "duration": 0.104, "name": "bug_6069_test", "age": 4, "failedSince": 318, "status": "SKIPPED", "testActions": [], "stdout": null, "className": "upgrade_tests.cql_tests.TestCQL", "stderr": null, "errorDetails": null, "skippedMessage": "2.2.2 < 3.0"}, {"skipped": true, "errorStackTrace": null, "duration": 0.104, "name": "range_key_ordered_test", "age": 4, "failedSince": 318, "status": "SKIPPED", "testActions": [], "stdout": null, "className": "upgrade_tests.cql_tests.TestCQL", "stderr": null, "errorDetails": null, "skippedMessage": "2.2.2 < 3.0"}, {"skipped": true, "errorStackTrace": null, "duration": 0.103, "name": "collection_indexing_test", "age": 4, "failedSince": 318, "status": "SKIPPED", "testActions": [], "stdout": null, "className": "upgrade_tests.cql_tests.TestCQL", "stderr": null, "errorDetails": null, "skippedMessage": "2.2.2 < 3.0"}, {"skipped": true, "errorStackTrace": null, "duration": 0.103, "name": "count_test", "age": 4, "failedSince": 318, "status": "SKIPPED", "testActions": [], "stdout": null, "className": "upgrade_tests.cql_tests.TestCQL", "stderr": null, "errorDetails": null, "skippedMessage": "2.2.2 < 3.0"}, {"skipped": true, "errorStackTrace": null, "duration": 0.052, "name": "test_single_row_deletions", "age": 4, "failedSince": 318, "status": "SKIPPED", "testActions": [], "stdout": null, "className": "upgrade_tests.paging_test.TestPagingWithDeletions", "stderr": null, "errorDetails": null, "skippedMessage": "2.2.2 < 3.0"}, {"skipped": true, "errorStackTrace": null, "duration": 0.1, "name": "test_single_cell_deletions", "age": 9, "failedSince": 313, "status": "SKIPPED", "testActions": [], "stdout": null, "className": "upgrade_tests.paging_test.TestPagingWithDeletions", "stderr": null, "errorDetails": null, "skippedMessage": "2.2.2 < 3.0"}, {"skipped": true, "errorStackTrace": null, "duration": 0.1, "name": "test_failure_threshold_deletions", "age": 1, "failedSince": 321, "status": "SKIPPED", "testActions": [], "stdout": null, "className": "upgrade_tests.paging_test.TestPagingWithDeletions", "stderr": null, "errorDetails": null, "skippedMessage": "2.2.2 < 3.0"}, {"skipped": true, "errorStackTrace": null, "duration": 0.052, "name": "test_with_more_results_than_page_size", "age": 4, "failedSince": 318, "status": "SKIPPED", "testActions": [], "stdout": null, "className": "upgrade_tests.paging_test.TestPagingSize", "stderr": null, "errorDetails": null, "skippedMessage": "2.2.2 < 3.0"}, {"skipped": true, "errorStackTrace": null, "duration": 0.053, "name": "test_with_limit", "age": 4, "failedSince": 318, "status": "SKIPPED", "testActions": [], "stdout": null, "className": "upgrade_tests.paging_test.TestPagingWithModifiers", "stderr": null, "errorDetails": null, "skippedMessage": "2.2.2 < 3.0"}, {"skipped": true, "errorStackTrace": null, "duration": 0.053, "name": "test_data_change_impacting_earlier_page", "age": 4, "failedSince": 318, "status": "SKIPPED", "testActions": [], "stdout": null, "className": "upgrade_tests.paging_test.TestPagingDatasetChanges", "stderr": null, "errorDetails": null, "skippedMessage": "2.2.2 < 3.0"}, {"skipped": true, "errorStackTrace": null, "duration": 0.103, "name": "test_data_change_impacting_later_page", "age": 4, "failedSince": 318, "status": "SKIPPED", "testActions": [], "stdout": null, "className": "upgrade_tests.paging_test.TestPagingDatasetChanges", "stderr": null, "errorDetails": null, "skippedMessage": "2.2.2 < 3.0"}, {"skipped": true, "errorStackTrace": null, "duration": 0.053, "name": "basic_compound_paging_test", "age": 4, "failedSince": 318, "status": "SKIPPED", "testActions": [], "stdout": null, "className": "upgrade_tests.paging_test.TestPagingData", "stderr": null, "errorDetails": null, "skippedMessage": "2.2.2 < 3.0"}, {"skipped": false, "errorStackTrace": null, "duration": 831.854, "name": "netstats_test", "age": 0, "failedSince": 0, "status": "PASSED", "testActions": [], "stdout": null, "className": "jmx_test.TestJMX", "stderr": null, "errorDetails": null, "skippedMessage": null}, {"skipped": false, "errorStackTrace": null, "duration": 65.139, "name": "sstable_marking_test", "age": 0, "failedSince": 0, "status": "PASSED", "testActions": [], "stdout": null, "className": "incremental_repair_test.TestIncRepair", "stderr": null, "errorDetails": null, "skippedMessage": null}, {"skipped": false, "errorStackTrace": null, "duration": 63.664, "name": "test_set_indexes", "age": 0, "failedSince": 0, "status": "PASSED", "testActions": [], "stdout": null, "className": "secondary_indexes_test.TestSecondaryIndexesOnCollections", "stderr": null, "errorDetails": null, "skippedMessage": null}, {"skipped": true, "errorStackTrace": null, "duration": 0.053, "name": "test_only_coordinator_chooses_index_for_query", "age": 20, "failedSince": 302, "status": "SKIPPED", "testActions": [], "stdout": null, "className": "secondary_indexes_test.TestSecondaryIndexes", "stderr": null, "errorDetails": null, "skippedMessage": "2.2.2 < 3.0"}, {"skipped": false, "errorStackTrace": null, "duration": 55.743, "name": "test_mutation_v4", "age": 0, "failedSince": 0, "status": "PASSED", "testActions": [], "stdout": null, "className": "write_failures_test.TestWriteFailures", "stderr": null, "errorDetails": null, "skippedMessage": null}, {"skipped": false, "errorStackTrace": null, "duration": 42.616, "name": "change_durable_writes_test", "age": 0, "failedSince": 0, "status": "PASSED", "testActions": [], "stdout": null, "className": "configuration_test.TestConfiguration", "stderr": null, "errorDetails": null, "skippedMessage": null}, {"skipped": false, "errorStackTrace": null, "duration": 33.614, "name": "putget_with_internode_ssl_test", "age": 0, "failedSince": 0, "status": "PASSED", "testActions": [], "stdout": null, "className": "internode_ssl_test.TestInternodeSSL", "stderr": null, "errorDetails": null, "skippedMessage": null}, {"skipped": false, "errorStackTrace": null, "duration": 33.441, "name": "putget_with_internode_ssl_without_compression_test", "age": 0, "failedSince": 0, "status": "PASSED", "testActions": [], "stdout": null, "className": "internode_ssl_test.TestInternodeSSL", "stderr": null, "errorDetails": null, "skippedMessage": null}, {"skipped": false, "errorStackTrace": null, "duration": 32.296, "name": "test_failure_threshold_deletions", "age": 0, "failedSince": 0, "status": "PASSED", "testActions": [], "stdout": null, "className": "paging_test.TestPagingWithDeletions", "stderr": null, "errorDetails": null, "skippedMessage": null}, {"skipped": false, "errorStackTrace": null, "duration": 26.996, "name": "test_paging_using_secondary_indexes_with_static_cols", "age": 0, "failedSince": 0, "status": "FIXED", "testActions": [], "stdout": null, "className": "paging_test.TestPagingData", "stderr": null, "errorDetails": null, "skippedMessage": null}, {"skipped": false, "errorStackTrace": null, "duration": 22.166, "name": "test_with_no_results", "age": 0, "failedSince": 0, "status": "FIXED", "testActions": [], "stdout": null, "className": "paging_test.TestPagingSize", "stderr": null, "errorDetails": null, "skippedMessage": null}, {"skipped": false, "errorStackTrace": null, "duration": 28.762, "name": "putget_2dc_rf1_test", "age": 0, "failedSince": 0, "status": "PASSED", "testActions": [], "stdout": null, "className": "multidc_putget_test.TestMultiDCPutGet", "stderr": null, "errorDetails": null, "skippedMessage": null}, {"skipped": false, "errorStackTrace": null, "duration": 19.87, "name": "permissions_caching_test", "age": 0, "failedSince": 0, "status": "PASSED", "testActions": [], "stdout": null, "className": "auth_test.TestAuth", "stderr": null, "errorDetails": null, "skippedMessage": null}, {"skipped": false, "errorStackTrace": null, "duration": 17.085, "name": "drop_cf_auth_test", "age": 0, "failedSince": 0, "status": "PASSED", "testActions": [], "stdout": null, "className": "auth_test.TestAuth", "stderr": null, "errorDetails": null, "skippedMessage": null}, {"skipped": false, "errorStackTrace": null, "duration": 16.787, "name": "create_ks_auth_test", "age": 0, "failedSince": 0, "status": "PASSED", "testActions": [], "stdout": null, "className": "auth_test.TestAuth", "stderr": null, "errorDetails": null, "skippedMessage": null}, {"skipped": true, "errorStackTrace": null, "duration": 0.054, "name": "only_superusers_can_drop_users_test", "age": 81, "failedSince": 241, "status": "SKIPPED", "testActions": [], "stdout": null, "className": "auth_test.TestAuth", "stderr": null, "errorDetails": null, "skippedMessage": "2.2.2 > 2.1.x"}, {"skipped": true, "errorStackTrace": null, "duration": 0.053, "name": "only_superuser_can_create_users_test", "age": 81, "failedSince": 241, "status": "SKIPPED", "testActions": [], "stdout": null, "className": "auth_test.TestAuth", "stderr": null, "errorDetails": null, "skippedMessage": "2.2.2 > 2.1.x"}, {"skipped": false, "errorStackTrace": null, "duration": 20.058, "name": "force_repair_range_async_3_test", "age": 0, "failedSince": 0, "status": "PASSED", "testActions": [], "stdout": null, "className": "deprecated_repair_test.TestDeprecatedRepairAPI", "stderr": null, "errorDetails": null, "skippedMessage": null}, {"skipped": false, "errorStackTrace": null, "duration": 12.532, "name": "compaction_delete_test", "age": 0, "failedSince": 0, "status": "PASSED", "testActions": [], "stdout": "running\n['/mnt/tmp/dtest-ICq2bU/test/node1/data/ks/cf-ded232706f3711e58d7f717ad4931c56/la-3-big-Data.db']\n-- la-3-big-Data.db -----\n\n", "className": "compaction_test.TestCompaction_with_LeveledCompactionStrategy", "stderr": null, "errorDetails": null, "skippedMessage": null}, {"skipped": false, "errorStackTrace": null, "duration": 10.306, "name": "update_multiple_columns_ttl_test", "age": 0, "failedSince": 0, "status": "PASSED", "testActions": [], "stdout": null, "className": "ttl_test.TestTTL", "stderr": null, "errorDetails": null, "skippedMessage": null}, {"skipped": false, "errorStackTrace": null, "duration": 9.181, "name": "insert_ttl_works_without_default_ttl_test", "age": 0, "failedSince": 0, "status": "PASSED", "testActions": [], "stdout": null, "className": "ttl_test.TestTTL", "stderr": null, "errorDetails": null, "skippedMessage": null}, {"skipped": false, "errorStackTrace": null, "duration": 8.096, "name": "test_tuple_data", "age": 0, "failedSince": 0, "status": "PASSED", "testActions": [], "stdout": "(EE)  ", "className": "cqlsh_tests.cqlsh_copy_tests.CqlshCopyTest", "stderr": null, "errorDetails": null, "skippedMessage": null}, {"skipped": false, "errorStackTrace": "  File \"/usr/lib/python2.7/unittest/case.py\", line 329, in run\n    testMethod()\n  File \"/home/automaton/cassandra-dtest/cqlsh_tests/cqlsh_copy_tests.py\", line 540, in test_quoted_column_names_reading_specify_names\n    self.quoted_column_names_reading_template(specify_column_names=True)\n  File \"/home/automaton/cassandra-dtest/cqlsh_tests/cqlsh_copy_tests.py\", line 532, in quoted_column_names_reading_template\n    self.assertCsvResultEqual(self.tempfile.name, results)\n  File \"/home/automaton/cassandra-dtest/cqlsh_tests/cqlsh_copy_tests.py\", line 167, in assertCsvResultEqual\n    raise e\n\"Element counts were not equal:\\nFirst has 1, Second has 0:  ['1', 'no']\\nFirst has 1, Second has 0:  ['2', 'Yes']\\nFirst has 1, Second has 0:  ['3', 'True']\\nFirst has 1, Second has 0:  ['4', 'false']\\n-------------------- >> begin captured logging << --------------------\\ndtest: DEBUG: cluster ccm directory: /mnt/tmp/dtest-CN4CGU\\ndtest: WARNING: Different # of entries. CSV: 4 vs results: 0\\n--------------------- >> end captured logging << ---------------------\"", "duration": 6.813, "name": "test_quoted_column_names_reading_specify_names", "age": 6, "failedSince": 316, "status": "FAILED", "testActions": [], "stdout": "(EE)  <stdin>:2:(EE)  'QueryMessage' object has no attribute 'to_binary'(EE)  <stdin>:2:Aborting import at record #3. Previously inserted records are still present, and some records after that may be present as well.(EE)  ", "className": "cqlsh_tests.cqlsh_copy_tests.CqlshCopyTest", "stderr": null, "errorDetails": "Element counts were not equal:\nFirst has 1, Second has 0:  ['1', 'no']\nFirst has 1, Second has 0:  ['2', 'Yes']\nFirst has 1, Second has 0:  ['3', 'True']\nFirst has 1, Second has 0:  ['4', 'false']\n-------------------- >> begin captured logging << --------------------\ndtest: DEBUG: cluster ccm directory: /mnt/tmp/dtest-CN4CGU\ndtest: WARNING: Different # of entries. CSV: 4 vs results: 0\n--------------------- >> end captured logging << ---------------------", "skippedMessage": null}, {"skipped": false, "errorStackTrace": null, "duration": 6.988, "name": "test_wrong_number_of_columns", "age": 0, "failedSince": 0, "status": "PASSED", "testActions": [], "stdout": "(EE)  <stdin>:2:(EE)  list index out of range(EE)  <stdin>:2:Aborting import at record #1. Previously inserted records are still present, and some records after that may be present as well.(EE)  ", "className": "cqlsh_tests.cqlsh_copy_tests.CqlshCopyTest", "stderr": null, "errorDetails": null, "skippedMessage": null}, {"skipped": false, "errorStackTrace": null, "duration": 7.395, "name": "test_uuid", "age": 0, "failedSince": 0, "status": "PASSED", "testActions": [], "stdout": "(EE)  (EE)  ", "className": "cqlsh_tests.cqlsh_tests.CqlshSmokeTest", "stderr": null, "errorDetails": null, "skippedMessage": null}, {"skipped": false, "errorStackTrace": null, "duration": 6.934, "name": "test_incr_decr_standard_slice", "age": 0, "failedSince": 0, "status": "PASSED", "testActions": [], "stdout": null, "className": "thrift_tests.TestMutations", "stderr": null, "errorDetails": null, "skippedMessage": null}, {"skipped": false, "errorStackTrace": null, "duration": 6.996, "name": "test_batch_mutate_remove_super_columns_with_none_given_underneath", "age": 0, "failedSince": 0, "status": "PASSED", "testActions": [], "stdout": null, "className": "thrift_tests.TestMutations", "stderr": null, "errorDetails": null, "skippedMessage": null}, {"skipped": false, "errorStackTrace": null, "duration": 6.794, "name": "test_incr_decr_standard_muliget_slice", "age": 0, "failedSince": 0, "status": "PASSED", "testActions": [], "stdout": null, "className": "thrift_tests.TestMutations", "stderr": null, "errorDetails": null, "skippedMessage": null}, {"skipped": false, "errorStackTrace": null, "duration": 6.618, "name": "test_invalid_cf_names", "age": 0, "failedSince": 0, "status": "PASSED", "testActions": [], "stdout": null, "className": "thrift_tests.TestMutations", "stderr": null, "errorDetails": null, "skippedMessage": null}, {"skipped": true, "errorStackTrace": null, "duration": 6.4, "name": "test_batch_mutate_remove_slice_part_of_supercolumns", "age": 81, "failedSince": 241, "status": "SKIPPED", "testActions": [], "stdout": null, "className": "thrift_tests.TestMutations", "stderr": null, "errorDetails": null, "skippedMessage": "2.2.2 > 2.2"}, {"skipped": false, "errorStackTrace": null, "duration": 6.577, "name": "test_describe_keyspace", "age": 0, "failedSince": 0, "status": "PASSED", "testActions": [], "stdout": null, "className": "thrift_tests.TestMutations", "stderr": null, "errorDetails": null, "skippedMessage": null}, {"skipped": false, "errorStackTrace": null, "duration": 6.774, "name": "prepared_statement_invalidation_test", "age": 0, "failedSince": 0, "status": "PASSED", "testActions": [], "stdout": null, "className": "cql_tests.MiscellaneousCQLTester", "stderr": null, "errorDetails": null, "skippedMessage": null}, {"skipped": false, "errorStackTrace": null, "duration": 6.558, "name": "creating_and_dropping_user_types_test", "age": 0, "failedSince": 0, "status": "PASSED", "testActions": [], "stdout": null, "className": "schema_metadata_test.TestSchemaMetadata", "stderr": null, "errorDetails": null, "skippedMessage": null}, {"skipped": false, "errorStackTrace": null, "duration": 6.344, "name": "creating_and_dropping_keyspace_test", "age": 0, "failedSince": 0, "status": "PASSED", "testActions": [], "stdout": null, "className": "schema_metadata_test.TestSchemaMetadata", "stderr": null, "errorDetails": null, "skippedMessage": null}, {"skipped": false, "errorStackTrace": null, "duration": 6.595, "name": "creating_and_dropping_table_test", "age": 0, "failedSince": 0, "status": "PASSED", "testActions": [], "stdout": null, "className": "schema_metadata_test.TestSchemaMetadata", "stderr": null, "errorDetails": null, "skippedMessage": null}, {"skipped": true, "errorStackTrace": null, "duration": 0.054, "name": "compaction_test", "age": 4, "failedSince": 318, "status": "SKIPPED", "testActions": [], "stdout": null, "className": "sstableutil_test.SSTableUtilTest", "stderr": null, "errorDetails": null, "skippedMessage": "2.2.2 < 3.0"}, {"skipped": true, "errorStackTrace": null, "duration": 0.052, "name": "unescaped_string_test", "age": 56, "failedSince": 266, "status": "SKIPPED", "testActions": [], "stdout": null, "className": "deprecated_cql_tests.TestCQL", "stderr": null, "errorDetails": null, "skippedMessage": "2.2.2 > 2.0.x"}, {"skipped": true, "errorStackTrace": null, "duration": 0.102, "name": "allow_filtering_test", "age": 167, "failedSince": 155, "status": "SKIPPED", "testActions": [], "stdout": null, "className": "deprecated_cql_tests.TestCQL", "stderr": null, "errorDetails": null, "skippedMessage": "2.2.2 > 2.0.x"}, {"skipped": true, "errorStackTrace": null, "duration": 0.101, "name": "bug_6050_test", "age": 45, "failedSince": 277, "status": "SKIPPED", "testActions": [], "stdout": null, "className": "deprecated_cql_tests.TestCQL", "stderr": null, "errorDetails": null, "skippedMessage": "2.2.2 > 2.0.x"}, {"skipped": true, "errorStackTrace": null, "duration": 0.102, "name": "downgrade_to_compact_bug_test", "age": 56, "failedSince": 266, "status": "SKIPPED", "testActions": [], "stdout": null, "className": "deprecated_cql_tests.TestCQL", "stderr": null, "errorDetails": null, "skippedMessage": "2.2.2 > 2.0.x"}, {"skipped": true, "errorStackTrace": null, "duration": 0.101, "name": "static_cf_test", "age": 45, "failedSince": 277, "status": "SKIPPED", "testActions": [], "stdout": null, "className": "deprecated_cql_tests.TestCQL", "stderr": null, "errorDetails": null, "skippedMessage": "2.2.2 > 2.0.x"}, {"skipped": true, "errorStackTrace": null, "duration": 0.102, "name": "composite_partition_key_validation_test", "age": 48, "failedSince": 274, "status": "SKIPPED", "testActions": [], "stdout": null, "className": "deprecated_cql_tests.TestCQL", "stderr": null, "errorDetails": null, "skippedMessage": "2.2.2 > 2.0.x"}, {"skipped": true, "errorStackTrace": null, "duration": 0.101, "name": "select_distinct_with_deletions_test", "age": 45, "failedSince": 277, "status": "SKIPPED", "testActions": [], "stdout": null, "className": "deprecated_cql_tests.TestCQL", "stderr": null, "errorDetails": null, "skippedMessage": "2.2.2 > 2.0.x"}, {"skipped": true, "errorStackTrace": null, "duration": 0.101, "name": "counters_test", "age": 4, "failedSince": 318, "status": "SKIPPED", "testActions": [], "stdout": null, "className": "deprecated_cql_tests.TestCQL", "stderr": null, "errorDetails": null, "skippedMessage": "2.2.2 > 2.0.x"}, {"skipped": true, "errorStackTrace": null, "duration": 0.1, "name": "nan_infinity_test", "age": 4, "failedSince": 318, "status": "SKIPPED", "testActions": [], "stdout": null, "className": "deprecated_cql_tests.TestCQL", "stderr": null, "errorDetails": null, "skippedMessage": "2.2.2 > 2.0.x"}, {"skipped": true, "errorStackTrace": null, "duration": 0.101, "name": "table_options_test", "age": 46, "failedSince": 276, "status": "SKIPPED", "testActions": [], "stdout": null, "className": "deprecated_cql_tests.TestCQL", "stderr": null, "errorDetails": null, "skippedMessage": "2.2.2 > 2.0.x"}, {"skipped": true, "errorStackTrace": null, "duration": 0.102, "name": "keyspace_creation_options_test", "age": 20, "failedSince": 302, "status": "SKIPPED", "testActions": [], "stdout": null, "className": "deprecated_cql_tests.TestCQL", "stderr": null, "errorDetails": null, "skippedMessage": "2.2.2 > 2.0.x"}, {"skipped": true, "errorStackTrace": null, "duration": 0.103, "name": "invalid_clustering_indexing_test", "age": 56, "failedSince": 266, "status": "SKIPPED", "testActions": [], "stdout": null, "className": "deprecated_cql_tests.TestCQL", "stderr": null, "errorDetails": null, "skippedMessage": "2.2.2 > 2.0.x"}, {"skipped": true, "errorStackTrace": null, "duration": 0.102, "name": "blobAs_functions_test", "age": 45, "failedSince": 277, "status": "SKIPPED", "testActions": [], "stdout": null, "className": "deprecated_cql_tests.TestCQL", "stderr": null, "errorDetails": null, "skippedMessage": "2.2.2 > 2.0.x"}, {"skipped": true, "errorStackTrace": null, "duration": 0.102, "name": "timestamp_and_ttl_test", "age": 46, "failedSince": 276, "status": "SKIPPED", "testActions": [], "stdout": null, "className": "deprecated_cql_tests.TestCQL", "stderr": null, "errorDetails": null, "skippedMessage": "2.2.2 > 2.0.x"}, {"skipped": true, "errorStackTrace": null, "duration": 0.102, "name": "alter_clustering_and_static_test", "age": 56, "failedSince": 266, "status": "SKIPPED", "testActions": [], "stdout": null, "className": "deprecated_cql_tests.TestCQL", "stderr": null, "errorDetails": null, "skippedMessage": "2.2.2 > 2.0.x"}, {"skipped": true, "errorStackTrace": null, "duration": 0.102, "name": "truncate_clean_cache_test", "age": 45, "failedSince": 277, "status": "SKIPPED", "testActions": [], "stdout": null, "className": "deprecated_cql_tests.TestCQL", "stderr": null, "errorDetails": null, "skippedMessage": "2.2.2 > 2.0.x"}, {"skipped": true, "errorStackTrace": null, "duration": 0.102, "name": "alter_with_collections_test", "age": 56, "failedSince": 266, "status": "SKIPPED", "testActions": [], "stdout": null, "className": "deprecated_cql_tests.TestCQL", "stderr": null, "errorDetails": null, "skippedMessage": "2.2.2 > 2.0.x"}, {"skipped": true, "errorStackTrace": null, "duration": 0.101, "name": "edge_2i_on_complex_pk_test", "age": 45, "failedSince": 277, "status": "SKIPPED", "testActions": [], "stdout": null, "className": "deprecated_cql_tests.TestCQL", "stderr": null, "errorDetails": null, "skippedMessage": "2.2.2 > 2.0.x"}, {"skipped": true, "errorStackTrace": null, "duration": 0.101, "name": "limit_multiget_test", "age": 45, "failedSince": 277, "status": "SKIPPED", "testActions": [], "stdout": null, "className": "deprecated_cql_tests.TestCQL", "stderr": null, "errorDetails": null, "skippedMessage": "2.2.2 > 2.0.x"}, {"skipped": true, "errorStackTrace": null, "duration": 0.102, "name": "range_query_test", "age": 45, "failedSince": 277, "status": "SKIPPED", "testActions": [], "stdout": null, "className": "deprecated_cql_tests.TestCQL", "stderr": null, "errorDetails": null, "skippedMessage": "2.2.2 > 2.0.x"}, {"skipped": true, "errorStackTrace": null, "duration": 0.103, "name": "only_pk_test", "age": 56, "failedSince": 266, "status": "SKIPPED", "testActions": [], "stdout": null, "className": "deprecated_cql_tests.TestCQL", "stderr": null, "errorDetails": null, "skippedMessage": "2.2.2 > 2.0.x"}, {"skipped": true, "errorStackTrace": null, "duration": 0.102, "name": "reversed_comparator_test", "age": 45, "failedSince": 277, "status": "SKIPPED", "testActions": [], "stdout": null, "className": "deprecated_cql_tests.TestCQL", "stderr": null, "errorDetails": null, "skippedMessage": "2.2.2 > 2.0.x"}, {"skipped": true, "errorStackTrace": null, "duration": 0.102, "name": "reversed_compact_multikey_test", "age": 45, "failedSince": 277, "status": "SKIPPED", "testActions": [], "stdout": null, "className": "deprecated_cql_tests.TestCQL", "stderr": null, "errorDetails": null, "skippedMessage": "2.2.2 > 2.0.x"}, {"skipped": true, "errorStackTrace": null, "duration": 0.102, "name": "drop_and_readd_collection_test", "age": 46, "failedSince": 276, "status": "SKIPPED", "testActions": [], "stdout": null, "className": "deprecated_cql_tests.TestCQL", "stderr": null, "errorDetails": null, "skippedMessage": "2.2.2 > 2.0.x"}, {"skipped": true, "errorStackTrace": null, "duration": 0.102, "name": "limit_sparse_test", "age": 45, "failedSince": 277, "status": "SKIPPED", "testActions": [], "stdout": null, "className": "deprecated_cql_tests.TestCQL", "stderr": null, "errorDetails": null, "skippedMessage": "2.2.2 > 2.0.x"}, {"skipped": true, "errorStackTrace": null, "duration": 0.053, "name": "function_with_null_test", "age": 45, "failedSince": 277, "status": "SKIPPED", "testActions": [], "stdout": null, "className": "upgrade_tests.cql_tests.TestCQL", "stderr": null, "errorDetails": null, "skippedMessage": "2.2.2 < 3.0"}, {"skipped": true, "errorStackTrace": null, "duration": 0.102, "name": "in_with_desc_order_test", "age": 49, "failedSince": 273, "status": "SKIPPED", "testActions": [], "stdout": null, "className": "upgrade_tests.cql_tests.TestCQL", "stderr": null, "errorDetails": null, "skippedMessage": "2.2.2 < 3.0"}, {"skipped": true, "errorStackTrace": null, "duration": 0.101, "name": "range_with_deletes_test", "age": 46, "failedSince": 276, "status": "SKIPPED", "testActions": [], "stdout": null, "className": "upgrade_tests.cql_tests.TestCQL", "stderr": null, "errorDetails": null, "skippedMessage": "2.2.2 < 3.0"}, {"skipped": true, "errorStackTrace": null, "duration": 0.1, "name": "test_v2_protocol_IN_with_tuples", "age": 4, "failedSince": 318, "status": "SKIPPED", "testActions": [], "stdout": null, "className": "upgrade_tests.cql_tests.TestCQL", "stderr": null, "errorDetails": null, "skippedMessage": "2.2.2 < 3.0"}, {"skipped": true, "errorStackTrace": null, "duration": 0.102, "name": "conditional_delete_test", "age": 4, "failedSince": 318, "status": "SKIPPED", "testActions": [], "stdout": null, "className": "upgrade_tests.cql_tests.TestCQL", "stderr": null, "errorDetails": null, "skippedMessage": "2.2.2 < 3.0"}, {"skipped": true, "errorStackTrace": null, "duration": 0.102, "name": "large_count_test", "age": 47, "failedSince": 275, "status": "SKIPPED", "testActions": [], "stdout": null, "className": "upgrade_tests.cql_tests.TestCQL", "stderr": null, "errorDetails": null, "skippedMessage": "2.2.2 < 3.0"}, {"skipped": true, "errorStackTrace": null, "duration": 0.102, "name": "bug_5732_test", "age": 45, "failedSince": 277, "status": "SKIPPED", "testActions": [], "stdout": null, "className": "upgrade_tests.cql_tests.TestCQL", "stderr": null, "errorDetails": null, "skippedMessage": "2.2.2 < 3.0"}, {"skipped": true, "errorStackTrace": null, "duration": 0.101, "name": "bug_5240_test", "age": 46, "failedSince": 276, "status": "SKIPPED", "testActions": [], "stdout": null, "className": "upgrade_tests.cql_tests.TestCQL", "stderr": null, "errorDetails": null, "skippedMessage": "2.2.2 < 3.0"}, {"skipped": true, "errorStackTrace": null, "duration": 0.101, "name": "simple_tuple_query_test", "age": 45, "failedSince": 277, "status": "SKIPPED", "testActions": [], "stdout": null, "className": "upgrade_tests.cql_tests.TestCQL", "stderr": null, "errorDetails": null, "skippedMessage": "2.2.2 < 3.0"}, {"skipped": true, "errorStackTrace": null, "duration": 0.101, "name": "exclusive_slice_test", "age": 45, "failedSince": 277, "status": "SKIPPED", "testActions": [], "stdout": null, "className": "upgrade_tests.cql_tests.TestCQL", "stderr": null, "errorDetails": null, "skippedMessage": "2.2.2 < 3.0"}, {"skipped": true, "errorStackTrace": null, "duration": 0.102, "name": "static_columns_test", "age": 47, "failedSince": 275, "status": "SKIPPED", "testActions": [], "stdout": null, "className": "upgrade_tests.cql_tests.TestCQL", "stderr": null, "errorDetails": null, "skippedMessage": "2.2.2 < 3.0"}, {"skipped": true, "errorStackTrace": null, "duration": 0.102, "name": "range_query_test", "age": 45, "failedSince": 277, "status": "SKIPPED", "testActions": [], "stdout": null, "className": "upgrade_tests.cql_tests.TestCQL", "stderr": null, "errorDetails": null, "skippedMessage": "2.2.2 < 3.0"}, {"skipped": true, "errorStackTrace": null, "duration": 0.101, "name": "timestamp_and_ttl_test", "age": 46, "failedSince": 276, "status": "SKIPPED", "testActions": [], "stdout": null, "className": "upgrade_tests.cql_tests.TestCQL", "stderr": null, "errorDetails": null, "skippedMessage": "2.2.2 < 3.0"}, {"skipped": true, "errorStackTrace": null, "duration": 0.101, "name": "invalid_custom_timestamp_test", "age": 45, "failedSince": 277, "status": "SKIPPED", "testActions": [], "stdout": null, "className": "upgrade_tests.cql_tests.TestCQL", "stderr": null, "errorDetails": null, "skippedMessage": "2.2.2 < 3.0"}, {"skipped": true, "errorStackTrace": null, "duration": 0.102, "name": "collection_function_test", "age": 45, "failedSince": 277, "status": "SKIPPED", "testActions": [], "stdout": null, "className": "upgrade_tests.cql_tests.TestCQL", "stderr": null, "errorDetails": null, "skippedMessage": "2.2.2 < 3.0"}, {"skipped": true, "errorStackTrace": null, "duration": 0.101, "name": "static_with_empty_clustering_test", "age": 46, "failedSince": 276, "status": "SKIPPED", "testActions": [], "stdout": null, "className": "upgrade_tests.cql_tests.TestCQL", "stderr": null, "errorDetails": null, "skippedMessage": "2.2.2 < 3.0"}, {"skipped": true, "errorStackTrace": null, "duration": 0.102, "name": "range_tombstones_test", "age": 45, "failedSince": 277, "status": "SKIPPED", "testActions": [], "stdout": null, "className": "upgrade_tests.cql_tests.TestCQL", "stderr": null, "errorDetails": null, "skippedMessage": "2.2.2 < 3.0"}, {"skipped": true, "errorStackTrace": null, "duration": 0.102, "name": "rename_test", "age": 1, "failedSince": 321, "status": "SKIPPED", "testActions": [], "stdout": null, "className": "upgrade_tests.cql_tests.TestCQL", "stderr": null, "errorDetails": null, "skippedMessage": "2.2.2 < 3.0"}, {"skipped": true, "errorStackTrace": null, "duration": 0.102, "name": "edge_2i_on_complex_pk_test", "age": 45, "failedSince": 277, "status": "SKIPPED", "testActions": [], "stdout": null, "className": "upgrade_tests.cql_tests.TestCQL", "stderr": null, "errorDetails": null, "skippedMessage": "2.2.2 < 3.0"}, {"skipped": true, "errorStackTrace": null, "duration": 0.101, "name": "nameless_index_test", "age": 46, "failedSince": 276, "status": "SKIPPED", "testActions": [], "stdout": null, "className": "upgrade_tests.cql_tests.TestCQL", "stderr": null, "errorDetails": null, "skippedMessage": "2.2.2 < 3.0"}, {"skipped": true, "errorStackTrace": null, "duration": 0.102, "name": "indexed_with_eq_test", "age": 46, "failedSince": 276, "status": "SKIPPED", "testActions": [], "stdout": null, "className": "upgrade_tests.cql_tests.TestCQL", "stderr": null, "errorDetails": null, "skippedMessage": "2.2.2 < 3.0"}, {"skipped": true, "errorStackTrace": null, "duration": 0.052, "name": "static_columns_paging_test", "age": 6, "failedSince": 316, "status": "SKIPPED", "testActions": [], "stdout": null, "className": "upgrade_tests.paging_test.TestPagingData", "stderr": null, "errorDetails": null, "skippedMessage": "2.2.2 < 3.0"}, {"skipped": true, "errorStackTrace": null, "duration": 0.102, "name": "test_paging_a_single_wide_row", "age": 8, "failedSince": 314, "status": "SKIPPED", "testActions": [], "stdout": null, "className": "upgrade_tests.paging_test.TestPagingData", "stderr": null, "errorDetails": null, "skippedMessage": "2.2.2 < 3.0"}, {"skipped": true, "errorStackTrace": null, "duration": 0.102, "name": "test_paging_using_secondary_indexes_with_static_cols", "age": 6, "failedSince": 316, "status": "SKIPPED", "testActions": [], "stdout": null, "className": "upgrade_tests.paging_test.TestPagingData", "stderr": null, "errorDetails": null, "skippedMessage": "2.2.2 < 3.0"}, {"skipped": true, "errorStackTrace": null, "duration": 0.052, "name": "test_with_equal_results_to_page_size", "age": 6, "failedSince": 316, "status": "SKIPPED", "testActions": [], "stdout": null, "className": "upgrade_tests.paging_test.TestPagingSize", "stderr": null, "errorDetails": null, "skippedMessage": "2.2.2 < 3.0"}, {"skipped": true, "errorStackTrace": null, "duration": 0.053, "name": "test_with_allow_filtering", "age": 6, "failedSince": 316, "status": "SKIPPED", "testActions": [], "stdout": null, "className": "upgrade_tests.paging_test.TestPagingWithModifiers", "stderr": null, "errorDetails": null, "skippedMessage": "2.2.2 < 3.0"}, {"skipped": true, "errorStackTrace": null, "duration": 0.101, "name": "test_with_order_by_reversed", "age": 1, "failedSince": 321, "status": "SKIPPED", "testActions": [], "stdout": null, "className": "upgrade_tests.paging_test.TestPagingWithModifiers", "stderr": null, "errorDetails": null, "skippedMessage": "2.2.2 < 3.0"}, {"skipped": true, "errorStackTrace": null, "duration": 0.053, "name": "test_multiple_cell_deletions", "age": 7, "failedSince": 315, "status": "SKIPPED", "testActions": [], "stdout": null, "className": "upgrade_tests.paging_test.TestPagingWithDeletions", "stderr": null, "errorDetails": null, "skippedMessage": "2.2.2 < 3.0"}, {"skipped": true, "errorStackTrace": null, "duration": 0.053, "name": "create_test", "age": 81, "failedSince": 241, "status": "SKIPPED", "testActions": [], "stdout": null, "className": "materialized_views_test.TestMaterializedViews", "stderr": null, "errorDetails": null, "skippedMessage": "2.2.2 < 3.0"}, {"skipped": true, "errorStackTrace": null, "duration": 0.102, "name": "crc_check_chance_test", "age": 18, "failedSince": 304, "status": "SKIPPED", "testActions": [], "stdout": null, "className": "materialized_views_test.TestMaterializedViews", "stderr": null, "errorDetails": null, "skippedMessage": "2.2.2 < 3.0"}, {"skipped": true, "errorStackTrace": null, "duration": 0.102, "name": "drop_mv_test", "age": 4, "failedSince": 318, "status": "SKIPPED", "testActions": [], "stdout": null, "className": "materialized_views_test.TestMaterializedViews", "stderr": null, "errorDetails": null, "skippedMessage": "2.2.2 < 3.0"}, {"skipped": true, "errorStackTrace": null, "duration": 0.102, "name": "populate_mv_after_insert_test", "age": 46, "failedSince": 276, "status": "SKIPPED", "testActions": [], "stdout": null, "className": "materialized_views_test.TestMaterializedViews", "stderr": null, "errorDetails": null, "skippedMessage": "2.2.2 < 3.0"}, {"skipped": true, "errorStackTrace": null, "duration": 0.102, "name": "query_all_new_column_test", "age": 20, "failedSince": 302, "status": "SKIPPED", "testActions": [], "stdout": null, "className": "materialized_views_test.TestMaterializedViews", "stderr": null, "errorDetails": null, "skippedMessage": "2.2.2 < 3.0"}, {"skipped": true, "errorStackTrace": null, "duration": 0.102, "name": "test_gcgs_validation", "age": 68, "failedSince": 254, "status": "SKIPPED", "testActions": [], "stdout": null, "className": "materialized_views_test.TestMaterializedViews", "stderr": null, "errorDetails": null, "skippedMessage": "2.2.2 < 3.0"}, {"skipped": true, "errorStackTrace": null, "duration": 0.053, "name": "hintedhandoff_disabled_test", "age": 4, "failedSince": 318, "status": "SKIPPED", "testActions": [], "stdout": null, "className": "hintedhandoff_test.TestHintedHandoffConfig", "stderr": null, "errorDetails": null, "skippedMessage": "2.2.2 < 3.0"}, {"skipped": true, "errorStackTrace": null, "duration": 0.053, "name": "fixed_ratio_test", "age": 81, "failedSince": 241, "status": "SKIPPED", "testActions": [], "stdout": null, "className": "stress_tool_test.TestStressSparsenessRatio", "stderr": null, "errorDetails": null, "skippedMessage": "2.2.2 < 3.0"}, {"skipped": true, "errorStackTrace": null, "duration": 0.053, "name": "test_rf_expand_yaml_file_snitch", "age": 29, "failedSince": 293, "status": "SKIPPED", "testActions": [], "stdout": null, "className": "replication_test.SnitchConfigurationUpdateTest", "stderr": null, "errorDetails": null, "skippedMessage": "2.2.2 > 2.1.x"}, {"skipped": true, "errorStackTrace": null, "duration": 0.053, "name": "upgrade_with_counters_test", "age": 81, "failedSince": 241, "status": "SKIPPED", "testActions": [], "stdout": null, "className": "upgrade_supercolumns_test.TestSCUpgrade", "stderr": null, "errorDetails": null, "skippedMessage": "2.2.2 > 2.1.x"}, {"skipped": false, "errorStackTrace": null, "duration": 436.967, "name": "split_test", "age": 0, "failedSince": 0, "status": "PASSED", "testActions": [], "stdout": "-- la-14-big-Data.db-----\n-- la-20-big-Data.db-----\n-- la-19-big-Data.db-----\n-- la-5-big-Data.db-----\n-- la-10-big-Data.db-----\n-- la-13-big-Data.db-----\n-- la-17-big-Data.db-----\n-- la-15-big-Data.db-----\n-- la-21-big-Data.db-----\n-- la-11-big-Data.db-----\n-- la-12-big-Data.db-----\n-- la-18-big-Data.db-----\n-- la-56-big-Data.db-----\n", "className": "sstablesplit_test.TestSSTableSplit", "stderr": null, "errorDetails": null, "skippedMessage": null}, {"skipped": false, "errorStackTrace": null, "duration": 141.592, "name": "simple_bootstrap_test", "age": 0, "failedSince": 0, "status": "PASSED", "testActions": [], "stdout": null, "className": "bootstrap_test.TestBootstrap", "stderr": null, "errorDetails": null, "skippedMessage": null}, {"skipped": false, "errorStackTrace": null, "duration": 89.833, "name": "read_from_bootstrapped_node_test", "age": 0, "failedSince": 0, "status": "PASSED", "testActions": [], "stdout": null, "className": "bootstrap_test.TestBootstrap", "stderr": null, "errorDetails": null, "skippedMessage": null}, {"skipped": false, "errorStackTrace": null, "duration": 107.438, "name": "upgrade_test", "age": 0, "failedSince": 0, "status": "PASSED", "testActions": [], "stdout": null, "className": "counter_tests.TestCounters", "stderr": null, "errorDetails": null, "skippedMessage": null}, {"skipped": false, "errorStackTrace": null, "duration": 21.732, "name": "multi_counter_update_test", "age": 0, "failedSince": 0, "status": "PASSED", "testActions": [], "stdout": null, "className": "counter_tests.TestCounters", "stderr": null, "errorDetails": null, "skippedMessage": null}, {"skipped": false, "errorStackTrace": null, "duration": 6.509, "name": "drop_counter_column_test", "age": 0, "failedSince": 0, "status": "PASSED", "testActions": [], "stdout": null, "className": "counter_tests.TestCounters", "stderr": null, "errorDetails": null, "skippedMessage": null}, {"skipped": false, "errorStackTrace": null, "duration": 81.318, "name": "sstableloader_compression_deflate_to_none_test", "age": 0, "failedSince": 0, "status": "PASSED", "testActions": [], "stdout": null, "className": "sstable_generation_loading_test.TestSSTableGenerationAndLoading", "stderr": null, "errorDetails": null, "skippedMessage": null}, {"skipped": false, "errorStackTrace": null, "duration": 76.23, "name": "compaction_throughput_test", "age": 0, "failedSince": 0, "status": "PASSED", "testActions": [], "stdout": null, "className": "compaction_test.TestCompaction_with_LeveledCompactionStrategy", "stderr": null, "errorDetails": null, "skippedMessage": null}, {"skipped": false, "errorStackTrace": null, "duration": 59.248, "name": "data_size_test", "age": 0, "failedSince": 0, "status": "PASSED", "testActions": [], "stdout": null, "className": "compaction_test.TestCompaction_with_DateTieredCompactionStrategy", "stderr": null, "errorDetails": null, "skippedMessage": null}, {"skipped": false, "errorStackTrace": null, "duration": 62.974, "name": "changes_while_node_down_test", "age": 0, "failedSince": 0, "status": "PASSED", "testActions": [], "stdout": null, "className": "concurrent_schema_changes_test.TestConcurrentSchemaChanges", "stderr": null, "errorDetails": null, "skippedMessage": null}, {"skipped": false, "errorStackTrace": null, "duration": 51.411, "name": "system_auth_ks_is_alterable_test", "age": 0, "failedSince": 0, "status": "PASSED", "testActions": [], "stdout": null, "className": "auth_test.TestAuth", "stderr": null, "errorDetails": null, "skippedMessage": null}, {"skipped": false, "errorStackTrace": null, "duration": 17.194, "name": "modify_and_select_auth_test", "age": 0, "failedSince": 0, "status": "PASSED", "testActions": [], "stdout": null, "className": "auth_test.TestAuth", "stderr": null, "errorDetails": null, "skippedMessage": null}, {"skipped": false, "errorStackTrace": null, "duration": 17.844, "name": "grant_revoke_auth_test", "age": 0, "failedSince": 0, "status": "PASSED", "testActions": [], "stdout": null, "className": "auth_test.TestAuth", "stderr": null, "errorDetails": null, "skippedMessage": null}, {"skipped": false, "errorStackTrace": null, "duration": 16.161, "name": "altering_nonexistent_user_throws_exception_test", "age": 0, "failedSince": 0, "status": "PASSED", "testActions": [], "stdout": null, "className": "auth_test.TestAuth", "stderr": null, "errorDetails": null, "skippedMessage": null}, {"skipped": true, "errorStackTrace": null, "duration": 0.055, "name": "password_authenticator_create_user_requires_password_test", "age": 4, "failedSince": 318, "status": "SKIPPED", "testActions": [], "stdout": null, "className": "auth_test.TestAuth", "stderr": null, "errorDetails": null, "skippedMessage": "2.2.2 > 2.1.x"}, {"skipped": false, "errorStackTrace": null, "duration": 33.362, "name": "json_tools_test", "age": 0, "failedSince": 0, "status": "PASSED", "testActions": [], "stdout": "running\n['/mnt/tmp/dtest-ysFrDr/test/node1/data/test/users-95278df06f3711e599a2f13b095c45f6/la-1-big-Data.db']\n-- la-1-big-Data.db -----\n\n", "className": "json_tools_test.TestJson", "stderr": null, "errorDetails": null, "skippedMessage": null}, {"skipped": false, "errorStackTrace": null, "duration": 35.516, "name": "test_node_unavailabe_during_paging", "age": 0, "failedSince": 0, "status": "PASSED", "testActions": [], "stdout": null, "className": "paging_test.TestPagingDatasetChanges", "stderr": null, "errorDetails": null, "skippedMessage": null}, {"skipped": false, "errorStackTrace": null, "duration": 21.738, "name": "test_with_order_by_reversed", "age": 0, "failedSince": 0, "status": "PASSED", "testActions": [], "stdout": null, "className": "paging_test.TestPagingWithModifiers", "stderr": null, "errorDetails": null, "skippedMessage": null}, {"skipped": false, "errorStackTrace": null, "duration": 32.06, "name": "test_correct_dc_rack_in_nodetool_info", "age": 0, "failedSince": 0, "status": "PASSED", "testActions": [], "stdout": null, "className": "nodetool_test.TestNodetool", "stderr": null, "errorDetails": null, "skippedMessage": null}, {"skipped": false, "errorStackTrace": null, "duration": 26.066, "name": "test_type_dropping", "age": 0, "failedSince": 0, "status": "PASSED", "testActions": [], "stdout": null, "className": "user_types_test.TestUserTypes", "stderr": null, "errorDetails": null, "skippedMessage": null}, {"skipped": false, "errorStackTrace": null, "duration": 26.107, "name": "test_tuple_indexes", "age": 0, "failedSince": 0, "status": "PASSED", "testActions": [], "stdout": null, "className": "secondary_indexes_test.TestSecondaryIndexesOnCollections", "stderr": null, "errorDetails": null, "skippedMessage": null}, {"skipped": false, "errorStackTrace": null, "duration": 14.033, "name": "test_scrub_collections_table", "age": 0, "failedSince": 0, "status": "PASSED", "testActions": [], "stdout": null, "className": "scrub_test.TestScrubIndexes", "stderr": null, "errorDetails": null, "skippedMessage": null}, {"skipped": false, "errorStackTrace": null, "duration": 9.747, "name": "test_simple_expiration", "age": 0, "failedSince": 0, "status": "PASSED", "testActions": [], "stdout": null, "className": "thrift_tests.TestMutations", "stderr": null, "errorDetails": null, "skippedMessage": null}, {"skipped": false, "errorStackTrace": null, "duration": 7.653, "name": "test_system_column_family_operations", "age": 0, "failedSince": 0, "status": "PASSED", "testActions": [], "stdout": null, "className": "thrift_tests.TestMutations", "stderr": null, "errorDetails": null, "skippedMessage": null}, {"skipped": false, "errorStackTrace": null, "duration": 6.935, "name": "test_incr_decr_standard_batch_add", "age": 0, "failedSince": 0, "status": "PASSED", "testActions": [], "stdout": null, "className": "thrift_tests.TestMutations", "stderr": null, "errorDetails": null, "skippedMessage": null}, {"skipped": false, "errorStackTrace": null, "duration": 6.713, "name": "test_range_collation", "age": 0, "failedSince": 0, "status": "PASSED", "testActions": [], "stdout": null, "className": "thrift_tests.TestMutations", "stderr": null, "errorDetails": null, "skippedMessage": null}, {"skipped": false, "errorStackTrace": null, "duration": 6.643, "name": "test_describe_snitch", "age": 0, "failedSince": 0, "status": "PASSED", "testActions": [], "stdout": null, "className": "thrift_tests.TestMutations", "stderr": null, "errorDetails": null, "skippedMessage": null}, {"skipped": false, "errorStackTrace": "  File \"/usr/lib/python2.7/unittest/case.py\", line 329, in run\n    testMethod()\n  File \"/home/automaton/cassandra-dtest/cqlsh_tests/cqlsh_copy_tests.py\", line 749, in test_all_datatypes_round_trip\n    assert len(imported_results) == 1\n'\\n-------------------- >> begin captured logging << --------------------\\ndtest: DEBUG: cluster ccm directory: /mnt/tmp/dtest-DDL2P_\\ndtest: DEBUG: Exporting to csv file: /mnt/tmp/tmpaT7Y0d\\n--------------------- >> end captured logging << ---------------------'", "duration": 7.34, "name": "test_all_datatypes_round_trip", "age": 6, "failedSince": 316, "status": "FAILED", "testActions": [], "stdout": "(EE)  (EE)  <stdin>:2:(EE)  'QueryMessage' object has no attribute 'to_binary'(EE)  <stdin>:2:Aborting import at record #1. Previously inserted records are still present, and some records after that may be present as well.(EE)  ", "className": "cqlsh_tests.cqlsh_copy_tests.CqlshCopyTest", "stderr": null, "errorDetails": "\n-------------------- >> begin captured logging << --------------------\ndtest: DEBUG: cluster ccm directory: /mnt/tmp/dtest-DDL2P_\ndtest: DEBUG: Exporting to csv file: /mnt/tmp/tmpaT7Y0d\n--------------------- >> end captured logging << ---------------------", "skippedMessage": null}, {"skipped": false, "errorStackTrace": null, "duration": 6.782, "name": "test_colons_in_string_literals", "age": 0, "failedSince": 0, "status": "PASSED", "testActions": [], "stdout": "(EE)  ", "className": "cqlsh_tests.cqlsh_tests.CqlshSmokeTest", "stderr": null, "errorDetails": null, "skippedMessage": null}, {"skipped": false, "errorStackTrace": null, "duration": 6.937, "name": "test_insert", "age": 0, "failedSince": 0, "status": "PASSED", "testActions": [], "stdout": "(EE)  ", "className": "cqlsh_tests.cqlsh_tests.CqlshSmokeTest", "stderr": null, "errorDetails": null, "skippedMessage": null}, {"skipped": false, "errorStackTrace": null, "duration": 7.52, "name": "rename_test", "age": 0, "failedSince": 0, "status": "PASSED", "testActions": [], "stdout": null, "className": "cql_tests.MiscellaneousCQLTester", "stderr": null, "errorDetails": null, "skippedMessage": null}, {"skipped": false, "errorStackTrace": null, "duration": 6.536, "name": "invalid_string_literals_test", "age": 0, "failedSince": 0, "status": "PASSED", "testActions": [], "stdout": null, "className": "cql_tests.MiscellaneousCQLTester", "stderr": null, "errorDetails": null, "skippedMessage": null}, {"skipped": false, "errorStackTrace": null, "duration": 6.5, "name": "keyspace_test", "age": 0, "failedSince": 0, "status": "PASSED", "testActions": [], "stdout": null, "className": "cql_tests.StorageProxyCQLTester", "stderr": null, "errorDetails": null, "skippedMessage": null}, {"skipped": false, "errorStackTrace": null, "duration": 7.613, "name": "null_value_test", "age": 0, "failedSince": 0, "status": "PASSED", "testActions": [], "stdout": null, "className": "json_test.JsonFullRowInsertSelect", "stderr": null, "errorDetails": null, "skippedMessage": null}, {"skipped": false, "errorStackTrace": null, "duration": 7.03, "name": "counter_batch_accepts_counter_mutations_test", "age": 0, "failedSince": 0, "status": "PASSED", "testActions": [], "stdout": null, "className": "batch_test.TestBatch", "stderr": null, "errorDetails": null, "skippedMessage": null}, {"skipped": false, "errorStackTrace": null, "duration": 6.655, "name": "udf_test", "age": 0, "failedSince": 0, "status": "PASSED", "testActions": [], "stdout": null, "className": "schema_metadata_test.TestSchemaMetadata", "stderr": null, "errorDetails": null, "skippedMessage": null}, {"skipped": false, "errorStackTrace": null, "duration": 6.268, "name": "compact_storage_composite_test", "age": 0, "failedSince": 0, "status": "PASSED", "testActions": [], "stdout": null, "className": "schema_metadata_test.TestSchemaMetadata", "stderr": null, "errorDetails": null, "skippedMessage": null}, {"skipped": false, "errorStackTrace": "  File \"/usr/lib/python2.7/unittest/case.py\", line 329, in run\n    testMethod()\n  File \"/home/automaton/cassandra-dtest/native_transport_ssl_test.py\", line 64, in use_custom_ssl_port_test\n    cluster.start()\n  File \"/home/automaton/ccm/ccmlib/cluster.py\", line 294, in start\n    raise NodeError(\"Error starting {0}.\".format(node.name), p)\n'Error starting node1.\\n-------------------- >> begin captured logging << --------------------\\ndtest: DEBUG: cluster ccm directory: /mnt/tmp/dtest-sscARL\\ndtest: DEBUG: generating keystore.jks in [/mnt/tmp/dtest-sscARL]\\ndtest: DEBUG: exporting cert from keystore.jks in [/mnt/tmp/dtest-sscARL]\\ndtest: DEBUG: importing cert into truststore.jks in [/mnt/tmp/dtest-sscARL]\\n--------------------- >> end captured logging << ---------------------'", "duration": 2.774, "name": "use_custom_ssl_port_test", "age": 46, "failedSince": 276, "status": "FAILED", "testActions": [], "stdout": "[node1 ERROR] org.apache.cassandra.exceptions.ConfigurationException: Invalid yaml. Please remove properties [native_transport_port_ssl] from your cassandra.yaml\n\tat org.apache.cassandra.config.YamlConfigurationLoader$MissingPropertiesChecker.check(YamlConfigurationLoader.java:162)\n\tat org.apache.cassandra.config.YamlConfigurationLoader.loadConfig(YamlConfigurationLoader.java:115)\n\tat org.apache.cassandra.config.YamlConfigurationLoader.loadConfig(YamlConfigurationLoader.java:85)\n\tat org.apache.cassandra.config.DatabaseDescriptor.loadConfig(DatabaseDescriptor.java:135)\n\tat org.apache.cassandra.config.DatabaseDescriptor.<clinit>(DatabaseDescriptor.java:119)\n\tat org.apache.cassandra.service.CassandraDaemon.activate(CassandraDaemon.java:506)\n\tat org.apache.cassandra.service.CassandraDaemon.main(CassandraDaemon.java:618)\n", "className": "native_transport_ssl_test.NativeTransportSSL", "stderr": null, "errorDetails": "Error starting node1.\n-------------------- >> begin captured logging << --------------------\ndtest: DEBUG: cluster ccm directory: /mnt/tmp/dtest-sscARL\ndtest: DEBUG: generating keystore.jks in [/mnt/tmp/dtest-sscARL]\ndtest: DEBUG: exporting cert from keystore.jks in [/mnt/tmp/dtest-sscARL]\ndtest: DEBUG: importing cert into truststore.jks in [/mnt/tmp/dtest-sscARL]\n--------------------- >> end captured logging << ---------------------", "skippedMessage": null}, {"skipped": false, "errorStackTrace": "  File \"/usr/lib/python2.7/unittest/case.py\", line 358, in run\n    self.tearDown()\n  File \"/home/automaton/cassandra-dtest/dtest.py\", line 549, in tearDown\n    raise AssertionError('Unexpected error in %s node log: %s' % (node.name, errors))\n\"Unexpected error in node1 node log: ['ERROR [main] 2015-10-10 10:18:34,665 CassandraDaemon.java:631 - Exception encountered during startup org.apache.cassandra.exceptions.ConfigurationException: Invalid yaml. Please remove properties [native_transport_port_ssl] from your cassandra.yaml \\\\tat org.apache.cassandra.config.YamlConfigurationLoader$MissingPropertiesChecker.check(YamlConfigurationLoader.java:162) ~[main/:na] \\\\tat org.apache.cassandra.config.YamlConfigurationLoader.loadConfig(YamlConfigurationLoader.java:115) ~[main/:na] \\\\tat org.apache.cassandra.config.YamlConfigurationLoader.loadConfig(YamlConfigurationLoader.java:85) ~[main/:na] \\\\tat org.apache.cassandra.config.DatabaseDescriptor.loadConfig(DatabaseDescriptor.java:135) ~[main/:na] \\\\tat org.apache.cassandra.config.DatabaseDescriptor.<clinit>(DatabaseDescriptor.java:119) ~[main/:na] \\\\tat org.apache.cassandra.service.CassandraDaemon.activate(CassandraDaemon.java:506) [main/:na] \\\\tat org.apache.cassandra.service.CassandraDaemon.main(CassandraDaemon.java:618) [main/:na]']\\n-------------------- >> begin captured logging << --------------------\\ndtest: DEBUG: cluster ccm directory: /mnt/tmp/dtest-sscARL\\ndtest: DEBUG: generating keystore.jks in [/mnt/tmp/dtest-sscARL]\\ndtest: DEBUG: exporting cert from keystore.jks in [/mnt/tmp/dtest-sscARL]\\ndtest: DEBUG: importing cert into truststore.jks in [/mnt/tmp/dtest-sscARL]\\ndtest: DEBUG: removing ccm cluster test at: /mnt/tmp/dtest-sscARL\\ndtest: DEBUG: clearing ssl stores from [/mnt/tmp/dtest-sscARL] directory\\n--------------------- >> end captured logging << ---------------------\"", "duration": 2.777, "name": "use_custom_ssl_port_test", "age": 46, "failedSince": 276, "status": "FAILED", "testActions": [], "stdout": "[node1 ERROR] org.apache.cassandra.exceptions.ConfigurationException: Invalid yaml. Please remove properties [native_transport_port_ssl] from your cassandra.yaml\n\tat org.apache.cassandra.config.YamlConfigurationLoader$MissingPropertiesChecker.check(YamlConfigurationLoader.java:162)\n\tat org.apache.cassandra.config.YamlConfigurationLoader.loadConfig(YamlConfigurationLoader.java:115)\n\tat org.apache.cassandra.config.YamlConfigurationLoader.loadConfig(YamlConfigurationLoader.java:85)\n\tat org.apache.cassandra.config.DatabaseDescriptor.loadConfig(DatabaseDescriptor.java:135)\n\tat org.apache.cassandra.config.DatabaseDescriptor.<clinit>(DatabaseDescriptor.java:119)\n\tat org.apache.cassandra.service.CassandraDaemon.activate(CassandraDaemon.java:506)\n\tat org.apache.cassandra.service.CassandraDaemon.main(CassandraDaemon.java:618)\n", "className": "native_transport_ssl_test.NativeTransportSSL", "stderr": null, "errorDetails": "Unexpected error in node1 node log: ['ERROR [main] 2015-10-10 10:18:34,665 CassandraDaemon.java:631 - Exception encountered during startup org.apache.cassandra.exceptions.ConfigurationException: Invalid yaml. Please remove properties [native_transport_port_ssl] from your cassandra.yaml \\tat org.apache.cassandra.config.YamlConfigurationLoader$MissingPropertiesChecker.check(YamlConfigurationLoader.java:162) ~[main/:na] \\tat org.apache.cassandra.config.YamlConfigurationLoader.loadConfig(YamlConfigurationLoader.java:115) ~[main/:na] \\tat org.apache.cassandra.config.YamlConfigurationLoader.loadConfig(YamlConfigurationLoader.java:85) ~[main/:na] \\tat org.apache.cassandra.config.DatabaseDescriptor.loadConfig(DatabaseDescriptor.java:135) ~[main/:na] \\tat org.apache.cassandra.config.DatabaseDescriptor.<clinit>(DatabaseDescriptor.java:119) ~[main/:na] \\tat org.apache.cassandra.service.CassandraDaemon.activate(CassandraDaemon.java:506) [main/:na] \\tat org.apache.cassandra.service.CassandraDaemon.main(CassandraDaemon.java:618) [main/:na]']\n-------------------- >> begin captured logging << --------------------\ndtest: DEBUG: cluster ccm directory: /mnt/tmp/dtest-sscARL\ndtest: DEBUG: generating keystore.jks in [/mnt/tmp/dtest-sscARL]\ndtest: DEBUG: exporting cert from keystore.jks in [/mnt/tmp/dtest-sscARL]\ndtest: DEBUG: importing cert into truststore.jks in [/mnt/tmp/dtest-sscARL]\ndtest: DEBUG: removing ccm cluster test at: /mnt/tmp/dtest-sscARL\ndtest: DEBUG: clearing ssl stores from [/mnt/tmp/dtest-sscARL] directory\n--------------------- >> end captured logging << ---------------------", "skippedMessage": null}, {"skipped": true, "errorStackTrace": null, "duration": 0.054, "name": "multi_in_test", "age": 4, "failedSince": 318, "status": "SKIPPED", "testActions": [], "stdout": null, "className": "upgrade_tests.cql_tests.TestCQL", "stderr": null, "errorDetails": null, "skippedMessage": "2.2.2 < 3.0"}, {"skipped": true, "errorStackTrace": null, "duration": 0.105, "name": "reversed_comparator_test", "age": 45, "failedSince": 277, "status": "SKIPPED", "testActions": [], "stdout": null, "className": "upgrade_tests.cql_tests.TestCQL", "stderr": null, "errorDetails": null, "skippedMessage": "2.2.2 < 3.0"}, {"skipped": true, "errorStackTrace": null, "duration": 0.104, "name": "blobAs_functions_test", "age": 45, "failedSince": 277, "status": "SKIPPED", "testActions": [], "stdout": null, "className": "upgrade_tests.cql_tests.TestCQL", "stderr": null, "errorDetails": null, "skippedMessage": "2.2.2 < 3.0"}, {"skipped": true, "errorStackTrace": null, "duration": 0.105, "name": "multi_list_set_test", "age": 45, "failedSince": 277, "status": "SKIPPED", "testActions": [], "stdout": null, "className": "upgrade_tests.cql_tests.TestCQL", "stderr": null, "errorDetails": null, "skippedMessage": "2.2.2 < 3.0"}, {"skipped": true, "errorStackTrace": null, "duration": 0.105, "name": "limit_ranges_test", "age": 4, "failedSince": 318, "status": "SKIPPED", "testActions": [], "stdout": null, "className": "upgrade_tests.cql_tests.TestCQL", "stderr": null, "errorDetails": null, "skippedMessage": "2.2.2 < 3.0"}, {"skipped": true, "errorStackTrace": null, "duration": 0.105, "name": "only_pk_test", "age": 56, "failedSince": 266, "status": "SKIPPED", "testActions": [], "stdout": null, "className": "upgrade_tests.cql_tests.TestCQL", "stderr": null, "errorDetails": null, "skippedMessage": "2.2.2 < 3.0"}, {"skipped": true, "errorStackTrace": null, "duration": 0.105, "name": "large_clustering_in_test", "age": 46, "failedSince": 276, "status": "SKIPPED", "testActions": [], "stdout": null, "className": "upgrade_tests.cql_tests.TestCQL", "stderr": null, "errorDetails": null, "skippedMessage": "2.2.2 < 3.0"}, {"skipped": true, "errorStackTrace": null, "duration": 0.104, "name": "conversion_functions_test", "age": 45, "failedSince": 277, "status": "SKIPPED", "testActions": [], "stdout": null, "className": "upgrade_tests.cql_tests.TestCQL", "stderr": null, "errorDetails": null, "skippedMessage": "2.2.2 < 3.0"}, {"skipped": true, "errorStackTrace": null, "duration": 0.105, "name": "undefined_column_handling_test", "age": 20, "failedSince": 302, "status": "SKIPPED", "testActions": [], "stdout": null, "className": "upgrade_tests.cql_tests.TestCQL", "stderr": null, "errorDetails": null, "skippedMessage": "2.2.2 < 3.0"}, {"skipped": true, "errorStackTrace": null, "duration": 0.104, "name": "clustering_order_and_functions_test", "age": 45, "failedSince": 277, "status": "SKIPPED", "testActions": [], "stdout": null, "className": "upgrade_tests.cql_tests.TestCQL", "stderr": null, "errorDetails": null, "skippedMessage": "2.2.2 < 3.0"}, {"skipped": true, "errorStackTrace": null, "duration": 0.104, "name": "remove_range_slice_test", "age": 47, "failedSince": 275, "status": "SKIPPED", "testActions": [], "stdout": null, "className": "upgrade_tests.cql_tests.TestCQL", "stderr": null, "errorDetails": null, "skippedMessage": "2.2.2 < 3.0"}, {"skipped": true, "errorStackTrace": null, "duration": 0.105, "name": "deletion_test", "age": 45, "failedSince": 277, "status": "SKIPPED", "testActions": [], "stdout": null, "className": "upgrade_tests.cql_tests.TestCQL", "stderr": null, "errorDetails": null, "skippedMessage": "2.2.2 < 3.0"}, {"skipped": true, "errorStackTrace": null, "duration": 0.106, "name": "bug_4882_test", "age": 45, "failedSince": 277, "status": "SKIPPED", "testActions": [], "stdout": null, "className": "upgrade_tests.cql_tests.TestCQL", "stderr": null, "errorDetails": null, "skippedMessage": "2.2.2 < 3.0"}, {"skipped": true, "errorStackTrace": null, "duration": 0.106, "name": "clustering_order_in_test", "age": 45, "failedSince": 277, "status": "SKIPPED", "testActions": [], "stdout": null, "className": "upgrade_tests.cql_tests.TestCQL", "stderr": null, "errorDetails": null, "skippedMessage": "2.2.2 < 3.0"}, {"skipped": true, "errorStackTrace": null, "duration": 0.105, "name": "nonpure_function_collection_test", "age": 4, "failedSince": 318, "status": "SKIPPED", "testActions": [], "stdout": null, "className": "upgrade_tests.cql_tests.TestCQL", "stderr": null, "errorDetails": null, "skippedMessage": "2.2.2 < 3.0"}, {"skipped": true, "errorStackTrace": null, "duration": 0.054, "name": "basic_paging_test", "age": 45, "failedSince": 277, "status": "SKIPPED", "testActions": [], "stdout": null, "className": "upgrade_tests.paging_test.TestPagingData", "stderr": null, "errorDetails": null, "skippedMessage": "2.2.2 < 3.0"}, {"skipped": true, "errorStackTrace": null, "duration": 0.055, "name": "test_with_no_results", "age": 4, "failedSince": 318, "status": "SKIPPED", "testActions": [], "stdout": null, "className": "upgrade_tests.paging_test.TestPagingSize", "stderr": null, "errorDetails": null, "skippedMessage": "2.2.2 < 3.0"}, {"skipped": true, "errorStackTrace": null, "duration": 0.054, "name": "test_single_partition_deletions", "age": 4, "failedSince": 318, "status": "SKIPPED", "testActions": [], "stdout": null, "className": "upgrade_tests.paging_test.TestPagingWithDeletions", "stderr": null, "errorDetails": null, "skippedMessage": "2.2.2 < 3.0"}, {"skipped": true, "errorStackTrace": null, "duration": 0.055, "name": "add_node_after_mv_test", "age": 75, "failedSince": 247, "status": "SKIPPED", "testActions": [], "stdout": null, "className": "materialized_views_test.TestMaterializedViews", "stderr": null, "errorDetails": null, "skippedMessage": "2.2.2 < 3.0"}, {"skipped": true, "errorStackTrace": null, "duration": 0.106, "name": "really_complex_repair_test", "age": 75, "failedSince": 247, "status": "SKIPPED", "testActions": [], "stdout": null, "className": "materialized_views_test.TestMaterializedViews", "stderr": null, "errorDetails": null, "skippedMessage": "2.2.2 < 3.0"}, {"skipped": true, "errorStackTrace": null, "duration": 0.055, "name": "indexes_composite_test", "age": 45, "failedSince": 277, "status": "SKIPPED", "testActions": [], "stdout": null, "className": "deprecated_cql_tests.TestCQL", "stderr": null, "errorDetails": null, "skippedMessage": "2.2.2 > 2.0.x"}, {"skipped": true, "errorStackTrace": null, "duration": 0.106, "name": "static_columns_cas_test", "age": 46, "failedSince": 276, "status": "SKIPPED", "testActions": [], "stdout": null, "className": "deprecated_cql_tests.TestCQL", "stderr": null, "errorDetails": null, "skippedMessage": "2.2.2 > 2.0.x"}, {"skipped": true, "errorStackTrace": null, "duration": 0.104, "name": "select_key_in_test", "age": 46, "failedSince": 276, "status": "SKIPPED", "testActions": [], "stdout": null, "className": "deprecated_cql_tests.TestCQL", "stderr": null, "errorDetails": null, "skippedMessage": "2.2.2 > 2.0.x"}, {"skipped": true, "errorStackTrace": null, "duration": 0.104, "name": "in_clause_wide_rows_test", "age": 4, "failedSince": 318, "status": "SKIPPED", "testActions": [], "stdout": null, "className": "deprecated_cql_tests.TestCQL", "stderr": null, "errorDetails": null, "skippedMessage": "2.2.2 > 2.0.x"}, {"skipped": true, "errorStackTrace": null, "duration": 0.104, "name": "large_clustering_in_test", "age": 46, "failedSince": 276, "status": "SKIPPED", "testActions": [], "stdout": null, "className": "deprecated_cql_tests.TestCQL", "stderr": null, "errorDetails": null, "skippedMessage": "2.2.2 > 2.0.x"}, {"skipped": true, "errorStackTrace": null, "duration": 0.104, "name": "nameless_index_test", "age": 46, "failedSince": 276, "status": "SKIPPED", "testActions": [], "stdout": null, "className": "deprecated_cql_tests.TestCQL", "stderr": null, "errorDetails": null, "skippedMessage": "2.2.2 > 2.0.x"}, {"skipped": true, "errorStackTrace": null, "duration": 0.104, "name": "float_with_exponent_test", "age": 45, "failedSince": 277, "status": "SKIPPED", "testActions": [], "stdout": null, "className": "deprecated_cql_tests.TestCQL", "stderr": null, "errorDetails": null, "skippedMessage": "2.2.2 > 2.0.x"}, {"skipped": true, "errorStackTrace": null, "duration": 0.104, "name": "range_tombstones_test", "age": 45, "failedSince": 277, "status": "SKIPPED", "testActions": [], "stdout": null, "className": "deprecated_cql_tests.TestCQL", "stderr": null, "errorDetails": null, "skippedMessage": "2.2.2 > 2.0.x"}, {"skipped": true, "errorStackTrace": null, "duration": 0.104, "name": "cas_simple_test", "age": 45, "failedSince": 277, "status": "SKIPPED", "testActions": [], "stdout": null, "className": "deprecated_cql_tests.TestCQL", "stderr": null, "errorDetails": null, "skippedMessage": "2.2.2 > 2.0.x"}, {"skipped": true, "errorStackTrace": null, "duration": 0.105, "name": "boolean_test", "age": 45, "failedSince": 277, "status": "SKIPPED", "testActions": [], "stdout": null, "className": "deprecated_cql_tests.TestCQL", "stderr": null, "errorDetails": null, "skippedMessage": "2.2.2 > 2.0.x"}, {"skipped": true, "errorStackTrace": null, "duration": 0.104, "name": "clustering_indexing_test", "age": 45, "failedSince": 277, "status": "SKIPPED", "testActions": [], "stdout": null, "className": "deprecated_cql_tests.TestCQL", "stderr": null, "errorDetails": null, "skippedMessage": "2.2.2 > 2.0.x"}, {"skipped": true, "errorStackTrace": null, "duration": 0.105, "name": "bug_6612_test", "age": 45, "failedSince": 277, "status": "SKIPPED", "testActions": [], "stdout": null, "className": "deprecated_cql_tests.TestCQL", "stderr": null, "errorDetails": null, "skippedMessage": "2.2.2 > 2.0.x"}, {"skipped": true, "errorStackTrace": null, "duration": 0.104, "name": "row_existence_test", "age": 45, "failedSince": 277, "status": "SKIPPED", "testActions": [], "stdout": null, "className": "deprecated_cql_tests.TestCQL", "stderr": null, "errorDetails": null, "skippedMessage": "2.2.2 > 2.0.x"}, {"skipped": true, "errorStackTrace": null, "duration": 0.104, "name": "bug_6115_test", "age": 45, "failedSince": 277, "status": "SKIPPED", "testActions": [], "stdout": null, "className": "deprecated_cql_tests.TestCQL", "stderr": null, "errorDetails": null, "skippedMessage": "2.2.2 > 2.0.x"}, {"skipped": false, "errorStackTrace": null, "duration": 64.995, "name": "cleanup_test", "age": 0, "failedSince": 0, "status": "FIXED", "testActions": [], "stdout": null, "className": "largecolumn_test.TestLargeColumn", "stderr": null, "errorDetails": null, "skippedMessage": null}, {"skipped": true, "errorStackTrace": null, "duration": 0.055, "name": "crc_check_chance_upgrade_test", "age": 4, "failedSince": 318, "status": "SKIPPED", "testActions": [], "stdout": null, "className": "upgrade_crc_check_chance_test.TestCrcCheckChanceUpgrade", "stderr": null, "errorDetails": null, "skippedMessage": "2.2.2 < 3.0"}, {"skipped": false, "errorStackTrace": null, "duration": 2424.443, "name": "cfhistograms_test", "age": 0, "failedSince": 0, "status": "PASSED", "testActions": [], "stdout": null, "className": "jmx_test.TestJMX", "stderr": null, "errorDetails": null, "skippedMessage": null}], "name": "nosetests"}], "passCount": 371, "duration": 16503.799, "failCount": 14}}
