{"baseurl": "http://cassci.datastax.com/job/cassandra-2.2_dtest/323/testReport/api/python", "_data": {"skipCount": 200, "empty": false, "testActions": [], "suites": [{"timestamp": null, "stderr": null, "stdout": null, "id": null, "duration": 16614.723, "cases": [{"skipped": false, "errorStackTrace": null, "duration": 243.772, "name": "functional_test", "age": 0, "failedSince": 0, "status": "PASSED", "testActions": [], "stdout": null, "className": "global_row_key_cache_test.TestGlobalRowKeyCache", "stderr": null, "errorDetails": null, "skippedMessage": null}, {"skipped": false, "errorStackTrace": null, "duration": 354.921, "name": "upgrade_to_22_test", "age": 0, "failedSince": 0, "status": "FIXED", "testActions": [], "stdout": "http://git-wip-us.apache.org/repos/asf/cassandra.git git:cassandra-2.1\nhttp://git-wip-us.apache.org/repos/asf/cassandra.git git:cassandra-2.2\nFetching Cassandra updates...\nCloning Cassandra (from local cache)\nChecking out requested branch (cassandra-2.2)\nCompiling Cassandra cassandra-2.2 ...\nhttp://git-wip-us.apache.org/repos/asf/cassandra.git git:cassandra-2.2\nFetching Cassandra updates...\nhttp://git-wip-us.apache.org/repos/asf/cassandra.git git:cassandra-2.2\nFetching Cassandra updates...\n", "className": "upgrade_internal_auth_test.TestAuthUpgrade", "stderr": null, "errorDetails": null, "skippedMessage": null}, {"skipped": false, "errorStackTrace": null, "duration": 113.553, "name": "create_lots_of_tables_concurrently_test", "age": 0, "failedSince": 0, "status": "PASSED", "testActions": [], "stdout": null, "className": "concurrent_schema_changes_test.TestConcurrentSchemaChanges", "stderr": null, "errorDetails": null, "skippedMessage": null}, {"skipped": false, "errorStackTrace": null, "duration": 81.303, "name": "changes_to_different_nodes_test", "age": 0, "failedSince": 0, "status": "PASSED", "testActions": [], "stdout": null, "className": "concurrent_schema_changes_test.TestConcurrentSchemaChanges", "stderr": null, "errorDetails": null, "skippedMessage": null}, {"skipped": false, "errorStackTrace": null, "duration": 30.487, "name": "basic_test", "age": 0, "failedSince": 0, "status": "PASSED", "testActions": [], "stdout": null, "className": "concurrent_schema_changes_test.TestConcurrentSchemaChanges", "stderr": null, "errorDetails": null, "skippedMessage": null}, {"skipped": false, "errorStackTrace": null, "duration": 89.236, "name": "test_archive_commitlog_with_active_commitlog", "age": 0, "failedSince": 0, "status": "PASSED", "testActions": [], "stdout": null, "className": "snapshot_test.TestArchiveCommitlog", "stderr": null, "errorDetails": null, "skippedMessage": null}, {"skipped": false, "errorStackTrace": null, "duration": 12.871, "name": "test_basic_snapshot_and_restore", "age": 0, "failedSince": 0, "status": "PASSED", "testActions": [], "stdout": null, "className": "snapshot_test.TestSnapshot", "stderr": null, "errorDetails": null, "skippedMessage": null}, {"skipped": false, "errorStackTrace": null, "duration": 81.167, "name": "sstableloader_compression_snappy_to_snappy_test", "age": 0, "failedSince": 0, "status": "PASSED", "testActions": [], "stdout": null, "className": "sstable_generation_loading_test.TestSSTableGenerationAndLoading", "stderr": null, "errorDetails": null, "skippedMessage": null}, {"skipped": false, "errorStackTrace": null, "duration": 62.475, "name": "test_list_indexes", "age": 0, "failedSince": 0, "status": "PASSED", "testActions": [], "stdout": null, "className": "secondary_indexes_test.TestSecondaryIndexesOnCollections", "stderr": null, "errorDetails": null, "skippedMessage": null}, {"skipped": false, "errorStackTrace": null, "duration": 61.096, "name": "repair_table_test", "age": 0, "failedSince": 0, "status": "PASSED", "testActions": [], "stdout": null, "className": "repair_test.TestRepairDataSystemTable", "stderr": null, "errorDetails": null, "skippedMessage": null}, {"skipped": false, "errorStackTrace": null, "duration": 55.507, "name": "test_mutation_v2", "age": 0, "failedSince": 0, "status": "PASSED", "testActions": [], "stdout": null, "className": "write_failures_test.TestWriteFailures", "stderr": null, "errorDetails": null, "skippedMessage": null}, {"skipped": false, "errorStackTrace": null, "duration": 43.289, "name": "acknowledged_by_batchlog_set_when_batchlog_write_succeeds_test", "age": 0, "failedSince": 0, "status": "PASSED", "testActions": [], "stdout": null, "className": "batch_test.TestBatch", "stderr": null, "errorDetails": null, "skippedMessage": null}, {"skipped": false, "errorStackTrace": null, "duration": 33.477, "name": "disable_autocompaction_schema_test", "age": 0, "failedSince": 0, "status": "PASSED", "testActions": [], "stdout": null, "className": "compaction_test.TestCompaction_with_DateTieredCompactionStrategy", "stderr": null, "errorDetails": null, "skippedMessage": null}, {"skipped": false, "errorStackTrace": null, "duration": 23.043, "name": "disable_autocompaction_alter_test", "age": 0, "failedSince": 0, "status": "PASSED", "testActions": [], "stdout": null, "className": "compaction_test.TestCompaction_with_SizeTieredCompactionStrategy", "stderr": null, "errorDetails": null, "skippedMessage": null}, {"skipped": false, "errorStackTrace": null, "duration": 29.449, "name": "test_closing_connections", "age": 0, "failedSince": 0, "status": "PASSED", "testActions": [], "stdout": null, "className": "thrift_hsha_test.ThriftHSHATest", "stderr": null, "errorDetails": null, "skippedMessage": null}, {"skipped": false, "errorStackTrace": null, "duration": 26.373, "name": "removing_default_ttl_does_not_affect_existing_rows_test", "age": 0, "failedSince": 0, "status": "PASSED", "testActions": [], "stdout": null, "className": "ttl_test.TestTTL", "stderr": null, "errorDetails": null, "skippedMessage": null}, {"skipped": false, "errorStackTrace": null, "duration": 10.315, "name": "remove_column_ttl_test", "age": 0, "failedSince": 0, "status": "PASSED", "testActions": [], "stdout": null, "className": "ttl_test.TestTTL", "stderr": null, "errorDetails": null, "skippedMessage": null}, {"skipped": false, "errorStackTrace": null, "duration": 25.276, "name": "test_type_enforcement", "age": 0, "failedSince": 0, "status": "PASSED", "testActions": [], "stdout": null, "className": "user_types_test.TestUserTypes", "stderr": null, "errorDetails": null, "skippedMessage": null}, {"skipped": false, "errorStackTrace": null, "duration": 21.846, "name": "stop_failure_policy_test", "age": 0, "failedSince": 0, "status": "PASSED", "testActions": [], "stdout": null, "className": "commitlog_test.TestCommitLog", "stderr": null, "errorDetails": null, "skippedMessage": null}, {"skipped": false, "errorStackTrace": null, "duration": 18.171, "name": "test_nodetool_scrub", "age": 0, "failedSince": 0, "status": "PASSED", "testActions": [], "stdout": null, "className": "scrub_test.TestScrub", "stderr": null, "errorDetails": null, "skippedMessage": null}, {"skipped": false, "errorStackTrace": null, "duration": 9.487, "name": "test_scrub_with_UDT", "age": 0, "failedSince": 0, "status": "PASSED", "testActions": [], "stdout": null, "className": "scrub_test.TestScrub", "stderr": null, "errorDetails": null, "skippedMessage": null}, {"skipped": false, "errorStackTrace": null, "duration": 17.664, "name": "grant_revoke_cleanup_test", "age": 0, "failedSince": 0, "status": "PASSED", "testActions": [], "stdout": null, "className": "auth_test.TestAuth", "stderr": null, "errorDetails": null, "skippedMessage": null}, {"skipped": false, "errorStackTrace": null, "duration": 16.152, "name": "dropping_nonexistent_user_throws_exception_test", "age": 0, "failedSince": 0, "status": "PASSED", "testActions": [], "stdout": null, "className": "auth_test.TestAuth", "stderr": null, "errorDetails": null, "skippedMessage": null}, {"skipped": false, "errorStackTrace": null, "duration": 7.899, "name": "basic_data_types_test", "age": 0, "failedSince": 0, "status": "PASSED", "testActions": [], "stdout": null, "className": "json_test.FromJsonInsertTests", "stderr": null, "errorDetails": null, "skippedMessage": null}, {"skipped": false, "errorStackTrace": null, "duration": 7.523, "name": "test_use_keyspace", "age": 0, "failedSince": 0, "status": "PASSED", "testActions": [], "stdout": "(EE)  (EE)  ", "className": "cqlsh_tests.cqlsh_tests.CqlshSmokeTest", "stderr": null, "errorDetails": null, "skippedMessage": null}, {"skipped": false, "errorStackTrace": null, "duration": 7.211, "name": "test_commented_lines", "age": 0, "failedSince": 0, "status": "PASSED", "testActions": [], "stdout": "(EE)  <stdin>:6:SyntaxException: <ErrorMessage code=2000 [Syntax error in CQL query] message=\"line 1:0 no viable alternative at input ';' ([;])\">(EE)  (EE)  ", "className": "cqlsh_tests.cqlsh_tests.CqlshSmokeTest", "stderr": null, "errorDetails": null, "skippedMessage": null}, {"skipped": false, "errorStackTrace": null, "duration": 6.845, "name": "test_update", "age": 0, "failedSince": 0, "status": "PASSED", "testActions": [], "stdout": "(EE)  ", "className": "cqlsh_tests.cqlsh_tests.CqlshSmokeTest", "stderr": null, "errorDetails": null, "skippedMessage": null}, {"skipped": false, "errorStackTrace": "  File \"/usr/lib/python2.7/unittest/case.py\", line 329, in run\n    testMethod()\n  File \"/home/automaton/cassandra-dtest/cqlsh_tests/cqlsh_copy_tests.py\", line 648, in test_read_invalid_float\n    self.data_validation_on_read_template(2.14, expect_invalid=True)\n  File \"/home/automaton/cassandra-dtest/cqlsh_tests/cqlsh_copy_tests.py\", line 628, in data_validation_on_read_template\n    self.assertRegexpMatches('Bad [Rr]equest', err)\n  File \"/usr/lib/python2.7/unittest/case.py\", line 1002, in assertRegexpMatches\n    raise self.failureException(msg)\n'Regexp didn\\'t match: \"<stdin>:2:\\\\n\\'QueryMessage\\' object has no attribute \\'to_binary\\'\\\\n<stdin>:2:Aborting import at record #1. Previously inserted records are still present, and some records after that may be present as well.\\\\n\" not found in \\'Bad [Rr]equest\\'\\n-------------------- >> begin captured logging << --------------------\\ndtest: DEBUG: cluster ccm directory: /mnt/tmp/dtest-SgWbZZ\\n--------------------- >> end captured logging << ---------------------'", "duration": 6.618, "name": "test_read_invalid_float", "age": 3, "failedSince": 321, "status": "FAILED", "testActions": [], "stdout": "(EE)  <stdin>:2:(EE)  'QueryMessage' object has no attribute 'to_binary'(EE)  <stdin>:2:Aborting import at record #1. Previously inserted records are still present, and some records after that may be present as well.(EE)  ", "className": "cqlsh_tests.cqlsh_copy_tests.CqlshCopyTest", "stderr": null, "errorDetails": "Regexp didn't match: \"<stdin>:2:\\n'QueryMessage' object has no attribute 'to_binary'\\n<stdin>:2:Aborting import at record #1. Previously inserted records are still present, and some records after that may be present as well.\\n\" not found in 'Bad [Rr]equest'\n-------------------- >> begin captured logging << --------------------\ndtest: DEBUG: cluster ccm directory: /mnt/tmp/dtest-SgWbZZ\n--------------------- >> end captured logging << ---------------------", "skippedMessage": null}, {"skipped": false, "errorStackTrace": "  File \"/usr/lib/python2.7/unittest/case.py\", line 329, in run\n    testMethod()\n  File \"/home/automaton/cassandra-dtest/dtest.py\", line 660, in wrapped\n    f(obj)\n  File \"/home/automaton/cassandra-dtest/cqlsh_tests/cqlsh_copy_tests.py\", line 922, in test_bulk_round_trip\n    self._test_bulk_round_trip(nodes=3, partitioner=\"murmur3\", num_records=100000)\n  File \"/home/automaton/cassandra-dtest/cqlsh_tests/cqlsh_copy_tests.py\", line 899, in _test_bulk_round_trip\n    self.assertEqual([[num_records]], rows_to_list(self.session.execute(\"SELECT COUNT(*) FROM {}\".format(stress_table))))\n  File \"/usr/lib/python2.7/unittest/case.py\", line 513, in assertEqual\n    assertion_func(first, second, msg=msg)\n  File \"/usr/lib/python2.7/unittest/case.py\", line 742, in assertListEqual\n    self.assertSequenceEqual(list1, list2, msg, seq_type=list)\n  File \"/usr/lib/python2.7/unittest/case.py\", line 724, in assertSequenceEqual\n    self.fail(msg)\n  File \"/usr/lib/python2.7/unittest/case.py\", line 410, in fail\n    raise self.failureException(msg)\n'Lists differ: [[100000]] != [[100001]]\\n\\nFirst differing element 0:\\n[100000]\\n[100001]\\n\\n- [[100000]]\\n?        ^\\n\\n+ [[100001]]\\n?        ^\\n\\n-------------------- >> begin captured logging << --------------------\\ndtest: DEBUG: cluster ccm directory: /mnt/tmp/dtest-McuXro\\ndtest: DEBUG: removing ccm cluster test at: /mnt/tmp/dtest-McuXro\\ndtest: DEBUG: clearing ssl stores from [/mnt/tmp/dtest-McuXro] directory\\ndtest: DEBUG: cluster ccm directory: /mnt/tmp/dtest-dx7rOC\\n--------------------- >> end captured logging << ---------------------'", "duration": 82.394, "name": "test_bulk_round_trip", "age": 3, "failedSince": 321, "status": "FAILED", "testActions": [], "stdout": null, "className": "cqlsh_tests.cqlsh_copy_tests.CqlshCopyTest", "stderr": null, "errorDetails": "Lists differ: [[100000]] != [[100001]]\n\nFirst differing element 0:\n[100000]\n[100001]\n\n- [[100000]]\n?        ^\n\n+ [[100001]]\n?        ^\n\n-------------------- >> begin captured logging << --------------------\ndtest: DEBUG: cluster ccm directory: /mnt/tmp/dtest-McuXro\ndtest: DEBUG: removing ccm cluster test at: /mnt/tmp/dtest-McuXro\ndtest: DEBUG: clearing ssl stores from [/mnt/tmp/dtest-McuXro] directory\ndtest: DEBUG: cluster ccm directory: /mnt/tmp/dtest-dx7rOC\n--------------------- >> end captured logging << ---------------------", "skippedMessage": null}, {"skipped": false, "errorStackTrace": null, "duration": 6.48, "name": "test_batch", "age": 0, "failedSince": 0, "status": "PASSED", "testActions": [], "stdout": null, "className": "cqlsh_tests.cqlsh_tests.TestCqlsh", "stderr": null, "errorDetails": null, "skippedMessage": null}, {"skipped": false, "errorStackTrace": null, "duration": 7.073, "name": "drop_column_queries_test", "age": 0, "failedSince": 0, "status": "PASSED", "testActions": [], "stdout": null, "className": "schema_test.TestSchema", "stderr": null, "errorDetails": null, "skippedMessage": null}, {"skipped": false, "errorStackTrace": null, "duration": 6.659, "name": "test_batch_mutate_standard_columns", "age": 0, "failedSince": 0, "status": "PASSED", "testActions": [], "stdout": null, "className": "thrift_tests.TestMutations", "stderr": null, "errorDetails": null, "skippedMessage": null}, {"skipped": false, "errorStackTrace": null, "duration": 6.736, "name": "test_super_get", "age": 0, "failedSince": 0, "status": "PASSED", "testActions": [], "stdout": null, "className": "thrift_tests.TestMutations", "stderr": null, "errorDetails": null, "skippedMessage": null}, {"skipped": false, "errorStackTrace": null, "duration": 6.656, "name": "test_batch_mutate_remove_standard_columns", "age": 0, "failedSince": 0, "status": "PASSED", "testActions": [], "stdout": null, "className": "thrift_tests.TestMutations", "stderr": null, "errorDetails": null, "skippedMessage": null}, {"skipped": false, "errorStackTrace": null, "duration": 6.622, "name": "test_super_cf_remove_supercolumn", "age": 0, "failedSince": 0, "status": "PASSED", "testActions": [], "stdout": null, "className": "thrift_tests.TestMutations", "stderr": null, "errorDetails": null, "skippedMessage": null}, {"skipped": false, "errorStackTrace": null, "duration": 6.738, "name": "test_integer_order", "age": 0, "failedSince": 0, "status": "PASSED", "testActions": [], "stdout": null, "className": "thrift_tests.TestMutations", "stderr": null, "errorDetails": null, "skippedMessage": null}, {"skipped": false, "errorStackTrace": null, "duration": 6.628, "name": "test_bad_system_calls", "age": 0, "failedSince": 0, "status": "PASSED", "testActions": [], "stdout": null, "className": "thrift_tests.TestMutations", "stderr": null, "errorDetails": null, "skippedMessage": null}, {"skipped": false, "errorStackTrace": null, "duration": 6.6, "name": "test_describe_ring_on_invalid_keyspace", "age": 0, "failedSince": 0, "status": "PASSED", "testActions": [], "stdout": null, "className": "thrift_tests.TestMutations", "stderr": null, "errorDetails": null, "skippedMessage": null}, {"skipped": false, "errorStackTrace": null, "duration": 17.831, "name": "aggregate_function_permissions_test", "age": 0, "failedSince": 0, "status": "PASSED", "testActions": [], "stdout": null, "className": "auth_roles_test.TestAuthRoles", "stderr": null, "errorDetails": null, "skippedMessage": null}, {"skipped": false, "errorStackTrace": null, "duration": 16.966, "name": "builtin_functions_require_no_special_permissions_test", "age": 0, "failedSince": 0, "status": "PASSED", "testActions": [], "stdout": null, "className": "auth_roles_test.TestAuthRoles", "stderr": null, "errorDetails": null, "skippedMessage": null}, {"skipped": false, "errorStackTrace": null, "duration": 16.248, "name": "conditional_create_drop_role_test", "age": 0, "failedSince": 0, "status": "PASSED", "testActions": [], "stdout": null, "className": "auth_roles_test.TestAuthRoles", "stderr": null, "errorDetails": null, "skippedMessage": null}, {"skipped": false, "errorStackTrace": null, "duration": 16.722, "name": "create_and_grant_roles_with_superuser_status_test", "age": 0, "failedSince": 0, "status": "PASSED", "testActions": [], "stdout": null, "className": "auth_roles_test.TestAuthRoles", "stderr": null, "errorDetails": null, "skippedMessage": null}, {"skipped": false, "errorStackTrace": null, "duration": 16.255, "name": "create_drop_role_test", "age": 0, "failedSince": 0, "status": "PASSED", "testActions": [], "stdout": null, "className": "auth_roles_test.TestAuthRoles", "stderr": null, "errorDetails": null, "skippedMessage": null}, {"skipped": false, "errorStackTrace": null, "duration": 16.76, "name": "create_drop_role_validation_test", "age": 0, "failedSince": 0, "status": "PASSED", "testActions": [], "stdout": null, "className": "auth_roles_test.TestAuthRoles", "stderr": null, "errorDetails": null, "skippedMessage": null}, {"skipped": false, "errorStackTrace": null, "duration": 16.405, "name": "create_user_as_alias_for_create_role_test", "age": 0, "failedSince": 0, "status": "PASSED", "testActions": [], "stdout": null, "className": "auth_roles_test.TestAuthRoles", "stderr": null, "errorDetails": null, "skippedMessage": null}, {"skipped": false, "errorStackTrace": null, "duration": 17.277, "name": "creator_of_db_resource_granted_all_permissions_test", "age": 0, "failedSince": 0, "status": "PASSED", "testActions": [], "stdout": null, "className": "auth_roles_test.TestAuthRoles", "stderr": null, "errorDetails": null, "skippedMessage": null}, {"skipped": false, "errorStackTrace": null, "duration": 16.451, "name": "disallow_grant_execute_on_non_function_resources_test", "age": 0, "failedSince": 0, "status": "PASSED", "testActions": [], "stdout": null, "className": "auth_roles_test.TestAuthRoles", "stderr": null, "errorDetails": null, "skippedMessage": null}, {"skipped": false, "errorStackTrace": null, "duration": 16.494, "name": "disallow_grant_revoke_on_builtin_functions_test", "age": 0, "failedSince": 0, "status": "PASSED", "testActions": [], "stdout": null, "className": "auth_roles_test.TestAuthRoles", "stderr": null, "errorDetails": null, "skippedMessage": null}, {"skipped": false, "errorStackTrace": null, "duration": 16.844, "name": "drop_and_revoke_roles_with_superuser_status_test", "age": 0, "failedSince": 0, "status": "PASSED", "testActions": [], "stdout": null, "className": "auth_roles_test.TestAuthRoles", "stderr": null, "errorDetails": null, "skippedMessage": null}, {"skipped": false, "errorStackTrace": null, "duration": 17.206, "name": "drop_function_and_keyspace_cleans_up_udf_permissions_test", "age": 0, "failedSince": 0, "status": "PASSED", "testActions": [], "stdout": null, "className": "auth_roles_test.TestAuthRoles", "stderr": null, "errorDetails": null, "skippedMessage": null}, {"skipped": false, "errorStackTrace": null, "duration": 17.121, "name": "drop_keyspace_cleans_up_function_level_permissions_test", "age": 0, "failedSince": 0, "status": "PASSED", "testActions": [], "stdout": null, "className": "auth_roles_test.TestAuthRoles", "stderr": null, "errorDetails": null, "skippedMessage": null}, {"skipped": false, "errorStackTrace": null, "duration": 16.944, "name": "drop_role_cleans_up_udf_permissions_test", "age": 0, "failedSince": 0, "status": "PASSED", "testActions": [], "stdout": null, "className": "auth_roles_test.TestAuthRoles", "stderr": null, "errorDetails": null, "skippedMessage": null}, {"skipped": false, "errorStackTrace": null, "duration": 16.352, "name": "drop_role_removes_memberships_test", "age": 0, "failedSince": 0, "status": "PASSED", "testActions": [], "stdout": null, "className": "auth_roles_test.TestAuthRoles", "stderr": null, "errorDetails": null, "skippedMessage": null}, {"skipped": false, "errorStackTrace": null, "duration": 16.296, "name": "drop_role_revokes_permissions_granted_on_it_test", "age": 0, "failedSince": 0, "status": "PASSED", "testActions": [], "stdout": null, "className": "auth_roles_test.TestAuthRoles", "stderr": null, "errorDetails": null, "skippedMessage": null}, {"skipped": false, "errorStackTrace": null, "duration": 17.107, "name": "filter_granted_permissions_by_resource_type_test", "age": 0, "failedSince": 0, "status": "PASSED", "testActions": [], "stdout": null, "className": "auth_roles_test.TestAuthRoles", "stderr": null, "errorDetails": null, "skippedMessage": null}, {"skipped": false, "errorStackTrace": null, "duration": 17.545, "name": "function_resource_hierarchy_permissions_test", "age": 0, "failedSince": 0, "status": "PASSED", "testActions": [], "stdout": null, "className": "auth_roles_test.TestAuthRoles", "stderr": null, "errorDetails": null, "skippedMessage": null}, {"skipped": false, "errorStackTrace": null, "duration": 16.659, "name": "grant_revoke_are_idempotent_test", "age": 0, "failedSince": 0, "status": "PASSED", "testActions": [], "stdout": null, "className": "auth_roles_test.TestAuthRoles", "stderr": null, "errorDetails": null, "skippedMessage": null}, {"skipped": false, "errorStackTrace": null, "duration": 17.026, "name": "grant_revoke_permissions_test", "age": 0, "failedSince": 0, "status": "PASSED", "testActions": [], "stdout": null, "className": "auth_roles_test.TestAuthRoles", "stderr": null, "errorDetails": null, "skippedMessage": null}, {"skipped": false, "errorStackTrace": null, "duration": 16.804, "name": "grant_revoke_role_validation_test", "age": 0, "failedSince": 0, "status": "PASSED", "testActions": [], "stdout": null, "className": "auth_roles_test.TestAuthRoles", "stderr": null, "errorDetails": null, "skippedMessage": null}, {"skipped": false, "errorStackTrace": null, "duration": 16.396, "name": "grant_revoke_roles_test", "age": 0, "failedSince": 0, "status": "PASSED", "testActions": [], "stdout": null, "className": "auth_roles_test.TestAuthRoles", "stderr": null, "errorDetails": null, "skippedMessage": null}, {"skipped": false, "errorStackTrace": null, "duration": 16.852, "name": "grant_revoke_udf_permissions_test", "age": 0, "failedSince": 0, "status": "PASSED", "testActions": [], "stdout": null, "className": "auth_roles_test.TestAuthRoles", "stderr": null, "errorDetails": null, "skippedMessage": null}, {"skipped": false, "errorStackTrace": null, "duration": 16.192, "name": "ignore_invalid_roles_test", "age": 0, "failedSince": 0, "status": "PASSED", "testActions": [], "stdout": null, "className": "auth_roles_test.TestAuthRoles", "stderr": null, "errorDetails": null, "skippedMessage": null}, {"skipped": false, "errorStackTrace": null, "duration": 17.249, "name": "inheritence_of_udf_permissions_test", "age": 0, "failedSince": 0, "status": "PASSED", "testActions": [], "stdout": null, "className": "auth_roles_test.TestAuthRoles", "stderr": null, "errorDetails": null, "skippedMessage": null}, {"skipped": false, "errorStackTrace": null, "duration": 17.879, "name": "list_permissions_test", "age": 0, "failedSince": 0, "status": "PASSED", "testActions": [], "stdout": null, "className": "auth_roles_test.TestAuthRoles", "stderr": null, "errorDetails": null, "skippedMessage": null}, {"skipped": false, "errorStackTrace": null, "duration": 17.118, "name": "list_permissions_validation_test", "age": 0, "failedSince": 0, "status": "PASSED", "testActions": [], "stdout": null, "className": "auth_roles_test.TestAuthRoles", "stderr": null, "errorDetails": null, "skippedMessage": null}, {"skipped": false, "errorStackTrace": null, "duration": 16.804, "name": "list_roles_test", "age": 0, "failedSince": 0, "status": "PASSED", "testActions": [], "stdout": null, "className": "auth_roles_test.TestAuthRoles", "stderr": null, "errorDetails": null, "skippedMessage": null}, {"skipped": false, "errorStackTrace": null, "duration": 16.254, "name": "list_users_considers_inherited_superuser_status_test", "age": 0, "failedSince": 0, "status": "PASSED", "testActions": [], "stdout": null, "className": "auth_roles_test.TestAuthRoles", "stderr": null, "errorDetails": null, "skippedMessage": null}, {"skipped": false, "errorStackTrace": null, "duration": 16.243, "name": "prevent_circular_grants_test", "age": 0, "failedSince": 0, "status": "PASSED", "testActions": [], "stdout": null, "className": "auth_roles_test.TestAuthRoles", "stderr": null, "errorDetails": null, "skippedMessage": null}, {"skipped": false, "errorStackTrace": null, "duration": 18.092, "name": "role_admin_validation_test", "age": 0, "failedSince": 0, "status": "PASSED", "testActions": [], "stdout": null, "className": "auth_roles_test.TestAuthRoles", "stderr": null, "errorDetails": null, "skippedMessage": null}, {"skipped": false, "errorStackTrace": null, "duration": 18.952, "name": "role_caching_authenticated_user_test", "age": 0, "failedSince": 0, "status": "PASSED", "testActions": [], "stdout": null, "className": "auth_roles_test.TestAuthRoles", "stderr": null, "errorDetails": null, "skippedMessage": null}, {"skipped": false, "errorStackTrace": null, "duration": 18.926, "name": "role_name_test", "age": 0, "failedSince": 0, "status": "PASSED", "testActions": [], "stdout": null, "className": "auth_roles_test.TestAuthRoles", "stderr": null, "errorDetails": null, "skippedMessage": null}, {"skipped": false, "errorStackTrace": null, "duration": 17.197, "name": "role_requires_login_privilege_to_authenticate_test", "age": 0, "failedSince": 0, "status": "PASSED", "testActions": [], "stdout": null, "className": "auth_roles_test.TestAuthRoles", "stderr": null, "errorDetails": null, "skippedMessage": null}, {"skipped": false, "errorStackTrace": null, "duration": 16.831, "name": "role_requires_password_to_login_test", "age": 0, "failedSince": 0, "status": "PASSED", "testActions": [], "stdout": null, "className": "auth_roles_test.TestAuthRoles", "stderr": null, "errorDetails": null, "skippedMessage": null}, {"skipped": false, "errorStackTrace": null, "duration": 16.51, "name": "roles_do_not_inherit_login_privilege_test", "age": 0, "failedSince": 0, "status": "PASSED", "testActions": [], "stdout": null, "className": "auth_roles_test.TestAuthRoles", "stderr": null, "errorDetails": null, "skippedMessage": null}, {"skipped": false, "errorStackTrace": null, "duration": 16.763, "name": "superuser_status_is_inherited_test", "age": 0, "failedSince": 0, "status": "PASSED", "testActions": [], "stdout": null, "className": "auth_roles_test.TestAuthRoles", "stderr": null, "errorDetails": null, "skippedMessage": null}, {"skipped": false, "errorStackTrace": null, "duration": 17.116, "name": "udf_permissions_in_delete_test", "age": 0, "failedSince": 0, "status": "PASSED", "testActions": [], "stdout": null, "className": "auth_roles_test.TestAuthRoles", "stderr": null, "errorDetails": null, "skippedMessage": null}, {"skipped": false, "errorStackTrace": null, "duration": 17.221, "name": "udf_permissions_in_insert_test", "age": 0, "failedSince": 0, "status": "PASSED", "testActions": [], "stdout": null, "className": "auth_roles_test.TestAuthRoles", "stderr": null, "errorDetails": null, "skippedMessage": null}, {"skipped": false, "errorStackTrace": null, "duration": 17.362, "name": "udf_permissions_in_select_where_clause_test", "age": 0, "failedSince": 0, "status": "PASSED", "testActions": [], "stdout": null, "className": "auth_roles_test.TestAuthRoles", "stderr": null, "errorDetails": null, "skippedMessage": null}, {"skipped": false, "errorStackTrace": null, "duration": 17.168, "name": "udf_permissions_in_selection_test", "age": 0, "failedSince": 0, "status": "PASSED", "testActions": [], "stdout": null, "className": "auth_roles_test.TestAuthRoles", "stderr": null, "errorDetails": null, "skippedMessage": null}, {"skipped": false, "errorStackTrace": null, "duration": 17.187, "name": "udf_permissions_in_update_test", "age": 0, "failedSince": 0, "status": "PASSED", "testActions": [], "stdout": null, "className": "auth_roles_test.TestAuthRoles", "stderr": null, "errorDetails": null, "skippedMessage": null}, {"skipped": false, "errorStackTrace": null, "duration": 17.546, "name": "udf_permissions_validation_test", "age": 0, "failedSince": 0, "status": "PASSED", "testActions": [], "stdout": null, "className": "auth_roles_test.TestAuthRoles", "stderr": null, "errorDetails": null, "skippedMessage": null}, {"skipped": false, "errorStackTrace": null, "duration": 17.047, "name": "udf_with_overloads_permissions_test", "age": 0, "failedSince": 0, "status": "PASSED", "testActions": [], "stdout": null, "className": "auth_roles_test.TestAuthRoles", "stderr": null, "errorDetails": null, "skippedMessage": null}, {"skipped": true, "errorStackTrace": null, "duration": 0.055, "name": "range_query_2ndary_test", "age": 3, "failedSince": 321, "status": "SKIPPED", "testActions": [], "stdout": null, "className": "deprecated_cql_tests.TestCQL", "stderr": null, "errorDetails": null, "skippedMessage": "2.2.2 > 2.0.x"}, {"skipped": true, "errorStackTrace": null, "duration": 0.103, "name": "compression_option_validation_test", "age": 3, "failedSince": 321, "status": "SKIPPED", "testActions": [], "stdout": null, "className": "deprecated_cql_tests.TestCQL", "stderr": null, "errorDetails": null, "skippedMessage": "2.2.2 > 2.0.x"}, {"skipped": true, "errorStackTrace": null, "duration": 0.1, "name": "order_by_with_in_test", "age": 3, "failedSince": 321, "status": "SKIPPED", "testActions": [], "stdout": null, "className": "deprecated_cql_tests.TestCQL", "stderr": null, "errorDetails": null, "skippedMessage": "2.2.2 > 2.0.x"}, {"skipped": true, "errorStackTrace": null, "duration": 0.101, "name": "bug_4882_test", "age": 47, "failedSince": 277, "status": "SKIPPED", "testActions": [], "stdout": null, "className": "deprecated_cql_tests.TestCQL", "stderr": null, "errorDetails": null, "skippedMessage": "2.2.2 > 2.0.x"}, {"skipped": true, "errorStackTrace": null, "duration": 0.101, "name": "static_with_empty_clustering_test", "age": 48, "failedSince": 276, "status": "SKIPPED", "testActions": [], "stdout": null, "className": "deprecated_cql_tests.TestCQL", "stderr": null, "errorDetails": null, "skippedMessage": "2.2.2 > 2.0.x"}, {"skipped": true, "errorStackTrace": null, "duration": 0.1, "name": "conversion_functions_test", "age": 47, "failedSince": 277, "status": "SKIPPED", "testActions": [], "stdout": null, "className": "deprecated_cql_tests.TestCQL", "stderr": null, "errorDetails": null, "skippedMessage": "2.2.2 > 2.0.x"}, {"skipped": true, "errorStackTrace": null, "duration": 0.1, "name": "function_with_null_test", "age": 47, "failedSince": 277, "status": "SKIPPED", "testActions": [], "stdout": null, "className": "deprecated_cql_tests.TestCQL", "stderr": null, "errorDetails": null, "skippedMessage": "2.2.2 > 2.0.x"}, {"skipped": true, "errorStackTrace": null, "duration": 0.1, "name": "tuple_notation_test", "age": 3, "failedSince": 321, "status": "SKIPPED", "testActions": [], "stdout": null, "className": "deprecated_cql_tests.TestCQL", "stderr": null, "errorDetails": null, "skippedMessage": "2.2.2 > 2.0.x"}, {"skipped": true, "errorStackTrace": null, "duration": 0.1, "name": "null_support_test", "age": 47, "failedSince": 277, "status": "SKIPPED", "testActions": [], "stdout": null, "className": "deprecated_cql_tests.TestCQL", "stderr": null, "errorDetails": null, "skippedMessage": "2.2.2 > 2.0.x"}, {"skipped": true, "errorStackTrace": null, "duration": 0.099, "name": "static_columns_test", "age": 49, "failedSince": 275, "status": "SKIPPED", "testActions": [], "stdout": null, "className": "deprecated_cql_tests.TestCQL", "stderr": null, "errorDetails": null, "skippedMessage": "2.2.2 > 2.0.x"}, {"skipped": true, "errorStackTrace": null, "duration": 0.1, "name": "collection_and_regular_test", "age": 3, "failedSince": 321, "status": "SKIPPED", "testActions": [], "stdout": null, "className": "deprecated_cql_tests.TestCQL", "stderr": null, "errorDetails": null, "skippedMessage": "2.2.2 > 2.0.x"}, {"skipped": true, "errorStackTrace": null, "duration": 0.1, "name": "bug_6327_test", "age": 3, "failedSince": 321, "status": "SKIPPED", "testActions": [], "stdout": null, "className": "deprecated_cql_tests.TestCQL", "stderr": null, "errorDetails": null, "skippedMessage": "2.2.2 > 2.0.x"}, {"skipped": true, "errorStackTrace": null, "duration": 0.101, "name": "set_test", "age": 3, "failedSince": 321, "status": "SKIPPED", "testActions": [], "stdout": null, "className": "deprecated_cql_tests.TestCQL", "stderr": null, "errorDetails": null, "skippedMessage": "2.2.2 > 2.0.x"}, {"skipped": true, "errorStackTrace": null, "duration": 0.1, "name": "clustering_order_in_test", "age": 47, "failedSince": 277, "status": "SKIPPED", "testActions": [], "stdout": null, "className": "deprecated_cql_tests.TestCQL", "stderr": null, "errorDetails": null, "skippedMessage": "2.2.2 > 2.0.x"}, {"skipped": true, "errorStackTrace": null, "duration": 0.1, "name": "select_count_paging_test", "age": 3, "failedSince": 321, "status": "SKIPPED", "testActions": [], "stdout": null, "className": "deprecated_cql_tests.TestCQL", "stderr": null, "errorDetails": null, "skippedMessage": "2.2.2 > 2.0.x"}, {"skipped": true, "errorStackTrace": null, "duration": 0.099, "name": "composite_index_collections_test", "age": 47, "failedSince": 277, "status": "SKIPPED", "testActions": [], "stdout": null, "className": "deprecated_cql_tests.TestCQL", "stderr": null, "errorDetails": null, "skippedMessage": "2.2.2 > 2.0.x"}, {"skipped": true, "errorStackTrace": null, "duration": 0.099, "name": "in_with_desc_order_test", "age": 51, "failedSince": 273, "status": "SKIPPED", "testActions": [], "stdout": null, "className": "deprecated_cql_tests.TestCQL", "stderr": null, "errorDetails": null, "skippedMessage": "2.2.2 > 2.0.x"}, {"skipped": true, "errorStackTrace": null, "duration": 0.099, "name": "empty_in_test", "age": 3, "failedSince": 321, "status": "SKIPPED", "testActions": [], "stdout": null, "className": "deprecated_cql_tests.TestCQL", "stderr": null, "errorDetails": null, "skippedMessage": "2.2.2 > 2.0.x"}, {"skipped": true, "errorStackTrace": null, "duration": 0.099, "name": "batch_test", "age": 3, "failedSince": 321, "status": "SKIPPED", "testActions": [], "stdout": null, "className": "deprecated_cql_tests.TestCQL", "stderr": null, "errorDetails": null, "skippedMessage": "2.2.2 > 2.0.x"}, {"skipped": true, "errorStackTrace": null, "duration": 0.099, "name": "conditional_ddl_table_test", "age": 3, "failedSince": 321, "status": "SKIPPED", "testActions": [], "stdout": null, "className": "deprecated_cql_tests.TestCQL", "stderr": null, "errorDetails": null, "skippedMessage": "2.2.2 > 2.0.x"}, {"skipped": true, "errorStackTrace": null, "duration": 0.051, "name": "whole_map_conditional_test", "age": 3, "failedSince": 321, "status": "SKIPPED", "testActions": [], "stdout": null, "className": "upgrade_tests.cql_tests.TestCQL", "stderr": null, "errorDetails": null, "skippedMessage": "2.2.2 < 3.0"}, {"skipped": true, "errorStackTrace": null, "duration": 0.099, "name": "select_key_in_test", "age": 48, "failedSince": 276, "status": "SKIPPED", "testActions": [], "stdout": null, "className": "upgrade_tests.cql_tests.TestCQL", "stderr": null, "errorDetails": null, "skippedMessage": "2.2.2 < 3.0"}, {"skipped": true, "errorStackTrace": null, "duration": 0.099, "name": "static_columns_with_distinct_test", "age": 58, "failedSince": 266, "status": "SKIPPED", "testActions": [], "stdout": null, "className": "upgrade_tests.cql_tests.TestCQL", "stderr": null, "errorDetails": null, "skippedMessage": "2.2.2 < 3.0"}, {"skipped": true, "errorStackTrace": null, "duration": 0.098, "name": "non_eq_conditional_update_test", "age": 3, "failedSince": 321, "status": "SKIPPED", "testActions": [], "stdout": null, "className": "upgrade_tests.cql_tests.TestCQL", "stderr": null, "errorDetails": null, "skippedMessage": "2.2.2 < 3.0"}, {"skipped": true, "errorStackTrace": null, "duration": 0.099, "name": "delete_row_test", "age": 3, "failedSince": 321, "status": "SKIPPED", "testActions": [], "stdout": null, "className": "upgrade_tests.cql_tests.TestCQL", "stderr": null, "errorDetails": null, "skippedMessage": "2.2.2 < 3.0"}, {"skipped": true, "errorStackTrace": null, "duration": 0.099, "name": "boolean_test", "age": 47, "failedSince": 277, "status": "SKIPPED", "testActions": [], "stdout": null, "className": "upgrade_tests.cql_tests.TestCQL", "stderr": null, "errorDetails": null, "skippedMessage": "2.2.2 < 3.0"}, {"skipped": true, "errorStackTrace": null, "duration": 0.099, "name": "list_test", "age": 3, "failedSince": 321, "status": "SKIPPED", "testActions": [], "stdout": null, "className": "upgrade_tests.cql_tests.TestCQL", "stderr": null, "errorDetails": null, "skippedMessage": "2.2.2 < 3.0"}, {"skipped": true, "errorStackTrace": null, "duration": 0.098, "name": "limit_bugs_test", "age": 3, "failedSince": 321, "status": "SKIPPED", "testActions": [], "stdout": null, "className": "upgrade_tests.cql_tests.TestCQL", "stderr": null, "errorDetails": null, "skippedMessage": "2.2.2 < 3.0"}, {"skipped": true, "errorStackTrace": null, "duration": 0.1, "name": "static_columns_with_2i_test", "age": 47, "failedSince": 277, "status": "SKIPPED", "testActions": [], "stdout": null, "className": "upgrade_tests.cql_tests.TestCQL", "stderr": null, "errorDetails": null, "skippedMessage": "2.2.2 < 3.0"}, {"skipped": true, "errorStackTrace": null, "duration": 0.098, "name": "in_clause_wide_rows_test", "age": 6, "failedSince": 318, "status": "SKIPPED", "testActions": [], "stdout": null, "className": "upgrade_tests.cql_tests.TestCQL", "stderr": null, "errorDetails": null, "skippedMessage": "2.2.2 < 3.0"}, {"skipped": true, "errorStackTrace": null, "duration": 0.099, "name": "order_by_validation_test", "age": 47, "failedSince": 277, "status": "SKIPPED", "testActions": [], "stdout": null, "className": "upgrade_tests.cql_tests.TestCQL", "stderr": null, "errorDetails": null, "skippedMessage": "2.2.2 < 3.0"}, {"skipped": true, "errorStackTrace": null, "duration": 0.099, "name": "bug_6612_test", "age": 47, "failedSince": 277, "status": "SKIPPED", "testActions": [], "stdout": null, "className": "upgrade_tests.cql_tests.TestCQL", "stderr": null, "errorDetails": null, "skippedMessage": "2.2.2 < 3.0"}, {"skipped": true, "errorStackTrace": null, "duration": 0.099, "name": "timeuuid_test", "age": 47, "failedSince": 277, "status": "SKIPPED", "testActions": [], "stdout": null, "className": "upgrade_tests.cql_tests.TestCQL", "stderr": null, "errorDetails": null, "skippedMessage": "2.2.2 < 3.0"}, {"skipped": true, "errorStackTrace": null, "duration": 0.098, "name": "collection_and_regular_test", "age": 3, "failedSince": 321, "status": "SKIPPED", "testActions": [], "stdout": null, "className": "upgrade_tests.cql_tests.TestCQL", "stderr": null, "errorDetails": null, "skippedMessage": "2.2.2 < 3.0"}, {"skipped": true, "errorStackTrace": null, "duration": 0.052, "name": "test_cell_TTL_expiry_during_paging", "age": 3, "failedSince": 321, "status": "SKIPPED", "testActions": [], "stdout": null, "className": "upgrade_tests.paging_test.TestPagingDatasetChanges", "stderr": null, "errorDetails": null, "skippedMessage": "2.2.2 < 3.0"}, {"skipped": true, "errorStackTrace": null, "duration": 0.052, "name": "drop_table_test", "age": 3, "failedSince": 321, "status": "SKIPPED", "testActions": [], "stdout": null, "className": "materialized_views_test.TestMaterializedViews", "stderr": null, "errorDetails": null, "skippedMessage": "2.2.2 < 3.0"}, {"skipped": true, "errorStackTrace": null, "duration": 0.099, "name": "lwt_test", "age": 3, "failedSince": 321, "status": "SKIPPED", "testActions": [], "stdout": null, "className": "materialized_views_test.TestMaterializedViews", "stderr": null, "errorDetails": null, "skippedMessage": "2.2.2 < 3.0"}, {"skipped": true, "errorStackTrace": null, "duration": 0.051, "name": "nodetool_test", "age": 3, "failedSince": 321, "status": "SKIPPED", "testActions": [], "stdout": null, "className": "hintedhandoff_test.TestHintedHandoffConfig", "stderr": null, "errorDetails": null, "skippedMessage": "2.2.2 < 3.0"}, {"skipped": false, "errorStackTrace": null, "duration": 242.162, "name": "wide_row_test", "age": 0, "failedSince": 0, "status": "PASSED", "testActions": [], "stdout": null, "className": "putget_test.TestPutGet", "stderr": null, "errorDetails": null, "skippedMessage": null}, {"skipped": false, "errorStackTrace": null, "duration": 199.127, "name": "test_network_topology_strategy_users", "age": 0, "failedSince": 0, "status": "PASSED", "testActions": [], "stdout": null, "className": "consistency_test.TestAccuracy", "stderr": null, "errorDetails": null, "skippedMessage": null}, {"skipped": false, "errorStackTrace": null, "duration": 26.21, "name": "quorum_available_during_failure_test", "age": 0, "failedSince": 0, "status": "PASSED", "testActions": [], "stdout": null, "className": "consistency_test.TestConsistency", "stderr": null, "errorDetails": null, "skippedMessage": null}, {"skipped": false, "errorStackTrace": null, "duration": 122.632, "name": "replace_shutdown_node_test", "age": 0, "failedSince": 0, "status": "PASSED", "testActions": [], "stdout": null, "className": "replace_address_test.TestReplaceAddress", "stderr": null, "errorDetails": null, "skippedMessage": null}, {"skipped": false, "errorStackTrace": null, "duration": 92.062, "name": "killed_wiped_node_cannot_join_test", "age": 0, "failedSince": 0, "status": "PASSED", "testActions": [], "stdout": null, "className": "bootstrap_test.TestBootstrap", "stderr": null, "errorDetails": null, "skippedMessage": null}, {"skipped": false, "errorStackTrace": null, "duration": 94.272, "name": "sstable_repairedset_test", "age": 0, "failedSince": 0, "status": "PASSED", "testActions": [], "stdout": null, "className": "incremental_repair_test.TestIncRepair", "stderr": null, "errorDetails": null, "skippedMessage": null}, {"skipped": false, "errorStackTrace": null, "duration": 51.972, "name": "compaction_test", "age": 0, "failedSince": 0, "status": "FIXED", "testActions": [], "stdout": null, "className": "incremental_repair_test.TestIncRepair", "stderr": null, "errorDetails": null, "skippedMessage": null}, {"skipped": false, "errorStackTrace": null, "duration": 80.064, "name": "sstableloader_compression_snappy_to_none_test", "age": 0, "failedSince": 0, "status": "PASSED", "testActions": [], "stdout": null, "className": "sstable_generation_loading_test.TestSSTableGenerationAndLoading", "stderr": null, "errorDetails": null, "skippedMessage": null}, {"skipped": false, "errorStackTrace": null, "duration": 76.855, "name": "test_rf_collapse_gossiping_property_file_snitch", "age": 0, "failedSince": 0, "status": "PASSED", "testActions": [], "stdout": null, "className": "replication_test.SnitchConfigurationUpdateTest", "stderr": null, "errorDetails": null, "skippedMessage": null}, {"skipped": false, "errorStackTrace": null, "duration": 61.774, "name": "changes_while_node_toggle_test", "age": 0, "failedSince": 0, "status": "PASSED", "testActions": [], "stdout": null, "className": "concurrent_schema_changes_test.TestConcurrentSchemaChanges", "stderr": null, "errorDetails": null, "skippedMessage": null}, {"skipped": false, "errorStackTrace": null, "duration": 41.838, "name": "table_metric_mbeans_test", "age": 0, "failedSince": 0, "status": "PASSED", "testActions": [], "stdout": null, "className": "jmx_test.TestJMX", "stderr": null, "errorDetails": null, "skippedMessage": null}, {"skipped": false, "errorStackTrace": null, "duration": 39.111, "name": "test_mutation_quorum", "age": 0, "failedSince": 0, "status": "PASSED", "testActions": [], "stdout": null, "className": "write_failures_test.TestWriteFailures", "stderr": null, "errorDetails": null, "skippedMessage": null}, {"skipped": false, "errorStackTrace": null, "duration": 30.715, "name": "test_nested_user_types", "age": 0, "failedSince": 0, "status": "PASSED", "testActions": [], "stdout": null, "className": "user_types_test.TestUserTypes", "stderr": null, "errorDetails": null, "skippedMessage": null}, {"skipped": false, "errorStackTrace": null, "duration": 29.224, "name": "test_scrub_static_table", "age": 0, "failedSince": 0, "status": "PASSED", "testActions": [], "stdout": null, "className": "scrub_test.TestScrubIndexes", "stderr": null, "errorDetails": null, "skippedMessage": null}, {"skipped": false, "errorStackTrace": null, "duration": 24.567, "name": "test_with_limit", "age": 0, "failedSince": 0, "status": "FIXED", "testActions": [], "stdout": null, "className": "paging_test.TestPagingWithModifiers", "stderr": null, "errorDetails": null, "skippedMessage": null}, {"skipped": false, "errorStackTrace": null, "duration": 21.904, "name": "test_with_more_results_than_page_size", "age": 0, "failedSince": 0, "status": "FIXED", "testActions": [], "stdout": null, "className": "paging_test.TestPagingSize", "stderr": null, "errorDetails": null, "skippedMessage": null}, {"skipped": false, "errorStackTrace": null, "duration": 22.875, "name": "disable_autocompaction_alter_test", "age": 0, "failedSince": 0, "status": "PASSED", "testActions": [], "stdout": null, "className": "compaction_test.TestCompaction_with_DateTieredCompactionStrategy", "stderr": null, "errorDetails": null, "skippedMessage": null}, {"skipped": false, "errorStackTrace": null, "duration": 17.676, "name": "test_login_keeps_keyspace", "age": 0, "failedSince": 0, "status": "PASSED", "testActions": [], "stdout": "(EE)  ", "className": "cqlsh_tests.cqlsh_tests.CqlLoginTest", "stderr": null, "errorDetails": null, "skippedMessage": null}, {"skipped": false, "errorStackTrace": null, "duration": 6.964, "name": "test_past_and_future_dates", "age": 0, "failedSince": 0, "status": "PASSED", "testActions": [], "stdout": "(EE)  ", "className": "cqlsh_tests.cqlsh_tests.TestCqlsh", "stderr": null, "errorDetails": null, "skippedMessage": null}, {"skipped": false, "errorStackTrace": null, "duration": 7.693, "name": "tracing_from_system_traces_test", "age": 0, "failedSince": 0, "status": "PASSED", "testActions": [], "stdout": null, "className": "cqlsh_tests.cqlsh_tests.TestCqlsh", "stderr": null, "errorDetails": null, "skippedMessage": null}, {"skipped": false, "errorStackTrace": null, "duration": 6.798, "name": "select_element_inside_udt_test", "age": 0, "failedSince": 0, "status": "PASSED", "testActions": [], "stdout": null, "className": "cqlsh_tests.cqlsh_tests.TestCqlsh", "stderr": null, "errorDetails": null, "skippedMessage": null}, {"skipped": false, "errorStackTrace": null, "duration": 6.681, "name": "test_client_warnings", "age": 0, "failedSince": 0, "status": "PASSED", "testActions": [], "stdout": null, "className": "cqlsh_tests.cqlsh_tests.TestCqlsh", "stderr": null, "errorDetails": null, "skippedMessage": null}, {"skipped": false, "errorStackTrace": "  File \"/usr/lib/python2.7/unittest/case.py\", line 329, in run\n    testMethod()\n  File \"/home/automaton/cassandra-dtest/cqlsh_tests/cqlsh_copy_tests.py\", line 496, in test_explicit_column_order_reading\n    self.assertCsvResultEqual(reference_file.name, results)\n  File \"/home/automaton/cassandra-dtest/cqlsh_tests/cqlsh_copy_tests.py\", line 167, in assertCsvResultEqual\n    raise e\n\"Element counts were not equal:\\nFirst has 1, Second has 0:  ['1', 'ham', '20']\\nFirst has 1, Second has 0:  ['2', 'eggs', '40']\\nFirst has 1, Second has 0:  ['3', 'beans', '60']\\nFirst has 1, Second has 0:  ['4', 'toast', '80']\\n-------------------- >> begin captured logging << --------------------\\ndtest: DEBUG: cluster ccm directory: /mnt/tmp/dtest-CoThPt\\ndtest: WARNING: Different # of entries. CSV: 4 vs results: 0\\n--------------------- >> end captured logging << ---------------------\"", "duration": 6.612, "name": "test_explicit_column_order_reading", "age": 8, "failedSince": 316, "status": "FAILED", "testActions": [], "stdout": "(EE)  <stdin>:2:(EE)  'QueryMessage' object has no attribute 'to_binary'(EE)  <stdin>:2:Aborting import at record #3. Previously inserted records are still present, and some records after that may be present as well.(EE)  ", "className": "cqlsh_tests.cqlsh_copy_tests.CqlshCopyTest", "stderr": null, "errorDetails": "Element counts were not equal:\nFirst has 1, Second has 0:  ['1', 'ham', '20']\nFirst has 1, Second has 0:  ['2', 'eggs', '40']\nFirst has 1, Second has 0:  ['3', 'beans', '60']\nFirst has 1, Second has 0:  ['4', 'toast', '80']\n-------------------- >> begin captured logging << --------------------\ndtest: DEBUG: cluster ccm directory: /mnt/tmp/dtest-CoThPt\ndtest: WARNING: Different # of entries. CSV: 4 vs results: 0\n--------------------- >> end captured logging << ---------------------", "skippedMessage": null}, {"skipped": false, "errorStackTrace": "  File \"/usr/lib/python2.7/unittest/case.py\", line 329, in run\n    testMethod()\n  File \"/home/automaton/cassandra-dtest/cqlsh_tests/cqlsh_copy_tests.py\", line 655, in test_read_invalid_uuid\n    self.data_validation_on_read_template(uuid4(), expect_invalid=True)\n  File \"/home/automaton/cassandra-dtest/cqlsh_tests/cqlsh_copy_tests.py\", line 628, in data_validation_on_read_template\n    self.assertRegexpMatches('Bad [Rr]equest', err)\n  File \"/usr/lib/python2.7/unittest/case.py\", line 1002, in assertRegexpMatches\n    raise self.failureException(msg)\n'Regexp didn\\'t match: \"<stdin>:2:\\\\n\\'QueryMessage\\' object has no attribute \\'to_binary\\'\\\\n<stdin>:2:Aborting import at record #1. Previously inserted records are still present, and some records after that may be present as well.\\\\n\" not found in \\'Bad [Rr]equest\\'\\n-------------------- >> begin captured logging << --------------------\\ndtest: DEBUG: cluster ccm directory: /mnt/tmp/dtest-cy78ON\\n--------------------- >> end captured logging << ---------------------'", "duration": 6.681, "name": "test_read_invalid_uuid", "age": 8, "failedSince": 316, "status": "FAILED", "testActions": [], "stdout": "(EE)  <stdin>:2:(EE)  'QueryMessage' object has no attribute 'to_binary'(EE)  <stdin>:2:Aborting import at record #1. Previously inserted records are still present, and some records after that may be present as well.(EE)  ", "className": "cqlsh_tests.cqlsh_copy_tests.CqlshCopyTest", "stderr": null, "errorDetails": "Regexp didn't match: \"<stdin>:2:\\n'QueryMessage' object has no attribute 'to_binary'\\n<stdin>:2:Aborting import at record #1. Previously inserted records are still present, and some records after that may be present as well.\\n\" not found in 'Bad [Rr]equest'\n-------------------- >> begin captured logging << --------------------\ndtest: DEBUG: cluster ccm directory: /mnt/tmp/dtest-cy78ON\n--------------------- >> end captured logging << ---------------------", "skippedMessage": null}, {"skipped": false, "errorStackTrace": null, "duration": 6.632, "name": "test_all_datatypes_write", "age": 0, "failedSince": 0, "status": "PASSED", "testActions": [], "stdout": "(EE)  ", "className": "cqlsh_tests.cqlsh_copy_tests.CqlshCopyTest", "stderr": null, "errorDetails": null, "skippedMessage": null}, {"skipped": false, "errorStackTrace": null, "duration": 16.553, "name": "list_users_test", "age": 0, "failedSince": 0, "status": "PASSED", "testActions": [], "stdout": null, "className": "auth_test.TestAuth", "stderr": null, "errorDetails": null, "skippedMessage": null}, {"skipped": false, "errorStackTrace": null, "duration": 16.183, "name": "users_cant_alter_their_superuser_status_test", "age": 0, "failedSince": 0, "status": "PASSED", "testActions": [], "stdout": null, "className": "auth_test.TestAuth", "stderr": null, "errorDetails": null, "skippedMessage": null}, {"skipped": false, "errorStackTrace": null, "duration": 14.229, "name": "update_column_ttl_with_default_ttl_test2", "age": 0, "failedSince": 0, "status": "PASSED", "testActions": [], "stdout": null, "className": "ttl_test.TestTTL", "stderr": null, "errorDetails": null, "skippedMessage": null}, {"skipped": false, "errorStackTrace": null, "duration": 9.565, "name": "test_simple_expiration_batch_mutate", "age": 0, "failedSince": 0, "status": "PASSED", "testActions": [], "stdout": null, "className": "thrift_tests.TestMutations", "stderr": null, "errorDetails": null, "skippedMessage": null}, {"skipped": false, "errorStackTrace": null, "duration": 6.926, "name": "test_incr_decr_super_add", "age": 0, "failedSince": 0, "status": "PASSED", "testActions": [], "stdout": null, "className": "thrift_tests.TestMutations", "stderr": null, "errorDetails": null, "skippedMessage": null}, {"skipped": false, "errorStackTrace": null, "duration": 6.532, "name": "test_super_cf_remove_and_range_slice", "age": 0, "failedSince": 0, "status": "PASSED", "testActions": [], "stdout": null, "className": "thrift_tests.TestMutations", "stderr": null, "errorDetails": null, "skippedMessage": null}, {"skipped": false, "errorStackTrace": null, "duration": 6.79, "name": "test_wrapped_range_slices", "age": 0, "failedSince": 0, "status": "PASSED", "testActions": [], "stdout": null, "className": "thrift_tests.TestMutations", "stderr": null, "errorDetails": null, "skippedMessage": null}, {"skipped": false, "errorStackTrace": null, "duration": 6.599, "name": "test_super_reinsert", "age": 0, "failedSince": 0, "status": "PASSED", "testActions": [], "stdout": null, "className": "thrift_tests.TestMutations", "stderr": null, "errorDetails": null, "skippedMessage": null}, {"skipped": false, "errorStackTrace": null, "duration": 6.545, "name": "test_multi_slice", "age": 0, "failedSince": 0, "status": "PASSED", "testActions": [], "stdout": null, "className": "thrift_tests.TestMutations", "stderr": null, "errorDetails": null, "skippedMessage": null}, {"skipped": false, "errorStackTrace": null, "duration": 6.59, "name": "test_invalid_strategy_class", "age": 0, "failedSince": 0, "status": "PASSED", "testActions": [], "stdout": null, "className": "thrift_tests.TestMutations", "stderr": null, "errorDetails": null, "skippedMessage": null}, {"skipped": false, "errorStackTrace": null, "duration": 6.799, "name": "test_index_scan_uuid_names", "age": 0, "failedSince": 0, "status": "PASSED", "testActions": [], "stdout": null, "className": "thrift_tests.TestMutations", "stderr": null, "errorDetails": null, "skippedMessage": null}, {"skipped": false, "errorStackTrace": null, "duration": 6.252, "name": "nondefault_table_settings_test", "age": 0, "failedSince": 0, "status": "PASSED", "testActions": [], "stdout": null, "className": "schema_metadata_test.TestSchemaMetadata", "stderr": null, "errorDetails": null, "skippedMessage": null}, {"skipped": false, "errorStackTrace": null, "duration": 6.861, "name": "uda_test", "age": 0, "failedSince": 0, "status": "PASSED", "testActions": [], "stdout": null, "className": "schema_metadata_test.TestSchemaMetadata", "stderr": null, "errorDetails": null, "skippedMessage": null}, {"skipped": false, "errorStackTrace": null, "duration": 478.156, "name": "sstableverify_test", "age": 0, "failedSince": 0, "status": "PASSED", "testActions": [], "stdout": null, "className": "offline_tools_test.TestOfflineTools", "stderr": null, "errorDetails": null, "skippedMessage": null}, {"skipped": false, "errorStackTrace": null, "duration": 137.463, "name": "multiple_repair_test", "age": 0, "failedSince": 0, "status": "PASSED", "testActions": [], "stdout": null, "className": "incremental_repair_test.TestIncRepair", "stderr": null, "errorDetails": null, "skippedMessage": null}, {"skipped": false, "errorStackTrace": null, "duration": 90.688, "name": "simple_rebuild_test", "age": 0, "failedSince": 0, "status": "PASSED", "testActions": [], "stdout": null, "className": "rebuild_test.TestRebuild", "stderr": null, "errorDetails": null, "skippedMessage": null}, {"skipped": false, "errorStackTrace": null, "duration": 84.2, "name": "test_column_index_stress", "age": 0, "failedSince": 0, "status": "PASSED", "testActions": [], "stdout": null, "className": "wide_rows_test.TestWideRows", "stderr": null, "errorDetails": null, "skippedMessage": null}, {"skipped": false, "errorStackTrace": null, "duration": 81.855, "name": "counter_consistency_test", "age": 0, "failedSince": 0, "status": "PASSED", "testActions": [], "stdout": null, "className": "counter_tests.TestCounters", "stderr": null, "errorDetails": null, "skippedMessage": null}, {"skipped": false, "errorStackTrace": null, "duration": 26.422, "name": "simple_increment_test", "age": 0, "failedSince": 0, "status": "PASSED", "testActions": [], "stdout": null, "className": "counter_tests.TestCounters", "stderr": null, "errorDetails": null, "skippedMessage": null}, {"skipped": false, "errorStackTrace": null, "duration": 6.296, "name": "validate_empty_column_name_test", "age": 0, "failedSince": 0, "status": "PASSED", "testActions": [], "stdout": null, "className": "counter_tests.TestCounters", "stderr": null, "errorDetails": null, "skippedMessage": null}, {"skipped": false, "errorStackTrace": null, "duration": 70.404, "name": "snapshot_test", "age": 0, "failedSince": 0, "status": "PASSED", "testActions": [], "stdout": null, "className": "concurrent_schema_changes_test.TestConcurrentSchemaChanges", "stderr": null, "errorDetails": null, "skippedMessage": null}, {"skipped": false, "errorStackTrace": null, "duration": 56.271, "name": "test_thrift", "age": 0, "failedSince": 0, "status": "PASSED", "testActions": [], "stdout": null, "className": "write_failures_test.TestWriteFailures", "stderr": null, "errorDetails": null, "skippedMessage": null}, {"skipped": false, "errorStackTrace": null, "duration": 55.852, "name": "test_paxos", "age": 0, "failedSince": 0, "status": "PASSED", "testActions": [], "stdout": null, "className": "write_failures_test.TestWriteFailures", "stderr": null, "errorDetails": null, "skippedMessage": null}, {"skipped": false, "errorStackTrace": null, "duration": 37.558, "name": "test_simple_strategy_counters", "age": 0, "failedSince": 0, "status": "PASSED", "testActions": [], "stdout": null, "className": "consistency_test.TestAccuracy", "stderr": null, "errorDetails": null, "skippedMessage": null}, {"skipped": false, "errorStackTrace": null, "duration": 39.029, "name": "compaction_strategy_switching_test", "age": 0, "failedSince": 0, "status": "PASSED", "testActions": [], "stdout": null, "className": "compaction_test.TestCompaction_with_SizeTieredCompactionStrategy", "stderr": null, "errorDetails": null, "skippedMessage": null}, {"skipped": false, "errorStackTrace": null, "duration": 33.271, "name": "disable_autocompaction_schema_test", "age": 0, "failedSince": 0, "status": "PASSED", "testActions": [], "stdout": null, "className": "compaction_test.TestCompaction_with_SizeTieredCompactionStrategy", "stderr": null, "errorDetails": null, "skippedMessage": null}, {"skipped": false, "errorStackTrace": null, "duration": 10.051, "name": "sstable_deletion_test", "age": 0, "failedSince": 0, "status": "PASSED", "testActions": [], "stdout": null, "className": "compaction_test.TestCompaction_with_SizeTieredCompactionStrategy", "stderr": null, "errorDetails": null, "skippedMessage": null}, {"skipped": false, "errorStackTrace": null, "duration": 17.901, "name": "large_compaction_warning_test", "age": 0, "failedSince": 0, "status": "PASSED", "testActions": [], "stdout": null, "className": "compaction_test.TestCompaction_with_LeveledCompactionStrategy", "stderr": null, "errorDetails": null, "skippedMessage": null}, {"skipped": false, "errorStackTrace": null, "duration": 25.201, "name": "test_type_secondary_indexing", "age": 0, "failedSince": 0, "status": "PASSED", "testActions": [], "stdout": null, "className": "user_types_test.TestUserTypes", "stderr": null, "errorDetails": null, "skippedMessage": null}, {"skipped": false, "errorStackTrace": null, "duration": 22.562, "name": "test_data_change_impacting_later_page", "age": 0, "failedSince": 0, "status": "FIXED", "testActions": [], "stdout": null, "className": "paging_test.TestPagingDatasetChanges", "stderr": null, "errorDetails": null, "skippedMessage": null}, {"skipped": false, "errorStackTrace": null, "duration": 21.126, "name": "test_with_order_by", "age": 0, "failedSince": 0, "status": "PASSED", "testActions": [], "stdout": null, "className": "paging_test.TestPagingWithModifiers", "stderr": null, "errorDetails": null, "skippedMessage": null}, {"skipped": false, "errorStackTrace": null, "duration": 21.85, "name": "connect_to_ssl_test", "age": 0, "failedSince": 0, "status": "PASSED", "testActions": [], "stdout": null, "className": "native_transport_ssl_test.NativeTransportSSL", "stderr": null, "errorDetails": null, "skippedMessage": null}, {"skipped": false, "errorStackTrace": null, "duration": 17.652, "name": "test_login_authenticates_correct_user", "age": 0, "failedSince": 0, "status": "PASSED", "testActions": [], "stdout": "(EE)  <stdin>:3:Unauthorized: code=2100 [Unauthorized] message=\"Only superusers can create a role with superuser status\"(EE)  ", "className": "cqlsh_tests.cqlsh_tests.CqlLoginTest", "stderr": null, "errorDetails": null, "skippedMessage": null}, {"skipped": false, "errorStackTrace": null, "duration": 8.261, "name": "test_float_formatting", "age": 0, "failedSince": 0, "status": "PASSED", "testActions": [], "stdout": null, "className": "cqlsh_tests.cqlsh_tests.TestCqlsh", "stderr": null, "errorDetails": null, "skippedMessage": null}, {"skipped": false, "errorStackTrace": null, "duration": 7.242, "name": "test_datetime_values", "age": 0, "failedSince": 0, "status": "PASSED", "testActions": [], "stdout": null, "className": "cqlsh_tests.cqlsh_tests.TestCqlsh", "stderr": null, "errorDetails": null, "skippedMessage": null}, {"skipped": false, "errorStackTrace": null, "duration": 16.195, "name": "user_cant_drop_themselves_test", "age": 0, "failedSince": 0, "status": "PASSED", "testActions": [], "stdout": null, "className": "auth_test.TestAuth", "stderr": null, "errorDetails": null, "skippedMessage": null}, {"skipped": false, "errorStackTrace": null, "duration": 14.364, "name": "cfid_test", "age": 0, "failedSince": 0, "status": "PASSED", "testActions": [], "stdout": null, "className": "cfid_test.TestCFID", "stderr": null, "errorDetails": null, "skippedMessage": null}, {"skipped": false, "errorStackTrace": null, "duration": 7.758, "name": "test_system_cf_recreate", "age": 0, "failedSince": 0, "status": "PASSED", "testActions": [], "stdout": null, "className": "thrift_tests.TestMutations", "stderr": null, "errorDetails": null, "skippedMessage": null}, {"skipped": false, "errorStackTrace": null, "duration": 7.177, "name": "test_column_validators", "age": 0, "failedSince": 0, "status": "PASSED", "testActions": [], "stdout": null, "className": "thrift_tests.TestMutations", "stderr": null, "errorDetails": null, "skippedMessage": null}, {"skipped": false, "errorStackTrace": null, "duration": 6.647, "name": "test_multiget_slice", "age": 0, "failedSince": 0, "status": "PASSED", "testActions": [], "stdout": null, "className": "thrift_tests.TestMutations", "stderr": null, "errorDetails": null, "skippedMessage": null}, {"skipped": false, "errorStackTrace": null, "duration": 6.744, "name": "test_batch_mutate_remove_super_columns_with_standard_under", "age": 0, "failedSince": 0, "status": "PASSED", "testActions": [], "stdout": null, "className": "thrift_tests.TestMutations", "stderr": null, "errorDetails": null, "skippedMessage": null}, {"skipped": false, "errorStackTrace": null, "duration": 6.613, "name": "test_cas", "age": 0, "failedSince": 0, "status": "PASSED", "testActions": [], "stdout": null, "className": "thrift_tests.TestMutations", "stderr": null, "errorDetails": null, "skippedMessage": null}, {"skipped": false, "errorStackTrace": null, "duration": 6.772, "name": "test_empty_range", "age": 0, "failedSince": 0, "status": "PASSED", "testActions": [], "stdout": null, "className": "thrift_tests.TestMutations", "stderr": null, "errorDetails": null, "skippedMessage": null}, {"skipped": false, "errorStackTrace": null, "duration": 6.765, "name": "test_batch_insert_super_blocking", "age": 0, "failedSince": 0, "status": "PASSED", "testActions": [], "stdout": null, "className": "thrift_tests.TestMutations", "stderr": null, "errorDetails": null, "skippedMessage": null}, {"skipped": false, "errorStackTrace": null, "duration": 46.96, "name": "begin_test", "age": 0, "failedSince": 0, "status": "PASSED", "testActions": [], "stdout": null, "className": "jmxmetrics_test.TestJMXMetrics", "stderr": null, "errorDetails": null, "skippedMessage": null}, {"skipped": false, "errorStackTrace": null, "duration": 7.037, "name": "table_test", "age": 0, "failedSince": 0, "status": "PASSED", "testActions": [], "stdout": null, "className": "cql_tests.StorageProxyCQLTester", "stderr": null, "errorDetails": null, "skippedMessage": null}, {"skipped": false, "errorStackTrace": null, "duration": 6.817, "name": "batch_uses_proper_timestamp_test", "age": 0, "failedSince": 0, "status": "PASSED", "testActions": [], "stdout": null, "className": "batch_test.TestBatch", "stderr": null, "errorDetails": null, "skippedMessage": null}, {"skipped": false, "errorStackTrace": null, "duration": 6.883, "name": "logged_batch_accepts_regular_mutations_test", "age": 0, "failedSince": 0, "status": "PASSED", "testActions": [], "stdout": null, "className": "batch_test.TestBatch", "stderr": null, "errorDetails": null, "skippedMessage": null}, {"skipped": false, "errorStackTrace": null, "duration": 6.584, "name": "drop_column_compact_test", "age": 0, "failedSince": 0, "status": "PASSED", "testActions": [], "stdout": null, "className": "schema_test.TestSchema", "stderr": null, "errorDetails": null, "skippedMessage": null}, {"skipped": false, "errorStackTrace": null, "duration": 6.242, "name": "batch_preparation_test", "age": 0, "failedSince": 0, "status": "PASSED", "testActions": [], "stdout": null, "className": "cql_prepared_test.TestCQL", "stderr": null, "errorDetails": null, "skippedMessage": null}, {"skipped": false, "errorStackTrace": null, "duration": 182.073, "name": "decommissioned_wiped_node_can_join_test", "age": 0, "failedSince": 0, "status": "PASSED", "testActions": [], "stdout": null, "className": "bootstrap_test.TestBootstrap", "stderr": null, "errorDetails": null, "skippedMessage": null}, {"skipped": false, "errorStackTrace": null, "duration": 197.346, "name": "local_dc_repair_test", "age": 0, "failedSince": 0, "status": "PASSED", "testActions": [], "stdout": null, "className": "repair_test.TestRepair", "stderr": null, "errorDetails": null, "skippedMessage": null}, {"skipped": false, "errorStackTrace": null, "duration": 79.885, "name": "empty_vs_gcable_parallel_repair_test", "age": 0, "failedSince": 0, "status": "PASSED", "testActions": [], "stdout": null, "className": "repair_test.TestRepair", "stderr": null, "errorDetails": null, "skippedMessage": null}, {"skipped": false, "errorStackTrace": null, "duration": 133.808, "name": "replace_stopped_node_test", "age": 0, "failedSince": 0, "status": "PASSED", "testActions": [], "stdout": null, "className": "replace_address_test.TestReplaceAddress", "stderr": null, "errorDetails": null, "skippedMessage": null}, {"skipped": false, "errorStackTrace": null, "duration": 86.239, "name": "test_rf_collapse_gossiping_property_file_snitch_multi_dc", "age": 0, "failedSince": 0, "status": "PASSED", "testActions": [], "stdout": null, "className": "replication_test.SnitchConfigurationUpdateTest", "stderr": null, "errorDetails": null, "skippedMessage": null}, {"skipped": false, "errorStackTrace": null, "duration": 71.033, "name": "test_rf_collapse_property_file_snitch", "age": 0, "failedSince": 0, "status": "PASSED", "testActions": [], "stdout": null, "className": "replication_test.SnitchConfigurationUpdateTest", "stderr": null, "errorDetails": null, "skippedMessage": null}, {"skipped": false, "errorStackTrace": null, "duration": 81.126, "name": "test_archive_commitlog", "age": 0, "failedSince": 0, "status": "PASSED", "testActions": [], "stdout": null, "className": "snapshot_test.TestArchiveCommitlog", "stderr": null, "errorDetails": null, "skippedMessage": null}, {"skipped": false, "errorStackTrace": null, "duration": 57.961, "name": "test_query_isolation", "age": 0, "failedSince": 0, "status": "PASSED", "testActions": [], "stdout": null, "className": "paging_test.TestPagingQueryIsolation", "stderr": null, "errorDetails": null, "skippedMessage": null}, {"skipped": false, "errorStackTrace": null, "duration": 40.731, "name": "test_undefined_page_size_default", "age": 0, "failedSince": 0, "status": "PASSED", "testActions": [], "stdout": null, "className": "paging_test.TestPagingSize", "stderr": null, "errorDetails": null, "skippedMessage": null}, {"skipped": false, "errorStackTrace": null, "duration": 25.185, "name": "test_multiple_cell_deletions", "age": 0, "failedSince": 0, "status": "FIXED", "testActions": [], "stdout": null, "className": "paging_test.TestPagingWithDeletions", "stderr": null, "errorDetails": null, "skippedMessage": null}, {"skipped": false, "errorStackTrace": null, "duration": 22.321, "name": "test_paging_with_in_orderby_and_two_partition_keys", "age": 0, "failedSince": 0, "status": "PASSED", "testActions": [], "stdout": null, "className": "paging_test.TestPagingData", "stderr": null, "errorDetails": null, "skippedMessage": null}, {"skipped": false, "errorStackTrace": null, "duration": 56.308, "name": "test_counter", "age": 0, "failedSince": 0, "status": "PASSED", "testActions": [], "stdout": null, "className": "write_failures_test.TestWriteFailures", "stderr": null, "errorDetails": null, "skippedMessage": null}, {"skipped": false, "errorStackTrace": null, "duration": 36.71, "name": "login_test", "age": 0, "failedSince": 0, "status": "PASSED", "testActions": [], "stdout": null, "className": "auth_test.TestAuth", "stderr": null, "errorDetails": null, "skippedMessage": null}, {"skipped": false, "errorStackTrace": null, "duration": 16.381, "name": "conditional_create_drop_user_test", "age": 0, "failedSince": 0, "status": "PASSED", "testActions": [], "stdout": null, "className": "auth_test.TestAuth", "stderr": null, "errorDetails": null, "skippedMessage": null}, {"skipped": false, "errorStackTrace": null, "duration": 16.38, "name": "grant_revoke_validation_test", "age": 0, "failedSince": 0, "status": "PASSED", "testActions": [], "stdout": null, "className": "auth_test.TestAuth", "stderr": null, "errorDetails": null, "skippedMessage": null}, {"skipped": false, "errorStackTrace": null, "duration": 32.812, "name": "test_standalone_scrub", "age": 0, "failedSince": 0, "status": "PASSED", "testActions": [], "stdout": null, "className": "scrub_test.TestScrubIndexes", "stderr": null, "errorDetails": null, "skippedMessage": null}, {"skipped": false, "errorStackTrace": null, "duration": 18.99, "name": "test_standalone_scrub_essential_files_only", "age": 0, "failedSince": 0, "status": "PASSED", "testActions": [], "stdout": null, "className": "scrub_test.TestScrub", "stderr": null, "errorDetails": null, "skippedMessage": null}, {"skipped": false, "errorStackTrace": null, "duration": 26.548, "name": "test_incr_decr_standard_batch_remove", "age": 0, "failedSince": 0, "status": "PASSED", "testActions": [], "stdout": null, "className": "thrift_tests.TestMutations", "stderr": null, "errorDetails": null, "skippedMessage": null}, {"skipped": false, "errorStackTrace": null, "duration": 26.466, "name": "test_incr_decr_standard_remove", "age": 0, "failedSince": 0, "status": "PASSED", "testActions": [], "stdout": null, "className": "thrift_tests.TestMutations", "stderr": null, "errorDetails": null, "skippedMessage": null}, {"skipped": false, "errorStackTrace": null, "duration": 7.916, "name": "test_dynamic_indexes_creation_deletion", "age": 0, "failedSince": 0, "status": "PASSED", "testActions": [], "stdout": null, "className": "thrift_tests.TestMutations", "stderr": null, "errorDetails": null, "skippedMessage": null}, {"skipped": false, "errorStackTrace": null, "duration": 7.084, "name": "test_time_uuid", "age": 0, "failedSince": 0, "status": "PASSED", "testActions": [], "stdout": null, "className": "thrift_tests.TestMutations", "stderr": null, "errorDetails": null, "skippedMessage": null}, {"skipped": false, "errorStackTrace": null, "duration": 6.598, "name": "test_get_slice_super_range", "age": 0, "failedSince": 0, "status": "PASSED", "testActions": [], "stdout": null, "className": "thrift_tests.TestMutations", "stderr": null, "errorDetails": null, "skippedMessage": null}, {"skipped": false, "errorStackTrace": null, "duration": 6.544, "name": "test_batch_insert_super", "age": 0, "failedSince": 0, "status": "PASSED", "testActions": [], "stdout": null, "className": "thrift_tests.TestMutations", "stderr": null, "errorDetails": null, "skippedMessage": null}, {"skipped": false, "errorStackTrace": null, "duration": 6.574, "name": "test_long_remove", "age": 0, "failedSince": 0, "status": "PASSED", "testActions": [], "stdout": null, "className": "thrift_tests.TestMutations", "stderr": null, "errorDetails": null, "skippedMessage": null}, {"skipped": false, "errorStackTrace": null, "duration": 6.848, "name": "test_incr_decr_standard_add", "age": 0, "failedSince": 0, "status": "PASSED", "testActions": [], "stdout": null, "className": "thrift_tests.TestMutations", "stderr": null, "errorDetails": null, "skippedMessage": null}, {"skipped": false, "errorStackTrace": null, "duration": 6.478, "name": "test_missing_super", "age": 0, "failedSince": 0, "status": "PASSED", "testActions": [], "stdout": null, "className": "thrift_tests.TestMutations", "stderr": null, "errorDetails": null, "skippedMessage": null}, {"skipped": false, "errorStackTrace": null, "duration": 6.806, "name": "test_insert", "age": 0, "failedSince": 0, "status": "PASSED", "testActions": [], "stdout": null, "className": "thrift_tests.TestMutations", "stderr": null, "errorDetails": null, "skippedMessage": null}, {"skipped": false, "errorStackTrace": null, "duration": 6.501, "name": "test_range_deletion", "age": 0, "failedSince": 0, "status": "PASSED", "testActions": [], "stdout": null, "className": "thrift_tests.TestMutations", "stderr": null, "errorDetails": null, "skippedMessage": null}, {"skipped": false, "errorStackTrace": null, "duration": 6.509, "name": "test_batch_mutate_remove_slice_standard", "age": 0, "failedSince": 0, "status": "PASSED", "testActions": [], "stdout": null, "className": "thrift_tests.TestMutations", "stderr": null, "errorDetails": null, "skippedMessage": null}, {"skipped": false, "errorStackTrace": null, "duration": 23.47, "name": "disable_autocompaction_nodetool_test", "age": 0, "failedSince": 0, "status": "PASSED", "testActions": [], "stdout": null, "className": "compaction_test.TestCompaction_with_LeveledCompactionStrategy", "stderr": null, "errorDetails": null, "skippedMessage": null}, {"skipped": false, "errorStackTrace": null, "duration": 15.626, "name": "compaction_delete_test", "age": 0, "failedSince": 0, "status": "PASSED", "testActions": [], "stdout": "running\n['/mnt/tmp/dtest-pSwYNm/test/node1/data/ks/cf-c515217070eb11e599060d77cebe1acb/la-1-big-Data.db', '/mnt/tmp/dtest-pSwYNm/test/node1/data/ks/cf-c515217070eb11e599060d77cebe1acb/la-2-big-Data.db']\n-- la-1-big-Data.db -----\n\n-- la-2-big-Data.db -----\n\n", "className": "compaction_test.TestCompaction_with_DateTieredCompactionStrategy", "stderr": null, "errorDetails": null, "skippedMessage": null}, {"skipped": false, "errorStackTrace": null, "duration": 9.369, "name": "simple_schema_test", "age": 0, "failedSince": 0, "status": "PASSED", "testActions": [], "stdout": null, "className": "json_test.JsonFullRowInsertSelect", "stderr": null, "errorDetails": null, "skippedMessage": null}, {"skipped": false, "errorStackTrace": null, "duration": 8.354, "name": "delete_with_ttl_expired_test", "age": 0, "failedSince": 0, "status": "PASSED", "testActions": [], "stdout": null, "className": "ttl_test.TestTTL", "stderr": null, "errorDetails": null, "skippedMessage": null}, {"skipped": false, "errorStackTrace": "  File \"/usr/lib/python2.7/unittest/case.py\", line 329, in run\n    testMethod()\n  File \"/home/automaton/cassandra-dtest/cqlsh_tests/cqlsh_copy_tests.py\", line 641, in test_read_valid_data\n    self.data_validation_on_read_template(2, expect_invalid=False)\n  File \"/home/automaton/cassandra-dtest/cqlsh_tests/cqlsh_copy_tests.py\", line 631, in data_validation_on_read_template\n    self.assertFalse(err)\n  File \"/usr/lib/python2.7/unittest/case.py\", line 416, in assertFalse\n    raise self.failureException(msg)\n'\"<stdin>:2:\\\\n\\'QueryMessage\\' object has no attribute \\'to_binary\\'\\\\n<stdin>:2:Aborting import at record #1. Previously inserted records are still present, and some records after that may be present as well.\\\\n\" is not false\\n-------------------- >> begin captured logging << --------------------\\ndtest: DEBUG: cluster ccm directory: /mnt/tmp/dtest-xQKyEH\\n--------------------- >> end captured logging << ---------------------'", "duration": 6.757, "name": "test_read_valid_data", "age": 8, "failedSince": 316, "status": "FAILED", "testActions": [], "stdout": "(EE)  <stdin>:2:(EE)  'QueryMessage' object has no attribute 'to_binary'(EE)  <stdin>:2:Aborting import at record #1. Previously inserted records are still present, and some records after that may be present as well.(EE)  ", "className": "cqlsh_tests.cqlsh_copy_tests.CqlshCopyTest", "stderr": null, "errorDetails": "\"<stdin>:2:\\n'QueryMessage' object has no attribute 'to_binary'\\n<stdin>:2:Aborting import at record #1. Previously inserted records are still present, and some records after that may be present as well.\\n\" is not false\n-------------------- >> begin captured logging << --------------------\ndtest: DEBUG: cluster ccm directory: /mnt/tmp/dtest-xQKyEH\n--------------------- >> end captured logging << ---------------------", "skippedMessage": null}, {"skipped": false, "errorStackTrace": "  File \"/usr/lib/python2.7/unittest/case.py\", line 329, in run\n    testMethod()\n  File \"/home/automaton/cassandra-dtest/cqlsh_tests/cqlsh_copy_tests.py\", line 548, in test_quoted_column_names_reading_dont_specify_names\n    self.quoted_column_names_reading_template(specify_column_names=False)\n  File \"/home/automaton/cassandra-dtest/cqlsh_tests/cqlsh_copy_tests.py\", line 532, in quoted_column_names_reading_template\n    self.assertCsvResultEqual(self.tempfile.name, results)\n  File \"/home/automaton/cassandra-dtest/cqlsh_tests/cqlsh_copy_tests.py\", line 167, in assertCsvResultEqual\n    raise e\n\"Element counts were not equal:\\nFirst has 1, Second has 0:  ['1', 'no']\\nFirst has 1, Second has 0:  ['2', 'Yes']\\nFirst has 1, Second has 0:  ['3', 'True']\\nFirst has 1, Second has 0:  ['4', 'false']\\n-------------------- >> begin captured logging << --------------------\\ndtest: DEBUG: cluster ccm directory: /mnt/tmp/dtest-9IDBZP\\ndtest: WARNING: Different # of entries. CSV: 4 vs results: 0\\n--------------------- >> end captured logging << ---------------------\"", "duration": 6.583, "name": "test_quoted_column_names_reading_dont_specify_names", "age": 8, "failedSince": 316, "status": "FAILED", "testActions": [], "stdout": "(EE)  <stdin>:2:(EE)  'QueryMessage' object has no attribute 'to_binary'(EE)  <stdin>:2:Aborting import at record #3. Previously inserted records are still present, and some records after that may be present as well.(EE)  ", "className": "cqlsh_tests.cqlsh_copy_tests.CqlshCopyTest", "stderr": null, "errorDetails": "Element counts were not equal:\nFirst has 1, Second has 0:  ['1', 'no']\nFirst has 1, Second has 0:  ['2', 'Yes']\nFirst has 1, Second has 0:  ['3', 'True']\nFirst has 1, Second has 0:  ['4', 'false']\n-------------------- >> begin captured logging << --------------------\ndtest: DEBUG: cluster ccm directory: /mnt/tmp/dtest-9IDBZP\ndtest: WARNING: Different # of entries. CSV: 4 vs results: 0\n--------------------- >> end captured logging << ---------------------", "skippedMessage": null}, {"skipped": false, "errorStackTrace": null, "duration": 6.996, "name": "each_statement_in_batch_uses_proper_timestamp_test", "age": 0, "failedSince": 0, "status": "PASSED", "testActions": [], "stdout": null, "className": "batch_test.TestBatch", "stderr": null, "errorDetails": null, "skippedMessage": null}, {"skipped": false, "errorStackTrace": null, "duration": 6.111, "name": "cql3_insert_thrift_test", "age": 0, "failedSince": 0, "status": "FIXED", "testActions": [], "stdout": null, "className": "cql_tests.MiscellaneousCQLTester", "stderr": null, "errorDetails": null, "skippedMessage": null}, {"skipped": false, "errorStackTrace": null, "duration": 6.044, "name": "test_no_counters_in_user_types", "age": 0, "failedSince": 0, "status": "PASSED", "testActions": [], "stdout": null, "className": "user_types_test.TestUserTypes", "stderr": null, "errorDetails": null, "skippedMessage": null}, {"skipped": false, "errorStackTrace": null, "duration": 465.874, "name": "single_file_split_test", "age": 0, "failedSince": 0, "status": "PASSED", "testActions": [], "stdout": "-- la-11-big-Data.db-----\n-- la-50-big-Data.db-----\n-- la-29-big-Data.db-----\n-- la-28-big-Data.db-----\n-- la-54-big-Data.db-----\n-- la-16-big-Data.db-----\n-- la-10-big-Data.db-----\n-- la-23-big-Data.db-----\n-- la-12-big-Data.db-----\n-- la-13-big-Data.db-----\n-- la-36-big-Data.db-----\n-- la-27-big-Data.db-----\n-- la-33-big-Data.db-----\n-- la-15-big-Data.db-----\n-- la-61-big-Data.db-----\n-- la-42-big-Data.db-----\n-- la-63-big-Data.db-----\n-- la-48-big-Data.db-----\n-- la-20-big-Data.db-----\n-- la-\n...[truncated 14 chars]...\n-----\n-- la-43-big-Data.db-----\n-- la-14-big-Data.db-----\n-- la-52-big-Data.db-----\n-- la-19-big-Data.db-----\n-- la-45-big-Data.db-----\n-- la-31-big-Data.db-----\n-- la-34-big-Data.db-----\n-- la-47-big-Data.db-----\n-- la-25-big-Data.db-----\n-- la-57-big-Data.db-----\n-- la-21-big-Data.db-----\n-- la-17-big-Data.db-----\n-- la-26-big-Data.db-----\n-- la-40-big-Data.db-----\n-- la-56-big-Data.db-----\n-- la-18-big-Data.db-----\n-- la-38-big-Data.db-----\n-- la-24-big-Data.db-----\n-- la-22-big-Data.db-----\n", "className": "sstablesplit_test.TestSSTableSplit", "stderr": null, "errorDetails": null, "skippedMessage": null}, {"skipped": false, "errorStackTrace": null, "duration": 132.943, "name": "simple_parallel_repair_test", "age": 0, "failedSince": 0, "status": "PASSED", "testActions": [], "stdout": null, "className": "repair_test.TestRepair", "stderr": null, "errorDetails": null, "skippedMessage": null}, {"skipped": false, "errorStackTrace": null, "duration": 87.822, "name": "test_archive_commitlog_point_in_time_with_active_commitlog", "age": 0, "failedSince": 0, "status": "PASSED", "testActions": [], "stdout": null, "className": "snapshot_test.TestArchiveCommitlog", "stderr": null, "errorDetails": null, "skippedMessage": null}, {"skipped": false, "errorStackTrace": null, "duration": 84.351, "name": "ignore_failure_policy_test", "age": 0, "failedSince": 0, "status": "PASSED", "testActions": [], "stdout": null, "className": "commitlog_test.TestCommitLog", "stderr": null, "errorDetails": null, "skippedMessage": null}, {"skipped": false, "errorStackTrace": null, "duration": 81.202, "name": "stop_commit_failure_policy_test", "age": 0, "failedSince": 0, "status": "PASSED", "testActions": [], "stdout": null, "className": "commitlog_test.TestCommitLog", "stderr": null, "errorDetails": null, "skippedMessage": null}, {"skipped": false, "errorStackTrace": null, "duration": 57.914, "name": "default_segment_size_test", "age": 0, "failedSince": 0, "status": "PASSED", "testActions": [], "stdout": null, "className": "commitlog_test.TestCommitLog", "stderr": null, "errorDetails": null, "skippedMessage": null}, {"skipped": false, "errorStackTrace": null, "duration": 60.281, "name": "test_6924_dropping_ks", "age": 0, "failedSince": 0, "status": "PASSED", "testActions": [], "stdout": null, "className": "secondary_indexes_test.TestSecondaryIndexes", "stderr": null, "errorDetails": null, "skippedMessage": null}, {"skipped": false, "errorStackTrace": null, "duration": 6.979, "name": "bug3367_test", "age": 0, "failedSince": 0, "status": "PASSED", "testActions": [], "stdout": null, "className": "secondary_indexes_test.TestSecondaryIndexes", "stderr": null, "errorDetails": null, "skippedMessage": null}, {"skipped": false, "errorStackTrace": null, "duration": 52.14, "name": "test_simple_strategy", "age": 0, "failedSince": 0, "status": "PASSED", "testActions": [], "stdout": null, "className": "consistency_test.TestAvailability", "stderr": null, "errorDetails": null, "skippedMessage": null}, {"skipped": false, "errorStackTrace": null, "duration": 42.351, "name": "rangeputget_test", "age": 0, "failedSince": 0, "status": "PASSED", "testActions": [], "stdout": null, "className": "putget_test.TestPutGet", "stderr": null, "errorDetails": null, "skippedMessage": null}, {"skipped": false, "errorStackTrace": null, "duration": 35.638, "name": "delete_insert_search_test", "age": 0, "failedSince": 0, "status": "PASSED", "testActions": [], "stdout": null, "className": "delete_insert_test.DeleteInsertTest", "stderr": null, "errorDetails": null, "skippedMessage": null}, {"skipped": false, "errorStackTrace": null, "duration": 32.921, "name": "test_compression_error", "age": 0, "failedSince": 0, "status": "PASSED", "testActions": [], "stdout": null, "className": "commit_log_test.TestCommitLogFailurePolicy", "stderr": null, "errorDetails": null, "skippedMessage": null}, {"skipped": false, "errorStackTrace": null, "duration": 26.566, "name": "test_single_cell_deletions", "age": 0, "failedSince": 0, "status": "FIXED", "testActions": [], "stdout": null, "className": "paging_test.TestPagingWithDeletions", "stderr": null, "errorDetails": null, "skippedMessage": null}, {"skipped": false, "errorStackTrace": null, "duration": 21.211, "name": "test_with_less_results_than_page_size", "age": 0, "failedSince": 0, "status": "PASSED", "testActions": [], "stdout": null, "className": "paging_test.TestPagingSize", "stderr": null, "errorDetails": null, "skippedMessage": null}, {"skipped": false, "errorStackTrace": null, "duration": 27.412, "name": "logged_batch_doesnt_throw_uae_test", "age": 0, "failedSince": 0, "status": "PASSED", "testActions": [], "stdout": null, "className": "batch_test.TestBatch", "stderr": null, "errorDetails": null, "skippedMessage": null}, {"skipped": false, "errorStackTrace": null, "duration": 22.106, "name": "udt_test", "age": 0, "failedSince": 0, "status": "PASSED", "testActions": [], "stdout": null, "className": "udtencoding_test.TestUDTEncoding", "stderr": null, "errorDetails": null, "skippedMessage": null}, {"skipped": false, "errorStackTrace": "  File \"/usr/lib/python2.7/unittest/case.py\", line 329, in run\n    testMethod()\n  File \"/home/automaton/cassandra-dtest/tools.py\", line 253, in wrapped\n    f(obj)\n  File \"/home/automaton/cassandra-dtest/pushed_notifications_test.py\", line 311, in tombstone_failure_threshold_message_test\n    read_failure_query()\n  File \"/usr/local/lib/python2.7/dist-packages/nose/tools/nontrivial.py\", line 97, in newfunc\n    result = func(*arg, **kw)\n  File \"/home/automaton/cassandra-dtest/pushed_notifications_test.py\", line 308, in read_failure_query\n    expected=ReadTimeout if self.cluster.version() < '3' else ReadFailure,\n  File \"/home/automaton/cassandra-dtest/assertions.py\", line 23, in assert_invalid\n    res = session.execute(query)\n  File \"cassandra/cluster.py\", line 1623, in cassandra.cluster.Session.execute (cassandra/cluster.c:27566)\n    result = future.result()\n  File \"cassandra/cluster.py\", line 3205, in cassandra.cluster.ResponseFuture.result (cassandra/cluster.c:61306)\n    raise self._final_exception\n'code=1300 [Replica(s) failed to execute read] message=\"Operation failed - received 0 responses and 1 failures\" info={\\'failures\\': 1, \\'received_responses\\': 0, \\'required_responses\\': 3, \\'consistency\\': \\'ALL\\'}\\n-------------------- >> begin captured logging << --------------------\\ndtest: DEBUG: cluster ccm directory: /mnt/tmp/dtest-Oa1_tO\\n--------------------- >> end captured logging << ---------------------'", "duration": 24.409, "name": "tombstone_failure_threshold_message_test", "age": 22, "failedSince": 302, "status": "FAILED", "testActions": [], "stdout": null, "className": "pushed_notifications_test.TestVariousNotifications", "stderr": null, "errorDetails": "code=1300 [Replica(s) failed to execute read] message=\"Operation failed - received 0 responses and 1 failures\" info={'failures': 1, 'received_responses': 0, 'required_responses': 3, 'consistency': 'ALL'}\n-------------------- >> begin captured logging << --------------------\ndtest: DEBUG: cluster ccm directory: /mnt/tmp/dtest-Oa1_tO\n--------------------- >> end captured logging << ---------------------", "skippedMessage": null}, {"skipped": false, "errorStackTrace": null, "duration": 18.436, "name": "large_compaction_warning_test", "age": 0, "failedSince": 0, "status": "PASSED", "testActions": [], "stdout": null, "className": "compaction_test.TestCompaction_with_SizeTieredCompactionStrategy", "stderr": null, "errorDetails": null, "skippedMessage": null}, {"skipped": false, "errorStackTrace": null, "duration": 18.275, "name": "large_compaction_warning_test", "age": 0, "failedSince": 0, "status": "PASSED", "testActions": [], "stdout": null, "className": "compaction_test.TestCompaction_with_DateTieredCompactionStrategy", "stderr": null, "errorDetails": null, "skippedMessage": null}, {"skipped": false, "errorStackTrace": null, "duration": 10.195, "name": "sstable_deletion_test", "age": 0, "failedSince": 0, "status": "PASSED", "testActions": [], "stdout": null, "className": "compaction_test.TestCompaction_with_LeveledCompactionStrategy", "stderr": null, "errorDetails": null, "skippedMessage": null}, {"skipped": false, "errorStackTrace": null, "duration": 16.31, "name": "remove_column_ttl_with_default_ttl_test", "age": 0, "failedSince": 0, "status": "PASSED", "testActions": [], "stdout": null, "className": "ttl_test.TestTTL", "stderr": null, "errorDetails": null, "skippedMessage": null}, {"skipped": false, "errorStackTrace": null, "duration": 14.431, "name": "collection_map_ttl_test", "age": 0, "failedSince": 0, "status": "PASSED", "testActions": [], "stdout": null, "className": "ttl_test.TestTTL", "stderr": null, "errorDetails": null, "skippedMessage": null}, {"skipped": false, "errorStackTrace": null, "duration": 8.998, "name": "collection_update_test", "age": 0, "failedSince": 0, "status": "PASSED", "testActions": [], "stdout": null, "className": "json_test.FromJsonUpdateTests", "stderr": null, "errorDetails": null, "skippedMessage": null}, {"skipped": false, "errorStackTrace": null, "duration": 7.722, "name": "basic_data_types_test", "age": 0, "failedSince": 0, "status": "PASSED", "testActions": [], "stdout": null, "className": "json_test.FromJsonUpdateTests", "stderr": null, "errorDetails": null, "skippedMessage": null}, {"skipped": false, "errorStackTrace": null, "duration": 7.591, "name": "counters_test", "age": 0, "failedSince": 0, "status": "FIXED", "testActions": [], "stdout": null, "className": "json_test.ToJsonSelectTests", "stderr": null, "errorDetails": null, "skippedMessage": null}, {"skipped": false, "errorStackTrace": null, "duration": 6.68, "name": "test_describe_describes_non_default_compaction_parameters", "age": 0, "failedSince": 0, "status": "PASSED", "testActions": [], "stdout": null, "className": "cqlsh_tests.cqlsh_tests.TestCqlsh", "stderr": null, "errorDetails": null, "skippedMessage": null}, {"skipped": false, "errorStackTrace": null, "duration": 6.653, "name": "test_describe_on_non_reserved_keywords", "age": 0, "failedSince": 0, "status": "PASSED", "testActions": [], "stdout": null, "className": "cqlsh_tests.cqlsh_tests.TestCqlsh", "stderr": null, "errorDetails": null, "skippedMessage": null}, {"skipped": false, "errorStackTrace": "  File \"/usr/lib/python2.7/unittest/case.py\", line 329, in run\n    testMethod()\n  File \"/home/automaton/cassandra-dtest/cqlsh_tests/cqlsh_copy_tests.py\", line 715, in test_all_datatypes_read\n    self.assertCsvResultEqual(self.tempfile.name, results)\n  File \"/home/automaton/cassandra-dtest/cqlsh_tests/cqlsh_copy_tests.py\", line 167, in assertCsvResultEqual\n    raise e\n\"Element counts were not equal:\\nFirst has 1, Second has 0:  ['ascii', '1099511627776', '0xbeef', 'True', '3.140000000000000124344978758017532527446746826171875', '2.444', '1.1', '127.0.0.1', '25', '\\\\xe3\\\\x83\\\\xbd(\\\\xc2\\\\xb4\\\\xe3\\\\x83\\\\xbc\\\\xef\\\\xbd\\\\x80)\\\\xe3\\\\x83\\\\x8e', '2005-07-14 12:30:00', 'f4569d92-70eb-11e5-86fd-0a589addbdd7', 'fbfae56a-da48-42f7-b057-38c3ad6e4f44', 'asdf', '36893488147419103232']\\n-------------------- >> begin captured logging << --------------------\\ndtest: DEBUG: cluster ccm directory: /mnt/tmp/dtest-TGe2NO\\ndtest: DEBUG: Importing from csv file: /mnt/tmp/tmpDJeEJT\\ndtest: WARNING: Different # of entries. CSV: 1 vs results: 0\\n--------------------- >> end captured logging << ---------------------\"", "duration": 6.961, "name": "test_all_datatypes_read", "age": 8, "failedSince": 316, "status": "FAILED", "testActions": [], "stdout": "(EE)  <stdin>:2:(EE)  'QueryMessage' object has no attribute 'to_binary'(EE)  <stdin>:2:Aborting import at record #1. Previously inserted records are still present, and some records after that may be present as well.(EE)  ", "className": "cqlsh_tests.cqlsh_copy_tests.CqlshCopyTest", "stderr": null, "errorDetails": "Element counts were not equal:\nFirst has 1, Second has 0:  ['ascii', '1099511627776', '0xbeef', 'True', '3.140000000000000124344978758017532527446746826171875', '2.444', '1.1', '127.0.0.1', '25', '\\xe3\\x83\\xbd(\\xc2\\xb4\\xe3\\x83\\xbc\\xef\\xbd\\x80)\\xe3\\x83\\x8e', '2005-07-14 12:30:00', 'f4569d92-70eb-11e5-86fd-0a589addbdd7', 'fbfae56a-da48-42f7-b057-38c3ad6e4f44', 'asdf', '36893488147419103232']\n-------------------- >> begin captured logging << --------------------\ndtest: DEBUG: cluster ccm directory: /mnt/tmp/dtest-TGe2NO\ndtest: DEBUG: Importing from csv file: /mnt/tmp/tmpDJeEJT\ndtest: WARNING: Different # of entries. CSV: 1 vs results: 0\n--------------------- >> end captured logging << ---------------------", "skippedMessage": null}, {"skipped": false, "errorStackTrace": null, "duration": 6.858, "name": "test_explicit_column_order_writing", "age": 0, "failedSince": 0, "status": "PASSED", "testActions": [], "stdout": "(EE)  ", "className": "cqlsh_tests.cqlsh_copy_tests.CqlshCopyTest", "stderr": null, "errorDetails": null, "skippedMessage": null}, {"skipped": false, "errorStackTrace": null, "duration": 6.829, "name": "test_undefined_as_null_indicator", "age": 0, "failedSince": 0, "status": "PASSED", "testActions": [], "stdout": "(EE)  ", "className": "cqlsh_tests.cqlsh_copy_tests.CqlshCopyTest", "stderr": null, "errorDetails": null, "skippedMessage": null}, {"skipped": false, "errorStackTrace": null, "duration": 6.952, "name": "type_test", "age": 0, "failedSince": 0, "status": "PASSED", "testActions": [], "stdout": null, "className": "cql_tests.StorageProxyCQLTester", "stderr": null, "errorDetails": null, "skippedMessage": null}, {"skipped": false, "errorStackTrace": null, "duration": 6.57, "name": "dropped_index_test", "age": 0, "failedSince": 0, "status": "PASSED", "testActions": [], "stdout": "Number of matching rows: 10\nExecuting prepared statement with dropped index...\ncode=2200 [Invalid query] message=\"No secondary indexes on the restricted columns support the provided operators: \"\n", "className": "prepared_statements_test.TestPreparedStatements", "stderr": null, "errorDetails": null, "skippedMessage": null}, {"skipped": false, "errorStackTrace": null, "duration": 6.789, "name": "test_get_range_slice_super", "age": 0, "failedSince": 0, "status": "PASSED", "testActions": [], "stdout": null, "className": "thrift_tests.TestMutations", "stderr": null, "errorDetails": null, "skippedMessage": null}, {"skipped": false, "errorStackTrace": null, "duration": 6.254, "name": "collection_table_datatype_test", "age": 0, "failedSince": 0, "status": "PASSED", "testActions": [], "stdout": null, "className": "schema_metadata_test.TestSchemaMetadata", "stderr": null, "errorDetails": null, "skippedMessage": null}, {"skipped": false, "errorStackTrace": null, "duration": 6.161, "name": "compact_storage_test", "age": 0, "failedSince": 0, "status": "PASSED", "testActions": [], "stdout": null, "className": "schema_metadata_test.TestSchemaMetadata", "stderr": null, "errorDetails": null, "skippedMessage": null}, {"skipped": false, "errorStackTrace": null, "duration": 6.275, "name": "clustering_order_test", "age": 0, "failedSince": 0, "status": "PASSED", "testActions": [], "stdout": null, "className": "schema_metadata_test.TestSchemaMetadata", "stderr": null, "errorDetails": null, "skippedMessage": null}, {"skipped": false, "errorStackTrace": null, "duration": 6.251, "name": "test_user_type_isolation", "age": 0, "failedSince": 0, "status": "PASSED", "testActions": [], "stdout": null, "className": "user_types_test.TestUserTypes", "stderr": null, "errorDetails": null, "skippedMessage": null}, {"skipped": false, "errorStackTrace": null, "duration": 410.003, "name": "short_read_reversed_test", "age": 0, "failedSince": 0, "status": "PASSED", "testActions": [], "stdout": null, "className": "consistency_test.TestConsistency", "stderr": null, "errorDetails": null, "skippedMessage": null}, {"skipped": false, "errorStackTrace": null, "duration": 166.151, "name": "test_network_topology_strategy", "age": 0, "failedSince": 0, "status": "PASSED", "testActions": [], "stdout": null, "className": "consistency_test.TestAvailability", "stderr": null, "errorDetails": null, "skippedMessage": null}, {"skipped": false, "errorStackTrace": null, "duration": 99.122, "name": "shutdown_wiped_node_cannot_join_test", "age": 0, "failedSince": 0, "status": "PASSED", "testActions": [], "stdout": null, "className": "bootstrap_test.TestBootstrap", "stderr": null, "errorDetails": null, "skippedMessage": null}, {"skipped": false, "errorStackTrace": null, "duration": 46.595, "name": "manual_bootstrap_test", "age": 0, "failedSince": 0, "status": "PASSED", "testActions": [], "stdout": null, "className": "bootstrap_test.TestBootstrap", "stderr": null, "errorDetails": null, "skippedMessage": null}, {"skipped": false, "errorStackTrace": null, "duration": 85.594, "name": "functional_test", "age": 0, "failedSince": 0, "status": "PASSED", "testActions": [], "stdout": null, "className": "super_counter_test.TestSuperCounterClusterRestart", "stderr": null, "errorDetails": null, "skippedMessage": null}, {"skipped": false, "errorStackTrace": null, "duration": 84.193, "name": "compaction_throughput_test", "age": 0, "failedSince": 0, "status": "PASSED", "testActions": [], "stdout": null, "className": "compaction_test.TestCompaction_with_DateTieredCompactionStrategy", "stderr": null, "errorDetails": null, "skippedMessage": null}, {"skipped": false, "errorStackTrace": null, "duration": 71.97, "name": "compaction_throughput_test", "age": 0, "failedSince": 0, "status": "PASSED", "testActions": [], "stdout": null, "className": "compaction_test.TestCompaction_with_SizeTieredCompactionStrategy", "stderr": null, "errorDetails": null, "skippedMessage": null}, {"skipped": false, "errorStackTrace": null, "duration": 60.916, "name": "data_size_test", "age": 0, "failedSince": 0, "status": "PASSED", "testActions": [], "stdout": null, "className": "compaction_test.TestCompaction_with_SizeTieredCompactionStrategy", "stderr": null, "errorDetails": null, "skippedMessage": null}, {"skipped": false, "errorStackTrace": null, "duration": 33.465, "name": "disable_autocompaction_schema_test", "age": 0, "failedSince": 0, "status": "PASSED", "testActions": [], "stdout": null, "className": "compaction_test.TestCompaction_with_LeveledCompactionStrategy", "stderr": null, "errorDetails": null, "skippedMessage": null}, {"skipped": false, "errorStackTrace": null, "duration": 56.064, "name": "test_paxos_any", "age": 0, "failedSince": 0, "status": "PASSED", "testActions": [], "stdout": null, "className": "write_failures_test.TestWriteFailures", "stderr": null, "errorDetails": null, "skippedMessage": null}, {"skipped": false, "errorStackTrace": null, "duration": 32.842, "name": "load_test", "age": 0, "failedSince": 0, "status": "PASSED", "testActions": [], "stdout": null, "className": "concurrent_schema_changes_test.TestConcurrentSchemaChanges", "stderr": null, "errorDetails": null, "skippedMessage": null}, {"skipped": false, "errorStackTrace": null, "duration": 30.856, "name": "logged_batch_throws_uae_test", "age": 0, "failedSince": 0, "status": "PASSED", "testActions": [], "stdout": null, "className": "batch_test.TestBatch", "stderr": null, "errorDetails": null, "skippedMessage": null}, {"skipped": false, "errorStackTrace": null, "duration": 6.952, "name": "unlogged_batch_rejects_counter_mutations_test", "age": 0, "failedSince": 0, "status": "PASSED", "testActions": [], "stdout": null, "className": "batch_test.TestBatch", "stderr": null, "errorDetails": null, "skippedMessage": null}, {"skipped": false, "errorStackTrace": null, "duration": 7.161, "name": "counter_batch_rejects_regular_mutations_test", "age": 0, "failedSince": 0, "status": "PASSED", "testActions": [], "stdout": null, "className": "batch_test.TestBatch", "stderr": null, "errorDetails": null, "skippedMessage": null}, {"skipped": false, "errorStackTrace": null, "duration": 26.689, "name": "test_incr_standard_remove", "age": 0, "failedSince": 0, "status": "PASSED", "testActions": [], "stdout": null, "className": "thrift_tests.TestMutations", "stderr": null, "errorDetails": null, "skippedMessage": null}, {"skipped": false, "errorStackTrace": null, "duration": 8.531, "name": "test_count_around_page_size", "age": 0, "failedSince": 0, "status": "PASSED", "testActions": [], "stdout": null, "className": "thrift_tests.TestMutations", "stderr": null, "errorDetails": null, "skippedMessage": null}, {"skipped": false, "errorStackTrace": null, "duration": 7.655, "name": "test_dynamic_indexes_with_system_update_cf", "age": 0, "failedSince": 0, "status": "PASSED", "testActions": [], "stdout": null, "className": "thrift_tests.TestMutations", "stderr": null, "errorDetails": null, "skippedMessage": null}, {"skipped": false, "errorStackTrace": null, "duration": 6.969, "name": "test_batch_insert_blocking", "age": 0, "failedSince": 0, "status": "PASSED", "testActions": [], "stdout": null, "className": "thrift_tests.TestMutations", "stderr": null, "errorDetails": null, "skippedMessage": null}, {"skipped": false, "errorStackTrace": null, "duration": 7.092, "name": "test_system_keyspace_operations", "age": 0, "failedSince": 0, "status": "PASSED", "testActions": [], "stdout": null, "className": "thrift_tests.TestMutations", "stderr": null, "errorDetails": null, "skippedMessage": null}, {"skipped": false, "errorStackTrace": null, "duration": 6.675, "name": "test_batch_mutate_standard_columns_blocking", "age": 0, "failedSince": 0, "status": "PASSED", "testActions": [], "stdout": null, "className": "thrift_tests.TestMutations", "stderr": null, "errorDetails": null, "skippedMessage": null}, {"skipped": false, "errorStackTrace": null, "duration": 6.869, "name": "test_batch_insert", "age": 0, "failedSince": 0, "status": "PASSED", "testActions": [], "stdout": null, "className": "thrift_tests.TestMutations", "stderr": null, "errorDetails": null, "skippedMessage": null}, {"skipped": false, "errorStackTrace": null, "duration": 6.785, "name": "test_column_name_lengths", "age": 0, "failedSince": 0, "status": "PASSED", "testActions": [], "stdout": null, "className": "thrift_tests.TestMutations", "stderr": null, "errorDetails": null, "skippedMessage": null}, {"skipped": false, "errorStackTrace": null, "duration": 6.582, "name": "test_describe_ring", "age": 0, "failedSince": 0, "status": "PASSED", "testActions": [], "stdout": null, "className": "thrift_tests.TestMutations", "stderr": null, "errorDetails": null, "skippedMessage": null}, {"skipped": false, "errorStackTrace": null, "duration": 6.565, "name": "test_describe_token_map", "age": 0, "failedSince": 0, "status": "PASSED", "testActions": [], "stdout": null, "className": "thrift_tests.TestMutations", "stderr": null, "errorDetails": null, "skippedMessage": null}, {"skipped": false, "errorStackTrace": null, "duration": 22.899, "name": "test_multiple_partition_deletions", "age": 0, "failedSince": 0, "status": "PASSED", "testActions": [], "stdout": null, "className": "paging_test.TestPagingWithDeletions", "stderr": null, "errorDetails": null, "skippedMessage": null}, {"skipped": false, "errorStackTrace": null, "duration": 22.727, "name": "test_data_change_impacting_earlier_page", "age": 0, "failedSince": 0, "status": "FIXED", "testActions": [], "stdout": null, "className": "paging_test.TestPagingDatasetChanges", "stderr": null, "errorDetails": null, "skippedMessage": null}, {"skipped": false, "errorStackTrace": null, "duration": 21.477, "name": "force_repair_async_2_test", "age": 0, "failedSince": 0, "status": "PASSED", "testActions": [], "stdout": null, "className": "deprecated_repair_test.TestDeprecatedRepairAPI", "stderr": null, "errorDetails": null, "skippedMessage": null}, {"skipped": false, "errorStackTrace": null, "duration": 19.769, "name": "use_custom_port_test", "age": 0, "failedSince": 0, "status": "PASSED", "testActions": [], "stdout": null, "className": "native_transport_ssl_test.NativeTransportSSL", "stderr": null, "errorDetails": null, "skippedMessage": null}, {"skipped": false, "errorStackTrace": null, "duration": 17.017, "name": "create_cf_auth_test", "age": 0, "failedSince": 0, "status": "PASSED", "testActions": [], "stdout": null, "className": "auth_test.TestAuth", "stderr": null, "errorDetails": null, "skippedMessage": null}, {"skipped": false, "errorStackTrace": null, "duration": 17.049, "name": "type_auth_test", "age": 0, "failedSince": 0, "status": "PASSED", "testActions": [], "stdout": null, "className": "auth_test.TestAuth", "stderr": null, "errorDetails": null, "skippedMessage": null}, {"skipped": false, "errorStackTrace": null, "duration": 12.257, "name": "test_commitlog_replay_on_startup", "age": 0, "failedSince": 0, "status": "PASSED", "testActions": [], "stdout": null, "className": "commitlog_test.TestCommitLog", "stderr": null, "errorDetails": null, "skippedMessage": null}, {"skipped": false, "errorStackTrace": null, "duration": 11.726, "name": "complex_data_types_test", "age": 0, "failedSince": 0, "status": "PASSED", "testActions": [], "stdout": null, "className": "json_test.ToJsonSelectTests", "stderr": null, "errorDetails": null, "skippedMessage": null}, {"skipped": false, "errorStackTrace": null, "duration": 8.022, "name": "test_8280_validate_indexed_values", "age": 0, "failedSince": 0, "status": "PASSED", "testActions": [], "stdout": null, "className": "secondary_indexes_test.TestSecondaryIndexes", "stderr": null, "errorDetails": null, "skippedMessage": null}, {"skipped": false, "errorStackTrace": null, "duration": 7.54, "name": "creating_and_dropping_uda_test", "age": 0, "failedSince": 0, "status": "PASSED", "testActions": [], "stdout": null, "className": "schema_metadata_test.TestSchemaMetadata", "stderr": null, "errorDetails": null, "skippedMessage": null}, {"skipped": false, "errorStackTrace": null, "duration": 6.38, "name": "static_column_test", "age": 0, "failedSince": 0, "status": "PASSED", "testActions": [], "stdout": null, "className": "schema_metadata_test.TestSchemaMetadata", "stderr": null, "errorDetails": null, "skippedMessage": null}, {"skipped": false, "errorStackTrace": null, "duration": 6.996, "name": "test_alter_table", "age": 0, "failedSince": 0, "status": "PASSED", "testActions": [], "stdout": "(EE)  ", "className": "cqlsh_tests.cqlsh_tests.CqlshSmokeTest", "stderr": null, "errorDetails": null, "skippedMessage": null}, {"skipped": false, "errorStackTrace": null, "duration": 6.311, "name": "sc_with_row_cache_test", "age": 0, "failedSince": 0, "status": "PASSED", "testActions": [], "stdout": null, "className": "super_column_cache_test.TestSCCache", "stderr": null, "errorDetails": null, "skippedMessage": null}, {"skipped": false, "errorStackTrace": null, "duration": 288.623, "name": "replace_with_reset_resume_state_test", "age": 0, "failedSince": 0, "status": "PASSED", "testActions": [], "stdout": null, "className": "replace_address_test.TestReplaceAddress", "stderr": null, "errorDetails": null, "skippedMessage": null}, {"skipped": false, "errorStackTrace": "  File \"/usr/lib/python2.7/unittest/case.py\", line 329, in run\n    testMethod()\n  File \"/home/automaton/cassandra-dtest/concurrent_schema_changes_test.py\", line 188, in create_lots_of_alters_concurrently_test\n    self.assertEqual(510, column_ct)\n  File \"/usr/lib/python2.7/unittest/case.py\", line 513, in assertEqual\n    assertion_func(first, second, msg=msg)\n  File \"/usr/lib/python2.7/unittest/case.py\", line 506, in _baseAssertEqual\n    raise self.failureException(msg)\n'510 != 509\\n-------------------- >> begin captured logging << --------------------\\ndtest: DEBUG: cluster ccm directory: /mnt/tmp/dtest-yUg7Rn\\ndtest: DEBUG: executing 500 alters\\ndtest: DEBUG: waiting for alters to propagate\\n--------------------- >> end captured logging << ---------------------'", "duration": 205.445, "name": "create_lots_of_alters_concurrently_test", "age": 6, "failedSince": 318, "status": "FAILED", "testActions": [], "stdout": null, "className": "concurrent_schema_changes_test.TestConcurrentSchemaChanges", "stderr": null, "errorDetails": "510 != 509\n-------------------- >> begin captured logging << --------------------\ndtest: DEBUG: cluster ccm directory: /mnt/tmp/dtest-yUg7Rn\ndtest: DEBUG: executing 500 alters\ndtest: DEBUG: waiting for alters to propagate\n--------------------- >> end captured logging << ---------------------", "skippedMessage": null}, {"skipped": false, "errorStackTrace": null, "duration": 110.031, "name": "test_simple_strategy_users", "age": 0, "failedSince": 0, "status": "PASSED", "testActions": [], "stdout": null, "className": "consistency_test.TestAccuracy", "stderr": null, "errorDetails": null, "skippedMessage": null}, {"skipped": false, "errorStackTrace": null, "duration": 87.784, "name": "sstableloader_compression_none_to_snappy_test", "age": 0, "failedSince": 0, "status": "PASSED", "testActions": [], "stdout": null, "className": "sstable_generation_loading_test.TestSSTableGenerationAndLoading", "stderr": null, "errorDetails": null, "skippedMessage": null}, {"skipped": false, "errorStackTrace": null, "duration": 79.652, "name": "sstableloader_compression_deflate_to_deflate_test", "age": 0, "failedSince": 0, "status": "PASSED", "testActions": [], "stdout": null, "className": "sstable_generation_loading_test.TestSSTableGenerationAndLoading", "stderr": null, "errorDetails": null, "skippedMessage": null}, {"skipped": false, "errorStackTrace": null, "duration": 35.786, "name": "remove_index_file_test", "age": 0, "failedSince": 0, "status": "PASSED", "testActions": [], "stdout": null, "className": "sstable_generation_loading_test.TestSSTableGenerationAndLoading", "stderr": null, "errorDetails": null, "skippedMessage": null}, {"skipped": false, "errorStackTrace": null, "duration": 10.221, "name": "incompressible_data_in_compressed_table_test", "age": 0, "failedSince": 0, "status": "PASSED", "testActions": [], "stdout": null, "className": "sstable_generation_loading_test.TestSSTableGenerationAndLoading", "stderr": null, "errorDetails": null, "skippedMessage": null}, {"skipped": false, "errorStackTrace": null, "duration": 77.036, "name": "dont_test_archive_commitlog", "age": 0, "failedSince": 0, "status": "PASSED", "testActions": [], "stdout": null, "className": "snapshot_test.TestArchiveCommitlog", "stderr": null, "errorDetails": null, "skippedMessage": null}, {"skipped": false, "errorStackTrace": null, "duration": 65.615, "name": "range_slice_query_with_tombstones_test", "age": 0, "failedSince": 0, "status": "PASSED", "testActions": [], "stdout": null, "className": "read_repair_test.TestRepairDataSystemTable", "stderr": null, "errorDetails": null, "skippedMessage": null}, {"skipped": false, "errorStackTrace": null, "duration": 58.924, "name": "sstable_marking_test_not_intersecting_all_ranges", "age": 0, "failedSince": 0, "status": "PASSED", "testActions": [], "stdout": null, "className": "incremental_repair_test.TestIncRepair", "stderr": null, "errorDetails": null, "skippedMessage": null}, {"skipped": false, "errorStackTrace": null, "duration": 53.764, "name": "replica_availability_test", "age": 0, "failedSince": 0, "status": "PASSED", "testActions": [], "stdout": null, "className": "paxos_tests.TestPaxos", "stderr": null, "errorDetails": null, "skippedMessage": null}, {"skipped": false, "errorStackTrace": null, "duration": 42.022, "name": "acknowledged_by_batchlog_not_set_when_batchlog_write_fails_test", "age": 0, "failedSince": 0, "status": "PASSED", "testActions": [], "stdout": null, "className": "batch_test.TestBatch", "stderr": null, "errorDetails": null, "skippedMessage": null}, {"skipped": true, "errorStackTrace": null, "duration": 0.054, "name": "logged_batch_compatibility_4_test", "age": 6, "failedSince": 318, "status": "SKIPPED", "testActions": [], "stdout": null, "className": "batch_test.TestBatch", "stderr": null, "errorDetails": null, "skippedMessage": "2.2.2 < 3.0"}, {"skipped": true, "errorStackTrace": null, "duration": 0.053, "name": "logged_batch_compatibility_3_test", "age": 6, "failedSince": 318, "status": "SKIPPED", "testActions": [], "stdout": null, "className": "batch_test.TestBatch", "stderr": null, "errorDetails": null, "skippedMessage": "2.2.2 < 3.0"}, {"skipped": false, "errorStackTrace": null, "duration": 32.865, "name": "test_bad_crc", "age": 0, "failedSince": 0, "status": "PASSED", "testActions": [], "stdout": null, "className": "commit_log_test.TestCommitLogFailurePolicy", "stderr": null, "errorDetails": null, "skippedMessage": null}, {"skipped": false, "errorStackTrace": null, "duration": 26.595, "name": "test_incr_decr_super_remove", "age": 0, "failedSince": 0, "status": "PASSED", "testActions": [], "stdout": null, "className": "thrift_tests.TestMutations", "stderr": null, "errorDetails": null, "skippedMessage": null}, {"skipped": false, "errorStackTrace": null, "duration": 6.915, "name": "test_system_super_column_family_operations", "age": 0, "failedSince": 0, "status": "PASSED", "testActions": [], "stdout": null, "className": "thrift_tests.TestMutations", "stderr": null, "errorDetails": null, "skippedMessage": null}, {"skipped": false, "errorStackTrace": null, "duration": 6.708, "name": "test_create_then_drop_ks", "age": 0, "failedSince": 0, "status": "PASSED", "testActions": [], "stdout": null, "className": "thrift_tests.TestMutations", "stderr": null, "errorDetails": null, "skippedMessage": null}, {"skipped": false, "errorStackTrace": null, "duration": 6.626, "name": "test_long_order", "age": 0, "failedSince": 0, "status": "PASSED", "testActions": [], "stdout": null, "className": "thrift_tests.TestMutations", "stderr": null, "errorDetails": null, "skippedMessage": null}, {"skipped": false, "errorStackTrace": null, "duration": 6.573, "name": "test_bad_batch_calls", "age": 0, "failedSince": 0, "status": "PASSED", "testActions": [], "stdout": null, "className": "thrift_tests.TestMutations", "stderr": null, "errorDetails": null, "skippedMessage": null}, {"skipped": false, "errorStackTrace": null, "duration": 6.697, "name": "test_integer_remove", "age": 0, "failedSince": 0, "status": "PASSED", "testActions": [], "stdout": null, "className": "thrift_tests.TestMutations", "stderr": null, "errorDetails": null, "skippedMessage": null}, {"skipped": false, "errorStackTrace": null, "duration": 6.741, "name": "test_range_with_remove", "age": 0, "failedSince": 0, "status": "PASSED", "testActions": [], "stdout": null, "className": "thrift_tests.TestMutations", "stderr": null, "errorDetails": null, "skippedMessage": null}, {"skipped": false, "errorStackTrace": null, "duration": 6.432, "name": "test_invalid_ks_names", "age": 0, "failedSince": 0, "status": "PASSED", "testActions": [], "stdout": null, "className": "thrift_tests.TestMutations", "stderr": null, "errorDetails": null, "skippedMessage": null}, {"skipped": false, "errorStackTrace": null, "duration": 25.436, "name": "non_local_read_test", "age": 0, "failedSince": 0, "status": "PASSED", "testActions": [], "stdout": null, "className": "putget_test.TestPutGet", "stderr": null, "errorDetails": null, "skippedMessage": null}, {"skipped": false, "errorStackTrace": null, "duration": 25.287, "name": "test_type_as_part_of_pkey", "age": 0, "failedSince": 0, "status": "PASSED", "testActions": [], "stdout": null, "className": "user_types_test.TestUserTypes", "stderr": null, "errorDetails": null, "skippedMessage": null}, {"skipped": false, "errorStackTrace": null, "duration": 20.393, "name": "test_with_equal_results_to_page_size", "age": 0, "failedSince": 0, "status": "FIXED", "testActions": [], "stdout": null, "className": "paging_test.TestPagingSize", "stderr": null, "errorDetails": null, "skippedMessage": null}, {"skipped": false, "errorStackTrace": null, "duration": 19.633, "name": "die_failure_policy_test", "age": 0, "failedSince": 0, "status": "PASSED", "testActions": [], "stdout": null, "className": "commitlog_test.TestCommitLog", "stderr": null, "errorDetails": null, "skippedMessage": null}, {"skipped": false, "errorStackTrace": null, "duration": 18.39, "name": "range_slice_test", "age": 0, "failedSince": 0, "status": "PASSED", "testActions": [], "stdout": null, "className": "cql_tests.MiscellaneousCQLTester", "stderr": null, "errorDetails": null, "skippedMessage": null}, {"skipped": false, "errorStackTrace": null, "duration": 6.411, "name": "statements_test", "age": 0, "failedSince": 0, "status": "PASSED", "testActions": [], "stdout": null, "className": "cql_tests.StorageProxyCQLTester", "stderr": null, "errorDetails": null, "skippedMessage": null}, {"skipped": false, "errorStackTrace": null, "duration": 17.271, "name": "test_login_rejects_bad_pass", "age": 0, "failedSince": 0, "status": "PASSED", "testActions": [], "stdout": "(EE)  <stdin>:2:('Unable to connect to any servers', {'127.0.0.1': AuthenticationFailed(u'Failed to authenticate to 127.0.0.1: code=0100 [Bad credentials] message=\"Username and/or password are incorrect\"',)})(EE)  ", "className": "cqlsh_tests.cqlsh_tests.CqlLoginTest", "stderr": null, "errorDetails": null, "skippedMessage": null}, {"skipped": false, "errorStackTrace": null, "duration": 21.851, "name": "test_number_delimiter", "age": 0, "failedSince": 0, "status": "PASSED", "testActions": [], "stdout": "(EE)  ", "className": "cqlsh_tests.cqlsh_copy_tests.CqlshCopyTest", "stderr": null, "errorDetails": null, "skippedMessage": null}, {"skipped": false, "errorStackTrace": null, "duration": 21.617, "name": "test_colon_delimiter", "age": 0, "failedSince": 0, "status": "PASSED", "testActions": [], "stdout": "(EE)  ", "className": "cqlsh_tests.cqlsh_copy_tests.CqlshCopyTest", "stderr": null, "errorDetails": null, "skippedMessage": null}, {"skipped": false, "errorStackTrace": null, "duration": 6.538, "name": "test_quoted_column_names_writing_dont_specify_names", "age": 0, "failedSince": 0, "status": "PASSED", "testActions": [], "stdout": "(EE)  ", "className": "cqlsh_tests.cqlsh_copy_tests.CqlshCopyTest", "stderr": null, "errorDetails": null, "skippedMessage": null}, {"skipped": false, "errorStackTrace": null, "duration": 6.987, "name": "test_drop_keyspace", "age": 0, "failedSince": 0, "status": "PASSED", "testActions": [], "stdout": "(EE)  ", "className": "cqlsh_tests.cqlsh_tests.CqlshSmokeTest", "stderr": null, "errorDetails": null, "skippedMessage": null}, {"skipped": false, "errorStackTrace": null, "duration": 6.63, "name": "test_create_keyspace", "age": 0, "failedSince": 0, "status": "PASSED", "testActions": [], "stdout": "(EE)  ", "className": "cqlsh_tests.cqlsh_tests.CqlshSmokeTest", "stderr": null, "errorDetails": null, "skippedMessage": null}, {"skipped": false, "errorStackTrace": null, "duration": 6.997, "name": "test_int_values", "age": 0, "failedSince": 0, "status": "PASSED", "testActions": [], "stdout": null, "className": "cqlsh_tests.cqlsh_tests.TestCqlsh", "stderr": null, "errorDetails": null, "skippedMessage": null}, {"skipped": false, "errorStackTrace": "  File \"/usr/lib/python2.7/unittest/case.py\", line 329, in run\n    testMethod()\n  File \"/home/automaton/cassandra-dtest/tools.py\", line 253, in wrapped\n    f(obj)\n  File \"/home/automaton/cassandra-dtest/cqlsh_tests/cqlsh_tests.py\", line 68, in test_pep8_compliance\n    self.assertEqual(len(stdout), 0, stdout)\n  File \"/usr/lib/python2.7/unittest/case.py\", line 513, in assertEqual\n    assertion_func(first, second, msg=msg)\n  File \"/usr/lib/python2.7/unittest/case.py\", line 506, in _baseAssertEqual\n    raise self.failureException(msg)\n\"/home/automaton/cassandra/bin/cqlsh.py:2493:1: E302 expected 2 blank lines, found 1\\n/home/automaton/cassandra/bin/cqlsh.py:2495:1: W293 blank line contains whitespace\\n/home/automaton/cassandra/bin/cqlsh.py:2506:1: W293 blank line contains whitespace\\n/home/automaton/cassandra/bin/cqlsh.py:2517:1: E302 expected 2 blank lines, found 1\\n\\n-------------------- >> begin captured logging << --------------------\\ndtest: DEBUG: cluster ccm directory: /mnt/tmp/dtest-_6eHnb\\ndtest: DEBUG: ['pep8', '--ignore', 'E501,E402,E731', '/home/automaton/cassandra/bin/cqlsh.py', '/home/automaton/cassandra/pylib/cqlshlib/helptopics.py', '/home/automaton/cassandra/pylib/cqlshlib/cqlhandling.py', '/home/automaton/cassandra/pylib/cqlshlib/wcwidth.py', '/home/automaton/cassandra/pylib/cqlshlib/displaying.py', '/home/automaton/cassandra/pylib/cqlshlib/pylexotron.py', '/home/automaton/cassandra/pylib/cqlshlib/cql3handling.py', '/home/automaton/cassandra/pylib/cqlshlib/saferscanner.py', '/home/automaton/cassandra/pylib/cqlshlib/__init__.py', '/home/automaton/cassandra/pylib/cqlshlib/tracing.py', '/home/automaton/cassandra/pylib/cqlshlib/formatting.py', '/home/automaton/cassandra/pylib/cqlshlib/sslhandling.py', '/home/automaton/cassandra/pylib/cqlshlib/util.py']\\n--------------------- >> end captured logging << ---------------------\"", "duration": 0.808, "name": "test_pep8_compliance", "age": 18, "failedSince": 306, "status": "FAILED", "testActions": [], "stdout": null, "className": "cqlsh_tests.cqlsh_tests.TestCqlsh", "stderr": null, "errorDetails": "/home/automaton/cassandra/bin/cqlsh.py:2493:1: E302 expected 2 blank lines, found 1\n/home/automaton/cassandra/bin/cqlsh.py:2495:1: W293 blank line contains whitespace\n/home/automaton/cassandra/bin/cqlsh.py:2506:1: W293 blank line contains whitespace\n/home/automaton/cassandra/bin/cqlsh.py:2517:1: E302 expected 2 blank lines, found 1\n\n-------------------- >> begin captured logging << --------------------\ndtest: DEBUG: cluster ccm directory: /mnt/tmp/dtest-_6eHnb\ndtest: DEBUG: ['pep8', '--ignore', 'E501,E402,E731', '/home/automaton/cassandra/bin/cqlsh.py', '/home/automaton/cassandra/pylib/cqlshlib/helptopics.py', '/home/automaton/cassandra/pylib/cqlshlib/cqlhandling.py', '/home/automaton/cassandra/pylib/cqlshlib/wcwidth.py', '/home/automaton/cassandra/pylib/cqlshlib/displaying.py', '/home/automaton/cassandra/pylib/cqlshlib/pylexotron.py', '/home/automaton/cassandra/pylib/cqlshlib/cql3handling.py', '/home/automaton/cassandra/pylib/cqlshlib/saferscanner.py', '/home/automaton/cassandra/pylib/cqlshlib/__init__.py', '/home/automaton/cassandra/pylib/cqlshlib/tracing.py', '/home/automaton/cassandra/pylib/cqlshlib/formatting.py', '/home/automaton/cassandra/pylib/cqlshlib/sslhandling.py', '/home/automaton/cassandra/pylib/cqlshlib/util.py']\n--------------------- >> end captured logging << ---------------------", "skippedMessage": null}, {"skipped": false, "errorStackTrace": null, "duration": 15.551, "name": "compaction_delete_test", "age": 0, "failedSince": 0, "status": "PASSED", "testActions": [], "stdout": "running\n['/mnt/tmp/dtest-oYuHJZ/test/node1/data/ks/cf-10ed7b6070ec11e587978d499edf209a/la-2-big-Data.db', '/mnt/tmp/dtest-oYuHJZ/test/node1/data/ks/cf-10ed7b6070ec11e587978d499edf209a/la-1-big-Data.db']\n-- la-2-big-Data.db -----\n\n-- la-1-big-Data.db -----\n\n", "className": "compaction_test.TestCompaction_with_SizeTieredCompactionStrategy", "stderr": null, "errorDetails": null, "skippedMessage": null}, {"skipped": false, "errorStackTrace": null, "duration": 13.096, "name": "insert_ttl_has_priority_on_defaut_ttl_test", "age": 0, "failedSince": 0, "status": "PASSED", "testActions": [], "stdout": null, "className": "ttl_test.TestTTL", "stderr": null, "errorDetails": null, "skippedMessage": null}, {"skipped": false, "errorStackTrace": null, "duration": 9.26, "name": "default_ttl_test", "age": 0, "failedSince": 0, "status": "PASSED", "testActions": [], "stdout": null, "className": "ttl_test.TestTTL", "stderr": null, "errorDetails": null, "skippedMessage": null}, {"skipped": false, "errorStackTrace": null, "duration": 7.286, "name": "aggregate_udf_test", "age": 0, "failedSince": 0, "status": "PASSED", "testActions": [], "stdout": null, "className": "user_functions_test.TestUserFunctions", "stderr": null, "errorDetails": null, "skippedMessage": null}, {"skipped": false, "errorStackTrace": null, "duration": 6.15, "name": "aggregate_with_udt_keyspace_isolation_test", "age": 0, "failedSince": 0, "status": "PASSED", "testActions": [], "stdout": null, "className": "user_functions_test.TestUserFunctions", "stderr": null, "errorDetails": null, "skippedMessage": null}, {"skipped": false, "errorStackTrace": null, "duration": 6.315, "name": "default_aggregate_test", "age": 0, "failedSince": 0, "status": "PASSED", "testActions": [], "stdout": null, "className": "user_functions_test.TestUserFunctions", "stderr": null, "errorDetails": null, "skippedMessage": null}, {"skipped": false, "errorStackTrace": null, "duration": 30.965, "name": "test_migration", "age": 0, "failedSince": 0, "status": "PASSED", "testActions": [], "stdout": null, "className": "user_functions_test.TestUserFunctions", "stderr": null, "errorDetails": null, "skippedMessage": null}, {"skipped": false, "errorStackTrace": null, "duration": 30.683, "name": "udf_overload_test", "age": 0, "failedSince": 0, "status": "PASSED", "testActions": [], "stdout": null, "className": "user_functions_test.TestUserFunctions", "stderr": null, "errorDetails": null, "skippedMessage": null}, {"skipped": false, "errorStackTrace": null, "duration": 6.573, "name": "udf_scripting_test", "age": 0, "failedSince": 0, "status": "PASSED", "testActions": [], "stdout": null, "className": "user_functions_test.TestUserFunctions", "stderr": null, "errorDetails": null, "skippedMessage": null}, {"skipped": false, "errorStackTrace": null, "duration": 6.12, "name": "udf_with_udt_keyspace_isolation_test", "age": 0, "failedSince": 0, "status": "PASSED", "testActions": [], "stdout": null, "className": "user_functions_test.TestUserFunctions", "stderr": null, "errorDetails": null, "skippedMessage": null}, {"skipped": false, "errorStackTrace": null, "duration": 6.789, "name": "udf_with_udt_test", "age": 0, "failedSince": 0, "status": "PASSED", "testActions": [], "stdout": null, "className": "user_functions_test.TestUserFunctions", "stderr": null, "errorDetails": null, "skippedMessage": null}, {"skipped": true, "errorStackTrace": null, "duration": 0.054, "name": "allow_filtering_test", "age": 169, "failedSince": 155, "status": "SKIPPED", "testActions": [], "stdout": null, "className": "materialized_views_test.TestMaterializedViews", "stderr": null, "errorDetails": null, "skippedMessage": "2.2.2 < 3.0"}, {"skipped": true, "errorStackTrace": null, "duration": 0.104, "name": "insert_test", "age": 6, "failedSince": 318, "status": "SKIPPED", "testActions": [], "stdout": null, "className": "materialized_views_test.TestMaterializedViews", "stderr": null, "errorDetails": null, "skippedMessage": "2.2.2 < 3.0"}, {"skipped": true, "errorStackTrace": null, "duration": 0.105, "name": "clustering_column_test", "age": 6, "failedSince": 318, "status": "SKIPPED", "testActions": [], "stdout": null, "className": "materialized_views_test.TestMaterializedViews", "stderr": null, "errorDetails": null, "skippedMessage": "2.2.2 < 3.0"}, {"skipped": true, "errorStackTrace": null, "duration": 0.103, "name": "immutable_test", "age": 6, "failedSince": 318, "status": "SKIPPED", "testActions": [], "stdout": null, "className": "materialized_views_test.TestMaterializedViews", "stderr": null, "errorDetails": null, "skippedMessage": "2.2.2 < 3.0"}, {"skipped": true, "errorStackTrace": null, "duration": 0.054, "name": "order_by_validation_test", "age": 47, "failedSince": 277, "status": "SKIPPED", "testActions": [], "stdout": null, "className": "deprecated_cql_tests.TestCQL", "stderr": null, "errorDetails": null, "skippedMessage": "2.2.2 > 2.0.x"}, {"skipped": true, "errorStackTrace": null, "duration": 0.103, "name": "cql3_insert_thrift_test", "age": 6, "failedSince": 318, "status": "SKIPPED", "testActions": [], "stdout": null, "className": "deprecated_cql_tests.TestCQL", "stderr": null, "errorDetails": null, "skippedMessage": "2.2.2 > 2.0.x"}, {"skipped": true, "errorStackTrace": null, "duration": 0.103, "name": "multi_list_set_test", "age": 47, "failedSince": 277, "status": "SKIPPED", "testActions": [], "stdout": null, "className": "deprecated_cql_tests.TestCQL", "stderr": null, "errorDetails": null, "skippedMessage": "2.2.2 > 2.0.x"}, {"skipped": true, "errorStackTrace": null, "duration": 0.102, "name": "update_type_test", "age": 6, "failedSince": 318, "status": "SKIPPED", "testActions": [], "stdout": null, "className": "deprecated_cql_tests.TestCQL", "stderr": null, "errorDetails": null, "skippedMessage": "2.2.2 > 2.0.x"}, {"skipped": true, "errorStackTrace": null, "duration": 0.103, "name": "static_columns_with_distinct_test", "age": 58, "failedSince": 266, "status": "SKIPPED", "testActions": [], "stdout": null, "className": "deprecated_cql_tests.TestCQL", "stderr": null, "errorDetails": null, "skippedMessage": "2.2.2 > 2.0.x"}, {"skipped": true, "errorStackTrace": null, "duration": 0.104, "name": "static_columns_with_2i_test", "age": 47, "failedSince": 277, "status": "SKIPPED", "testActions": [], "stdout": null, "className": "deprecated_cql_tests.TestCQL", "stderr": null, "errorDetails": null, "skippedMessage": "2.2.2 > 2.0.x"}, {"skipped": true, "errorStackTrace": null, "duration": 0.103, "name": "ticket_5230_test", "age": 47, "failedSince": 277, "status": "SKIPPED", "testActions": [], "stdout": null, "className": "deprecated_cql_tests.TestCQL", "stderr": null, "errorDetails": null, "skippedMessage": "2.2.2 > 2.0.x"}, {"skipped": true, "errorStackTrace": null, "duration": 0.103, "name": "function_and_reverse_type_test", "age": 47, "failedSince": 277, "status": "SKIPPED", "testActions": [], "stdout": null, "className": "deprecated_cql_tests.TestCQL", "stderr": null, "errorDetails": null, "skippedMessage": "2.2.2 > 2.0.x"}, {"skipped": true, "errorStackTrace": null, "duration": 0.103, "name": "token_range_test", "age": 48, "failedSince": 276, "status": "SKIPPED", "testActions": [], "stdout": null, "className": "deprecated_cql_tests.TestCQL", "stderr": null, "errorDetails": null, "skippedMessage": "2.2.2 > 2.0.x"}, {"skipped": true, "errorStackTrace": null, "duration": 0.102, "name": "timeuuid_test", "age": 47, "failedSince": 277, "status": "SKIPPED", "testActions": [], "stdout": null, "className": "deprecated_cql_tests.TestCQL", "stderr": null, "errorDetails": null, "skippedMessage": "2.2.2 > 2.0.x"}, {"skipped": true, "errorStackTrace": null, "duration": 0.102, "name": "create_invalid_test", "age": 58, "failedSince": 266, "status": "SKIPPED", "testActions": [], "stdout": null, "className": "deprecated_cql_tests.TestCQL", "stderr": null, "errorDetails": null, "skippedMessage": "2.2.2 > 2.0.x"}, {"skipped": true, "errorStackTrace": null, "duration": 0.102, "name": "identifier_test", "age": 48, "failedSince": 276, "status": "SKIPPED", "testActions": [], "stdout": null, "className": "deprecated_cql_tests.TestCQL", "stderr": null, "errorDetails": null, "skippedMessage": "2.2.2 > 2.0.x"}, {"skipped": true, "errorStackTrace": null, "duration": 0.103, "name": "noncomposite_static_cf_test", "age": 48, "failedSince": 276, "status": "SKIPPED", "testActions": [], "stdout": null, "className": "deprecated_cql_tests.TestCQL", "stderr": null, "errorDetails": null, "skippedMessage": "2.2.2 > 2.0.x"}, {"skipped": true, "errorStackTrace": null, "duration": 0.101, "name": "order_by_multikey_test", "age": 48, "failedSince": 276, "status": "SKIPPED", "testActions": [], "stdout": null, "className": "deprecated_cql_tests.TestCQL", "stderr": null, "errorDetails": null, "skippedMessage": "2.2.2 > 2.0.x"}, {"skipped": true, "errorStackTrace": null, "duration": 0.101, "name": "reversed_compact_test", "age": 6, "failedSince": 318, "status": "SKIPPED", "testActions": [], "stdout": null, "className": "deprecated_cql_tests.TestCQL", "stderr": null, "errorDetails": null, "skippedMessage": "2.2.2 > 2.0.x"}, {"skipped": true, "errorStackTrace": null, "duration": 0.102, "name": "bug_6069_test", "age": 6, "failedSince": 318, "status": "SKIPPED", "testActions": [], "stdout": null, "className": "deprecated_cql_tests.TestCQL", "stderr": null, "errorDetails": null, "skippedMessage": "2.2.2 > 2.0.x"}, {"skipped": true, "errorStackTrace": null, "duration": 0.101, "name": "count_test", "age": 6, "failedSince": 318, "status": "SKIPPED", "testActions": [], "stdout": null, "className": "deprecated_cql_tests.TestCQL", "stderr": null, "errorDetails": null, "skippedMessage": "2.2.2 > 2.0.x"}, {"skipped": true, "errorStackTrace": null, "duration": 0.1, "name": "collection_flush_test", "age": 47, "failedSince": 277, "status": "SKIPPED", "testActions": [], "stdout": null, "className": "deprecated_cql_tests.TestCQL", "stderr": null, "errorDetails": null, "skippedMessage": "2.2.2 > 2.0.x"}, {"skipped": true, "errorStackTrace": null, "duration": 0.1, "name": "negative_timestamp_test", "age": 48, "failedSince": 276, "status": "SKIPPED", "testActions": [], "stdout": null, "className": "deprecated_cql_tests.TestCQL", "stderr": null, "errorDetails": null, "skippedMessage": "2.2.2 > 2.0.x"}, {"skipped": true, "errorStackTrace": null, "duration": 0.1, "name": "conditional_update_test", "age": 6, "failedSince": 318, "status": "SKIPPED", "testActions": [], "stdout": null, "className": "deprecated_cql_tests.TestCQL", "stderr": null, "errorDetails": null, "skippedMessage": "2.2.2 > 2.0.x"}, {"skipped": true, "errorStackTrace": null, "duration": 0.101, "name": "select_distinct_test", "age": 47, "failedSince": 277, "status": "SKIPPED", "testActions": [], "stdout": null, "className": "deprecated_cql_tests.TestCQL", "stderr": null, "errorDetails": null, "skippedMessage": "2.2.2 > 2.0.x"}, {"skipped": true, "errorStackTrace": null, "duration": 0.101, "name": "multiordering_test", "age": 47, "failedSince": 277, "status": "SKIPPED", "testActions": [], "stdout": null, "className": "deprecated_cql_tests.TestCQL", "stderr": null, "errorDetails": null, "skippedMessage": "2.2.2 > 2.0.x"}, {"skipped": true, "errorStackTrace": null, "duration": 0.101, "name": "double_with_npe_test", "age": 58, "failedSince": 266, "status": "SKIPPED", "testActions": [], "stdout": null, "className": "deprecated_cql_tests.TestCQL", "stderr": null, "errorDetails": null, "skippedMessage": "2.2.2 > 2.0.x"}, {"skipped": true, "errorStackTrace": null, "duration": 0.102, "name": "collection_function_test", "age": 47, "failedSince": 277, "status": "SKIPPED", "testActions": [], "stdout": null, "className": "deprecated_cql_tests.TestCQL", "stderr": null, "errorDetails": null, "skippedMessage": "2.2.2 > 2.0.x"}, {"skipped": true, "errorStackTrace": null, "duration": 0.102, "name": "multiordering_validation_test", "age": 6, "failedSince": 318, "status": "SKIPPED", "testActions": [], "stdout": null, "className": "deprecated_cql_tests.TestCQL", "stderr": null, "errorDetails": null, "skippedMessage": "2.2.2 > 2.0.x"}, {"skipped": true, "errorStackTrace": null, "duration": 0.102, "name": "static_with_limit_test", "age": 6, "failedSince": 318, "status": "SKIPPED", "testActions": [], "stdout": null, "className": "deprecated_cql_tests.TestCQL", "stderr": null, "errorDetails": null, "skippedMessage": "2.2.2 > 2.0.x"}, {"skipped": true, "errorStackTrace": null, "duration": 0.052, "name": "sparse_cf_test", "age": 47, "failedSince": 277, "status": "SKIPPED", "testActions": [], "stdout": null, "className": "upgrade_tests.cql_tests.TestCQL", "stderr": null, "errorDetails": null, "skippedMessage": "2.2.2 < 3.0"}, {"skipped": true, "errorStackTrace": null, "duration": 0.102, "name": "map_test", "age": 47, "failedSince": 277, "status": "SKIPPED", "testActions": [], "stdout": null, "className": "upgrade_tests.cql_tests.TestCQL", "stderr": null, "errorDetails": null, "skippedMessage": "2.2.2 < 3.0"}, {"skipped": true, "errorStackTrace": null, "duration": 0.101, "name": "list_item_conditional_test", "age": 48, "failedSince": 276, "status": "SKIPPED", "testActions": [], "stdout": null, "className": "upgrade_tests.cql_tests.TestCQL", "stderr": null, "errorDetails": null, "skippedMessage": "2.2.2 < 3.0"}, {"skipped": true, "errorStackTrace": null, "duration": 0.099, "name": "static_columns_cas_test", "age": 48, "failedSince": 276, "status": "SKIPPED", "testActions": [], "stdout": null, "className": "upgrade_tests.cql_tests.TestCQL", "stderr": null, "errorDetails": null, "skippedMessage": "2.2.2 < 3.0"}, {"skipped": true, "errorStackTrace": null, "duration": 0.099, "name": "null_support_test", "age": 47, "failedSince": 277, "status": "SKIPPED", "testActions": [], "stdout": null, "className": "upgrade_tests.cql_tests.TestCQL", "stderr": null, "errorDetails": null, "skippedMessage": "2.2.2 < 3.0"}, {"skipped": true, "errorStackTrace": null, "duration": 0.098, "name": "composite_index_collections_test", "age": 47, "failedSince": 277, "status": "SKIPPED", "testActions": [], "stdout": null, "className": "upgrade_tests.cql_tests.TestCQL", "stderr": null, "errorDetails": null, "skippedMessage": "2.2.2 < 3.0"}, {"skipped": true, "errorStackTrace": null, "duration": 0.097, "name": "multi_in_compact_test", "age": 6, "failedSince": 318, "status": "SKIPPED", "testActions": [], "stdout": null, "className": "upgrade_tests.cql_tests.TestCQL", "stderr": null, "errorDetails": null, "skippedMessage": "2.2.2 < 3.0"}, {"skipped": true, "errorStackTrace": null, "duration": 0.098, "name": "expanded_map_item_conditional_test", "age": 47, "failedSince": 277, "status": "SKIPPED", "testActions": [], "stdout": null, "className": "upgrade_tests.cql_tests.TestCQL", "stderr": null, "errorDetails": null, "skippedMessage": "2.2.2 < 3.0"}, {"skipped": true, "errorStackTrace": null, "duration": 0.098, "name": "bug_6115_test", "age": 47, "failedSince": 277, "status": "SKIPPED", "testActions": [], "stdout": null, "className": "upgrade_tests.cql_tests.TestCQL", "stderr": null, "errorDetails": null, "skippedMessage": "2.2.2 < 3.0"}, {"skipped": true, "errorStackTrace": null, "duration": 0.098, "name": "ticket_5230_test", "age": 47, "failedSince": 277, "status": "SKIPPED", "testActions": [], "stdout": null, "className": "upgrade_tests.cql_tests.TestCQL", "stderr": null, "errorDetails": null, "skippedMessage": "2.2.2 < 3.0"}, {"skipped": true, "errorStackTrace": null, "duration": 0.1, "name": "clustering_indexing_test", "age": 47, "failedSince": 277, "status": "SKIPPED", "testActions": [], "stdout": null, "className": "upgrade_tests.cql_tests.TestCQL", "stderr": null, "errorDetails": null, "skippedMessage": "2.2.2 < 3.0"}, {"skipped": true, "errorStackTrace": null, "duration": 0.098, "name": "truncate_clean_cache_test", "age": 47, "failedSince": 277, "status": "SKIPPED", "testActions": [], "stdout": null, "className": "upgrade_tests.cql_tests.TestCQL", "stderr": null, "errorDetails": null, "skippedMessage": "2.2.2 < 3.0"}, {"skipped": true, "errorStackTrace": null, "duration": 0.102, "name": "select_with_alias_test", "age": 50, "failedSince": 274, "status": "SKIPPED", "testActions": [], "stdout": null, "className": "upgrade_tests.cql_tests.TestCQL", "stderr": null, "errorDetails": null, "skippedMessage": "2.2.2 < 3.0"}, {"skipped": true, "errorStackTrace": null, "duration": 0.099, "name": "bug7105_test", "age": 6, "failedSince": 318, "status": "SKIPPED", "testActions": [], "stdout": null, "className": "upgrade_tests.cql_tests.TestCQL", "stderr": null, "errorDetails": null, "skippedMessage": "2.2.2 < 3.0"}, {"skipped": true, "errorStackTrace": null, "duration": 0.1, "name": "bug_6069_test", "age": 6, "failedSince": 318, "status": "SKIPPED", "testActions": [], "stdout": null, "className": "upgrade_tests.cql_tests.TestCQL", "stderr": null, "errorDetails": null, "skippedMessage": "2.2.2 < 3.0"}, {"skipped": true, "errorStackTrace": null, "duration": 0.1, "name": "range_key_ordered_test", "age": 6, "failedSince": 318, "status": "SKIPPED", "testActions": [], "stdout": null, "className": "upgrade_tests.cql_tests.TestCQL", "stderr": null, "errorDetails": null, "skippedMessage": "2.2.2 < 3.0"}, {"skipped": true, "errorStackTrace": null, "duration": 0.102, "name": "collection_indexing_test", "age": 6, "failedSince": 318, "status": "SKIPPED", "testActions": [], "stdout": null, "className": "upgrade_tests.cql_tests.TestCQL", "stderr": null, "errorDetails": null, "skippedMessage": "2.2.2 < 3.0"}, {"skipped": true, "errorStackTrace": null, "duration": 0.1, "name": "count_test", "age": 6, "failedSince": 318, "status": "SKIPPED", "testActions": [], "stdout": null, "className": "upgrade_tests.cql_tests.TestCQL", "stderr": null, "errorDetails": null, "skippedMessage": "2.2.2 < 3.0"}, {"skipped": true, "errorStackTrace": null, "duration": 0.052, "name": "test_single_row_deletions", "age": 6, "failedSince": 318, "status": "SKIPPED", "testActions": [], "stdout": null, "className": "upgrade_tests.paging_test.TestPagingWithDeletions", "stderr": null, "errorDetails": null, "skippedMessage": "2.2.2 < 3.0"}, {"skipped": true, "errorStackTrace": null, "duration": 0.1, "name": "test_single_cell_deletions", "age": 11, "failedSince": 313, "status": "SKIPPED", "testActions": [], "stdout": null, "className": "upgrade_tests.paging_test.TestPagingWithDeletions", "stderr": null, "errorDetails": null, "skippedMessage": "2.2.2 < 3.0"}, {"skipped": true, "errorStackTrace": null, "duration": 0.101, "name": "test_failure_threshold_deletions", "age": 1, "failedSince": 323, "status": "SKIPPED", "testActions": [], "stdout": null, "className": "upgrade_tests.paging_test.TestPagingWithDeletions", "stderr": null, "errorDetails": null, "skippedMessage": "2.2.2 < 3.0"}, {"skipped": true, "errorStackTrace": null, "duration": 0.052, "name": "test_with_more_results_than_page_size", "age": 6, "failedSince": 318, "status": "SKIPPED", "testActions": [], "stdout": null, "className": "upgrade_tests.paging_test.TestPagingSize", "stderr": null, "errorDetails": null, "skippedMessage": "2.2.2 < 3.0"}, {"skipped": true, "errorStackTrace": null, "duration": 0.052, "name": "test_with_limit", "age": 6, "failedSince": 318, "status": "SKIPPED", "testActions": [], "stdout": null, "className": "upgrade_tests.paging_test.TestPagingWithModifiers", "stderr": null, "errorDetails": null, "skippedMessage": "2.2.2 < 3.0"}, {"skipped": true, "errorStackTrace": null, "duration": 0.051, "name": "test_data_change_impacting_earlier_page", "age": 6, "failedSince": 318, "status": "SKIPPED", "testActions": [], "stdout": null, "className": "upgrade_tests.paging_test.TestPagingDatasetChanges", "stderr": null, "errorDetails": null, "skippedMessage": "2.2.2 < 3.0"}, {"skipped": true, "errorStackTrace": null, "duration": 0.101, "name": "test_data_change_impacting_later_page", "age": 6, "failedSince": 318, "status": "SKIPPED", "testActions": [], "stdout": null, "className": "upgrade_tests.paging_test.TestPagingDatasetChanges", "stderr": null, "errorDetails": null, "skippedMessage": "2.2.2 < 3.0"}, {"skipped": true, "errorStackTrace": null, "duration": 0.052, "name": "basic_compound_paging_test", "age": 6, "failedSince": 318, "status": "SKIPPED", "testActions": [], "stdout": null, "className": "upgrade_tests.paging_test.TestPagingData", "stderr": null, "errorDetails": null, "skippedMessage": "2.2.2 < 3.0"}, {"skipped": false, "errorStackTrace": null, "duration": 790.064, "name": "netstats_test", "age": 0, "failedSince": 0, "status": "PASSED", "testActions": [], "stdout": null, "className": "jmx_test.TestJMX", "stderr": null, "errorDetails": null, "skippedMessage": null}, {"skipped": false, "errorStackTrace": null, "duration": 70.405, "name": "sstable_marking_test", "age": 0, "failedSince": 0, "status": "PASSED", "testActions": [], "stdout": null, "className": "incremental_repair_test.TestIncRepair", "stderr": null, "errorDetails": null, "skippedMessage": null}, {"skipped": false, "errorStackTrace": null, "duration": 62.83, "name": "test_set_indexes", "age": 0, "failedSince": 0, "status": "PASSED", "testActions": [], "stdout": null, "className": "secondary_indexes_test.TestSecondaryIndexesOnCollections", "stderr": null, "errorDetails": null, "skippedMessage": null}, {"skipped": true, "errorStackTrace": null, "duration": 0.053, "name": "test_only_coordinator_chooses_index_for_query", "age": 22, "failedSince": 302, "status": "SKIPPED", "testActions": [], "stdout": null, "className": "secondary_indexes_test.TestSecondaryIndexes", "stderr": null, "errorDetails": null, "skippedMessage": "2.2.2 < 3.0"}, {"skipped": false, "errorStackTrace": null, "duration": 55.359, "name": "test_mutation_v4", "age": 0, "failedSince": 0, "status": "PASSED", "testActions": [], "stdout": null, "className": "write_failures_test.TestWriteFailures", "stderr": null, "errorDetails": null, "skippedMessage": null}, {"skipped": false, "errorStackTrace": null, "duration": 43.829, "name": "change_durable_writes_test", "age": 0, "failedSince": 0, "status": "PASSED", "testActions": [], "stdout": null, "className": "configuration_test.TestConfiguration", "stderr": null, "errorDetails": null, "skippedMessage": null}, {"skipped": false, "errorStackTrace": null, "duration": 33.506, "name": "putget_with_internode_ssl_test", "age": 0, "failedSince": 0, "status": "PASSED", "testActions": [], "stdout": null, "className": "internode_ssl_test.TestInternodeSSL", "stderr": null, "errorDetails": null, "skippedMessage": null}, {"skipped": false, "errorStackTrace": null, "duration": 34.412, "name": "putget_with_internode_ssl_without_compression_test", "age": 0, "failedSince": 0, "status": "PASSED", "testActions": [], "stdout": null, "className": "internode_ssl_test.TestInternodeSSL", "stderr": null, "errorDetails": null, "skippedMessage": null}, {"skipped": false, "errorStackTrace": null, "duration": 29.554, "name": "test_failure_threshold_deletions", "age": 0, "failedSince": 0, "status": "PASSED", "testActions": [], "stdout": null, "className": "paging_test.TestPagingWithDeletions", "stderr": null, "errorDetails": null, "skippedMessage": null}, {"skipped": false, "errorStackTrace": null, "duration": 26.9, "name": "test_paging_using_secondary_indexes_with_static_cols", "age": 0, "failedSince": 0, "status": "FIXED", "testActions": [], "stdout": null, "className": "paging_test.TestPagingData", "stderr": null, "errorDetails": null, "skippedMessage": null}, {"skipped": false, "errorStackTrace": null, "duration": 21.178, "name": "test_with_no_results", "age": 0, "failedSince": 0, "status": "FIXED", "testActions": [], "stdout": null, "className": "paging_test.TestPagingSize", "stderr": null, "errorDetails": null, "skippedMessage": null}, {"skipped": false, "errorStackTrace": null, "duration": 24.653, "name": "putget_2dc_rf1_test", "age": 0, "failedSince": 0, "status": "PASSED", "testActions": [], "stdout": null, "className": "multidc_putget_test.TestMultiDCPutGet", "stderr": null, "errorDetails": null, "skippedMessage": null}, {"skipped": false, "errorStackTrace": null, "duration": 19.974, "name": "permissions_caching_test", "age": 0, "failedSince": 0, "status": "PASSED", "testActions": [], "stdout": null, "className": "auth_test.TestAuth", "stderr": null, "errorDetails": null, "skippedMessage": null}, {"skipped": false, "errorStackTrace": null, "duration": 17.196, "name": "drop_cf_auth_test", "age": 0, "failedSince": 0, "status": "PASSED", "testActions": [], "stdout": null, "className": "auth_test.TestAuth", "stderr": null, "errorDetails": null, "skippedMessage": null}, {"skipped": false, "errorStackTrace": null, "duration": 16.825, "name": "create_ks_auth_test", "age": 0, "failedSince": 0, "status": "PASSED", "testActions": [], "stdout": null, "className": "auth_test.TestAuth", "stderr": null, "errorDetails": null, "skippedMessage": null}, {"skipped": true, "errorStackTrace": null, "duration": 0.054, "name": "only_superusers_can_drop_users_test", "age": 83, "failedSince": 241, "status": "SKIPPED", "testActions": [], "stdout": null, "className": "auth_test.TestAuth", "stderr": null, "errorDetails": null, "skippedMessage": "2.2.2 > 2.1.x"}, {"skipped": true, "errorStackTrace": null, "duration": 0.053, "name": "only_superuser_can_create_users_test", "age": 83, "failedSince": 241, "status": "SKIPPED", "testActions": [], "stdout": null, "className": "auth_test.TestAuth", "stderr": null, "errorDetails": null, "skippedMessage": "2.2.2 > 2.1.x"}, {"skipped": false, "errorStackTrace": null, "duration": 19.329, "name": "force_repair_range_async_3_test", "age": 0, "failedSince": 0, "status": "PASSED", "testActions": [], "stdout": null, "className": "deprecated_repair_test.TestDeprecatedRepairAPI", "stderr": null, "errorDetails": null, "skippedMessage": null}, {"skipped": false, "errorStackTrace": null, "duration": 12.476, "name": "compaction_delete_test", "age": 0, "failedSince": 0, "status": "PASSED", "testActions": [], "stdout": "running\n['/mnt/tmp/dtest-rOyDSj/test/node1/data/ks/cf-b13d2cb070eb11e5a9281540476ef3c4/la-3-big-Data.db']\n-- la-3-big-Data.db -----\n\n", "className": "compaction_test.TestCompaction_with_LeveledCompactionStrategy", "stderr": null, "errorDetails": null, "skippedMessage": null}, {"skipped": false, "errorStackTrace": null, "duration": 10.275, "name": "update_multiple_columns_ttl_test", "age": 0, "failedSince": 0, "status": "PASSED", "testActions": [], "stdout": null, "className": "ttl_test.TestTTL", "stderr": null, "errorDetails": null, "skippedMessage": null}, {"skipped": false, "errorStackTrace": null, "duration": 9.34, "name": "insert_ttl_works_without_default_ttl_test", "age": 0, "failedSince": 0, "status": "PASSED", "testActions": [], "stdout": null, "className": "ttl_test.TestTTL", "stderr": null, "errorDetails": null, "skippedMessage": null}, {"skipped": false, "errorStackTrace": null, "duration": 8.082, "name": "test_tuple_data", "age": 0, "failedSince": 0, "status": "PASSED", "testActions": [], "stdout": "(EE)  ", "className": "cqlsh_tests.cqlsh_copy_tests.CqlshCopyTest", "stderr": null, "errorDetails": null, "skippedMessage": null}, {"skipped": false, "errorStackTrace": "  File \"/usr/lib/python2.7/unittest/case.py\", line 329, in run\n    testMethod()\n  File \"/home/automaton/cassandra-dtest/cqlsh_tests/cqlsh_copy_tests.py\", line 540, in test_quoted_column_names_reading_specify_names\n    self.quoted_column_names_reading_template(specify_column_names=True)\n  File \"/home/automaton/cassandra-dtest/cqlsh_tests/cqlsh_copy_tests.py\", line 532, in quoted_column_names_reading_template\n    self.assertCsvResultEqual(self.tempfile.name, results)\n  File \"/home/automaton/cassandra-dtest/cqlsh_tests/cqlsh_copy_tests.py\", line 167, in assertCsvResultEqual\n    raise e\n\"Element counts were not equal:\\nFirst has 1, Second has 0:  ['1', 'no']\\nFirst has 1, Second has 0:  ['2', 'Yes']\\nFirst has 1, Second has 0:  ['3', 'True']\\nFirst has 1, Second has 0:  ['4', 'false']\\n-------------------- >> begin captured logging << --------------------\\ndtest: DEBUG: cluster ccm directory: /mnt/tmp/dtest-zzB5Ck\\ndtest: WARNING: Different # of entries. CSV: 4 vs results: 0\\n--------------------- >> end captured logging << ---------------------\"", "duration": 6.694, "name": "test_quoted_column_names_reading_specify_names", "age": 8, "failedSince": 316, "status": "FAILED", "testActions": [], "stdout": "(EE)  <stdin>:2:(EE)  'QueryMessage' object has no attribute 'to_binary'(EE)  <stdin>:2:Aborting import at record #3. Previously inserted records are still present, and some records after that may be present as well.(EE)  ", "className": "cqlsh_tests.cqlsh_copy_tests.CqlshCopyTest", "stderr": null, "errorDetails": "Element counts were not equal:\nFirst has 1, Second has 0:  ['1', 'no']\nFirst has 1, Second has 0:  ['2', 'Yes']\nFirst has 1, Second has 0:  ['3', 'True']\nFirst has 1, Second has 0:  ['4', 'false']\n-------------------- >> begin captured logging << --------------------\ndtest: DEBUG: cluster ccm directory: /mnt/tmp/dtest-zzB5Ck\ndtest: WARNING: Different # of entries. CSV: 4 vs results: 0\n--------------------- >> end captured logging << ---------------------", "skippedMessage": null}, {"skipped": false, "errorStackTrace": null, "duration": 6.974, "name": "test_wrong_number_of_columns", "age": 0, "failedSince": 0, "status": "PASSED", "testActions": [], "stdout": "(EE)  <stdin>:2:(EE)  list index out of range(EE)  <stdin>:2:Aborting import at record #1. Previously inserted records are still present, and some records after that may be present as well.(EE)  ", "className": "cqlsh_tests.cqlsh_copy_tests.CqlshCopyTest", "stderr": null, "errorDetails": null, "skippedMessage": null}, {"skipped": false, "errorStackTrace": null, "duration": 7.18, "name": "test_uuid", "age": 0, "failedSince": 0, "status": "PASSED", "testActions": [], "stdout": "(EE)  (EE)  ", "className": "cqlsh_tests.cqlsh_tests.CqlshSmokeTest", "stderr": null, "errorDetails": null, "skippedMessage": null}, {"skipped": false, "errorStackTrace": null, "duration": 6.702, "name": "test_incr_decr_standard_slice", "age": 0, "failedSince": 0, "status": "PASSED", "testActions": [], "stdout": null, "className": "thrift_tests.TestMutations", "stderr": null, "errorDetails": null, "skippedMessage": null}, {"skipped": false, "errorStackTrace": null, "duration": 7.034, "name": "test_batch_mutate_remove_super_columns_with_none_given_underneath", "age": 0, "failedSince": 0, "status": "PASSED", "testActions": [], "stdout": null, "className": "thrift_tests.TestMutations", "stderr": null, "errorDetails": null, "skippedMessage": null}, {"skipped": false, "errorStackTrace": null, "duration": 6.729, "name": "test_incr_decr_standard_muliget_slice", "age": 0, "failedSince": 0, "status": "PASSED", "testActions": [], "stdout": null, "className": "thrift_tests.TestMutations", "stderr": null, "errorDetails": null, "skippedMessage": null}, {"skipped": false, "errorStackTrace": null, "duration": 6.551, "name": "test_invalid_cf_names", "age": 0, "failedSince": 0, "status": "PASSED", "testActions": [], "stdout": null, "className": "thrift_tests.TestMutations", "stderr": null, "errorDetails": null, "skippedMessage": null}, {"skipped": true, "errorStackTrace": null, "duration": 6.298, "name": "test_batch_mutate_remove_slice_part_of_supercolumns", "age": 83, "failedSince": 241, "status": "SKIPPED", "testActions": [], "stdout": null, "className": "thrift_tests.TestMutations", "stderr": null, "errorDetails": null, "skippedMessage": "2.2.2 > 2.2"}, {"skipped": false, "errorStackTrace": null, "duration": 6.644, "name": "test_describe_keyspace", "age": 0, "failedSince": 0, "status": "PASSED", "testActions": [], "stdout": null, "className": "thrift_tests.TestMutations", "stderr": null, "errorDetails": null, "skippedMessage": null}, {"skipped": false, "errorStackTrace": null, "duration": 6.9, "name": "prepared_statement_invalidation_test", "age": 0, "failedSince": 0, "status": "PASSED", "testActions": [], "stdout": null, "className": "cql_tests.MiscellaneousCQLTester", "stderr": null, "errorDetails": null, "skippedMessage": null}, {"skipped": false, "errorStackTrace": null, "duration": 6.658, "name": "creating_and_dropping_user_types_test", "age": 0, "failedSince": 0, "status": "PASSED", "testActions": [], "stdout": null, "className": "schema_metadata_test.TestSchemaMetadata", "stderr": null, "errorDetails": null, "skippedMessage": null}, {"skipped": false, "errorStackTrace": null, "duration": 6.581, "name": "creating_and_dropping_keyspace_test", "age": 0, "failedSince": 0, "status": "PASSED", "testActions": [], "stdout": null, "className": "schema_metadata_test.TestSchemaMetadata", "stderr": null, "errorDetails": null, "skippedMessage": null}, {"skipped": false, "errorStackTrace": null, "duration": 6.672, "name": "creating_and_dropping_table_test", "age": 0, "failedSince": 0, "status": "PASSED", "testActions": [], "stdout": null, "className": "schema_metadata_test.TestSchemaMetadata", "stderr": null, "errorDetails": null, "skippedMessage": null}, {"skipped": true, "errorStackTrace": null, "duration": 0.054, "name": "compaction_test", "age": 6, "failedSince": 318, "status": "SKIPPED", "testActions": [], "stdout": null, "className": "sstableutil_test.SSTableUtilTest", "stderr": null, "errorDetails": null, "skippedMessage": "2.2.2 < 3.0"}, {"skipped": true, "errorStackTrace": null, "duration": 0.051, "name": "unescaped_string_test", "age": 58, "failedSince": 266, "status": "SKIPPED", "testActions": [], "stdout": null, "className": "deprecated_cql_tests.TestCQL", "stderr": null, "errorDetails": null, "skippedMessage": "2.2.2 > 2.0.x"}, {"skipped": true, "errorStackTrace": null, "duration": 0.099, "name": "allow_filtering_test", "age": 169, "failedSince": 155, "status": "SKIPPED", "testActions": [], "stdout": null, "className": "deprecated_cql_tests.TestCQL", "stderr": null, "errorDetails": null, "skippedMessage": "2.2.2 > 2.0.x"}, {"skipped": true, "errorStackTrace": null, "duration": 0.099, "name": "bug_6050_test", "age": 47, "failedSince": 277, "status": "SKIPPED", "testActions": [], "stdout": null, "className": "deprecated_cql_tests.TestCQL", "stderr": null, "errorDetails": null, "skippedMessage": "2.2.2 > 2.0.x"}, {"skipped": true, "errorStackTrace": null, "duration": 0.099, "name": "downgrade_to_compact_bug_test", "age": 58, "failedSince": 266, "status": "SKIPPED", "testActions": [], "stdout": null, "className": "deprecated_cql_tests.TestCQL", "stderr": null, "errorDetails": null, "skippedMessage": "2.2.2 > 2.0.x"}, {"skipped": true, "errorStackTrace": null, "duration": 0.099, "name": "static_cf_test", "age": 47, "failedSince": 277, "status": "SKIPPED", "testActions": [], "stdout": null, "className": "deprecated_cql_tests.TestCQL", "stderr": null, "errorDetails": null, "skippedMessage": "2.2.2 > 2.0.x"}, {"skipped": true, "errorStackTrace": null, "duration": 0.098, "name": "composite_partition_key_validation_test", "age": 50, "failedSince": 274, "status": "SKIPPED", "testActions": [], "stdout": null, "className": "deprecated_cql_tests.TestCQL", "stderr": null, "errorDetails": null, "skippedMessage": "2.2.2 > 2.0.x"}, {"skipped": true, "errorStackTrace": null, "duration": 0.099, "name": "select_distinct_with_deletions_test", "age": 47, "failedSince": 277, "status": "SKIPPED", "testActions": [], "stdout": null, "className": "deprecated_cql_tests.TestCQL", "stderr": null, "errorDetails": null, "skippedMessage": "2.2.2 > 2.0.x"}, {"skipped": true, "errorStackTrace": null, "duration": 0.098, "name": "counters_test", "age": 6, "failedSince": 318, "status": "SKIPPED", "testActions": [], "stdout": null, "className": "deprecated_cql_tests.TestCQL", "stderr": null, "errorDetails": null, "skippedMessage": "2.2.2 > 2.0.x"}, {"skipped": true, "errorStackTrace": null, "duration": 0.1, "name": "nan_infinity_test", "age": 6, "failedSince": 318, "status": "SKIPPED", "testActions": [], "stdout": null, "className": "deprecated_cql_tests.TestCQL", "stderr": null, "errorDetails": null, "skippedMessage": "2.2.2 > 2.0.x"}, {"skipped": true, "errorStackTrace": null, "duration": 0.1, "name": "table_options_test", "age": 48, "failedSince": 276, "status": "SKIPPED", "testActions": [], "stdout": null, "className": "deprecated_cql_tests.TestCQL", "stderr": null, "errorDetails": null, "skippedMessage": "2.2.2 > 2.0.x"}, {"skipped": true, "errorStackTrace": null, "duration": 0.099, "name": "keyspace_creation_options_test", "age": 22, "failedSince": 302, "status": "SKIPPED", "testActions": [], "stdout": null, "className": "deprecated_cql_tests.TestCQL", "stderr": null, "errorDetails": null, "skippedMessage": "2.2.2 > 2.0.x"}, {"skipped": true, "errorStackTrace": null, "duration": 0.099, "name": "invalid_clustering_indexing_test", "age": 58, "failedSince": 266, "status": "SKIPPED", "testActions": [], "stdout": null, "className": "deprecated_cql_tests.TestCQL", "stderr": null, "errorDetails": null, "skippedMessage": "2.2.2 > 2.0.x"}, {"skipped": true, "errorStackTrace": null, "duration": 0.099, "name": "blobAs_functions_test", "age": 47, "failedSince": 277, "status": "SKIPPED", "testActions": [], "stdout": null, "className": "deprecated_cql_tests.TestCQL", "stderr": null, "errorDetails": null, "skippedMessage": "2.2.2 > 2.0.x"}, {"skipped": true, "errorStackTrace": null, "duration": 0.101, "name": "timestamp_and_ttl_test", "age": 48, "failedSince": 276, "status": "SKIPPED", "testActions": [], "stdout": null, "className": "deprecated_cql_tests.TestCQL", "stderr": null, "errorDetails": null, "skippedMessage": "2.2.2 > 2.0.x"}, {"skipped": true, "errorStackTrace": null, "duration": 0.099, "name": "alter_clustering_and_static_test", "age": 58, "failedSince": 266, "status": "SKIPPED", "testActions": [], "stdout": null, "className": "deprecated_cql_tests.TestCQL", "stderr": null, "errorDetails": null, "skippedMessage": "2.2.2 > 2.0.x"}, {"skipped": true, "errorStackTrace": null, "duration": 0.099, "name": "truncate_clean_cache_test", "age": 47, "failedSince": 277, "status": "SKIPPED", "testActions": [], "stdout": null, "className": "deprecated_cql_tests.TestCQL", "stderr": null, "errorDetails": null, "skippedMessage": "2.2.2 > 2.0.x"}, {"skipped": true, "errorStackTrace": null, "duration": 0.099, "name": "alter_with_collections_test", "age": 58, "failedSince": 266, "status": "SKIPPED", "testActions": [], "stdout": null, "className": "deprecated_cql_tests.TestCQL", "stderr": null, "errorDetails": null, "skippedMessage": "2.2.2 > 2.0.x"}, {"skipped": true, "errorStackTrace": null, "duration": 0.099, "name": "edge_2i_on_complex_pk_test", "age": 47, "failedSince": 277, "status": "SKIPPED", "testActions": [], "stdout": null, "className": "deprecated_cql_tests.TestCQL", "stderr": null, "errorDetails": null, "skippedMessage": "2.2.2 > 2.0.x"}, {"skipped": true, "errorStackTrace": null, "duration": 0.099, "name": "limit_multiget_test", "age": 47, "failedSince": 277, "status": "SKIPPED", "testActions": [], "stdout": null, "className": "deprecated_cql_tests.TestCQL", "stderr": null, "errorDetails": null, "skippedMessage": "2.2.2 > 2.0.x"}, {"skipped": true, "errorStackTrace": null, "duration": 0.098, "name": "range_query_test", "age": 47, "failedSince": 277, "status": "SKIPPED", "testActions": [], "stdout": null, "className": "deprecated_cql_tests.TestCQL", "stderr": null, "errorDetails": null, "skippedMessage": "2.2.2 > 2.0.x"}, {"skipped": true, "errorStackTrace": null, "duration": 0.099, "name": "only_pk_test", "age": 58, "failedSince": 266, "status": "SKIPPED", "testActions": [], "stdout": null, "className": "deprecated_cql_tests.TestCQL", "stderr": null, "errorDetails": null, "skippedMessage": "2.2.2 > 2.0.x"}, {"skipped": true, "errorStackTrace": null, "duration": 0.115, "name": "reversed_comparator_test", "age": 47, "failedSince": 277, "status": "SKIPPED", "testActions": [], "stdout": null, "className": "deprecated_cql_tests.TestCQL", "stderr": null, "errorDetails": null, "skippedMessage": "2.2.2 > 2.0.x"}, {"skipped": true, "errorStackTrace": null, "duration": 0.1, "name": "reversed_compact_multikey_test", "age": 47, "failedSince": 277, "status": "SKIPPED", "testActions": [], "stdout": null, "className": "deprecated_cql_tests.TestCQL", "stderr": null, "errorDetails": null, "skippedMessage": "2.2.2 > 2.0.x"}, {"skipped": true, "errorStackTrace": null, "duration": 0.098, "name": "drop_and_readd_collection_test", "age": 48, "failedSince": 276, "status": "SKIPPED", "testActions": [], "stdout": null, "className": "deprecated_cql_tests.TestCQL", "stderr": null, "errorDetails": null, "skippedMessage": "2.2.2 > 2.0.x"}, {"skipped": true, "errorStackTrace": null, "duration": 0.098, "name": "limit_sparse_test", "age": 47, "failedSince": 277, "status": "SKIPPED", "testActions": [], "stdout": null, "className": "deprecated_cql_tests.TestCQL", "stderr": null, "errorDetails": null, "skippedMessage": "2.2.2 > 2.0.x"}, {"skipped": true, "errorStackTrace": null, "duration": 0.051, "name": "function_with_null_test", "age": 47, "failedSince": 277, "status": "SKIPPED", "testActions": [], "stdout": null, "className": "upgrade_tests.cql_tests.TestCQL", "stderr": null, "errorDetails": null, "skippedMessage": "2.2.2 < 3.0"}, {"skipped": true, "errorStackTrace": null, "duration": 0.098, "name": "in_with_desc_order_test", "age": 51, "failedSince": 273, "status": "SKIPPED", "testActions": [], "stdout": null, "className": "upgrade_tests.cql_tests.TestCQL", "stderr": null, "errorDetails": null, "skippedMessage": "2.2.2 < 3.0"}, {"skipped": true, "errorStackTrace": null, "duration": 0.099, "name": "range_with_deletes_test", "age": 48, "failedSince": 276, "status": "SKIPPED", "testActions": [], "stdout": null, "className": "upgrade_tests.cql_tests.TestCQL", "stderr": null, "errorDetails": null, "skippedMessage": "2.2.2 < 3.0"}, {"skipped": true, "errorStackTrace": null, "duration": 0.098, "name": "test_v2_protocol_IN_with_tuples", "age": 6, "failedSince": 318, "status": "SKIPPED", "testActions": [], "stdout": null, "className": "upgrade_tests.cql_tests.TestCQL", "stderr": null, "errorDetails": null, "skippedMessage": "2.2.2 < 3.0"}, {"skipped": true, "errorStackTrace": null, "duration": 0.098, "name": "conditional_delete_test", "age": 6, "failedSince": 318, "status": "SKIPPED", "testActions": [], "stdout": null, "className": "upgrade_tests.cql_tests.TestCQL", "stderr": null, "errorDetails": null, "skippedMessage": "2.2.2 < 3.0"}, {"skipped": true, "errorStackTrace": null, "duration": 0.098, "name": "large_count_test", "age": 49, "failedSince": 275, "status": "SKIPPED", "testActions": [], "stdout": null, "className": "upgrade_tests.cql_tests.TestCQL", "stderr": null, "errorDetails": null, "skippedMessage": "2.2.2 < 3.0"}, {"skipped": true, "errorStackTrace": null, "duration": 0.099, "name": "bug_5732_test", "age": 47, "failedSince": 277, "status": "SKIPPED", "testActions": [], "stdout": null, "className": "upgrade_tests.cql_tests.TestCQL", "stderr": null, "errorDetails": null, "skippedMessage": "2.2.2 < 3.0"}, {"skipped": true, "errorStackTrace": null, "duration": 0.099, "name": "bug_5240_test", "age": 48, "failedSince": 276, "status": "SKIPPED", "testActions": [], "stdout": null, "className": "upgrade_tests.cql_tests.TestCQL", "stderr": null, "errorDetails": null, "skippedMessage": "2.2.2 < 3.0"}, {"skipped": true, "errorStackTrace": null, "duration": 0.098, "name": "simple_tuple_query_test", "age": 47, "failedSince": 277, "status": "SKIPPED", "testActions": [], "stdout": null, "className": "upgrade_tests.cql_tests.TestCQL", "stderr": null, "errorDetails": null, "skippedMessage": "2.2.2 < 3.0"}, {"skipped": true, "errorStackTrace": null, "duration": 0.097, "name": "exclusive_slice_test", "age": 47, "failedSince": 277, "status": "SKIPPED", "testActions": [], "stdout": null, "className": "upgrade_tests.cql_tests.TestCQL", "stderr": null, "errorDetails": null, "skippedMessage": "2.2.2 < 3.0"}, {"skipped": true, "errorStackTrace": null, "duration": 0.098, "name": "static_columns_test", "age": 49, "failedSince": 275, "status": "SKIPPED", "testActions": [], "stdout": null, "className": "upgrade_tests.cql_tests.TestCQL", "stderr": null, "errorDetails": null, "skippedMessage": "2.2.2 < 3.0"}, {"skipped": true, "errorStackTrace": null, "duration": 0.098, "name": "range_query_test", "age": 47, "failedSince": 277, "status": "SKIPPED", "testActions": [], "stdout": null, "className": "upgrade_tests.cql_tests.TestCQL", "stderr": null, "errorDetails": null, "skippedMessage": "2.2.2 < 3.0"}, {"skipped": true, "errorStackTrace": null, "duration": 0.098, "name": "timestamp_and_ttl_test", "age": 48, "failedSince": 276, "status": "SKIPPED", "testActions": [], "stdout": null, "className": "upgrade_tests.cql_tests.TestCQL", "stderr": null, "errorDetails": null, "skippedMessage": "2.2.2 < 3.0"}, {"skipped": true, "errorStackTrace": null, "duration": 0.098, "name": "invalid_custom_timestamp_test", "age": 47, "failedSince": 277, "status": "SKIPPED", "testActions": [], "stdout": null, "className": "upgrade_tests.cql_tests.TestCQL", "stderr": null, "errorDetails": null, "skippedMessage": "2.2.2 < 3.0"}, {"skipped": true, "errorStackTrace": null, "duration": 0.098, "name": "collection_function_test", "age": 47, "failedSince": 277, "status": "SKIPPED", "testActions": [], "stdout": null, "className": "upgrade_tests.cql_tests.TestCQL", "stderr": null, "errorDetails": null, "skippedMessage": "2.2.2 < 3.0"}, {"skipped": true, "errorStackTrace": null, "duration": 0.098, "name": "static_with_empty_clustering_test", "age": 48, "failedSince": 276, "status": "SKIPPED", "testActions": [], "stdout": null, "className": "upgrade_tests.cql_tests.TestCQL", "stderr": null, "errorDetails": null, "skippedMessage": "2.2.2 < 3.0"}, {"skipped": true, "errorStackTrace": null, "duration": 0.1, "name": "range_tombstones_test", "age": 47, "failedSince": 277, "status": "SKIPPED", "testActions": [], "stdout": null, "className": "upgrade_tests.cql_tests.TestCQL", "stderr": null, "errorDetails": null, "skippedMessage": "2.2.2 < 3.0"}, {"skipped": true, "errorStackTrace": null, "duration": 0.099, "name": "rename_test", "age": 1, "failedSince": 323, "status": "SKIPPED", "testActions": [], "stdout": null, "className": "upgrade_tests.cql_tests.TestCQL", "stderr": null, "errorDetails": null, "skippedMessage": "2.2.2 < 3.0"}, {"skipped": true, "errorStackTrace": null, "duration": 0.098, "name": "edge_2i_on_complex_pk_test", "age": 47, "failedSince": 277, "status": "SKIPPED", "testActions": [], "stdout": null, "className": "upgrade_tests.cql_tests.TestCQL", "stderr": null, "errorDetails": null, "skippedMessage": "2.2.2 < 3.0"}, {"skipped": true, "errorStackTrace": null, "duration": 0.098, "name": "nameless_index_test", "age": 48, "failedSince": 276, "status": "SKIPPED", "testActions": [], "stdout": null, "className": "upgrade_tests.cql_tests.TestCQL", "stderr": null, "errorDetails": null, "skippedMessage": "2.2.2 < 3.0"}, {"skipped": true, "errorStackTrace": null, "duration": 0.098, "name": "indexed_with_eq_test", "age": 48, "failedSince": 276, "status": "SKIPPED", "testActions": [], "stdout": null, "className": "upgrade_tests.cql_tests.TestCQL", "stderr": null, "errorDetails": null, "skippedMessage": "2.2.2 < 3.0"}, {"skipped": true, "errorStackTrace": null, "duration": 0.051, "name": "static_columns_paging_test", "age": 8, "failedSince": 316, "status": "SKIPPED", "testActions": [], "stdout": null, "className": "upgrade_tests.paging_test.TestPagingData", "stderr": null, "errorDetails": null, "skippedMessage": "2.2.2 < 3.0"}, {"skipped": true, "errorStackTrace": null, "duration": 0.098, "name": "test_paging_a_single_wide_row", "age": 10, "failedSince": 314, "status": "SKIPPED", "testActions": [], "stdout": null, "className": "upgrade_tests.paging_test.TestPagingData", "stderr": null, "errorDetails": null, "skippedMessage": "2.2.2 < 3.0"}, {"skipped": true, "errorStackTrace": null, "duration": 0.105, "name": "test_paging_using_secondary_indexes_with_static_cols", "age": 8, "failedSince": 316, "status": "SKIPPED", "testActions": [], "stdout": null, "className": "upgrade_tests.paging_test.TestPagingData", "stderr": null, "errorDetails": null, "skippedMessage": "2.2.2 < 3.0"}, {"skipped": true, "errorStackTrace": null, "duration": 0.051, "name": "test_with_equal_results_to_page_size", "age": 8, "failedSince": 316, "status": "SKIPPED", "testActions": [], "stdout": null, "className": "upgrade_tests.paging_test.TestPagingSize", "stderr": null, "errorDetails": null, "skippedMessage": "2.2.2 < 3.0"}, {"skipped": true, "errorStackTrace": null, "duration": 0.051, "name": "test_with_allow_filtering", "age": 8, "failedSince": 316, "status": "SKIPPED", "testActions": [], "stdout": null, "className": "upgrade_tests.paging_test.TestPagingWithModifiers", "stderr": null, "errorDetails": null, "skippedMessage": "2.2.2 < 3.0"}, {"skipped": true, "errorStackTrace": null, "duration": 0.098, "name": "test_with_order_by_reversed", "age": 1, "failedSince": 323, "status": "SKIPPED", "testActions": [], "stdout": null, "className": "upgrade_tests.paging_test.TestPagingWithModifiers", "stderr": null, "errorDetails": null, "skippedMessage": "2.2.2 < 3.0"}, {"skipped": true, "errorStackTrace": null, "duration": 0.051, "name": "test_multiple_cell_deletions", "age": 9, "failedSince": 315, "status": "SKIPPED", "testActions": [], "stdout": null, "className": "upgrade_tests.paging_test.TestPagingWithDeletions", "stderr": null, "errorDetails": null, "skippedMessage": "2.2.2 < 3.0"}, {"skipped": true, "errorStackTrace": null, "duration": 0.051, "name": "create_test", "age": 83, "failedSince": 241, "status": "SKIPPED", "testActions": [], "stdout": null, "className": "materialized_views_test.TestMaterializedViews", "stderr": null, "errorDetails": null, "skippedMessage": "2.2.2 < 3.0"}, {"skipped": true, "errorStackTrace": null, "duration": 0.098, "name": "crc_check_chance_test", "age": 20, "failedSince": 304, "status": "SKIPPED", "testActions": [], "stdout": null, "className": "materialized_views_test.TestMaterializedViews", "stderr": null, "errorDetails": null, "skippedMessage": "2.2.2 < 3.0"}, {"skipped": true, "errorStackTrace": null, "duration": 0.1, "name": "drop_mv_test", "age": 6, "failedSince": 318, "status": "SKIPPED", "testActions": [], "stdout": null, "className": "materialized_views_test.TestMaterializedViews", "stderr": null, "errorDetails": null, "skippedMessage": "2.2.2 < 3.0"}, {"skipped": true, "errorStackTrace": null, "duration": 0.098, "name": "populate_mv_after_insert_test", "age": 48, "failedSince": 276, "status": "SKIPPED", "testActions": [], "stdout": null, "className": "materialized_views_test.TestMaterializedViews", "stderr": null, "errorDetails": null, "skippedMessage": "2.2.2 < 3.0"}, {"skipped": true, "errorStackTrace": null, "duration": 0.098, "name": "query_all_new_column_test", "age": 22, "failedSince": 302, "status": "SKIPPED", "testActions": [], "stdout": null, "className": "materialized_views_test.TestMaterializedViews", "stderr": null, "errorDetails": null, "skippedMessage": "2.2.2 < 3.0"}, {"skipped": true, "errorStackTrace": null, "duration": 0.098, "name": "test_gcgs_validation", "age": 70, "failedSince": 254, "status": "SKIPPED", "testActions": [], "stdout": null, "className": "materialized_views_test.TestMaterializedViews", "stderr": null, "errorDetails": null, "skippedMessage": "2.2.2 < 3.0"}, {"skipped": true, "errorStackTrace": null, "duration": 0.051, "name": "hintedhandoff_disabled_test", "age": 6, "failedSince": 318, "status": "SKIPPED", "testActions": [], "stdout": null, "className": "hintedhandoff_test.TestHintedHandoffConfig", "stderr": null, "errorDetails": null, "skippedMessage": "2.2.2 < 3.0"}, {"skipped": true, "errorStackTrace": null, "duration": 0.051, "name": "fixed_ratio_test", "age": 83, "failedSince": 241, "status": "SKIPPED", "testActions": [], "stdout": null, "className": "stress_tool_test.TestStressSparsenessRatio", "stderr": null, "errorDetails": null, "skippedMessage": "2.2.2 < 3.0"}, {"skipped": true, "errorStackTrace": null, "duration": 0.051, "name": "test_rf_expand_yaml_file_snitch", "age": 31, "failedSince": 293, "status": "SKIPPED", "testActions": [], "stdout": null, "className": "replication_test.SnitchConfigurationUpdateTest", "stderr": null, "errorDetails": null, "skippedMessage": "2.2.2 > 2.1.x"}, {"skipped": true, "errorStackTrace": null, "duration": 0.05, "name": "upgrade_with_counters_test", "age": 83, "failedSince": 241, "status": "SKIPPED", "testActions": [], "stdout": null, "className": "upgrade_supercolumns_test.TestSCUpgrade", "stderr": null, "errorDetails": null, "skippedMessage": "2.2.2 > 2.1.x"}, {"skipped": false, "errorStackTrace": null, "duration": 390.937, "name": "split_test", "age": 0, "failedSince": 0, "status": "PASSED", "testActions": [], "stdout": "-- la-23-big-Data.db-----\n-- la-52-big-Data.db-----\n", "className": "sstablesplit_test.TestSSTableSplit", "stderr": null, "errorDetails": null, "skippedMessage": null}, {"skipped": false, "errorStackTrace": null, "duration": 142.404, "name": "simple_bootstrap_test", "age": 0, "failedSince": 0, "status": "PASSED", "testActions": [], "stdout": null, "className": "bootstrap_test.TestBootstrap", "stderr": null, "errorDetails": null, "skippedMessage": null}, {"skipped": false, "errorStackTrace": null, "duration": 86.695, "name": "read_from_bootstrapped_node_test", "age": 0, "failedSince": 0, "status": "PASSED", "testActions": [], "stdout": null, "className": "bootstrap_test.TestBootstrap", "stderr": null, "errorDetails": null, "skippedMessage": null}, {"skipped": false, "errorStackTrace": null, "duration": 107.361, "name": "upgrade_test", "age": 0, "failedSince": 0, "status": "PASSED", "testActions": [], "stdout": null, "className": "counter_tests.TestCounters", "stderr": null, "errorDetails": null, "skippedMessage": null}, {"skipped": false, "errorStackTrace": null, "duration": 21.343, "name": "multi_counter_update_test", "age": 0, "failedSince": 0, "status": "PASSED", "testActions": [], "stdout": null, "className": "counter_tests.TestCounters", "stderr": null, "errorDetails": null, "skippedMessage": null}, {"skipped": false, "errorStackTrace": null, "duration": 6.214, "name": "drop_counter_column_test", "age": 0, "failedSince": 0, "status": "PASSED", "testActions": [], "stdout": null, "className": "counter_tests.TestCounters", "stderr": null, "errorDetails": null, "skippedMessage": null}, {"skipped": false, "errorStackTrace": null, "duration": 80.056, "name": "sstableloader_compression_deflate_to_none_test", "age": 0, "failedSince": 0, "status": "PASSED", "testActions": [], "stdout": null, "className": "sstable_generation_loading_test.TestSSTableGenerationAndLoading", "stderr": null, "errorDetails": null, "skippedMessage": null}, {"skipped": false, "errorStackTrace": null, "duration": 74.6, "name": "compaction_throughput_test", "age": 0, "failedSince": 0, "status": "PASSED", "testActions": [], "stdout": null, "className": "compaction_test.TestCompaction_with_LeveledCompactionStrategy", "stderr": null, "errorDetails": null, "skippedMessage": null}, {"skipped": false, "errorStackTrace": null, "duration": 54.377, "name": "data_size_test", "age": 0, "failedSince": 0, "status": "PASSED", "testActions": [], "stdout": null, "className": "compaction_test.TestCompaction_with_DateTieredCompactionStrategy", "stderr": null, "errorDetails": null, "skippedMessage": null}, {"skipped": false, "errorStackTrace": null, "duration": 62.31, "name": "changes_while_node_down_test", "age": 0, "failedSince": 0, "status": "PASSED", "testActions": [], "stdout": null, "className": "concurrent_schema_changes_test.TestConcurrentSchemaChanges", "stderr": null, "errorDetails": null, "skippedMessage": null}, {"skipped": false, "errorStackTrace": null, "duration": 50.22, "name": "system_auth_ks_is_alterable_test", "age": 0, "failedSince": 0, "status": "PASSED", "testActions": [], "stdout": null, "className": "auth_test.TestAuth", "stderr": null, "errorDetails": null, "skippedMessage": null}, {"skipped": false, "errorStackTrace": null, "duration": 17.113, "name": "modify_and_select_auth_test", "age": 0, "failedSince": 0, "status": "PASSED", "testActions": [], "stdout": null, "className": "auth_test.TestAuth", "stderr": null, "errorDetails": null, "skippedMessage": null}, {"skipped": false, "errorStackTrace": null, "duration": 16.787, "name": "grant_revoke_auth_test", "age": 0, "failedSince": 0, "status": "PASSED", "testActions": [], "stdout": null, "className": "auth_test.TestAuth", "stderr": null, "errorDetails": null, "skippedMessage": null}, {"skipped": false, "errorStackTrace": null, "duration": 16.205, "name": "altering_nonexistent_user_throws_exception_test", "age": 0, "failedSince": 0, "status": "PASSED", "testActions": [], "stdout": null, "className": "auth_test.TestAuth", "stderr": null, "errorDetails": null, "skippedMessage": null}, {"skipped": true, "errorStackTrace": null, "duration": 0.054, "name": "password_authenticator_create_user_requires_password_test", "age": 6, "failedSince": 318, "status": "SKIPPED", "testActions": [], "stdout": null, "className": "auth_test.TestAuth", "stderr": null, "errorDetails": null, "skippedMessage": "2.2.2 > 2.1.x"}, {"skipped": false, "errorStackTrace": null, "duration": 32.567, "name": "json_tools_test", "age": 0, "failedSince": 0, "status": "PASSED", "testActions": [], "stdout": "running\n['/mnt/tmp/dtest-OmtTES/test/node1/data/test/users-5e06d64070eb11e59cbc5386af3a30a5/la-1-big-Data.db']\n-- la-1-big-Data.db -----\n\n", "className": "json_tools_test.TestJson", "stderr": null, "errorDetails": null, "skippedMessage": null}, {"skipped": false, "errorStackTrace": null, "duration": 34.963, "name": "test_node_unavailabe_during_paging", "age": 0, "failedSince": 0, "status": "PASSED", "testActions": [], "stdout": null, "className": "paging_test.TestPagingDatasetChanges", "stderr": null, "errorDetails": null, "skippedMessage": null}, {"skipped": false, "errorStackTrace": null, "duration": 21.657, "name": "test_with_order_by_reversed", "age": 0, "failedSince": 0, "status": "PASSED", "testActions": [], "stdout": null, "className": "paging_test.TestPagingWithModifiers", "stderr": null, "errorDetails": null, "skippedMessage": null}, {"skipped": false, "errorStackTrace": null, "duration": 29.756, "name": "test_correct_dc_rack_in_nodetool_info", "age": 0, "failedSince": 0, "status": "PASSED", "testActions": [], "stdout": null, "className": "nodetool_test.TestNodetool", "stderr": null, "errorDetails": null, "skippedMessage": null}, {"skipped": false, "errorStackTrace": null, "duration": 25.992, "name": "test_type_dropping", "age": 0, "failedSince": 0, "status": "PASSED", "testActions": [], "stdout": null, "className": "user_types_test.TestUserTypes", "stderr": null, "errorDetails": null, "skippedMessage": null}, {"skipped": false, "errorStackTrace": null, "duration": 25.918, "name": "test_tuple_indexes", "age": 0, "failedSince": 0, "status": "PASSED", "testActions": [], "stdout": null, "className": "secondary_indexes_test.TestSecondaryIndexesOnCollections", "stderr": null, "errorDetails": null, "skippedMessage": null}, {"skipped": false, "errorStackTrace": null, "duration": 13.822, "name": "test_scrub_collections_table", "age": 0, "failedSince": 0, "status": "PASSED", "testActions": [], "stdout": null, "className": "scrub_test.TestScrubIndexes", "stderr": null, "errorDetails": null, "skippedMessage": null}, {"skipped": false, "errorStackTrace": null, "duration": 9.489, "name": "test_simple_expiration", "age": 0, "failedSince": 0, "status": "PASSED", "testActions": [], "stdout": null, "className": "thrift_tests.TestMutations", "stderr": null, "errorDetails": null, "skippedMessage": null}, {"skipped": false, "errorStackTrace": null, "duration": 7.493, "name": "test_system_column_family_operations", "age": 0, "failedSince": 0, "status": "PASSED", "testActions": [], "stdout": null, "className": "thrift_tests.TestMutations", "stderr": null, "errorDetails": null, "skippedMessage": null}, {"skipped": false, "errorStackTrace": null, "duration": 6.694, "name": "test_incr_decr_standard_batch_add", "age": 0, "failedSince": 0, "status": "PASSED", "testActions": [], "stdout": null, "className": "thrift_tests.TestMutations", "stderr": null, "errorDetails": null, "skippedMessage": null}, {"skipped": false, "errorStackTrace": null, "duration": 6.593, "name": "test_range_collation", "age": 0, "failedSince": 0, "status": "PASSED", "testActions": [], "stdout": null, "className": "thrift_tests.TestMutations", "stderr": null, "errorDetails": null, "skippedMessage": null}, {"skipped": false, "errorStackTrace": null, "duration": 6.395, "name": "test_describe_snitch", "age": 0, "failedSince": 0, "status": "PASSED", "testActions": [], "stdout": null, "className": "thrift_tests.TestMutations", "stderr": null, "errorDetails": null, "skippedMessage": null}, {"skipped": false, "errorStackTrace": "  File \"/usr/lib/python2.7/unittest/case.py\", line 329, in run\n    testMethod()\n  File \"/home/automaton/cassandra-dtest/cqlsh_tests/cqlsh_copy_tests.py\", line 749, in test_all_datatypes_round_trip\n    assert len(imported_results) == 1\n'\\n-------------------- >> begin captured logging << --------------------\\ndtest: DEBUG: cluster ccm directory: /mnt/tmp/dtest-3LomYG\\ndtest: DEBUG: Exporting to csv file: /mnt/tmp/tmpy7vWuZ\\n--------------------- >> end captured logging << ---------------------'", "duration": 7.262, "name": "test_all_datatypes_round_trip", "age": 8, "failedSince": 316, "status": "FAILED", "testActions": [], "stdout": "(EE)  (EE)  <stdin>:2:(EE)  'QueryMessage' object has no attribute 'to_binary'(EE)  <stdin>:2:Aborting import at record #1. Previously inserted records are still present, and some records after that may be present as well.(EE)  ", "className": "cqlsh_tests.cqlsh_copy_tests.CqlshCopyTest", "stderr": null, "errorDetails": "\n-------------------- >> begin captured logging << --------------------\ndtest: DEBUG: cluster ccm directory: /mnt/tmp/dtest-3LomYG\ndtest: DEBUG: Exporting to csv file: /mnt/tmp/tmpy7vWuZ\n--------------------- >> end captured logging << ---------------------", "skippedMessage": null}, {"skipped": false, "errorStackTrace": null, "duration": 6.637, "name": "test_colons_in_string_literals", "age": 0, "failedSince": 0, "status": "PASSED", "testActions": [], "stdout": "(EE)  ", "className": "cqlsh_tests.cqlsh_tests.CqlshSmokeTest", "stderr": null, "errorDetails": null, "skippedMessage": null}, {"skipped": false, "errorStackTrace": null, "duration": 6.719, "name": "test_insert", "age": 0, "failedSince": 0, "status": "PASSED", "testActions": [], "stdout": "(EE)  ", "className": "cqlsh_tests.cqlsh_tests.CqlshSmokeTest", "stderr": null, "errorDetails": null, "skippedMessage": null}, {"skipped": false, "errorStackTrace": null, "duration": 7.109, "name": "rename_test", "age": 0, "failedSince": 0, "status": "PASSED", "testActions": [], "stdout": null, "className": "cql_tests.MiscellaneousCQLTester", "stderr": null, "errorDetails": null, "skippedMessage": null}, {"skipped": false, "errorStackTrace": null, "duration": 6.225, "name": "invalid_string_literals_test", "age": 0, "failedSince": 0, "status": "PASSED", "testActions": [], "stdout": null, "className": "cql_tests.MiscellaneousCQLTester", "stderr": null, "errorDetails": null, "skippedMessage": null}, {"skipped": false, "errorStackTrace": null, "duration": 6.23, "name": "keyspace_test", "age": 0, "failedSince": 0, "status": "PASSED", "testActions": [], "stdout": null, "className": "cql_tests.StorageProxyCQLTester", "stderr": null, "errorDetails": null, "skippedMessage": null}, {"skipped": false, "errorStackTrace": null, "duration": 7.34, "name": "null_value_test", "age": 0, "failedSince": 0, "status": "PASSED", "testActions": [], "stdout": null, "className": "json_test.JsonFullRowInsertSelect", "stderr": null, "errorDetails": null, "skippedMessage": null}, {"skipped": false, "errorStackTrace": null, "duration": 6.696, "name": "counter_batch_accepts_counter_mutations_test", "age": 0, "failedSince": 0, "status": "PASSED", "testActions": [], "stdout": null, "className": "batch_test.TestBatch", "stderr": null, "errorDetails": null, "skippedMessage": null}, {"skipped": false, "errorStackTrace": null, "duration": 6.554, "name": "udf_test", "age": 0, "failedSince": 0, "status": "PASSED", "testActions": [], "stdout": null, "className": "schema_metadata_test.TestSchemaMetadata", "stderr": null, "errorDetails": null, "skippedMessage": null}, {"skipped": false, "errorStackTrace": null, "duration": 6.16, "name": "compact_storage_composite_test", "age": 0, "failedSince": 0, "status": "PASSED", "testActions": [], "stdout": null, "className": "schema_metadata_test.TestSchemaMetadata", "stderr": null, "errorDetails": null, "skippedMessage": null}, {"skipped": false, "errorStackTrace": "  File \"/usr/lib/python2.7/unittest/case.py\", line 329, in run\n    testMethod()\n  File \"/home/automaton/cassandra-dtest/native_transport_ssl_test.py\", line 64, in use_custom_ssl_port_test\n    cluster.start()\n  File \"/home/automaton/ccm/ccmlib/cluster.py\", line 294, in start\n    raise NodeError(\"Error starting {0}.\".format(node.name), p)\n'Error starting node1.\\n-------------------- >> begin captured logging << --------------------\\ndtest: DEBUG: cluster ccm directory: /mnt/tmp/dtest-A1PAYJ\\ndtest: DEBUG: generating keystore.jks in [/mnt/tmp/dtest-A1PAYJ]\\ndtest: DEBUG: exporting cert from keystore.jks in [/mnt/tmp/dtest-A1PAYJ]\\ndtest: DEBUG: importing cert into truststore.jks in [/mnt/tmp/dtest-A1PAYJ]\\n--------------------- >> end captured logging << ---------------------'", "duration": 2.72, "name": "use_custom_ssl_port_test", "age": 48, "failedSince": 276, "status": "FAILED", "testActions": [], "stdout": "[node1 ERROR] org.apache.cassandra.exceptions.ConfigurationException: Invalid yaml. Please remove properties [native_transport_port_ssl] from your cassandra.yaml\n\tat org.apache.cassandra.config.YamlConfigurationLoader$MissingPropertiesChecker.check(YamlConfigurationLoader.java:162)\n\tat org.apache.cassandra.config.YamlConfigurationLoader.loadConfig(YamlConfigurationLoader.java:115)\n\tat org.apache.cassandra.config.YamlConfigurationLoader.loadConfig(YamlConfigurationLoader.java:85)\n\tat org.apache.cassandra.config.DatabaseDescriptor.loadConfig(DatabaseDescriptor.java:135)\n\tat org.apache.cassandra.config.DatabaseDescriptor.<clinit>(DatabaseDescriptor.java:119)\n\tat org.apache.cassandra.service.CassandraDaemon.activate(CassandraDaemon.java:488)\n\tat org.apache.cassandra.service.CassandraDaemon.main(CassandraDaemon.java:622)\n", "className": "native_transport_ssl_test.NativeTransportSSL", "stderr": null, "errorDetails": "Error starting node1.\n-------------------- >> begin captured logging << --------------------\ndtest: DEBUG: cluster ccm directory: /mnt/tmp/dtest-A1PAYJ\ndtest: DEBUG: generating keystore.jks in [/mnt/tmp/dtest-A1PAYJ]\ndtest: DEBUG: exporting cert from keystore.jks in [/mnt/tmp/dtest-A1PAYJ]\ndtest: DEBUG: importing cert into truststore.jks in [/mnt/tmp/dtest-A1PAYJ]\n--------------------- >> end captured logging << ---------------------", "skippedMessage": null}, {"skipped": false, "errorStackTrace": "  File \"/usr/lib/python2.7/unittest/case.py\", line 358, in run\n    self.tearDown()\n  File \"/home/automaton/cassandra-dtest/dtest.py\", line 549, in tearDown\n    raise AssertionError('Unexpected error in %s node log: %s' % (node.name, errors))\n\"Unexpected error in node1 node log: ['ERROR [main] 2015-10-12 14:17:55,422 CassandraDaemon.java:635 - Exception encountered during startup org.apache.cassandra.exceptions.ConfigurationException: Invalid yaml. Please remove properties [native_transport_port_ssl] from your cassandra.yaml \\\\tat org.apache.cassandra.config.YamlConfigurationLoader$MissingPropertiesChecker.check(YamlConfigurationLoader.java:162) ~[main/:na] \\\\tat org.apache.cassandra.config.YamlConfigurationLoader.loadConfig(YamlConfigurationLoader.java:115) ~[main/:na] \\\\tat org.apache.cassandra.config.YamlConfigurationLoader.loadConfig(YamlConfigurationLoader.java:85) ~[main/:na] \\\\tat org.apache.cassandra.config.DatabaseDescriptor.loadConfig(DatabaseDescriptor.java:135) ~[main/:na] \\\\tat org.apache.cassandra.config.DatabaseDescriptor.<clinit>(DatabaseDescriptor.java:119) ~[main/:na] \\\\tat org.apache.cassandra.service.CassandraDaemon.activate(CassandraDaemon.java:488) [main/:na] \\\\tat org.apache.cassandra.service.CassandraDaemon.main(CassandraDaemon.java:622) [main/:na]']\\n-------------------- >> begin captured logging << --------------------\\ndtest: DEBUG: cluster ccm directory: /mnt/tmp/dtest-A1PAYJ\\ndtest: DEBUG: generating keystore.jks in [/mnt/tmp/dtest-A1PAYJ]\\ndtest: DEBUG: exporting cert from keystore.jks in [/mnt/tmp/dtest-A1PAYJ]\\ndtest: DEBUG: importing cert into truststore.jks in [/mnt/tmp/dtest-A1PAYJ]\\ndtest: DEBUG: removing ccm cluster test at: /mnt/tmp/dtest-A1PAYJ\\ndtest: DEBUG: clearing ssl stores from [/mnt/tmp/dtest-A1PAYJ] directory\\n--------------------- >> end captured logging << ---------------------\"", "duration": 2.723, "name": "use_custom_ssl_port_test", "age": 48, "failedSince": 276, "status": "FAILED", "testActions": [], "stdout": "[node1 ERROR] org.apache.cassandra.exceptions.ConfigurationException: Invalid yaml. Please remove properties [native_transport_port_ssl] from your cassandra.yaml\n\tat org.apache.cassandra.config.YamlConfigurationLoader$MissingPropertiesChecker.check(YamlConfigurationLoader.java:162)\n\tat org.apache.cassandra.config.YamlConfigurationLoader.loadConfig(YamlConfigurationLoader.java:115)\n\tat org.apache.cassandra.config.YamlConfigurationLoader.loadConfig(YamlConfigurationLoader.java:85)\n\tat org.apache.cassandra.config.DatabaseDescriptor.loadConfig(DatabaseDescriptor.java:135)\n\tat org.apache.cassandra.config.DatabaseDescriptor.<clinit>(DatabaseDescriptor.java:119)\n\tat org.apache.cassandra.service.CassandraDaemon.activate(CassandraDaemon.java:488)\n\tat org.apache.cassandra.service.CassandraDaemon.main(CassandraDaemon.java:622)\n", "className": "native_transport_ssl_test.NativeTransportSSL", "stderr": null, "errorDetails": "Unexpected error in node1 node log: ['ERROR [main] 2015-10-12 14:17:55,422 CassandraDaemon.java:635 - Exception encountered during startup org.apache.cassandra.exceptions.ConfigurationException: Invalid yaml. Please remove properties [native_transport_port_ssl] from your cassandra.yaml \\tat org.apache.cassandra.config.YamlConfigurationLoader$MissingPropertiesChecker.check(YamlConfigurationLoader.java:162) ~[main/:na] \\tat org.apache.cassandra.config.YamlConfigurationLoader.loadConfig(YamlConfigurationLoader.java:115) ~[main/:na] \\tat org.apache.cassandra.config.YamlConfigurationLoader.loadConfig(YamlConfigurationLoader.java:85) ~[main/:na] \\tat org.apache.cassandra.config.DatabaseDescriptor.loadConfig(DatabaseDescriptor.java:135) ~[main/:na] \\tat org.apache.cassandra.config.DatabaseDescriptor.<clinit>(DatabaseDescriptor.java:119) ~[main/:na] \\tat org.apache.cassandra.service.CassandraDaemon.activate(CassandraDaemon.java:488) [main/:na] \\tat org.apache.cassandra.service.CassandraDaemon.main(CassandraDaemon.java:622) [main/:na]']\n-------------------- >> begin captured logging << --------------------\ndtest: DEBUG: cluster ccm directory: /mnt/tmp/dtest-A1PAYJ\ndtest: DEBUG: generating keystore.jks in [/mnt/tmp/dtest-A1PAYJ]\ndtest: DEBUG: exporting cert from keystore.jks in [/mnt/tmp/dtest-A1PAYJ]\ndtest: DEBUG: importing cert into truststore.jks in [/mnt/tmp/dtest-A1PAYJ]\ndtest: DEBUG: removing ccm cluster test at: /mnt/tmp/dtest-A1PAYJ\ndtest: DEBUG: clearing ssl stores from [/mnt/tmp/dtest-A1PAYJ] directory\n--------------------- >> end captured logging << ---------------------", "skippedMessage": null}, {"skipped": true, "errorStackTrace": null, "duration": 0.053, "name": "multi_in_test", "age": 6, "failedSince": 318, "status": "SKIPPED", "testActions": [], "stdout": null, "className": "upgrade_tests.cql_tests.TestCQL", "stderr": null, "errorDetails": null, "skippedMessage": "2.2.2 < 3.0"}, {"skipped": true, "errorStackTrace": null, "duration": 0.101, "name": "reversed_comparator_test", "age": 47, "failedSince": 277, "status": "SKIPPED", "testActions": [], "stdout": null, "className": "upgrade_tests.cql_tests.TestCQL", "stderr": null, "errorDetails": null, "skippedMessage": "2.2.2 < 3.0"}, {"skipped": true, "errorStackTrace": null, "duration": 0.102, "name": "blobAs_functions_test", "age": 47, "failedSince": 277, "status": "SKIPPED", "testActions": [], "stdout": null, "className": "upgrade_tests.cql_tests.TestCQL", "stderr": null, "errorDetails": null, "skippedMessage": "2.2.2 < 3.0"}, {"skipped": true, "errorStackTrace": null, "duration": 0.101, "name": "multi_list_set_test", "age": 47, "failedSince": 277, "status": "SKIPPED", "testActions": [], "stdout": null, "className": "upgrade_tests.cql_tests.TestCQL", "stderr": null, "errorDetails": null, "skippedMessage": "2.2.2 < 3.0"}, {"skipped": true, "errorStackTrace": null, "duration": 0.102, "name": "limit_ranges_test", "age": 6, "failedSince": 318, "status": "SKIPPED", "testActions": [], "stdout": null, "className": "upgrade_tests.cql_tests.TestCQL", "stderr": null, "errorDetails": null, "skippedMessage": "2.2.2 < 3.0"}, {"skipped": true, "errorStackTrace": null, "duration": 0.102, "name": "only_pk_test", "age": 58, "failedSince": 266, "status": "SKIPPED", "testActions": [], "stdout": null, "className": "upgrade_tests.cql_tests.TestCQL", "stderr": null, "errorDetails": null, "skippedMessage": "2.2.2 < 3.0"}, {"skipped": true, "errorStackTrace": null, "duration": 0.103, "name": "large_clustering_in_test", "age": 48, "failedSince": 276, "status": "SKIPPED", "testActions": [], "stdout": null, "className": "upgrade_tests.cql_tests.TestCQL", "stderr": null, "errorDetails": null, "skippedMessage": "2.2.2 < 3.0"}, {"skipped": true, "errorStackTrace": null, "duration": 0.1, "name": "conversion_functions_test", "age": 47, "failedSince": 277, "status": "SKIPPED", "testActions": [], "stdout": null, "className": "upgrade_tests.cql_tests.TestCQL", "stderr": null, "errorDetails": null, "skippedMessage": "2.2.2 < 3.0"}, {"skipped": true, "errorStackTrace": null, "duration": 0.101, "name": "undefined_column_handling_test", "age": 22, "failedSince": 302, "status": "SKIPPED", "testActions": [], "stdout": null, "className": "upgrade_tests.cql_tests.TestCQL", "stderr": null, "errorDetails": null, "skippedMessage": "2.2.2 < 3.0"}, {"skipped": true, "errorStackTrace": null, "duration": 0.103, "name": "clustering_order_and_functions_test", "age": 47, "failedSince": 277, "status": "SKIPPED", "testActions": [], "stdout": null, "className": "upgrade_tests.cql_tests.TestCQL", "stderr": null, "errorDetails": null, "skippedMessage": "2.2.2 < 3.0"}, {"skipped": true, "errorStackTrace": null, "duration": 0.103, "name": "remove_range_slice_test", "age": 49, "failedSince": 275, "status": "SKIPPED", "testActions": [], "stdout": null, "className": "upgrade_tests.cql_tests.TestCQL", "stderr": null, "errorDetails": null, "skippedMessage": "2.2.2 < 3.0"}, {"skipped": true, "errorStackTrace": null, "duration": 0.102, "name": "deletion_test", "age": 47, "failedSince": 277, "status": "SKIPPED", "testActions": [], "stdout": null, "className": "upgrade_tests.cql_tests.TestCQL", "stderr": null, "errorDetails": null, "skippedMessage": "2.2.2 < 3.0"}, {"skipped": true, "errorStackTrace": null, "duration": 0.102, "name": "bug_4882_test", "age": 47, "failedSince": 277, "status": "SKIPPED", "testActions": [], "stdout": null, "className": "upgrade_tests.cql_tests.TestCQL", "stderr": null, "errorDetails": null, "skippedMessage": "2.2.2 < 3.0"}, {"skipped": true, "errorStackTrace": null, "duration": 0.102, "name": "clustering_order_in_test", "age": 47, "failedSince": 277, "status": "SKIPPED", "testActions": [], "stdout": null, "className": "upgrade_tests.cql_tests.TestCQL", "stderr": null, "errorDetails": null, "skippedMessage": "2.2.2 < 3.0"}, {"skipped": true, "errorStackTrace": null, "duration": 0.102, "name": "nonpure_function_collection_test", "age": 6, "failedSince": 318, "status": "SKIPPED", "testActions": [], "stdout": null, "className": "upgrade_tests.cql_tests.TestCQL", "stderr": null, "errorDetails": null, "skippedMessage": "2.2.2 < 3.0"}, {"skipped": true, "errorStackTrace": null, "duration": 0.053, "name": "basic_paging_test", "age": 47, "failedSince": 277, "status": "SKIPPED", "testActions": [], "stdout": null, "className": "upgrade_tests.paging_test.TestPagingData", "stderr": null, "errorDetails": null, "skippedMessage": "2.2.2 < 3.0"}, {"skipped": true, "errorStackTrace": null, "duration": 0.051, "name": "test_with_no_results", "age": 6, "failedSince": 318, "status": "SKIPPED", "testActions": [], "stdout": null, "className": "upgrade_tests.paging_test.TestPagingSize", "stderr": null, "errorDetails": null, "skippedMessage": "2.2.2 < 3.0"}, {"skipped": true, "errorStackTrace": null, "duration": 0.052, "name": "test_single_partition_deletions", "age": 6, "failedSince": 318, "status": "SKIPPED", "testActions": [], "stdout": null, "className": "upgrade_tests.paging_test.TestPagingWithDeletions", "stderr": null, "errorDetails": null, "skippedMessage": "2.2.2 < 3.0"}, {"skipped": true, "errorStackTrace": null, "duration": 0.053, "name": "add_node_after_mv_test", "age": 77, "failedSince": 247, "status": "SKIPPED", "testActions": [], "stdout": null, "className": "materialized_views_test.TestMaterializedViews", "stderr": null, "errorDetails": null, "skippedMessage": "2.2.2 < 3.0"}, {"skipped": true, "errorStackTrace": null, "duration": 0.101, "name": "really_complex_repair_test", "age": 77, "failedSince": 247, "status": "SKIPPED", "testActions": [], "stdout": null, "className": "materialized_views_test.TestMaterializedViews", "stderr": null, "errorDetails": null, "skippedMessage": "2.2.2 < 3.0"}, {"skipped": true, "errorStackTrace": null, "duration": 0.052, "name": "indexes_composite_test", "age": 47, "failedSince": 277, "status": "SKIPPED", "testActions": [], "stdout": null, "className": "deprecated_cql_tests.TestCQL", "stderr": null, "errorDetails": null, "skippedMessage": "2.2.2 > 2.0.x"}, {"skipped": true, "errorStackTrace": null, "duration": 0.101, "name": "static_columns_cas_test", "age": 48, "failedSince": 276, "status": "SKIPPED", "testActions": [], "stdout": null, "className": "deprecated_cql_tests.TestCQL", "stderr": null, "errorDetails": null, "skippedMessage": "2.2.2 > 2.0.x"}, {"skipped": true, "errorStackTrace": null, "duration": 0.102, "name": "select_key_in_test", "age": 48, "failedSince": 276, "status": "SKIPPED", "testActions": [], "stdout": null, "className": "deprecated_cql_tests.TestCQL", "stderr": null, "errorDetails": null, "skippedMessage": "2.2.2 > 2.0.x"}, {"skipped": true, "errorStackTrace": null, "duration": 0.1, "name": "in_clause_wide_rows_test", "age": 6, "failedSince": 318, "status": "SKIPPED", "testActions": [], "stdout": null, "className": "deprecated_cql_tests.TestCQL", "stderr": null, "errorDetails": null, "skippedMessage": "2.2.2 > 2.0.x"}, {"skipped": true, "errorStackTrace": null, "duration": 0.1, "name": "large_clustering_in_test", "age": 48, "failedSince": 276, "status": "SKIPPED", "testActions": [], "stdout": null, "className": "deprecated_cql_tests.TestCQL", "stderr": null, "errorDetails": null, "skippedMessage": "2.2.2 > 2.0.x"}, {"skipped": true, "errorStackTrace": null, "duration": 0.1, "name": "nameless_index_test", "age": 48, "failedSince": 276, "status": "SKIPPED", "testActions": [], "stdout": null, "className": "deprecated_cql_tests.TestCQL", "stderr": null, "errorDetails": null, "skippedMessage": "2.2.2 > 2.0.x"}, {"skipped": true, "errorStackTrace": null, "duration": 0.102, "name": "float_with_exponent_test", "age": 47, "failedSince": 277, "status": "SKIPPED", "testActions": [], "stdout": null, "className": "deprecated_cql_tests.TestCQL", "stderr": null, "errorDetails": null, "skippedMessage": "2.2.2 > 2.0.x"}, {"skipped": true, "errorStackTrace": null, "duration": 0.102, "name": "range_tombstones_test", "age": 47, "failedSince": 277, "status": "SKIPPED", "testActions": [], "stdout": null, "className": "deprecated_cql_tests.TestCQL", "stderr": null, "errorDetails": null, "skippedMessage": "2.2.2 > 2.0.x"}, {"skipped": true, "errorStackTrace": null, "duration": 0.102, "name": "cas_simple_test", "age": 47, "failedSince": 277, "status": "SKIPPED", "testActions": [], "stdout": null, "className": "deprecated_cql_tests.TestCQL", "stderr": null, "errorDetails": null, "skippedMessage": "2.2.2 > 2.0.x"}, {"skipped": true, "errorStackTrace": null, "duration": 0.102, "name": "boolean_test", "age": 47, "failedSince": 277, "status": "SKIPPED", "testActions": [], "stdout": null, "className": "deprecated_cql_tests.TestCQL", "stderr": null, "errorDetails": null, "skippedMessage": "2.2.2 > 2.0.x"}, {"skipped": true, "errorStackTrace": null, "duration": 0.102, "name": "clustering_indexing_test", "age": 47, "failedSince": 277, "status": "SKIPPED", "testActions": [], "stdout": null, "className": "deprecated_cql_tests.TestCQL", "stderr": null, "errorDetails": null, "skippedMessage": "2.2.2 > 2.0.x"}, {"skipped": true, "errorStackTrace": null, "duration": 0.102, "name": "bug_6612_test", "age": 47, "failedSince": 277, "status": "SKIPPED", "testActions": [], "stdout": null, "className": "deprecated_cql_tests.TestCQL", "stderr": null, "errorDetails": null, "skippedMessage": "2.2.2 > 2.0.x"}, {"skipped": true, "errorStackTrace": null, "duration": 0.103, "name": "row_existence_test", "age": 47, "failedSince": 277, "status": "SKIPPED", "testActions": [], "stdout": null, "className": "deprecated_cql_tests.TestCQL", "stderr": null, "errorDetails": null, "skippedMessage": "2.2.2 > 2.0.x"}, {"skipped": true, "errorStackTrace": null, "duration": 0.103, "name": "bug_6115_test", "age": 47, "failedSince": 277, "status": "SKIPPED", "testActions": [], "stdout": null, "className": "deprecated_cql_tests.TestCQL", "stderr": null, "errorDetails": null, "skippedMessage": "2.2.2 > 2.0.x"}, {"skipped": false, "errorStackTrace": null, "duration": 61.623, "name": "cleanup_test", "age": 0, "failedSince": 0, "status": "PASSED", "testActions": [], "stdout": null, "className": "largecolumn_test.TestLargeColumn", "stderr": null, "errorDetails": null, "skippedMessage": null}, {"skipped": true, "errorStackTrace": null, "duration": 0.054, "name": "crc_check_chance_upgrade_test", "age": 6, "failedSince": 318, "status": "SKIPPED", "testActions": [], "stdout": null, "className": "upgrade_crc_check_chance_test.TestCrcCheckChanceUpgrade", "stderr": null, "errorDetails": null, "skippedMessage": "2.2.2 < 3.0"}, {"skipped": false, "errorStackTrace": null, "duration": 2549.335, "name": "cfhistograms_test", "age": 0, "failedSince": 0, "status": "PASSED", "testActions": [], "stdout": null, "className": "jmx_test.TestJMX", "stderr": null, "errorDetails": null, "skippedMessage": null}], "name": "nosetests"}], "passCount": 372, "duration": 16614.723, "failCount": 14}}
