{"baseurl": "http://cassci.datastax.com/job/cassandra-2.2_dtest/325/testReport/api/python", "_data": {"skipCount": 203, "empty": false, "testActions": [], "suites": [{"timestamp": null, "stderr": null, "stdout": null, "id": null, "duration": 16875.523, "cases": [{"skipped": false, "errorStackTrace": null, "duration": 787.235, "name": "netstats_test", "age": 0, "failedSince": 0, "status": "PASSED", "testActions": [], "stdout": null, "className": "jmx_test.TestJMX", "stderr": null, "errorDetails": null, "skippedMessage": null}, {"skipped": false, "errorStackTrace": null, "duration": 66.388, "name": "sstable_marking_test", "age": 0, "failedSince": 0, "status": "PASSED", "testActions": [], "stdout": null, "className": "incremental_repair_test.TestIncRepair", "stderr": null, "errorDetails": null, "skippedMessage": null}, {"skipped": false, "errorStackTrace": null, "duration": 62.997, "name": "test_set_indexes", "age": 0, "failedSince": 0, "status": "PASSED", "testActions": [], "stdout": null, "className": "secondary_indexes_test.TestSecondaryIndexesOnCollections", "stderr": null, "errorDetails": null, "skippedMessage": null}, {"skipped": false, "errorStackTrace": null, "duration": 55.077, "name": "test_mutation_v4", "age": 0, "failedSince": 0, "status": "PASSED", "testActions": [], "stdout": null, "className": "write_failures_test.TestWriteFailures", "stderr": null, "errorDetails": null, "skippedMessage": null}, {"skipped": false, "errorStackTrace": null, "duration": 43.922, "name": "change_durable_writes_test", "age": 0, "failedSince": 0, "status": "PASSED", "testActions": [], "stdout": null, "className": "configuration_test.TestConfiguration", "stderr": null, "errorDetails": null, "skippedMessage": null}, {"skipped": false, "errorStackTrace": null, "duration": 33.934, "name": "putget_with_internode_ssl_test", "age": 0, "failedSince": 0, "status": "PASSED", "testActions": [], "stdout": null, "className": "internode_ssl_test.TestInternodeSSL", "stderr": null, "errorDetails": null, "skippedMessage": null}, {"skipped": false, "errorStackTrace": null, "duration": 34.471, "name": "putget_with_internode_ssl_without_compression_test", "age": 0, "failedSince": 0, "status": "PASSED", "testActions": [], "stdout": null, "className": "internode_ssl_test.TestInternodeSSL", "stderr": null, "errorDetails": null, "skippedMessage": null}, {"skipped": false, "errorStackTrace": null, "duration": 30.032, "name": "short_read_delete_test", "age": 0, "failedSince": 0, "status": "PASSED", "testActions": [], "stdout": null, "className": "consistency_test.TestConsistency", "stderr": null, "errorDetails": null, "skippedMessage": null}, {"skipped": false, "errorStackTrace": null, "duration": 24.306, "name": "ttl_is_replicated_test", "age": 0, "failedSince": 0, "status": "PASSED", "testActions": [], "stdout": null, "className": "ttl_test.TestDistributedTTL", "stderr": null, "errorDetails": null, "skippedMessage": null}, {"skipped": false, "errorStackTrace": null, "duration": 10.373, "name": "update_multiple_columns_ttl_test", "age": 0, "failedSince": 0, "status": "PASSED", "testActions": [], "stdout": null, "className": "ttl_test.TestTTL", "stderr": null, "errorDetails": null, "skippedMessage": null}, {"skipped": false, "errorStackTrace": "  File \"/usr/lib/python2.7/unittest/case.py\", line 329, in run\n    testMethod()\n  File \"/home/automaton/cassandra-dtest/tools.py\", line 253, in wrapped\n    f(obj)\n  File \"/home/automaton/cassandra-dtest/pushed_notifications_test.py\", line 311, in tombstone_failure_threshold_message_test\n    read_failure_query()\n  File \"/usr/local/lib/python2.7/dist-packages/nose/tools/nontrivial.py\", line 97, in newfunc\n    result = func(*arg, **kw)\n  File \"/home/automaton/cassandra-dtest/pushed_notifications_test.py\", line 308, in read_failure_query\n    expected=ReadTimeout if self.cluster.version() < '3' else ReadFailure,\n  File \"/home/automaton/cassandra-dtest/assertions.py\", line 23, in assert_invalid\n    res = session.execute(query)\n  File \"cassandra/cluster.py\", line 1623, in cassandra.cluster.Session.execute (cassandra/cluster.c:27566)\n    result = future.result()\n  File \"cassandra/cluster.py\", line 3205, in cassandra.cluster.ResponseFuture.result (cassandra/cluster.c:61306)\n    raise self._final_exception\n'code=1300 [Replica(s) failed to execute read] message=\"Operation failed - received 0 responses and 1 failures\" info={\\'failures\\': 1, \\'received_responses\\': 0, \\'required_responses\\': 3, \\'consistency\\': \\'ALL\\'}\\n-------------------- >> begin captured logging << --------------------\\ndtest: DEBUG: cluster ccm directory: /mnt/tmp/dtest-5D6s7D\\n--------------------- >> end captured logging << ---------------------'", "duration": 24.424, "name": "tombstone_failure_threshold_message_test", "age": 24, "failedSince": 302, "status": "FAILED", "testActions": [], "stdout": null, "className": "pushed_notifications_test.TestVariousNotifications", "stderr": null, "errorDetails": "code=1300 [Replica(s) failed to execute read] message=\"Operation failed - received 0 responses and 1 failures\" info={'failures': 1, 'received_responses': 0, 'required_responses': 3, 'consistency': 'ALL'}\n-------------------- >> begin captured logging << --------------------\ndtest: DEBUG: cluster ccm directory: /mnt/tmp/dtest-5D6s7D\n--------------------- >> end captured logging << ---------------------", "skippedMessage": null}, {"skipped": false, "errorStackTrace": null, "duration": 22.603, "name": "disable_autocompaction_alter_test", "age": 0, "failedSince": 0, "status": "PASSED", "testActions": [], "stdout": null, "className": "compaction_test.TestCompaction_with_LeveledCompactionStrategy", "stderr": null, "errorDetails": null, "skippedMessage": null}, {"skipped": false, "errorStackTrace": null, "duration": 20.511, "name": "force_repair_range_async_2_test", "age": 0, "failedSince": 0, "status": "PASSED", "testActions": [], "stdout": null, "className": "deprecated_repair_test.TestDeprecatedRepairAPI", "stderr": null, "errorDetails": null, "skippedMessage": null}, {"skipped": false, "errorStackTrace": null, "duration": 20.251, "name": "force_repair_range_async_3_test", "age": 0, "failedSince": 0, "status": "PASSED", "testActions": [], "stdout": null, "className": "deprecated_repair_test.TestDeprecatedRepairAPI", "stderr": null, "errorDetails": null, "skippedMessage": null}, {"skipped": false, "errorStackTrace": null, "duration": 16.8, "name": "alter_ks_auth_test", "age": 0, "failedSince": 0, "status": "PASSED", "testActions": [], "stdout": null, "className": "auth_test.TestAuth", "stderr": null, "errorDetails": null, "skippedMessage": null}, {"skipped": false, "errorStackTrace": null, "duration": 16.727, "name": "create_ks_auth_test", "age": 0, "failedSince": 0, "status": "PASSED", "testActions": [], "stdout": null, "className": "auth_test.TestAuth", "stderr": null, "errorDetails": null, "skippedMessage": null}, {"skipped": false, "errorStackTrace": null, "duration": 11.774, "name": "test_commitlog_replay_on_startup", "age": 0, "failedSince": 0, "status": "PASSED", "testActions": [], "stdout": null, "className": "commitlog_test.TestCommitLog", "stderr": null, "errorDetails": null, "skippedMessage": null}, {"skipped": false, "errorStackTrace": null, "duration": 7.079, "name": "test_past_and_future_dates", "age": 0, "failedSince": 0, "status": "PASSED", "testActions": [], "stdout": "(EE)  ", "className": "cqlsh_tests.cqlsh_tests.TestCqlsh", "stderr": null, "errorDetails": null, "skippedMessage": null}, {"skipped": false, "errorStackTrace": "  File \"/usr/lib/python2.7/unittest/case.py\", line 329, in run\n    testMethod()\n  File \"/home/automaton/cassandra-dtest/cqlsh_tests/cqlsh_copy_tests.py\", line 641, in test_read_valid_data\n    self.data_validation_on_read_template(2, expect_invalid=False)\n  File \"/home/automaton/cassandra-dtest/cqlsh_tests/cqlsh_copy_tests.py\", line 631, in data_validation_on_read_template\n    self.assertFalse(err)\n  File \"/usr/lib/python2.7/unittest/case.py\", line 416, in assertFalse\n    raise self.failureException(msg)\n'\"<stdin>:2:\\\\n\\'QueryMessage\\' object has no attribute \\'to_binary\\'\\\\n<stdin>:2:Aborting import at record #1. Previously inserted records are still present, and some records after that may be present as well.\\\\n\" is not false\\n-------------------- >> begin captured logging << --------------------\\ndtest: DEBUG: cluster ccm directory: /mnt/tmp/dtest-FMlyXR\\n--------------------- >> end captured logging << ---------------------'", "duration": 6.647, "name": "test_read_valid_data", "age": 10, "failedSince": 316, "status": "FAILED", "testActions": [], "stdout": "(EE)  <stdin>:2:(EE)  'QueryMessage' object has no attribute 'to_binary'(EE)  <stdin>:2:Aborting import at record #1. Previously inserted records are still present, and some records after that may be present as well.(EE)  ", "className": "cqlsh_tests.cqlsh_copy_tests.CqlshCopyTest", "stderr": null, "errorDetails": "\"<stdin>:2:\\n'QueryMessage' object has no attribute 'to_binary'\\n<stdin>:2:Aborting import at record #1. Previously inserted records are still present, and some records after that may be present as well.\\n\" is not false\n-------------------- >> begin captured logging << --------------------\ndtest: DEBUG: cluster ccm directory: /mnt/tmp/dtest-FMlyXR\n--------------------- >> end captured logging << ---------------------", "skippedMessage": null}, {"skipped": false, "errorStackTrace": null, "duration": 6.768, "name": "test_select", "age": 0, "failedSince": 0, "status": "PASSED", "testActions": [], "stdout": "(EE)  ", "className": "cqlsh_tests.cqlsh_tests.CqlshSmokeTest", "stderr": null, "errorDetails": null, "skippedMessage": null}, {"skipped": false, "errorStackTrace": null, "duration": 7.646, "name": "test_dynamic_indexes_with_system_update_cf", "age": 0, "failedSince": 0, "status": "PASSED", "testActions": [], "stdout": null, "className": "thrift_tests.TestMutations", "stderr": null, "errorDetails": null, "skippedMessage": null}, {"skipped": false, "errorStackTrace": null, "duration": 6.679, "name": "test_cf_remove_column", "age": 0, "failedSince": 0, "status": "PASSED", "testActions": [], "stdout": null, "className": "thrift_tests.TestMutations", "stderr": null, "errorDetails": null, "skippedMessage": null}, {"skipped": false, "errorStackTrace": null, "duration": 6.705, "name": "test_insert_ttl", "age": 0, "failedSince": 0, "status": "PASSED", "testActions": [], "stdout": null, "className": "thrift_tests.TestMutations", "stderr": null, "errorDetails": null, "skippedMessage": null}, {"skipped": false, "errorStackTrace": null, "duration": 6.932, "name": "test_system_keyspace_operations", "age": 0, "failedSince": 0, "status": "PASSED", "testActions": [], "stdout": null, "className": "thrift_tests.TestMutations", "stderr": null, "errorDetails": null, "skippedMessage": null}, {"skipped": false, "errorStackTrace": null, "duration": 6.66, "name": "test_super_cf_resurrect_subcolumn", "age": 0, "failedSince": 0, "status": "PASSED", "testActions": [], "stdout": null, "className": "thrift_tests.TestMutations", "stderr": null, "errorDetails": null, "skippedMessage": null}, {"skipped": false, "errorStackTrace": null, "duration": 6.712, "name": "test_column_name_lengths", "age": 0, "failedSince": 0, "status": "PASSED", "testActions": [], "stdout": null, "className": "thrift_tests.TestMutations", "stderr": null, "errorDetails": null, "skippedMessage": null}, {"skipped": false, "errorStackTrace": null, "duration": 6.602, "name": "test_describe", "age": 0, "failedSince": 0, "status": "PASSED", "testActions": [], "stdout": null, "className": "thrift_tests.TestMutations", "stderr": null, "errorDetails": null, "skippedMessage": null}, {"skipped": false, "errorStackTrace": null, "duration": 7.594, "name": "null_value_test", "age": 0, "failedSince": 0, "status": "PASSED", "testActions": [], "stdout": null, "className": "json_test.JsonFullRowInsertSelect", "stderr": null, "errorDetails": null, "skippedMessage": null}, {"skipped": false, "errorStackTrace": null, "duration": 7.086, "name": "batch_uses_proper_timestamp_test", "age": 0, "failedSince": 0, "status": "PASSED", "testActions": [], "stdout": null, "className": "batch_test.TestBatch", "stderr": null, "errorDetails": null, "skippedMessage": null}, {"skipped": false, "errorStackTrace": null, "duration": 6.764, "name": "prepared_statement_invalidation_test", "age": 0, "failedSince": 0, "status": "PASSED", "testActions": [], "stdout": null, "className": "cql_tests.MiscellaneousCQLTester", "stderr": null, "errorDetails": null, "skippedMessage": null}, {"skipped": false, "errorStackTrace": null, "duration": 6.475, "name": "creating_and_dropping_keyspace_test", "age": 0, "failedSince": 0, "status": "PASSED", "testActions": [], "stdout": null, "className": "schema_metadata_test.TestSchemaMetadata", "stderr": null, "errorDetails": null, "skippedMessage": null}, {"skipped": false, "errorStackTrace": null, "duration": 6.287, "name": "validate_empty_column_name_test", "age": 0, "failedSince": 0, "status": "PASSED", "testActions": [], "stdout": null, "className": "counter_tests.TestCounters", "stderr": null, "errorDetails": null, "skippedMessage": null}, {"skipped": false, "errorStackTrace": "  File \"/usr/lib/python2.7/unittest/case.py\", line 329, in run\n    testMethod()\n  File \"/home/automaton/cassandra-dtest/native_transport_ssl_test.py\", line 64, in use_custom_ssl_port_test\n    cluster.start()\n  File \"/home/automaton/ccm/ccmlib/cluster.py\", line 294, in start\n    raise NodeError(\"Error starting {0}.\".format(node.name), p)\n'Error starting node1.\\n-------------------- >> begin captured logging << --------------------\\ndtest: DEBUG: cluster ccm directory: /mnt/tmp/dtest-jVK3CS\\ndtest: DEBUG: generating keystore.jks in [/mnt/tmp/dtest-jVK3CS]\\ndtest: DEBUG: exporting cert from keystore.jks in [/mnt/tmp/dtest-jVK3CS]\\ndtest: DEBUG: importing cert into truststore.jks in [/mnt/tmp/dtest-jVK3CS]\\n--------------------- >> end captured logging << ---------------------'", "duration": 2.881, "name": "use_custom_ssl_port_test", "age": 50, "failedSince": 276, "status": "FAILED", "testActions": [], "stdout": "[node1 ERROR] org.apache.cassandra.exceptions.ConfigurationException: Invalid yaml. Please remove properties [native_transport_port_ssl] from your cassandra.yaml\n\tat org.apache.cassandra.config.YamlConfigurationLoader$MissingPropertiesChecker.check(YamlConfigurationLoader.java:162)\n\tat org.apache.cassandra.config.YamlConfigurationLoader.loadConfig(YamlConfigurationLoader.java:115)\n\tat org.apache.cassandra.config.YamlConfigurationLoader.loadConfig(YamlConfigurationLoader.java:85)\n\tat org.apache.cassandra.config.DatabaseDescriptor.loadConfig(DatabaseDescriptor.java:135)\n\tat org.apache.cassandra.config.DatabaseDescriptor.<clinit>(DatabaseDescriptor.java:119)\n\tat org.apache.cassandra.service.CassandraDaemon.activate(CassandraDaemon.java:488)\n\tat org.apache.cassandra.service.CassandraDaemon.main(CassandraDaemon.java:622)\n", "className": "native_transport_ssl_test.NativeTransportSSL", "stderr": null, "errorDetails": "Error starting node1.\n-------------------- >> begin captured logging << --------------------\ndtest: DEBUG: cluster ccm directory: /mnt/tmp/dtest-jVK3CS\ndtest: DEBUG: generating keystore.jks in [/mnt/tmp/dtest-jVK3CS]\ndtest: DEBUG: exporting cert from keystore.jks in [/mnt/tmp/dtest-jVK3CS]\ndtest: DEBUG: importing cert into truststore.jks in [/mnt/tmp/dtest-jVK3CS]\n--------------------- >> end captured logging << ---------------------", "skippedMessage": null}, {"skipped": false, "errorStackTrace": "  File \"/usr/lib/python2.7/unittest/case.py\", line 358, in run\n    self.tearDown()\n  File \"/home/automaton/cassandra-dtest/dtest.py\", line 549, in tearDown\n    raise AssertionError('Unexpected error in %s node log: %s' % (node.name, errors))\n\"Unexpected error in node1 node log: ['ERROR [main] 2015-10-12 17:37:52,556 CassandraDaemon.java:635 - Exception encountered during startup org.apache.cassandra.exceptions.ConfigurationException: Invalid yaml. Please remove properties [native_transport_port_ssl] from your cassandra.yaml \\\\tat org.apache.cassandra.config.YamlConfigurationLoader$MissingPropertiesChecker.check(YamlConfigurationLoader.java:162) ~[main/:na] \\\\tat org.apache.cassandra.config.YamlConfigurationLoader.loadConfig(YamlConfigurationLoader.java:115) ~[main/:na] \\\\tat org.apache.cassandra.config.YamlConfigurationLoader.loadConfig(YamlConfigurationLoader.java:85) ~[main/:na] \\\\tat org.apache.cassandra.config.DatabaseDescriptor.loadConfig(DatabaseDescriptor.java:135) ~[main/:na] \\\\tat org.apache.cassandra.config.DatabaseDescriptor.<clinit>(DatabaseDescriptor.java:119) ~[main/:na] \\\\tat org.apache.cassandra.service.CassandraDaemon.activate(CassandraDaemon.java:488) [main/:na] \\\\tat org.apache.cassandra.service.CassandraDaemon.main(CassandraDaemon.java:622) [main/:na]']\\n-------------------- >> begin captured logging << --------------------\\ndtest: DEBUG: cluster ccm directory: /mnt/tmp/dtest-jVK3CS\\ndtest: DEBUG: generating keystore.jks in [/mnt/tmp/dtest-jVK3CS]\\ndtest: DEBUG: exporting cert from keystore.jks in [/mnt/tmp/dtest-jVK3CS]\\ndtest: DEBUG: importing cert into truststore.jks in [/mnt/tmp/dtest-jVK3CS]\\ndtest: DEBUG: removing ccm cluster test at: /mnt/tmp/dtest-jVK3CS\\ndtest: DEBUG: clearing ssl stores from [/mnt/tmp/dtest-jVK3CS] directory\\n--------------------- >> end captured logging << ---------------------\"", "duration": 2.884, "name": "use_custom_ssl_port_test", "age": 50, "failedSince": 276, "status": "FAILED", "testActions": [], "stdout": "[node1 ERROR] org.apache.cassandra.exceptions.ConfigurationException: Invalid yaml. Please remove properties [native_transport_port_ssl] from your cassandra.yaml\n\tat org.apache.cassandra.config.YamlConfigurationLoader$MissingPropertiesChecker.check(YamlConfigurationLoader.java:162)\n\tat org.apache.cassandra.config.YamlConfigurationLoader.loadConfig(YamlConfigurationLoader.java:115)\n\tat org.apache.cassandra.config.YamlConfigurationLoader.loadConfig(YamlConfigurationLoader.java:85)\n\tat org.apache.cassandra.config.DatabaseDescriptor.loadConfig(DatabaseDescriptor.java:135)\n\tat org.apache.cassandra.config.DatabaseDescriptor.<clinit>(DatabaseDescriptor.java:119)\n\tat org.apache.cassandra.service.CassandraDaemon.activate(CassandraDaemon.java:488)\n\tat org.apache.cassandra.service.CassandraDaemon.main(CassandraDaemon.java:622)\n", "className": "native_transport_ssl_test.NativeTransportSSL", "stderr": null, "errorDetails": "Unexpected error in node1 node log: ['ERROR [main] 2015-10-12 17:37:52,556 CassandraDaemon.java:635 - Exception encountered during startup org.apache.cassandra.exceptions.ConfigurationException: Invalid yaml. Please remove properties [native_transport_port_ssl] from your cassandra.yaml \\tat org.apache.cassandra.config.YamlConfigurationLoader$MissingPropertiesChecker.check(YamlConfigurationLoader.java:162) ~[main/:na] \\tat org.apache.cassandra.config.YamlConfigurationLoader.loadConfig(YamlConfigurationLoader.java:115) ~[main/:na] \\tat org.apache.cassandra.config.YamlConfigurationLoader.loadConfig(YamlConfigurationLoader.java:85) ~[main/:na] \\tat org.apache.cassandra.config.DatabaseDescriptor.loadConfig(DatabaseDescriptor.java:135) ~[main/:na] \\tat org.apache.cassandra.config.DatabaseDescriptor.<clinit>(DatabaseDescriptor.java:119) ~[main/:na] \\tat org.apache.cassandra.service.CassandraDaemon.activate(CassandraDaemon.java:488) [main/:na] \\tat org.apache.cassandra.service.CassandraDaemon.main(CassandraDaemon.java:622) [main/:na]']\n-------------------- >> begin captured logging << --------------------\ndtest: DEBUG: cluster ccm directory: /mnt/tmp/dtest-jVK3CS\ndtest: DEBUG: generating keystore.jks in [/mnt/tmp/dtest-jVK3CS]\ndtest: DEBUG: exporting cert from keystore.jks in [/mnt/tmp/dtest-jVK3CS]\ndtest: DEBUG: importing cert into truststore.jks in [/mnt/tmp/dtest-jVK3CS]\ndtest: DEBUG: removing ccm cluster test at: /mnt/tmp/dtest-jVK3CS\ndtest: DEBUG: clearing ssl stores from [/mnt/tmp/dtest-jVK3CS] directory\n--------------------- >> end captured logging << ---------------------", "skippedMessage": null}, {"skipped": true, "errorStackTrace": null, "duration": 0.055, "name": "limit_multiget_test", "age": 49, "failedSince": 277, "status": "SKIPPED", "testActions": [], "stdout": null, "className": "deprecated_cql_tests.TestCQL", "stderr": null, "errorDetails": null, "skippedMessage": "2.2.3 > 2.0.x"}, {"skipped": true, "errorStackTrace": null, "duration": 0.103, "name": "reversed_compact_test", "age": 8, "failedSince": 318, "status": "SKIPPED", "testActions": [], "stdout": null, "className": "deprecated_cql_tests.TestCQL", "stderr": null, "errorDetails": null, "skippedMessage": "2.2.3 > 2.0.x"}, {"skipped": true, "errorStackTrace": null, "duration": 0.099, "name": "bug_6069_test", "age": 8, "failedSince": 318, "status": "SKIPPED", "testActions": [], "stdout": null, "className": "deprecated_cql_tests.TestCQL", "stderr": null, "errorDetails": null, "skippedMessage": "2.2.3 > 2.0.x"}, {"skipped": true, "errorStackTrace": null, "duration": 0.101, "name": "count_test", "age": 8, "failedSince": 318, "status": "SKIPPED", "testActions": [], "stdout": null, "className": "deprecated_cql_tests.TestCQL", "stderr": null, "errorDetails": null, "skippedMessage": "2.2.3 > 2.0.x"}, {"skipped": true, "errorStackTrace": null, "duration": 0.099, "name": "collection_flush_test", "age": 49, "failedSince": 277, "status": "SKIPPED", "testActions": [], "stdout": null, "className": "deprecated_cql_tests.TestCQL", "stderr": null, "errorDetails": null, "skippedMessage": "2.2.3 > 2.0.x"}, {"skipped": true, "errorStackTrace": null, "duration": 0.1, "name": "negative_timestamp_test", "age": 50, "failedSince": 276, "status": "SKIPPED", "testActions": [], "stdout": null, "className": "deprecated_cql_tests.TestCQL", "stderr": null, "errorDetails": null, "skippedMessage": "2.2.3 > 2.0.x"}, {"skipped": true, "errorStackTrace": null, "duration": 0.099, "name": "conditional_update_test", "age": 8, "failedSince": 318, "status": "SKIPPED", "testActions": [], "stdout": null, "className": "deprecated_cql_tests.TestCQL", "stderr": null, "errorDetails": null, "skippedMessage": "2.2.3 > 2.0.x"}, {"skipped": true, "errorStackTrace": null, "duration": 0.1, "name": "range_slice_test", "age": 1, "failedSince": 325, "status": "SKIPPED", "testActions": [], "stdout": null, "className": "deprecated_cql_tests.TestCQL", "stderr": null, "errorDetails": null, "skippedMessage": "2.2.3 > 2.0.x"}, {"skipped": true, "errorStackTrace": null, "duration": 0.052, "name": "range_query_test", "age": 49, "failedSince": 277, "status": "SKIPPED", "testActions": [], "stdout": null, "className": "upgrade_tests.cql_tests.TestCQL", "stderr": null, "errorDetails": null, "skippedMessage": "2.2.3 < 3.0"}, {"skipped": true, "errorStackTrace": null, "duration": 0.1, "name": "timestamp_and_ttl_test", "age": 50, "failedSince": 276, "status": "SKIPPED", "testActions": [], "stdout": null, "className": "upgrade_tests.cql_tests.TestCQL", "stderr": null, "errorDetails": null, "skippedMessage": "2.2.3 < 3.0"}, {"skipped": true, "errorStackTrace": null, "duration": 0.099, "name": "composite_index_collections_test", "age": 49, "failedSince": 277, "status": "SKIPPED", "testActions": [], "stdout": null, "className": "upgrade_tests.cql_tests.TestCQL", "stderr": null, "errorDetails": null, "skippedMessage": "2.2.3 < 3.0"}, {"skipped": true, "errorStackTrace": null, "duration": 0.101, "name": "multi_in_compact_test", "age": 8, "failedSince": 318, "status": "SKIPPED", "testActions": [], "stdout": null, "className": "upgrade_tests.cql_tests.TestCQL", "stderr": null, "errorDetails": null, "skippedMessage": "2.2.3 < 3.0"}, {"skipped": true, "errorStackTrace": null, "duration": 0.1, "name": "bug_6050_test", "age": 49, "failedSince": 277, "status": "SKIPPED", "testActions": [], "stdout": null, "className": "upgrade_tests.cql_tests.TestCQL", "stderr": null, "errorDetails": null, "skippedMessage": "2.2.3 < 3.0"}, {"skipped": true, "errorStackTrace": null, "duration": 0.099, "name": "select_distinct_test", "age": 49, "failedSince": 277, "status": "SKIPPED", "testActions": [], "stdout": null, "className": "upgrade_tests.cql_tests.TestCQL", "stderr": null, "errorDetails": null, "skippedMessage": "2.2.3 < 3.0"}, {"skipped": true, "errorStackTrace": null, "duration": 0.099, "name": "composite_row_key_test", "age": 1, "failedSince": 325, "status": "SKIPPED", "testActions": [], "stdout": null, "className": "upgrade_tests.cql_tests.TestCQL", "stderr": null, "errorDetails": null, "skippedMessage": "2.2.3 < 3.0"}, {"skipped": true, "errorStackTrace": null, "duration": 0.051, "name": "test_single_row_deletions", "age": 8, "failedSince": 318, "status": "SKIPPED", "testActions": [], "stdout": null, "className": "upgrade_tests.paging_test.TestPagingWithDeletions", "stderr": null, "errorDetails": null, "skippedMessage": "2.2.3 < 3.0"}, {"skipped": true, "errorStackTrace": null, "duration": 0.053, "name": "simple_repair_test", "age": 1, "failedSince": 325, "status": "SKIPPED", "testActions": [], "stdout": null, "className": "materialized_views_test.TestMaterializedViews", "stderr": null, "errorDetails": null, "skippedMessage": "2.2.3 < 3.0"}, {"skipped": true, "errorStackTrace": null, "duration": 0.099, "name": "ttl_test", "age": 1, "failedSince": 325, "status": "SKIPPED", "testActions": [], "stdout": null, "className": "materialized_views_test.TestMaterializedViews", "stderr": null, "errorDetails": null, "skippedMessage": "2.2.3 < 3.0"}, {"skipped": false, "errorStackTrace": "  File \"/usr/lib/python2.7/unittest/case.py\", line 329, in run\n    testMethod()\n  File \"/home/automaton/cassandra-dtest/concurrent_schema_changes_test.py\", line 353, in create_lots_of_schema_churn_with_node_down_test\n    self._verify_lots_of_schema_actions(session)\n  File \"/home/automaton/cassandra-dtest/concurrent_schema_changes_test.py\", line 318, in _verify_lots_of_schema_actions\n    self.assertTrue(0 == len(errors), \"\\n\".join(errors))\n  File \"/usr/lib/python2.7/unittest/case.py\", line 422, in assertTrue\n    raise self.failureException(msg)\n'index_me_4 expected indexes ix_index_me_c0->7, got: [u\\'ix_index_me_4_c1\\', u\\'ix_index_me_4_c2\\', u\\'ix_index_me_4_c3\\', u\\'ix_index_me_4_c4\\', u\\'ix_index_me_4_c6\\', u\\'ix_index_me_4_c7\\']\\n-------------------- >> begin captured logging << --------------------\\ndtest: DEBUG: Using jna.jar in CASSANDRA_DIR/lib..\\ndtest: DEBUG: cluster ccm directory: /mnt/tmp/dtest-feJiF0\\ncassandra.cluster: WARNING: Host 127.0.0.2 has been marked down\\ncassandra.cluster: WARNING: Failed to create connection pool for new host 127.0.0.2:\\nTraceback (most recent call last):\\n  File \"cassandra/cluster.py\", line 1852, in cassandra.cluster.Session.add_or_renew_pool.run_add_or_renew_pool (cassandra/cluster.c:31556)\\n    new_pool = HostConnection(host, distance, self)\\n  File \"cassandra/pool.py\", line 295, in cassandra.pool.HostConnection.__init__ (cassandra/pool.c:6160)\\n    self._connection = session.cluster.connection_factory(host.address)\\n  File \"cassandra/cluster.py\", line 786, in cassandra.cluster.Cluster.connection_factory (cassandra/cluster.c:9141)\\n    return self.connection_class.factory(address, self.connect_timeout, *args, **kwargs)\\n  File \"cassandra/connection.py\", line 306, in cassandra.connection.Connection.factory (cassandra/connection.c:5134)\\n    conn = cls(host, *args, **kwargs)\\n  File \"/home/automaton/python-driver/cassandra/io/libevreactor.py\", line 264, in __init__\\n    self._connect_socket()\\n  File \"cassandra/connection.py\", line 340, in cassandra.connection.Connection._connect_socket (cassandra/connection.c:6266)\\n    raise socket.error(sockerr.errno, \"Tried connecting to %s. Last error: %s\" % ([a[4] for a in addresses], sockerr.strerror or sockerr))\\nerror: [Errno 111] Tried connecting to [(\\'127.0.0.2\\', 9042)]. Last error: Connection refused\\ncassandra.pool: WARNING: Error attempting to reconnect to 127.0.0.2, scheduling retry in 2.0 seconds: [Errno 111] Tried connecting to [(\\'127.0.0.2\\', 9042)]. Last error: Connection refused\\ncassandra.pool: WARNING: Error attempting to reconnect to 127.0.0.2, scheduling retry in 4.0 seconds: [Errno 111] Tried connecting to [(\\'127.0.0.2\\', 9042)]. Last error: Connection refused\\ncassandra.pool: WARNING: Error attempting to reconnect to 127.0.0.2, scheduling retry in 8.0 seconds: [Errno 111] Tried connecting to [(\\'127.0.0.2\\', 9042)]. Last error: Connection refused\\ncassandra.pool: WARNING: Error attempting to reconnect to 127.0.0.2, scheduling retry in 16.0 seconds: [Errno 111] Tried connecting to [(\\'127.0.0.2\\', 9042)]. Last error: Connection refused\\ncassandra.pool: WARNING: Error attempting to reconnect to 127.0.0.2, scheduling retry in 32.0 seconds: [Errno 111] Tried connecting to [(\\'127.0.0.2\\', 9042)]. Last error: Connection refused\\ncassandra.cluster: WARNING: Node 127.0.0.3 is reporting a schema disagreement: {UUID(\\'ee14140f-f1a4-3b68-9a82-61a8bf7814a9\\'): [\\'127.0.0.3\\'], UUID(\\'2844b007-ac71-39fd-82dc-d1e2769f2036\\'): [\\'127.0.0.1\\']}\\ncassandra.cluster: WARNING: Node 127.0.0.1 is reporting a schema disagreement: {UUID(\\'f0cd1146-98f6-3be4-bb98-7a2925fdd00b\\'): [\\'127.0.0.3\\'], UUID(\\'672109cc-c3f6-3683-ac88-3744e820228f\\'): [\\'127.0.0.1\\']}\\ncassandra.pool: WARNING: Error attempting to reconnect to 127.0.0.2, scheduling retry in 64.0 seconds: [Errno 111] Tried connecting to [(\\'127.0.0.2\\', 9042)]. Last error: Connection refused\\ncassandra.pool: WARNING: Error attempting to reconnect to 127.0.0.2, scheduling retry in 128.0 seconds: [Errno 111] Tried connecting to [(\\'127.0.0.2\\', 9042)]. Last error: Connection refused\\ndtest: DEBUG: waiting for things to settle and sync\\ndtest: DEBUG: validate_schema_consistent() node1\\ndtest: DEBUG: validate_schema_consistent() node2\\ndtest: DEBUG: validate_schema_consistent() node3\\n--------------------- >> end captured logging << ---------------------'", "duration": 341.42, "name": "create_lots_of_schema_churn_with_node_down_test", "age": 1, "failedSince": 325, "status": "FAILED", "testActions": [], "stdout": null, "className": "concurrent_schema_changes_test.TestConcurrentSchemaChanges", "stderr": null, "errorDetails": "index_me_4 expected indexes ix_index_me_c0->7, got: [u'ix_index_me_4_c1', u'ix_index_me_4_c2', u'ix_index_me_4_c3', u'ix_index_me_4_c4', u'ix_index_me_4_c6', u'ix_index_me_4_c7']\n-------------------- >> begin captured logging << --------------------\ndtest: DEBUG: Using jna.jar in CASSANDRA_DIR/lib..\ndtest: DEBUG: cluster ccm directory: /mnt/tmp/dtest-feJiF0\ncassandra.cluster: WARNING: Host 127.0.0.2 has been marked down\ncassandra.cluster: WARNING: Failed to create connection pool for new host 127.0.0.2:\nTraceback (most recent call last):\n  File \"cassandra/cluster.py\", line 1852, in cassandra.cluster.Session.add_or_renew_pool.run_add_or_renew_pool (cassandra/cluster.c:31556)\n    new_pool = HostConnection(host, distance, self)\n  File \"cassandra/pool.py\", line 295, in cassandra.pool.HostConnection.__init__ (cassandra/pool.c:6160)\n    self._connection = session.cluster.connection_factory(host.address)\n  File \"cassandra/cluster.py\", line 786, in cassandra.cluster.Cluster.connection_factory (cassandra/cluster.c:9141)\n    return self.connection_class.factory(address, self.connect_timeout, *args, **kwargs)\n  File \"cassandra/connection.py\", line 306, in cassandra.connection.Connection.factory (cassandra/connection.c:5134)\n    conn = cls(host, *args, **kwargs)\n  File \"/home/automaton/python-driver/cassandra/io/libevreactor.py\", line 264, in __init__\n    self._connect_socket()\n  File \"cassandra/connection.py\", line 340, in cassandra.connection.Connection._connect_socket (cassandra/connection.c:6266)\n    raise socket.error(sockerr.errno, \"Tried connecting to %s. Last error: %s\" % ([a[4] for a in addresses], sockerr.strerror or sockerr))\nerror: [Errno 111] Tried connecting to [('127.0.0.2', 9042)]. Last error: Connection refused\ncassandra.pool: WARNING: Error attempting to reconnect to 127.0.0.2, scheduling retry in 2.0 seconds: [Errno 111] Tried connecting to [('127.0.0.2', 9042)]. Last error: Connection refused\ncassandra.pool: WARNING: Error attempting to reconnect to 127.0.0.2, scheduling retry in 4.0 seconds: [Errno 111] Tried connecting to [('127.0.0.2', 9042)]. Last error: Connection refused\ncassandra.pool: WARNING: Error attempting to reconnect to 127.0.0.2, scheduling retry in 8.0 seconds: [Errno 111] Tried connecting to [('127.0.0.2', 9042)]. Last error: Connection refused\ncassandra.pool: WARNING: Error attempting to reconnect to 127.0.0.2, scheduling retry in 16.0 seconds: [Errno 111] Tried connecting to [('127.0.0.2', 9042)]. Last error: Connection refused\ncassandra.pool: WARNING: Error attempting to reconnect to 127.0.0.2, scheduling retry in 32.0 seconds: [Errno 111] Tried connecting to [('127.0.0.2', 9042)]. Last error: Connection refused\ncassandra.cluster: WARNING: Node 127.0.0.3 is reporting a schema disagreement: {UUID('ee14140f-f1a4-3b68-9a82-61a8bf7814a9'): ['127.0.0.3'], UUID('2844b007-ac71-39fd-82dc-d1e2769f2036'): ['127.0.0.1']}\ncassandra.cluster: WARNING: Node 127.0.0.1 is reporting a schema disagreement: {UUID('f0cd1146-98f6-3be4-bb98-7a2925fdd00b'): ['127.0.0.3'], UUID('672109cc-c3f6-3683-ac88-3744e820228f'): ['127.0.0.1']}\ncassandra.pool: WARNING: Error attempting to reconnect to 127.0.0.2, scheduling retry in 64.0 seconds: [Errno 111] Tried connecting to [('127.0.0.2', 9042)]. Last error: Connection refused\ncassandra.pool: WARNING: Error attempting to reconnect to 127.0.0.2, scheduling retry in 128.0 seconds: [Errno 111] Tried connecting to [('127.0.0.2', 9042)]. Last error: Connection refused\ndtest: DEBUG: waiting for things to settle and sync\ndtest: DEBUG: validate_schema_consistent() node1\ndtest: DEBUG: validate_schema_consistent() node2\ndtest: DEBUG: validate_schema_consistent() node3\n--------------------- >> end captured logging << ---------------------", "skippedMessage": null}, {"skipped": true, "errorStackTrace": null, "duration": 0.093, "name": "create_lots_of_mv_concurrently_test", "age": 1, "failedSince": 325, "status": "SKIPPED", "testActions": [], "stdout": null, "className": "concurrent_schema_changes_test.TestConcurrentSchemaChanges", "stderr": null, "errorDetails": null, "skippedMessage": "2.2.3 < 3.0"}, {"skipped": false, "errorStackTrace": null, "duration": 260.341, "name": "resumable_bootstrap_test", "age": 0, "failedSince": 0, "status": "PASSED", "testActions": [], "stdout": null, "className": "bootstrap_test.TestBootstrap", "stderr": null, "errorDetails": null, "skippedMessage": null}, {"skipped": false, "errorStackTrace": null, "duration": 164.149, "name": "simple_sequential_repair_test", "age": 0, "failedSince": 0, "status": "PASSED", "testActions": [], "stdout": null, "className": "repair_test.TestRepair", "stderr": null, "errorDetails": null, "skippedMessage": null}, {"skipped": false, "errorStackTrace": null, "duration": 101.292, "name": "consistent_reads_after_bootstrap_test", "age": 0, "failedSince": 0, "status": "PASSED", "testActions": [], "stdout": null, "className": "consistent_bootstrap_test.TestBootstrapConsistency", "stderr": null, "errorDetails": null, "skippedMessage": null}, {"skipped": false, "errorStackTrace": null, "duration": 102.207, "name": "sstableloader_compression_none_to_deflate_test", "age": 0, "failedSince": 0, "status": "PASSED", "testActions": [], "stdout": null, "className": "sstable_generation_loading_test.TestSSTableGenerationAndLoading", "stderr": null, "errorDetails": null, "skippedMessage": null}, {"skipped": false, "errorStackTrace": null, "duration": 99.305, "name": "sstableloader_compression_none_to_none_test", "age": 0, "failedSince": 0, "status": "PASSED", "testActions": [], "stdout": null, "className": "sstable_generation_loading_test.TestSSTableGenerationAndLoading", "stderr": null, "errorDetails": null, "skippedMessage": null}, {"skipped": false, "errorStackTrace": null, "duration": 80.047, "name": "test_mutation_one", "age": 0, "failedSince": 0, "status": "PASSED", "testActions": [], "stdout": null, "className": "write_failures_test.TestWriteFailures", "stderr": null, "errorDetails": null, "skippedMessage": null}, {"skipped": false, "errorStackTrace": null, "duration": 68.727, "name": "dtcs_deletion_test", "age": 0, "failedSince": 0, "status": "PASSED", "testActions": [], "stdout": null, "className": "compaction_test.TestCompaction_with_DateTieredCompactionStrategy", "stderr": null, "errorDetails": null, "skippedMessage": null}, {"skipped": false, "errorStackTrace": null, "duration": 32.945, "name": "disable_autocompaction_alter_test", "age": 0, "failedSince": 0, "status": "PASSED", "testActions": [], "stdout": null, "className": "compaction_test.TestCompaction_with_SizeTieredCompactionStrategy", "stderr": null, "errorDetails": null, "skippedMessage": null}, {"skipped": false, "errorStackTrace": null, "duration": 17.649, "name": "compaction_delete_test", "age": 0, "failedSince": 0, "status": "PASSED", "testActions": [], "stdout": "running\n['/mnt/tmp/dtest-vlTrJk/test/node1/data/ks/cf-aa826450710711e5b259b5c37697d6e3/la-3-big-Data.db']\n-- la-3-big-Data.db -----\n\n", "className": "compaction_test.TestCompaction_with_LeveledCompactionStrategy", "stderr": null, "errorDetails": null, "skippedMessage": null}, {"skipped": false, "errorStackTrace": null, "duration": 61.799, "name": "ttl_is_respected_on_delayed_replication_test", "age": 0, "failedSince": 0, "status": "PASSED", "testActions": [], "stdout": null, "className": "ttl_test.TestDistributedTTL", "stderr": null, "errorDetails": null, "skippedMessage": null}, {"skipped": false, "errorStackTrace": null, "duration": 13.294, "name": "remove_column_ttl_test", "age": 0, "failedSince": 0, "status": "PASSED", "testActions": [], "stdout": null, "className": "ttl_test.TestTTL", "stderr": null, "errorDetails": null, "skippedMessage": null}, {"skipped": false, "errorStackTrace": null, "duration": 52.637, "name": "test_6285", "age": 0, "failedSince": 0, "status": "PASSED", "testActions": [], "stdout": null, "className": "thrift_hsha_test.ThriftHSHATest", "stderr": null, "errorDetails": null, "skippedMessage": null}, {"skipped": false, "errorStackTrace": null, "duration": 51.83, "name": "putget_2dc_rf2_test", "age": 0, "failedSince": 0, "status": "PASSED", "testActions": [], "stdout": null, "className": "multidc_putget_test.TestMultiDCPutGet", "stderr": null, "errorDetails": null, "skippedMessage": null}, {"skipped": false, "errorStackTrace": null, "duration": 39.92, "name": "test_ttl_deletions", "age": 0, "failedSince": 0, "status": "PASSED", "testActions": [], "stdout": null, "className": "paging_test.TestPagingWithDeletions", "stderr": null, "errorDetails": null, "skippedMessage": null}, {"skipped": false, "errorStackTrace": null, "duration": 29.792, "name": "test_multiple_partition_deletions", "age": 0, "failedSince": 0, "status": "PASSED", "testActions": [], "stdout": null, "className": "paging_test.TestPagingWithDeletions", "stderr": null, "errorDetails": null, "skippedMessage": null}, {"skipped": false, "errorStackTrace": null, "duration": 36.697, "name": "logged_batch_throws_uae_test", "age": 0, "failedSince": 0, "status": "PASSED", "testActions": [], "stdout": null, "className": "batch_test.TestBatch", "stderr": null, "errorDetails": null, "skippedMessage": null}, {"skipped": false, "errorStackTrace": null, "duration": 10.949, "name": "unlogged_batch_accepts_regular_mutations_test", "age": 0, "failedSince": 0, "status": "PASSED", "testActions": [], "stdout": null, "className": "batch_test.TestBatch", "stderr": null, "errorDetails": null, "skippedMessage": null}, {"skipped": false, "errorStackTrace": null, "duration": 10.429, "name": "counter_batch_rejects_regular_mutations_test", "age": 0, "failedSince": 0, "status": "PASSED", "testActions": [], "stdout": null, "className": "batch_test.TestBatch", "stderr": null, "errorDetails": null, "skippedMessage": null}, {"skipped": true, "errorStackTrace": null, "duration": 0.058, "name": "unlogged_batch_gcgs_below_threshold_should_not_print_warning_test", "age": 1, "failedSince": 325, "status": "SKIPPED", "testActions": [], "stdout": null, "className": "batch_test.TestBatch", "stderr": null, "errorDetails": null, "skippedMessage": "2.2.3 < 3.0"}, {"skipped": true, "errorStackTrace": null, "duration": 0.058, "name": "logged_batch_compatibility_2_test", "age": 1, "failedSince": 325, "status": "SKIPPED", "testActions": [], "stdout": null, "className": "batch_test.TestBatch", "stderr": null, "errorDetails": null, "skippedMessage": "2.2.3 < 3.0"}, {"skipped": true, "errorStackTrace": null, "duration": 0.06, "name": "logged_batch_compatibility_5_test", "age": 1, "failedSince": 325, "status": "SKIPPED", "testActions": [], "stdout": null, "className": "batch_test.TestBatch", "stderr": null, "errorDetails": null, "skippedMessage": "2.2.3 < 3.0"}, {"skipped": false, "errorStackTrace": null, "duration": 34.935, "name": "replace_nonexistent_node_test", "age": 0, "failedSince": 0, "status": "PASSED", "testActions": [], "stdout": null, "className": "replace_address_test.TestReplaceAddress", "stderr": null, "errorDetails": null, "skippedMessage": null}, {"skipped": false, "errorStackTrace": null, "duration": 24.81, "name": "force_repair_range_async_1_test", "age": 0, "failedSince": 0, "status": "PASSED", "testActions": [], "stdout": null, "className": "deprecated_repair_test.TestDeprecatedRepairAPI", "stderr": null, "errorDetails": null, "skippedMessage": null}, {"skipped": false, "errorStackTrace": null, "duration": 26.571, "name": "test_standalone_scrub", "age": 0, "failedSince": 0, "status": "PASSED", "testActions": [], "stdout": null, "className": "scrub_test.TestScrub", "stderr": null, "errorDetails": null, "skippedMessage": null}, {"skipped": false, "errorStackTrace": null, "duration": 21.966, "name": "create_cf_auth_test", "age": 0, "failedSince": 0, "status": "PASSED", "testActions": [], "stdout": null, "className": "auth_test.TestAuth", "stderr": null, "errorDetails": null, "skippedMessage": null}, {"skipped": false, "errorStackTrace": null, "duration": 20.364, "name": "user_test", "age": 0, "failedSince": 0, "status": "PASSED", "testActions": [], "stdout": null, "className": "cql_tests.StorageProxyCQLTester", "stderr": null, "errorDetails": null, "skippedMessage": null}, {"skipped": false, "errorStackTrace": null, "duration": 13.957, "name": "test_count_around_page_size", "age": 0, "failedSince": 0, "status": "PASSED", "testActions": [], "stdout": null, "className": "thrift_tests.TestMutations", "stderr": null, "errorDetails": null, "skippedMessage": null}, {"skipped": false, "errorStackTrace": null, "duration": 12.207, "name": "test_dynamic_indexes_creation_deletion", "age": 0, "failedSince": 0, "status": "PASSED", "testActions": [], "stdout": null, "className": "thrift_tests.TestMutations", "stderr": null, "errorDetails": null, "skippedMessage": null}, {"skipped": false, "errorStackTrace": null, "duration": 10.71, "name": "test_range_partial", "age": 0, "failedSince": 0, "status": "PASSED", "testActions": [], "stdout": null, "className": "thrift_tests.TestMutations", "stderr": null, "errorDetails": null, "skippedMessage": null}, {"skipped": false, "errorStackTrace": null, "duration": 10.009, "name": "test_get_slice_by_names", "age": 0, "failedSince": 0, "status": "PASSED", "testActions": [], "stdout": null, "className": "thrift_tests.TestMutations", "stderr": null, "errorDetails": null, "skippedMessage": null}, {"skipped": false, "errorStackTrace": null, "duration": 9.515, "name": "test_count_paging", "age": 0, "failedSince": 0, "status": "PASSED", "testActions": [], "stdout": null, "className": "thrift_tests.TestMutations", "stderr": null, "errorDetails": null, "skippedMessage": null}, {"skipped": false, "errorStackTrace": null, "duration": 9.736, "name": "test_column_not_found_quorum", "age": 0, "failedSince": 0, "status": "PASSED", "testActions": [], "stdout": null, "className": "thrift_tests.TestMutations", "stderr": null, "errorDetails": null, "skippedMessage": null}, {"skipped": false, "errorStackTrace": null, "duration": 9.206, "name": "test_get_range_slice_after_deletion", "age": 0, "failedSince": 0, "status": "PASSED", "testActions": [], "stdout": null, "className": "thrift_tests.TestMutations", "stderr": null, "errorDetails": null, "skippedMessage": null}, {"skipped": false, "errorStackTrace": null, "duration": 9.318, "name": "test_describe_ring_on_invalid_keyspace", "age": 0, "failedSince": 0, "status": "PASSED", "testActions": [], "stdout": null, "className": "thrift_tests.TestMutations", "stderr": null, "errorDetails": null, "skippedMessage": null}, {"skipped": false, "errorStackTrace": null, "duration": 11.368, "name": "test_drop_index", "age": 0, "failedSince": 0, "status": "PASSED", "testActions": [], "stdout": "(EE)  ", "className": "cqlsh_tests.cqlsh_tests.CqlshSmokeTest", "stderr": null, "errorDetails": null, "skippedMessage": null}, {"skipped": false, "errorStackTrace": null, "duration": 10.278, "name": "test_drop_table", "age": 0, "failedSince": 0, "status": "PASSED", "testActions": [], "stdout": "(EE)  ", "className": "cqlsh_tests.cqlsh_tests.CqlshSmokeTest", "stderr": null, "errorDetails": null, "skippedMessage": null}, {"skipped": false, "errorStackTrace": null, "duration": 11.842, "name": "test_datetime_values", "age": 0, "failedSince": 0, "status": "PASSED", "testActions": [], "stdout": null, "className": "cqlsh_tests.cqlsh_tests.TestCqlsh", "stderr": null, "errorDetails": null, "skippedMessage": null}, {"skipped": true, "errorStackTrace": null, "duration": 0.076, "name": "test_materialized_view", "age": 1, "failedSince": 325, "status": "SKIPPED", "testActions": [], "stdout": null, "className": "cqlsh_tests.cqlsh_tests.TestCqlsh", "stderr": null, "errorDetails": null, "skippedMessage": "2.2.3 < 3.0"}, {"skipped": false, "errorStackTrace": null, "duration": 10.345, "name": "test_null_as_null_indicator", "age": 0, "failedSince": 0, "status": "PASSED", "testActions": [], "stdout": "(EE)  ", "className": "cqlsh_tests.cqlsh_copy_tests.CqlshCopyTest", "stderr": null, "errorDetails": null, "skippedMessage": null}, {"skipped": false, "errorStackTrace": null, "duration": 9.969, "name": "nondefault_table_settings_test", "age": 0, "failedSince": 0, "status": "PASSED", "testActions": [], "stdout": null, "className": "schema_metadata_test.TestSchemaMetadata", "stderr": null, "errorDetails": null, "skippedMessage": null}, {"skipped": true, "errorStackTrace": null, "duration": 0.095, "name": "compaction_test", "age": 8, "failedSince": 318, "status": "SKIPPED", "testActions": [], "stdout": null, "className": "sstableutil_test.SSTableUtilTest", "stderr": null, "errorDetails": null, "skippedMessage": "2.2.3 < 3.0"}, {"skipped": true, "errorStackTrace": null, "duration": 0.09, "name": "composite_row_key_test", "age": 1, "failedSince": 325, "status": "SKIPPED", "testActions": [], "stdout": null, "className": "deprecated_cql_tests.TestCQL", "stderr": null, "errorDetails": null, "skippedMessage": "2.2.3 > 2.0.x"}, {"skipped": true, "errorStackTrace": null, "duration": 0.181, "name": "more_order_by_test", "age": 1, "failedSince": 325, "status": "SKIPPED", "testActions": [], "stdout": null, "className": "deprecated_cql_tests.TestCQL", "stderr": null, "errorDetails": null, "skippedMessage": "2.2.3 > 2.0.x"}, {"skipped": true, "errorStackTrace": null, "duration": 0.16, "name": "invalid_string_literals_test", "age": 1, "failedSince": 325, "status": "SKIPPED", "testActions": [], "stdout": null, "className": "deprecated_cql_tests.TestCQL", "stderr": null, "errorDetails": null, "skippedMessage": "2.2.3 > 2.0.x"}, {"skipped": true, "errorStackTrace": null, "duration": 0.179, "name": "invalid_old_property_test", "age": 1, "failedSince": 325, "status": "SKIPPED", "testActions": [], "stdout": null, "className": "deprecated_cql_tests.TestCQL", "stderr": null, "errorDetails": null, "skippedMessage": "2.2.3 > 2.0.x"}, {"skipped": true, "errorStackTrace": null, "duration": 0.174, "name": "cql3_insert_thrift_test", "age": 8, "failedSince": 318, "status": "SKIPPED", "testActions": [], "stdout": null, "className": "deprecated_cql_tests.TestCQL", "stderr": null, "errorDetails": null, "skippedMessage": "2.2.3 > 2.0.x"}, {"skipped": true, "errorStackTrace": null, "duration": 0.149, "name": "multi_list_set_test", "age": 49, "failedSince": 277, "status": "SKIPPED", "testActions": [], "stdout": null, "className": "deprecated_cql_tests.TestCQL", "stderr": null, "errorDetails": null, "skippedMessage": "2.2.3 > 2.0.x"}, {"skipped": true, "errorStackTrace": null, "duration": 0.116, "name": "update_type_test", "age": 8, "failedSince": 318, "status": "SKIPPED", "testActions": [], "stdout": null, "className": "deprecated_cql_tests.TestCQL", "stderr": null, "errorDetails": null, "skippedMessage": "2.2.3 > 2.0.x"}, {"skipped": true, "errorStackTrace": null, "duration": 0.124, "name": "static_columns_with_distinct_test", "age": 60, "failedSince": 266, "status": "SKIPPED", "testActions": [], "stdout": null, "className": "deprecated_cql_tests.TestCQL", "stderr": null, "errorDetails": null, "skippedMessage": "2.2.3 > 2.0.x"}, {"skipped": true, "errorStackTrace": null, "duration": 0.134, "name": "static_columns_with_2i_test", "age": 49, "failedSince": 277, "status": "SKIPPED", "testActions": [], "stdout": null, "className": "deprecated_cql_tests.TestCQL", "stderr": null, "errorDetails": null, "skippedMessage": "2.2.3 > 2.0.x"}, {"skipped": true, "errorStackTrace": null, "duration": 0.142, "name": "ticket_5230_test", "age": 49, "failedSince": 277, "status": "SKIPPED", "testActions": [], "stdout": null, "className": "deprecated_cql_tests.TestCQL", "stderr": null, "errorDetails": null, "skippedMessage": "2.2.3 > 2.0.x"}, {"skipped": true, "errorStackTrace": null, "duration": 0.141, "name": "limit_bugs_test", "age": 1, "failedSince": 325, "status": "SKIPPED", "testActions": [], "stdout": null, "className": "deprecated_cql_tests.TestCQL", "stderr": null, "errorDetails": null, "skippedMessage": "2.2.3 > 2.0.x"}, {"skipped": true, "errorStackTrace": null, "duration": 0.128, "name": "collection_compact_test", "age": 1, "failedSince": 325, "status": "SKIPPED", "testActions": [], "stdout": null, "className": "deprecated_cql_tests.TestCQL", "stderr": null, "errorDetails": null, "skippedMessage": "2.2.3 > 2.0.x"}, {"skipped": true, "errorStackTrace": null, "duration": 0.147, "name": "in_clause_wide_rows_test", "age": 8, "failedSince": 318, "status": "SKIPPED", "testActions": [], "stdout": null, "className": "deprecated_cql_tests.TestCQL", "stderr": null, "errorDetails": null, "skippedMessage": "2.2.3 > 2.0.x"}, {"skipped": true, "errorStackTrace": null, "duration": 0.179, "name": "large_clustering_in_test", "age": 50, "failedSince": 276, "status": "SKIPPED", "testActions": [], "stdout": null, "className": "deprecated_cql_tests.TestCQL", "stderr": null, "errorDetails": null, "skippedMessage": "2.2.3 > 2.0.x"}, {"skipped": true, "errorStackTrace": null, "duration": 0.179, "name": "dense_cf_test", "age": 1, "failedSince": 325, "status": "SKIPPED", "testActions": [], "stdout": null, "className": "deprecated_cql_tests.TestCQL", "stderr": null, "errorDetails": null, "skippedMessage": "2.2.3 > 2.0.x"}, {"skipped": true, "errorStackTrace": null, "duration": 0.188, "name": "conditional_delete_test", "age": 8, "failedSince": 318, "status": "SKIPPED", "testActions": [], "stdout": null, "className": "deprecated_cql_tests.TestCQL", "stderr": null, "errorDetails": null, "skippedMessage": "2.2.3 > 2.0.x"}, {"skipped": true, "errorStackTrace": null, "duration": 0.185, "name": "indexed_with_eq_test", "age": 50, "failedSince": 276, "status": "SKIPPED", "testActions": [], "stdout": null, "className": "deprecated_cql_tests.TestCQL", "stderr": null, "errorDetails": null, "skippedMessage": "2.2.3 > 2.0.x"}, {"skipped": true, "errorStackTrace": null, "duration": 0.171, "name": "bug_5732_test", "age": 49, "failedSince": 277, "status": "SKIPPED", "testActions": [], "stdout": null, "className": "deprecated_cql_tests.TestCQL", "stderr": null, "errorDetails": null, "skippedMessage": "2.2.3 > 2.0.x"}, {"skipped": true, "errorStackTrace": null, "duration": 0.166, "name": "null_support_test", "age": 49, "failedSince": 277, "status": "SKIPPED", "testActions": [], "stdout": null, "className": "deprecated_cql_tests.TestCQL", "stderr": null, "errorDetails": null, "skippedMessage": "2.2.3 > 2.0.x"}, {"skipped": true, "errorStackTrace": null, "duration": 0.161, "name": "static_columns_test", "age": 51, "failedSince": 275, "status": "SKIPPED", "testActions": [], "stdout": null, "className": "deprecated_cql_tests.TestCQL", "stderr": null, "errorDetails": null, "skippedMessage": "2.2.3 > 2.0.x"}, {"skipped": true, "errorStackTrace": null, "duration": 0.14, "name": "collection_and_regular_test", "age": 1, "failedSince": 325, "status": "SKIPPED", "testActions": [], "stdout": null, "className": "deprecated_cql_tests.TestCQL", "stderr": null, "errorDetails": null, "skippedMessage": "2.2.3 > 2.0.x"}, {"skipped": true, "errorStackTrace": null, "duration": 0.122, "name": "sparse_cf_test", "age": 49, "failedSince": 277, "status": "SKIPPED", "testActions": [], "stdout": null, "className": "deprecated_cql_tests.TestCQL", "stderr": null, "errorDetails": null, "skippedMessage": "2.2.3 > 2.0.x"}, {"skipped": true, "errorStackTrace": null, "duration": 0.146, "name": "bug_4532_test", "age": 1, "failedSince": 325, "status": "SKIPPED", "testActions": [], "stdout": null, "className": "deprecated_cql_tests.TestCQL", "stderr": null, "errorDetails": null, "skippedMessage": "2.2.3 > 2.0.x"}, {"skipped": true, "errorStackTrace": null, "duration": 0.074, "name": "empty_blob_test", "age": 1, "failedSince": 325, "status": "SKIPPED", "testActions": [], "stdout": null, "className": "upgrade_tests.cql_tests.TestCQL", "stderr": null, "errorDetails": null, "skippedMessage": "2.2.3 < 3.0"}, {"skipped": true, "errorStackTrace": null, "duration": 0.149, "name": "range_tombstones_compaction_test", "age": 1, "failedSince": 325, "status": "SKIPPED", "testActions": [], "stdout": null, "className": "upgrade_tests.cql_tests.TestCQL", "stderr": null, "errorDetails": null, "skippedMessage": "2.2.3 < 3.0"}, {"skipped": true, "errorStackTrace": null, "duration": 0.163, "name": "bug_8558_test", "age": 1, "failedSince": 325, "status": "SKIPPED", "testActions": [], "stdout": null, "className": "upgrade_tests.cql_tests.TestCQL", "stderr": null, "errorDetails": null, "skippedMessage": "2.2.3 < 3.0"}, {"skipped": true, "errorStackTrace": null, "duration": 0.159, "name": "map_test", "age": 49, "failedSince": 277, "status": "SKIPPED", "testActions": [], "stdout": null, "className": "upgrade_tests.cql_tests.TestCQL", "stderr": null, "errorDetails": null, "skippedMessage": "2.2.3 < 3.0"}, {"skipped": true, "errorStackTrace": null, "duration": 0.142, "name": "negative_timestamp_test", "age": 50, "failedSince": 276, "status": "SKIPPED", "testActions": [], "stdout": null, "className": "upgrade_tests.cql_tests.TestCQL", "stderr": null, "errorDetails": null, "skippedMessage": "2.2.3 < 3.0"}, {"skipped": true, "errorStackTrace": null, "duration": 0.111, "name": "limit_ranges_test", "age": 8, "failedSince": 318, "status": "SKIPPED", "testActions": [], "stdout": null, "className": "upgrade_tests.cql_tests.TestCQL", "stderr": null, "errorDetails": null, "skippedMessage": "2.2.3 < 3.0"}, {"skipped": true, "errorStackTrace": null, "duration": 0.113, "name": "user_types_test", "age": 1, "failedSince": 325, "status": "SKIPPED", "testActions": [], "stdout": null, "className": "upgrade_tests.cql_tests.TestCQL", "stderr": null, "errorDetails": null, "skippedMessage": "2.2.3 < 3.0"}, {"skipped": true, "errorStackTrace": null, "duration": 0.112, "name": "compact_metadata_test", "age": 1, "failedSince": 325, "status": "SKIPPED", "testActions": [], "stdout": null, "className": "upgrade_tests.cql_tests.TestCQL", "stderr": null, "errorDetails": null, "skippedMessage": "2.2.3 < 3.0"}, {"skipped": true, "errorStackTrace": null, "duration": 0.113, "name": "order_by_with_in_test", "age": 1, "failedSince": 325, "status": "SKIPPED", "testActions": [], "stdout": null, "className": "upgrade_tests.cql_tests.TestCQL", "stderr": null, "errorDetails": null, "skippedMessage": "2.2.3 < 3.0"}, {"skipped": true, "errorStackTrace": null, "duration": 0.113, "name": "multi_in_compact_non_composite_test", "age": 1, "failedSince": 325, "status": "SKIPPED", "testActions": [], "stdout": null, "className": "upgrade_tests.cql_tests.TestCQL", "stderr": null, "errorDetails": null, "skippedMessage": "2.2.3 < 3.0"}, {"skipped": true, "errorStackTrace": null, "duration": 0.107, "name": "in_clause_wide_rows_test", "age": 8, "failedSince": 318, "status": "SKIPPED", "testActions": [], "stdout": null, "className": "upgrade_tests.cql_tests.TestCQL", "stderr": null, "errorDetails": null, "skippedMessage": "2.2.3 < 3.0"}, {"skipped": true, "errorStackTrace": null, "duration": 0.111, "name": "order_by_validation_test", "age": 49, "failedSince": 277, "status": "SKIPPED", "testActions": [], "stdout": null, "className": "upgrade_tests.cql_tests.TestCQL", "stderr": null, "errorDetails": null, "skippedMessage": "2.2.3 < 3.0"}, {"skipped": true, "errorStackTrace": null, "duration": 0.114, "name": "bug_6612_test", "age": 49, "failedSince": 277, "status": "SKIPPED", "testActions": [], "stdout": null, "className": "upgrade_tests.cql_tests.TestCQL", "stderr": null, "errorDetails": null, "skippedMessage": "2.2.3 < 3.0"}, {"skipped": true, "errorStackTrace": null, "duration": 0.11, "name": "in_order_by_without_selecting_test", "age": 1, "failedSince": 325, "status": "SKIPPED", "testActions": [], "stdout": null, "className": "upgrade_tests.cql_tests.TestCQL", "stderr": null, "errorDetails": null, "skippedMessage": "2.2.3 < 3.0"}, {"skipped": true, "errorStackTrace": null, "duration": 0.113, "name": "refuse_in_with_indexes_test", "age": 1, "failedSince": 325, "status": "SKIPPED", "testActions": [], "stdout": null, "className": "upgrade_tests.cql_tests.TestCQL", "stderr": null, "errorDetails": null, "skippedMessage": "2.2.3 < 3.0"}, {"skipped": true, "errorStackTrace": null, "duration": 0.058, "name": "test_paging_using_secondary_indexes", "age": 1, "failedSince": 325, "status": "SKIPPED", "testActions": [], "stdout": null, "className": "upgrade_tests.paging_test.TestPagingData", "stderr": null, "errorDetails": null, "skippedMessage": "2.2.3 < 3.0"}, {"skipped": true, "errorStackTrace": null, "duration": 0.111, "name": "test_paging_across_multi_wide_rows", "age": 1, "failedSince": 325, "status": "SKIPPED", "testActions": [], "stdout": null, "className": "upgrade_tests.paging_test.TestPagingData", "stderr": null, "errorDetails": null, "skippedMessage": "2.2.3 < 3.0"}, {"skipped": true, "errorStackTrace": null, "duration": 0.057, "name": "test_with_order_by", "age": 1, "failedSince": 325, "status": "SKIPPED", "testActions": [], "stdout": null, "className": "upgrade_tests.paging_test.TestPagingWithModifiers", "stderr": null, "errorDetails": null, "skippedMessage": "2.2.3 < 3.0"}, {"skipped": true, "errorStackTrace": null, "duration": 0.059, "name": "test_query_isolation", "age": 1, "failedSince": 325, "status": "SKIPPED", "testActions": [], "stdout": null, "className": "upgrade_tests.paging_test.TestPagingQueryIsolation", "stderr": null, "errorDetails": null, "skippedMessage": "2.2.3 < 3.0"}, {"skipped": true, "errorStackTrace": null, "duration": 0.061, "name": "test_row_TTL_expiry_during_paging", "age": 1, "failedSince": 325, "status": "SKIPPED", "testActions": [], "stdout": null, "className": "upgrade_tests.paging_test.TestPagingDatasetChanges", "stderr": null, "errorDetails": null, "skippedMessage": "2.2.3 < 3.0"}, {"skipped": true, "errorStackTrace": null, "duration": 0.059, "name": "test_multiple_partition_deletions", "age": 1, "failedSince": 325, "status": "SKIPPED", "testActions": [], "stdout": null, "className": "upgrade_tests.paging_test.TestPagingWithDeletions", "stderr": null, "errorDetails": null, "skippedMessage": "2.2.3 < 3.0"}, {"skipped": true, "errorStackTrace": null, "duration": 0.06, "name": "consistent_reads_after_write_test", "age": 1, "failedSince": 325, "status": "SKIPPED", "testActions": [], "stdout": null, "className": "materialized_views_test.TestMaterializedViewsConsistency", "stderr": null, "errorDetails": null, "skippedMessage": "2.2.3 < 3.0"}, {"skipped": true, "errorStackTrace": null, "duration": 0.059, "name": "base_replica_repair_test", "age": 1, "failedSince": 325, "status": "SKIPPED", "testActions": [], "stdout": null, "className": "materialized_views_test.TestMaterializedViews", "stderr": null, "errorDetails": null, "skippedMessage": "2.2.3 < 3.0"}, {"skipped": true, "errorStackTrace": null, "duration": 0.059, "name": "uniform_ratio_test", "age": 1, "failedSince": 325, "status": "SKIPPED", "testActions": [], "stdout": null, "className": "stress_tool_test.TestStressSparsenessRatio", "stderr": null, "errorDetails": null, "skippedMessage": "2.2.3 < 3.0"}, {"skipped": true, "errorStackTrace": null, "duration": 0.059, "name": "hintedhandoff_dc_reenabled_test", "age": 1, "failedSince": 325, "status": "SKIPPED", "testActions": [], "stdout": null, "className": "hintedhandoff_test.TestHintedHandoffConfig", "stderr": null, "errorDetails": null, "skippedMessage": "2.2.3 < 3.0"}, {"skipped": true, "errorStackTrace": null, "duration": 0.062, "name": "metadata_reset_while_compact_test", "age": 1, "failedSince": 325, "status": "SKIPPED", "testActions": [], "stdout": null, "className": "metadata_tests.TestMetadata", "stderr": null, "errorDetails": null, "skippedMessage": "2.2.3 > 2.0"}, {"skipped": true, "errorStackTrace": null, "duration": 0.057, "name": "disable_compression_cql_test", "age": 1, "failedSince": 325, "status": "SKIPPED", "testActions": [], "stdout": null, "className": "compression_test.TestCompression", "stderr": null, "errorDetails": null, "skippedMessage": "2.2.3 < 3.0"}, {"skipped": true, "errorStackTrace": null, "duration": 0.058, "name": "test_multiple_indexes_on_single_map_column", "age": 1, "failedSince": 325, "status": "SKIPPED", "testActions": [], "stdout": null, "className": "secondary_indexes_test.TestSecondaryIndexesOnCollections", "stderr": null, "errorDetails": null, "skippedMessage": "2.2.3 < 3.0"}, {"skipped": false, "errorStackTrace": null, "duration": 242.955, "name": "functional_test", "age": 0, "failedSince": 0, "status": "PASSED", "testActions": [], "stdout": null, "className": "global_row_key_cache_test.TestGlobalRowKeyCache", "stderr": null, "errorDetails": null, "skippedMessage": null}, {"skipped": false, "errorStackTrace": null, "duration": 345.432, "name": "upgrade_to_22_test", "age": 0, "failedSince": 0, "status": "PASSED", "testActions": [], "stdout": "http://git-wip-us.apache.org/repos/asf/cassandra.git git:cassandra-2.1\nhttp://git-wip-us.apache.org/repos/asf/cassandra.git git:cassandra-2.2\nFetching Cassandra updates...\nCloning Cassandra (from local cache)\nChecking out requested branch (cassandra-2.2)\nCompiling Cassandra cassandra-2.2 ...\nhttp://git-wip-us.apache.org/repos/asf/cassandra.git git:cassandra-2.2\nFetching Cassandra updates...\nhttp://git-wip-us.apache.org/repos/asf/cassandra.git git:cassandra-2.2\nFetching Cassandra updates...\n", "className": "upgrade_internal_auth_test.TestAuthUpgrade", "stderr": null, "errorDetails": null, "skippedMessage": null}, {"skipped": false, "errorStackTrace": null, "duration": 108.872, "name": "create_lots_of_tables_concurrently_test", "age": 0, "failedSince": 0, "status": "PASSED", "testActions": [], "stdout": null, "className": "concurrent_schema_changes_test.TestConcurrentSchemaChanges", "stderr": null, "errorDetails": null, "skippedMessage": null}, {"skipped": false, "errorStackTrace": null, "duration": 70.871, "name": "changes_to_different_nodes_test", "age": 0, "failedSince": 0, "status": "PASSED", "testActions": [], "stdout": null, "className": "concurrent_schema_changes_test.TestConcurrentSchemaChanges", "stderr": null, "errorDetails": null, "skippedMessage": null}, {"skipped": false, "errorStackTrace": null, "duration": 34.284, "name": "basic_test", "age": 0, "failedSince": 0, "status": "PASSED", "testActions": [], "stdout": null, "className": "concurrent_schema_changes_test.TestConcurrentSchemaChanges", "stderr": null, "errorDetails": null, "skippedMessage": null}, {"skipped": false, "errorStackTrace": null, "duration": 88.255, "name": "test_archive_commitlog_with_active_commitlog", "age": 0, "failedSince": 0, "status": "PASSED", "testActions": [], "stdout": null, "className": "snapshot_test.TestArchiveCommitlog", "stderr": null, "errorDetails": null, "skippedMessage": null}, {"skipped": false, "errorStackTrace": null, "duration": 79.878, "name": "sstableloader_compression_snappy_to_snappy_test", "age": 0, "failedSince": 0, "status": "PASSED", "testActions": [], "stdout": null, "className": "sstable_generation_loading_test.TestSSTableGenerationAndLoading", "stderr": null, "errorDetails": null, "skippedMessage": null}, {"skipped": false, "errorStackTrace": null, "duration": 61.314, "name": "test_list_indexes", "age": 0, "failedSince": 0, "status": "PASSED", "testActions": [], "stdout": null, "className": "secondary_indexes_test.TestSecondaryIndexesOnCollections", "stderr": null, "errorDetails": null, "skippedMessage": null}, {"skipped": false, "errorStackTrace": null, "duration": 25.655, "name": "test_tuple_indexes", "age": 0, "failedSince": 0, "status": "PASSED", "testActions": [], "stdout": null, "className": "secondary_indexes_test.TestSecondaryIndexesOnCollections", "stderr": null, "errorDetails": null, "skippedMessage": null}, {"skipped": false, "errorStackTrace": null, "duration": 60.894, "name": "repair_table_test", "age": 0, "failedSince": 0, "status": "PASSED", "testActions": [], "stdout": null, "className": "repair_test.TestRepairDataSystemTable", "stderr": null, "errorDetails": null, "skippedMessage": null}, {"skipped": false, "errorStackTrace": null, "duration": 54.859, "name": "test_mutation_v2", "age": 0, "failedSince": 0, "status": "PASSED", "testActions": [], "stdout": null, "className": "write_failures_test.TestWriteFailures", "stderr": null, "errorDetails": null, "skippedMessage": null}, {"skipped": false, "errorStackTrace": null, "duration": 43.347, "name": "acknowledged_by_batchlog_set_when_batchlog_write_succeeds_test", "age": 0, "failedSince": 0, "status": "PASSED", "testActions": [], "stdout": null, "className": "batch_test.TestBatch", "stderr": null, "errorDetails": null, "skippedMessage": null}, {"skipped": true, "errorStackTrace": null, "duration": 0.054, "name": "logged_batch_compatibility_3_test", "age": 8, "failedSince": 318, "status": "SKIPPED", "testActions": [], "stdout": null, "className": "batch_test.TestBatch", "stderr": null, "errorDetails": null, "skippedMessage": "2.2.3 < 3.0"}, {"skipped": false, "errorStackTrace": null, "duration": 32.988, "name": "disable_autocompaction_schema_test", "age": 0, "failedSince": 0, "status": "PASSED", "testActions": [], "stdout": null, "className": "compaction_test.TestCompaction_with_DateTieredCompactionStrategy", "stderr": null, "errorDetails": null, "skippedMessage": null}, {"skipped": false, "errorStackTrace": null, "duration": 17.63, "name": "large_compaction_warning_test", "age": 0, "failedSince": 0, "status": "PASSED", "testActions": [], "stdout": null, "className": "compaction_test.TestCompaction_with_DateTieredCompactionStrategy", "stderr": null, "errorDetails": null, "skippedMessage": null}, {"skipped": false, "errorStackTrace": null, "duration": 26.501, "name": "test_incr_decr_super_remove", "age": 0, "failedSince": 0, "status": "PASSED", "testActions": [], "stdout": null, "className": "thrift_tests.TestMutations", "stderr": null, "errorDetails": null, "skippedMessage": null}, {"skipped": false, "errorStackTrace": null, "duration": 26.525, "name": "test_incr_decr_standard_remove", "age": 0, "failedSince": 0, "status": "PASSED", "testActions": [], "stdout": null, "className": "thrift_tests.TestMutations", "stderr": null, "errorDetails": null, "skippedMessage": null}, {"skipped": false, "errorStackTrace": null, "duration": 6.49, "name": "test_incr_decr_standard_slice", "age": 0, "failedSince": 0, "status": "PASSED", "testActions": [], "stdout": null, "className": "thrift_tests.TestMutations", "stderr": null, "errorDetails": null, "skippedMessage": null}, {"skipped": false, "errorStackTrace": null, "duration": 6.731, "name": "test_system_super_column_family_operations", "age": 0, "failedSince": 0, "status": "PASSED", "testActions": [], "stdout": null, "className": "thrift_tests.TestMutations", "stderr": null, "errorDetails": null, "skippedMessage": null}, {"skipped": false, "errorStackTrace": null, "duration": 6.614, "name": "test_super_get", "age": 0, "failedSince": 0, "status": "PASSED", "testActions": [], "stdout": null, "className": "thrift_tests.TestMutations", "stderr": null, "errorDetails": null, "skippedMessage": null}, {"skipped": false, "errorStackTrace": null, "duration": 6.723, "name": "test_incr_decr_standard_add", "age": 0, "failedSince": 0, "status": "PASSED", "testActions": [], "stdout": null, "className": "thrift_tests.TestMutations", "stderr": null, "errorDetails": null, "skippedMessage": null}, {"skipped": false, "errorStackTrace": null, "duration": 6.417, "name": "test_bad_batch_calls", "age": 0, "failedSince": 0, "status": "PASSED", "testActions": [], "stdout": null, "className": "thrift_tests.TestMutations", "stderr": null, "errorDetails": null, "skippedMessage": null}, {"skipped": false, "errorStackTrace": null, "duration": 6.553, "name": "test_integer_remove", "age": 0, "failedSince": 0, "status": "PASSED", "testActions": [], "stdout": null, "className": "thrift_tests.TestMutations", "stderr": null, "errorDetails": null, "skippedMessage": null}, {"skipped": false, "errorStackTrace": null, "duration": 21.103, "name": "test_with_no_results", "age": 0, "failedSince": 0, "status": "FIXED", "testActions": [], "stdout": null, "className": "paging_test.TestPagingSize", "stderr": null, "errorDetails": null, "skippedMessage": null}, {"skipped": false, "errorStackTrace": null, "duration": 21.097, "name": "connect_to_ssl_test", "age": 0, "failedSince": 0, "status": "PASSED", "testActions": [], "stdout": null, "className": "native_transport_ssl_test.NativeTransportSSL", "stderr": null, "errorDetails": null, "skippedMessage": null}, {"skipped": false, "errorStackTrace": null, "duration": 17.33, "name": "test_login_allows_bad_pass_and_continued_use", "age": 0, "failedSince": 0, "status": "PASSED", "testActions": [], "stdout": "(EE)  <stdin>:2:('Unable to connect to any servers', {'127.0.0.1': AuthenticationFailed(u'Failed to authenticate to 127.0.0.1: code=0100 [Bad credentials] message=\"Username and/or password are incorrect\"',)})(EE)  ", "className": "cqlsh_tests.cqlsh_tests.CqlLoginTest", "stderr": null, "errorDetails": null, "skippedMessage": null}, {"skipped": false, "errorStackTrace": "  File \"/usr/lib/python2.7/unittest/case.py\", line 329, in run\n    testMethod()\n  File \"/home/automaton/cassandra-dtest/cqlsh_tests/cqlsh_copy_tests.py\", line 540, in test_quoted_column_names_reading_specify_names\n    self.quoted_column_names_reading_template(specify_column_names=True)\n  File \"/home/automaton/cassandra-dtest/cqlsh_tests/cqlsh_copy_tests.py\", line 532, in quoted_column_names_reading_template\n    self.assertCsvResultEqual(self.tempfile.name, results)\n  File \"/home/automaton/cassandra-dtest/cqlsh_tests/cqlsh_copy_tests.py\", line 167, in assertCsvResultEqual\n    raise e\n\"Element counts were not equal:\\nFirst has 1, Second has 0:  ['1', 'no']\\nFirst has 1, Second has 0:  ['2', 'Yes']\\nFirst has 1, Second has 0:  ['3', 'True']\\nFirst has 1, Second has 0:  ['4', 'false']\\n-------------------- >> begin captured logging << --------------------\\ndtest: DEBUG: cluster ccm directory: /mnt/tmp/dtest-yvGC_8\\ndtest: WARNING: Different # of entries. CSV: 4 vs results: 0\\n--------------------- >> end captured logging << ---------------------\"", "duration": 6.599, "name": "test_quoted_column_names_reading_specify_names", "age": 10, "failedSince": 316, "status": "FAILED", "testActions": [], "stdout": "(EE)  <stdin>:2:(EE)  'QueryMessage' object has no attribute 'to_binary'(EE)  <stdin>:2:Aborting import at record #3. Previously inserted records are still present, and some records after that may be present as well.(EE)  ", "className": "cqlsh_tests.cqlsh_copy_tests.CqlshCopyTest", "stderr": null, "errorDetails": "Element counts were not equal:\nFirst has 1, Second has 0:  ['1', 'no']\nFirst has 1, Second has 0:  ['2', 'Yes']\nFirst has 1, Second has 0:  ['3', 'True']\nFirst has 1, Second has 0:  ['4', 'false']\n-------------------- >> begin captured logging << --------------------\ndtest: DEBUG: cluster ccm directory: /mnt/tmp/dtest-yvGC_8\ndtest: WARNING: Different # of entries. CSV: 4 vs results: 0\n--------------------- >> end captured logging << ---------------------", "skippedMessage": null}, {"skipped": false, "errorStackTrace": null, "duration": 7.103, "name": "test_uuid", "age": 0, "failedSince": 0, "status": "PASSED", "testActions": [], "stdout": "(EE)  (EE)  ", "className": "cqlsh_tests.cqlsh_tests.CqlshSmokeTest", "stderr": null, "errorDetails": null, "skippedMessage": null}, {"skipped": false, "errorStackTrace": null, "duration": 6.645, "name": "test_tracing", "age": 0, "failedSince": 0, "status": "PASSED", "testActions": [], "stdout": null, "className": "cqlsh_tests.cqlsh_tests.TestCqlsh", "stderr": null, "errorDetails": null, "skippedMessage": null}, {"skipped": false, "errorStackTrace": null, "duration": 0.054, "name": "get_test_table_output", "age": 0, "failedSince": 0, "status": "PASSED", "testActions": [], "stdout": null, "className": "cqlsh_tests.cqlsh_tests.TestCqlsh", "stderr": null, "errorDetails": null, "skippedMessage": null}, {"skipped": false, "errorStackTrace": null, "duration": 16.195, "name": "altering_nonexistent_user_throws_exception_test", "age": 0, "failedSince": 0, "status": "PASSED", "testActions": [], "stdout": null, "className": "auth_test.TestAuth", "stderr": null, "errorDetails": null, "skippedMessage": null}, {"skipped": true, "errorStackTrace": null, "duration": 0.054, "name": "materialized_views_auth_test", "age": 1, "failedSince": 325, "status": "SKIPPED", "testActions": [], "stdout": null, "className": "auth_test.TestAuth", "stderr": null, "errorDetails": null, "skippedMessage": "2.2.3 < 3.0"}, {"skipped": false, "errorStackTrace": null, "duration": 11.232, "name": "complex_data_types_test", "age": 0, "failedSince": 0, "status": "PASSED", "testActions": [], "stdout": null, "className": "json_test.ToJsonSelectTests", "stderr": null, "errorDetails": null, "skippedMessage": null}, {"skipped": false, "errorStackTrace": null, "duration": 10.886, "name": "complex_data_types_test", "age": 0, "failedSince": 0, "status": "PASSED", "testActions": [], "stdout": null, "className": "json_test.FromJsonUpdateTests", "stderr": null, "errorDetails": null, "skippedMessage": null}, {"skipped": false, "errorStackTrace": null, "duration": 8.608, "name": "collection_update_test", "age": 0, "failedSince": 0, "status": "PASSED", "testActions": [], "stdout": null, "className": "json_test.FromJsonUpdateTests", "stderr": null, "errorDetails": null, "skippedMessage": null}, {"skipped": false, "errorStackTrace": null, "duration": 7.133, "name": "rename_test", "age": 0, "failedSince": 0, "status": "PASSED", "testActions": [], "stdout": null, "className": "cql_tests.MiscellaneousCQLTester", "stderr": null, "errorDetails": null, "skippedMessage": null}, {"skipped": false, "errorStackTrace": null, "duration": 6.282, "name": "statements_test", "age": 0, "failedSince": 0, "status": "PASSED", "testActions": [], "stdout": null, "className": "cql_tests.StorageProxyCQLTester", "stderr": null, "errorDetails": null, "skippedMessage": null}, {"skipped": false, "errorStackTrace": null, "duration": 6.297, "name": "drop_column_compact_test", "age": 0, "failedSince": 0, "status": "PASSED", "testActions": [], "stdout": null, "className": "schema_test.TestSchema", "stderr": null, "errorDetails": null, "skippedMessage": null}, {"skipped": false, "errorStackTrace": null, "duration": 5.994, "name": "static_column_test", "age": 0, "failedSince": 0, "status": "PASSED", "testActions": [], "stdout": null, "className": "schema_metadata_test.TestSchemaMetadata", "stderr": null, "errorDetails": null, "skippedMessage": null}, {"skipped": false, "errorStackTrace": null, "duration": 6.28, "name": "drop_counter_column_test", "age": 0, "failedSince": 0, "status": "PASSED", "testActions": [], "stdout": null, "className": "counter_tests.TestCounters", "stderr": null, "errorDetails": null, "skippedMessage": null}, {"skipped": false, "errorStackTrace": null, "duration": 6.953, "name": "aggregate_udf_test", "age": 0, "failedSince": 0, "status": "PASSED", "testActions": [], "stdout": null, "className": "user_functions_test.TestUserFunctions", "stderr": null, "errorDetails": null, "skippedMessage": null}, {"skipped": false, "errorStackTrace": null, "duration": 5.977, "name": "aggregate_with_udt_keyspace_isolation_test", "age": 0, "failedSince": 0, "status": "PASSED", "testActions": [], "stdout": null, "className": "user_functions_test.TestUserFunctions", "stderr": null, "errorDetails": null, "skippedMessage": null}, {"skipped": false, "errorStackTrace": null, "duration": 6.174, "name": "default_aggregate_test", "age": 0, "failedSince": 0, "status": "PASSED", "testActions": [], "stdout": null, "className": "user_functions_test.TestUserFunctions", "stderr": null, "errorDetails": null, "skippedMessage": null}, {"skipped": false, "errorStackTrace": null, "duration": 32.57, "name": "test_migration", "age": 0, "failedSince": 0, "status": "PASSED", "testActions": [], "stdout": null, "className": "user_functions_test.TestUserFunctions", "stderr": null, "errorDetails": null, "skippedMessage": null}, {"skipped": false, "errorStackTrace": null, "duration": 31.832, "name": "udf_overload_test", "age": 0, "failedSince": 0, "status": "PASSED", "testActions": [], "stdout": null, "className": "user_functions_test.TestUserFunctions", "stderr": null, "errorDetails": null, "skippedMessage": null}, {"skipped": false, "errorStackTrace": null, "duration": 6.486, "name": "udf_scripting_test", "age": 0, "failedSince": 0, "status": "PASSED", "testActions": [], "stdout": null, "className": "user_functions_test.TestUserFunctions", "stderr": null, "errorDetails": null, "skippedMessage": null}, {"skipped": false, "errorStackTrace": null, "duration": 6.065, "name": "udf_with_udt_keyspace_isolation_test", "age": 0, "failedSince": 0, "status": "PASSED", "testActions": [], "stdout": null, "className": "user_functions_test.TestUserFunctions", "stderr": null, "errorDetails": null, "skippedMessage": null}, {"skipped": false, "errorStackTrace": null, "duration": 6.646, "name": "udf_with_udt_test", "age": 0, "failedSince": 0, "status": "PASSED", "testActions": [], "stdout": null, "className": "user_functions_test.TestUserFunctions", "stderr": null, "errorDetails": null, "skippedMessage": null}, {"skipped": true, "errorStackTrace": null, "duration": 0.053, "name": "in_with_desc_order_test", "age": 53, "failedSince": 273, "status": "SKIPPED", "testActions": [], "stdout": null, "className": "upgrade_tests.cql_tests.TestCQL", "stderr": null, "errorDetails": null, "skippedMessage": "2.2.3 < 3.0"}, {"skipped": true, "errorStackTrace": null, "duration": 0.1, "name": "column_name_validation_test", "age": 1, "failedSince": 325, "status": "SKIPPED", "testActions": [], "stdout": null, "className": "upgrade_tests.cql_tests.TestCQL", "stderr": null, "errorDetails": null, "skippedMessage": "2.2.3 < 3.0"}, {"skipped": true, "errorStackTrace": null, "duration": 0.1, "name": "cas_simple_test", "age": 49, "failedSince": 277, "status": "SKIPPED", "testActions": [], "stdout": null, "className": "upgrade_tests.cql_tests.TestCQL", "stderr": null, "errorDetails": null, "skippedMessage": "2.2.3 < 3.0"}, {"skipped": true, "errorStackTrace": null, "duration": 0.099, "name": "bug_6327_test", "age": 1, "failedSince": 325, "status": "SKIPPED", "testActions": [], "stdout": null, "className": "upgrade_tests.cql_tests.TestCQL", "stderr": null, "errorDetails": null, "skippedMessage": "2.2.3 < 3.0"}, {"skipped": true, "errorStackTrace": null, "duration": 0.099, "name": "more_order_by_test", "age": 1, "failedSince": 325, "status": "SKIPPED", "testActions": [], "stdout": null, "className": "upgrade_tests.cql_tests.TestCQL", "stderr": null, "errorDetails": null, "skippedMessage": "2.2.3 < 3.0"}, {"skipped": true, "errorStackTrace": null, "duration": 0.099, "name": "nan_infinity_test", "age": 8, "failedSince": 318, "status": "SKIPPED", "testActions": [], "stdout": null, "className": "upgrade_tests.cql_tests.TestCQL", "stderr": null, "errorDetails": null, "skippedMessage": "2.2.3 < 3.0"}, {"skipped": true, "errorStackTrace": null, "duration": 0.099, "name": "order_by_test", "age": 1, "failedSince": 325, "status": "SKIPPED", "testActions": [], "stdout": null, "className": "upgrade_tests.cql_tests.TestCQL", "stderr": null, "errorDetails": null, "skippedMessage": "2.2.3 < 3.0"}, {"skipped": true, "errorStackTrace": null, "duration": 0.099, "name": "empty_in_test", "age": 1, "failedSince": 325, "status": "SKIPPED", "testActions": [], "stdout": null, "className": "upgrade_tests.cql_tests.TestCQL", "stderr": null, "errorDetails": null, "skippedMessage": "2.2.3 < 3.0"}, {"skipped": true, "errorStackTrace": null, "duration": 0.099, "name": "date_test", "age": 1, "failedSince": 325, "status": "SKIPPED", "testActions": [], "stdout": null, "className": "upgrade_tests.cql_tests.TestCQL", "stderr": null, "errorDetails": null, "skippedMessage": "2.2.3 < 3.0"}, {"skipped": true, "errorStackTrace": null, "duration": 0.099, "name": "reversed_comparator_test", "age": 49, "failedSince": 277, "status": "SKIPPED", "testActions": [], "stdout": null, "className": "upgrade_tests.cql_tests.TestCQL", "stderr": null, "errorDetails": null, "skippedMessage": "2.2.3 < 3.0"}, {"skipped": true, "errorStackTrace": null, "duration": 0.099, "name": "blobAs_functions_test", "age": 49, "failedSince": 277, "status": "SKIPPED", "testActions": [], "stdout": null, "className": "upgrade_tests.cql_tests.TestCQL", "stderr": null, "errorDetails": null, "skippedMessage": "2.2.3 < 3.0"}, {"skipped": true, "errorStackTrace": null, "duration": 0.1, "name": "multi_list_set_test", "age": 49, "failedSince": 277, "status": "SKIPPED", "testActions": [], "stdout": null, "className": "upgrade_tests.cql_tests.TestCQL", "stderr": null, "errorDetails": null, "skippedMessage": "2.2.3 < 3.0"}, {"skipped": true, "errorStackTrace": null, "duration": 0.099, "name": "timeuuid_test", "age": 49, "failedSince": 277, "status": "SKIPPED", "testActions": [], "stdout": null, "className": "upgrade_tests.cql_tests.TestCQL", "stderr": null, "errorDetails": null, "skippedMessage": "2.2.3 < 3.0"}, {"skipped": true, "errorStackTrace": null, "duration": 0.099, "name": "collection_indexing_test", "age": 8, "failedSince": 318, "status": "SKIPPED", "testActions": [], "stdout": null, "className": "upgrade_tests.cql_tests.TestCQL", "stderr": null, "errorDetails": null, "skippedMessage": "2.2.3 < 3.0"}, {"skipped": true, "errorStackTrace": null, "duration": 0.099, "name": "count_test", "age": 8, "failedSince": 318, "status": "SKIPPED", "testActions": [], "stdout": null, "className": "upgrade_tests.cql_tests.TestCQL", "stderr": null, "errorDetails": null, "skippedMessage": "2.2.3 < 3.0"}, {"skipped": true, "errorStackTrace": null, "duration": 0.052, "name": "test_undefined_page_size_default", "age": 1, "failedSince": 325, "status": "SKIPPED", "testActions": [], "stdout": null, "className": "upgrade_tests.paging_test.TestPagingSize", "stderr": null, "errorDetails": null, "skippedMessage": "2.2.3 < 3.0"}, {"skipped": true, "errorStackTrace": null, "duration": 0.1, "name": "test_with_more_results_than_page_size", "age": 8, "failedSince": 318, "status": "SKIPPED", "testActions": [], "stdout": null, "className": "upgrade_tests.paging_test.TestPagingSize", "stderr": null, "errorDetails": null, "skippedMessage": "2.2.3 < 3.0"}, {"skipped": true, "errorStackTrace": null, "duration": 0.1, "name": "test_with_less_results_than_page_size", "age": 1, "failedSince": 325, "status": "SKIPPED", "testActions": [], "stdout": null, "className": "upgrade_tests.paging_test.TestPagingSize", "stderr": null, "errorDetails": null, "skippedMessage": "2.2.3 < 3.0"}, {"skipped": true, "errorStackTrace": null, "duration": 0.051, "name": "basic_paging_test", "age": 49, "failedSince": 277, "status": "SKIPPED", "testActions": [], "stdout": null, "className": "upgrade_tests.paging_test.TestPagingData", "stderr": null, "errorDetails": null, "skippedMessage": "2.2.3 < 3.0"}, {"skipped": true, "errorStackTrace": null, "duration": 0.101, "name": "basic_compound_paging_test", "age": 8, "failedSince": 318, "status": "SKIPPED", "testActions": [], "stdout": null, "className": "upgrade_tests.paging_test.TestPagingData", "stderr": null, "errorDetails": null, "skippedMessage": "2.2.3 < 3.0"}, {"skipped": true, "errorStackTrace": null, "duration": 0.051, "name": "test_with_limit", "age": 8, "failedSince": 318, "status": "SKIPPED", "testActions": [], "stdout": null, "className": "upgrade_tests.paging_test.TestPagingWithModifiers", "stderr": null, "errorDetails": null, "skippedMessage": "2.2.3 < 3.0"}, {"skipped": true, "errorStackTrace": null, "duration": 0.051, "name": "test_data_change_impacting_earlier_page", "age": 8, "failedSince": 318, "status": "SKIPPED", "testActions": [], "stdout": null, "className": "upgrade_tests.paging_test.TestPagingDatasetChanges", "stderr": null, "errorDetails": null, "skippedMessage": "2.2.3 < 3.0"}, {"skipped": true, "errorStackTrace": null, "duration": 0.1, "name": "test_data_change_impacting_later_page", "age": 8, "failedSince": 318, "status": "SKIPPED", "testActions": [], "stdout": null, "className": "upgrade_tests.paging_test.TestPagingDatasetChanges", "stderr": null, "errorDetails": null, "skippedMessage": "2.2.3 < 3.0"}, {"skipped": true, "errorStackTrace": null, "duration": 0.051, "name": "test_failure_threshold_deletions", "age": 1, "failedSince": 325, "status": "SKIPPED", "testActions": [], "stdout": null, "className": "upgrade_tests.paging_test.TestPagingWithDeletions", "stderr": null, "errorDetails": null, "skippedMessage": "2.2.3 < 3.0"}, {"skipped": true, "errorStackTrace": null, "duration": 0.051, "name": "create_test", "age": 85, "failedSince": 241, "status": "SKIPPED", "testActions": [], "stdout": null, "className": "materialized_views_test.TestMaterializedViews", "stderr": null, "errorDetails": null, "skippedMessage": "2.2.3 < 3.0"}, {"skipped": true, "errorStackTrace": null, "duration": 0.099, "name": "crc_check_chance_test", "age": 22, "failedSince": 304, "status": "SKIPPED", "testActions": [], "stdout": null, "className": "materialized_views_test.TestMaterializedViews", "stderr": null, "errorDetails": null, "skippedMessage": "2.2.3 < 3.0"}, {"skipped": true, "errorStackTrace": null, "duration": 0.1, "name": "add_node_after_mv_test", "age": 79, "failedSince": 247, "status": "SKIPPED", "testActions": [], "stdout": null, "className": "materialized_views_test.TestMaterializedViews", "stderr": null, "errorDetails": null, "skippedMessage": "2.2.3 < 3.0"}, {"skipped": true, "errorStackTrace": null, "duration": 0.099, "name": "really_complex_repair_test", "age": 79, "failedSince": 247, "status": "SKIPPED", "testActions": [], "stdout": null, "className": "materialized_views_test.TestMaterializedViews", "stderr": null, "errorDetails": null, "skippedMessage": "2.2.3 < 3.0"}, {"skipped": true, "errorStackTrace": null, "duration": 0.099, "name": "lwt_test", "age": 1, "failedSince": 325, "status": "SKIPPED", "testActions": [], "stdout": null, "className": "materialized_views_test.TestMaterializedViews", "stderr": null, "errorDetails": null, "skippedMessage": "2.2.3 < 3.0"}, {"skipped": true, "errorStackTrace": null, "duration": 0.099, "name": "immutable_test", "age": 8, "failedSince": 318, "status": "SKIPPED", "testActions": [], "stdout": null, "className": "materialized_views_test.TestMaterializedViews", "stderr": null, "errorDetails": null, "skippedMessage": "2.2.3 < 3.0"}, {"skipped": true, "errorStackTrace": null, "duration": 0.101, "name": "complex_repair_test", "age": 1, "failedSince": 325, "status": "SKIPPED", "testActions": [], "stdout": null, "className": "materialized_views_test.TestMaterializedViews", "stderr": null, "errorDetails": null, "skippedMessage": "2.2.3 < 3.0"}, {"skipped": true, "errorStackTrace": null, "duration": 0.052, "name": "bug_6050_test", "age": 49, "failedSince": 277, "status": "SKIPPED", "testActions": [], "stdout": null, "className": "deprecated_cql_tests.TestCQL", "stderr": null, "errorDetails": null, "skippedMessage": "2.2.3 > 2.0.x"}, {"skipped": true, "errorStackTrace": null, "duration": 0.1, "name": "downgrade_to_compact_bug_test", "age": 60, "failedSince": 266, "status": "SKIPPED", "testActions": [], "stdout": null, "className": "deprecated_cql_tests.TestCQL", "stderr": null, "errorDetails": null, "skippedMessage": "2.2.3 > 2.0.x"}, {"skipped": true, "errorStackTrace": null, "duration": 0.1, "name": "bug_8558_test", "age": 1, "failedSince": 325, "status": "SKIPPED", "testActions": [], "stdout": null, "className": "deprecated_cql_tests.TestCQL", "stderr": null, "errorDetails": null, "skippedMessage": "2.2.3 > 2.0.x"}, {"skipped": true, "errorStackTrace": null, "duration": 0.099, "name": "list_item_conditional_test", "age": 50, "failedSince": 276, "status": "SKIPPED", "testActions": [], "stdout": null, "className": "deprecated_cql_tests.TestCQL", "stderr": null, "errorDetails": null, "skippedMessage": "2.2.3 > 2.0.x"}, {"skipped": true, "errorStackTrace": null, "duration": 0.099, "name": "undefined_column_handling_test", "age": 24, "failedSince": 302, "status": "SKIPPED", "testActions": [], "stdout": null, "className": "deprecated_cql_tests.TestCQL", "stderr": null, "errorDetails": null, "skippedMessage": "2.2.3 > 2.0.x"}, {"skipped": true, "errorStackTrace": null, "duration": 0.099, "name": "indexes_composite_test", "age": 49, "failedSince": 277, "status": "SKIPPED", "testActions": [], "stdout": null, "className": "deprecated_cql_tests.TestCQL", "stderr": null, "errorDetails": null, "skippedMessage": "2.2.3 > 2.0.x"}, {"skipped": true, "errorStackTrace": null, "duration": 0.099, "name": "static_columns_cas_test", "age": 50, "failedSince": 276, "status": "SKIPPED", "testActions": [], "stdout": null, "className": "deprecated_cql_tests.TestCQL", "stderr": null, "errorDetails": null, "skippedMessage": "2.2.3 > 2.0.x"}, {"skipped": true, "errorStackTrace": null, "duration": 0.099, "name": "select_key_in_test", "age": 50, "failedSince": 276, "status": "SKIPPED", "testActions": [], "stdout": null, "className": "deprecated_cql_tests.TestCQL", "stderr": null, "errorDetails": null, "skippedMessage": "2.2.3 > 2.0.x"}, {"skipped": true, "errorStackTrace": null, "duration": 0.099, "name": "bug_6327_test", "age": 1, "failedSince": 325, "status": "SKIPPED", "testActions": [], "stdout": null, "className": "deprecated_cql_tests.TestCQL", "stderr": null, "errorDetails": null, "skippedMessage": "2.2.3 > 2.0.x"}, {"skipped": true, "errorStackTrace": null, "duration": 0.099, "name": "set_test", "age": 1, "failedSince": 325, "status": "SKIPPED", "testActions": [], "stdout": null, "className": "deprecated_cql_tests.TestCQL", "stderr": null, "errorDetails": null, "skippedMessage": "2.2.3 > 2.0.x"}, {"skipped": true, "errorStackTrace": null, "duration": 0.099, "name": "clustering_order_in_test", "age": 49, "failedSince": 277, "status": "SKIPPED", "testActions": [], "stdout": null, "className": "deprecated_cql_tests.TestCQL", "stderr": null, "errorDetails": null, "skippedMessage": "2.2.3 > 2.0.x"}, {"skipped": true, "errorStackTrace": null, "duration": 0.099, "name": "select_count_paging_test", "age": 1, "failedSince": 325, "status": "SKIPPED", "testActions": [], "stdout": null, "className": "deprecated_cql_tests.TestCQL", "stderr": null, "errorDetails": null, "skippedMessage": "2.2.3 > 2.0.x"}, {"skipped": true, "errorStackTrace": null, "duration": 0.099, "name": "composite_index_collections_test", "age": 49, "failedSince": 277, "status": "SKIPPED", "testActions": [], "stdout": null, "className": "deprecated_cql_tests.TestCQL", "stderr": null, "errorDetails": null, "skippedMessage": "2.2.3 > 2.0.x"}, {"skipped": true, "errorStackTrace": null, "duration": 0.098, "name": "in_with_desc_order_test", "age": 53, "failedSince": 273, "status": "SKIPPED", "testActions": [], "stdout": null, "className": "deprecated_cql_tests.TestCQL", "stderr": null, "errorDetails": null, "skippedMessage": "2.2.3 > 2.0.x"}, {"skipped": true, "errorStackTrace": null, "duration": 0.099, "name": "empty_in_test", "age": 1, "failedSince": 325, "status": "SKIPPED", "testActions": [], "stdout": null, "className": "deprecated_cql_tests.TestCQL", "stderr": null, "errorDetails": null, "skippedMessage": "2.2.3 > 2.0.x"}, {"skipped": true, "errorStackTrace": null, "duration": 0.099, "name": "multiordering_validation_test", "age": 8, "failedSince": 318, "status": "SKIPPED", "testActions": [], "stdout": null, "className": "deprecated_cql_tests.TestCQL", "stderr": null, "errorDetails": null, "skippedMessage": "2.2.3 > 2.0.x"}, {"skipped": true, "errorStackTrace": null, "duration": 0.1, "name": "static_with_limit_test", "age": 8, "failedSince": 318, "status": "SKIPPED", "testActions": [], "stdout": null, "className": "deprecated_cql_tests.TestCQL", "stderr": null, "errorDetails": null, "skippedMessage": "2.2.3 > 2.0.x"}, {"skipped": true, "errorStackTrace": null, "duration": 0.099, "name": "remove_range_slice_test", "age": 51, "failedSince": 275, "status": "SKIPPED", "testActions": [], "stdout": null, "className": "deprecated_cql_tests.TestCQL", "stderr": null, "errorDetails": null, "skippedMessage": "2.2.3 > 2.0.x"}, {"skipped": true, "errorStackTrace": null, "duration": 0.051, "name": "nodetool_test", "age": 1, "failedSince": 325, "status": "SKIPPED", "testActions": [], "stdout": null, "className": "hintedhandoff_test.TestHintedHandoffConfig", "stderr": null, "errorDetails": null, "skippedMessage": "2.2.3 < 3.0"}, {"skipped": true, "errorStackTrace": null, "duration": 0.051, "name": "contention_test_multi_iterations", "age": 1, "failedSince": 325, "status": "SKIPPED", "testActions": [], "stdout": null, "className": "paxos_tests.TestPaxos", "stderr": null, "errorDetails": null, "skippedMessage": "Hanging the build"}, {"skipped": true, "errorStackTrace": null, "duration": 0.051, "name": "test_rf_collapse_yaml_file_snitch", "age": 1, "failedSince": 325, "status": "SKIPPED", "testActions": [], "stdout": null, "className": "replication_test.SnitchConfigurationUpdateTest", "stderr": null, "errorDetails": null, "skippedMessage": "2.2.3 > 2.1.x"}, {"skipped": false, "errorStackTrace": null, "duration": 269.647, "name": "create_lots_of_schema_churn_test", "age": 0, "failedSince": 0, "status": "PASSED", "testActions": [], "stdout": null, "className": "concurrent_schema_changes_test.TestConcurrentSchemaChanges", "stderr": null, "errorDetails": null, "skippedMessage": null}, {"skipped": false, "errorStackTrace": "  File \"/usr/lib/python2.7/unittest/case.py\", line 329, in run\n    testMethod()\n  File \"/home/automaton/cassandra-dtest/concurrent_schema_changes_test.py\", line 475, in decommission_node_test\n    self.validate_schema_consistent(node1)\n  File \"/home/automaton/cassandra-dtest/concurrent_schema_changes_test.py\", line 127, in validate_schema_consistent\n    assert num_schemas == 1, \"There were multiple schema versions: \" + pprint.pformat(schemas)\n\"There were multiple schema versions: 'f71571ce-52c0-3b22-b853-f6e374cc7010: [127.0.0.1]\\\\n\\\\n\\\\t\\\\tUNREACHABLE: [127.0.0.2]'\\n-------------------- >> begin captured logging << --------------------\\ndtest: DEBUG: cluster ccm directory: /mnt/tmp/dtest-S9jFHT\\ndtest: DEBUG: decommission_node_test()\\ndtest: DEBUG: prepare_for_changes() ns1\\ndtest: DEBUG: validate_schema_consistent() node1\\n--------------------- >> end captured logging << ---------------------\"", "duration": 152.722, "name": "decommission_node_test", "age": 1, "failedSince": 325, "status": "FAILED", "testActions": [], "stdout": null, "className": "concurrent_schema_changes_test.TestConcurrentSchemaChanges", "stderr": null, "errorDetails": "There were multiple schema versions: 'f71571ce-52c0-3b22-b853-f6e374cc7010: [127.0.0.1]\\n\\n\\t\\tUNREACHABLE: [127.0.0.2]'\n-------------------- >> begin captured logging << --------------------\ndtest: DEBUG: cluster ccm directory: /mnt/tmp/dtest-S9jFHT\ndtest: DEBUG: decommission_node_test()\ndtest: DEBUG: prepare_for_changes() ns1\ndtest: DEBUG: validate_schema_consistent() node1\n--------------------- >> end captured logging << ---------------------", "skippedMessage": null}, {"skipped": false, "errorStackTrace": null, "duration": 132.177, "name": "empty_vs_gcable_sequential_repair_test", "age": 0, "failedSince": 0, "status": "PASSED", "testActions": [], "stdout": null, "className": "repair_test.TestRepair", "stderr": null, "errorDetails": null, "skippedMessage": null}, {"skipped": false, "errorStackTrace": null, "duration": 84.125, "name": "readrepair_test", "age": 0, "failedSince": 0, "status": "PASSED", "testActions": [], "stdout": null, "className": "consistency_test.TestConsistency", "stderr": null, "errorDetails": null, "skippedMessage": null}, {"skipped": false, "errorStackTrace": null, "duration": 73.396, "name": "sstableloader_compression_deflate_to_snappy_test", "age": 0, "failedSince": 0, "status": "PASSED", "testActions": [], "stdout": null, "className": "sstable_generation_loading_test.TestSSTableGenerationAndLoading", "stderr": null, "errorDetails": null, "skippedMessage": null}, {"skipped": false, "errorStackTrace": null, "duration": 78.405, "name": "test_map_indexes", "age": 0, "failedSince": 0, "status": "PASSED", "testActions": [], "stdout": null, "className": "secondary_indexes_test.TestSecondaryIndexesOnCollections", "stderr": null, "errorDetails": null, "skippedMessage": null}, {"skipped": false, "errorStackTrace": null, "duration": 70.173, "name": "sstable_deletion_test", "age": 0, "failedSince": 0, "status": "PASSED", "testActions": [], "stdout": null, "className": "compaction_test.TestCompaction_with_DateTieredCompactionStrategy", "stderr": null, "errorDetails": null, "skippedMessage": null}, {"skipped": false, "errorStackTrace": null, "duration": 15.864, "name": "compaction_delete_test", "age": 0, "failedSince": 0, "status": "PASSED", "testActions": [], "stdout": "running\n['/mnt/tmp/dtest-9wx2Rw/test/node1/data/ks/cf-c072a730710611e58e5d3fa9319a38db/la-2-big-Data.db', '/mnt/tmp/dtest-9wx2Rw/test/node1/data/ks/cf-c072a730710611e58e5d3fa9319a38db/la-1-big-Data.db']\n-- la-2-big-Data.db -----\n\n-- la-1-big-Data.db -----\n\n", "className": "compaction_test.TestCompaction_with_DateTieredCompactionStrategy", "stderr": null, "errorDetails": null, "skippedMessage": null}, {"skipped": false, "errorStackTrace": null, "duration": 60.279, "name": "data_size_test", "age": 0, "failedSince": 0, "status": "PASSED", "testActions": [], "stdout": null, "className": "compaction_test.TestCompaction_with_LeveledCompactionStrategy", "stderr": null, "errorDetails": null, "skippedMessage": null}, {"skipped": true, "errorStackTrace": null, "duration": 0.054, "name": "dtcs_deletion_test", "age": 1, "failedSince": 325, "status": "SKIPPED", "testActions": [], "stdout": null, "className": "compaction_test.TestCompaction_with_LeveledCompactionStrategy", "stderr": null, "errorDetails": null, "skippedMessage": "Not implemented unless DateTieredCompactionStrategy is used"}, {"skipped": false, "errorStackTrace": null, "duration": 27.143, "name": "disable_autocompaction_alter_and_nodetool_test", "age": 0, "failedSince": 0, "status": "PASSED", "testActions": [], "stdout": null, "className": "compaction_test.TestCompaction_with_SizeTieredCompactionStrategy", "stderr": null, "errorDetails": null, "skippedMessage": null}, {"skipped": true, "errorStackTrace": null, "duration": 0.054, "name": "dtcs_deletion_test", "age": 1, "failedSince": 325, "status": "SKIPPED", "testActions": [], "stdout": null, "className": "compaction_test.TestCompaction_with_SizeTieredCompactionStrategy", "stderr": null, "errorDetails": null, "skippedMessage": "Not implemented unless DateTieredCompactionStrategy is used"}, {"skipped": false, "errorStackTrace": null, "duration": 55.088, "name": "test_batch", "age": 0, "failedSince": 0, "status": "PASSED", "testActions": [], "stdout": null, "className": "write_failures_test.TestWriteFailures", "stderr": null, "errorDetails": null, "skippedMessage": null}, {"skipped": false, "errorStackTrace": null, "duration": 41.444, "name": "test_cell_TTL_expiry_during_paging", "age": 0, "failedSince": 0, "status": "PASSED", "testActions": [], "stdout": null, "className": "paging_test.TestPagingDatasetChanges", "stderr": null, "errorDetails": null, "skippedMessage": null}, {"skipped": false, "errorStackTrace": null, "duration": 38.405, "name": "test_row_TTL_expiry_during_paging", "age": 0, "failedSince": 0, "status": "PASSED", "testActions": [], "stdout": null, "className": "paging_test.TestPagingDatasetChanges", "stderr": null, "errorDetails": null, "skippedMessage": null}, {"skipped": false, "errorStackTrace": null, "duration": 20.727, "name": "test_with_less_results_than_page_size", "age": 0, "failedSince": 0, "status": "PASSED", "testActions": [], "stdout": null, "className": "paging_test.TestPagingSize", "stderr": null, "errorDetails": null, "skippedMessage": null}, {"skipped": false, "errorStackTrace": null, "duration": 21.161, "name": "test_with_more_results_than_page_size", "age": 0, "failedSince": 0, "status": "FIXED", "testActions": [], "stdout": null, "className": "paging_test.TestPagingSize", "stderr": null, "errorDetails": null, "skippedMessage": null}, {"skipped": false, "errorStackTrace": null, "duration": 30.617, "name": "test_nested_user_types", "age": 0, "failedSince": 0, "status": "PASSED", "testActions": [], "stdout": null, "className": "user_types_test.TestUserTypes", "stderr": null, "errorDetails": null, "skippedMessage": null}, {"skipped": false, "errorStackTrace": null, "duration": 27.621, "name": "test_type_secondary_indexing", "age": 0, "failedSince": 0, "status": "PASSED", "testActions": [], "stdout": null, "className": "user_types_test.TestUserTypes", "stderr": null, "errorDetails": null, "skippedMessage": null}, {"skipped": false, "errorStackTrace": null, "duration": 25.208, "name": "putget_2dc_rf1_test", "age": 0, "failedSince": 0, "status": "PASSED", "testActions": [], "stdout": null, "className": "multidc_putget_test.TestMultiDCPutGet", "stderr": null, "errorDetails": null, "skippedMessage": null}, {"skipped": false, "errorStackTrace": null, "duration": 16.709, "name": "grant_revoke_auth_test", "age": 0, "failedSince": 0, "status": "PASSED", "testActions": [], "stdout": null, "className": "auth_test.TestAuth", "stderr": null, "errorDetails": null, "skippedMessage": null}, {"skipped": true, "errorStackTrace": null, "duration": 0.053, "name": "only_superusers_can_drop_users_test", "age": 85, "failedSince": 241, "status": "SKIPPED", "testActions": [], "stdout": null, "className": "auth_test.TestAuth", "stderr": null, "errorDetails": null, "skippedMessage": "2.2.3 > 2.1.x"}, {"skipped": false, "errorStackTrace": null, "duration": 17.695, "name": "test_login_authenticates_correct_user", "age": 0, "failedSince": 0, "status": "PASSED", "testActions": [], "stdout": "(EE)  <stdin>:3:Unauthorized: code=2100 [Unauthorized] message=\"Only superusers can create a role with superuser status\"(EE)  ", "className": "cqlsh_tests.cqlsh_tests.CqlLoginTest", "stderr": null, "errorDetails": null, "skippedMessage": null}, {"skipped": false, "errorStackTrace": null, "duration": 6.713, "name": "test_describe_describes_non_default_compaction_parameters", "age": 0, "failedSince": 0, "status": "PASSED", "testActions": [], "stdout": null, "className": "cqlsh_tests.cqlsh_tests.TestCqlsh", "stderr": null, "errorDetails": null, "skippedMessage": null}, {"skipped": false, "errorStackTrace": "  File \"/usr/lib/python2.7/unittest/case.py\", line 329, in run\n    testMethod()\n  File \"/home/automaton/cassandra-dtest/tools.py\", line 253, in wrapped\n    f(obj)\n  File \"/home/automaton/cassandra-dtest/cqlsh_tests/cqlsh_tests.py\", line 68, in test_pep8_compliance\n    self.assertEqual(len(stdout), 0, stdout)\n  File \"/usr/lib/python2.7/unittest/case.py\", line 513, in assertEqual\n    assertion_func(first, second, msg=msg)\n  File \"/usr/lib/python2.7/unittest/case.py\", line 506, in _baseAssertEqual\n    raise self.failureException(msg)\n\"/home/automaton/cassandra/bin/cqlsh.py:2493:1: E302 expected 2 blank lines, found 1\\n/home/automaton/cassandra/bin/cqlsh.py:2495:1: W293 blank line contains whitespace\\n/home/automaton/cassandra/bin/cqlsh.py:2506:1: W293 blank line contains whitespace\\n/home/automaton/cassandra/bin/cqlsh.py:2517:1: E302 expected 2 blank lines, found 1\\n\\n-------------------- >> begin captured logging << --------------------\\ndtest: DEBUG: cluster ccm directory: /mnt/tmp/dtest-2bJcBh\\ndtest: DEBUG: ['pep8', '--ignore', 'E501,E402,E731', '/home/automaton/cassandra/bin/cqlsh.py', '/home/automaton/cassandra/pylib/cqlshlib/helptopics.py', '/home/automaton/cassandra/pylib/cqlshlib/cqlhandling.py', '/home/automaton/cassandra/pylib/cqlshlib/wcwidth.py', '/home/automaton/cassandra/pylib/cqlshlib/displaying.py', '/home/automaton/cassandra/pylib/cqlshlib/pylexotron.py', '/home/automaton/cassandra/pylib/cqlshlib/cql3handling.py', '/home/automaton/cassandra/pylib/cqlshlib/saferscanner.py', '/home/automaton/cassandra/pylib/cqlshlib/__init__.py', '/home/automaton/cassandra/pylib/cqlshlib/tracing.py', '/home/automaton/cassandra/pylib/cqlshlib/formatting.py', '/home/automaton/cassandra/pylib/cqlshlib/sslhandling.py', '/home/automaton/cassandra/pylib/cqlshlib/util.py']\\n--------------------- >> end captured logging << ---------------------\"", "duration": 0.791, "name": "test_pep8_compliance", "age": 20, "failedSince": 306, "status": "FAILED", "testActions": [], "stdout": null, "className": "cqlsh_tests.cqlsh_tests.TestCqlsh", "stderr": null, "errorDetails": "/home/automaton/cassandra/bin/cqlsh.py:2493:1: E302 expected 2 blank lines, found 1\n/home/automaton/cassandra/bin/cqlsh.py:2495:1: W293 blank line contains whitespace\n/home/automaton/cassandra/bin/cqlsh.py:2506:1: W293 blank line contains whitespace\n/home/automaton/cassandra/bin/cqlsh.py:2517:1: E302 expected 2 blank lines, found 1\n\n-------------------- >> begin captured logging << --------------------\ndtest: DEBUG: cluster ccm directory: /mnt/tmp/dtest-2bJcBh\ndtest: DEBUG: ['pep8', '--ignore', 'E501,E402,E731', '/home/automaton/cassandra/bin/cqlsh.py', '/home/automaton/cassandra/pylib/cqlshlib/helptopics.py', '/home/automaton/cassandra/pylib/cqlshlib/cqlhandling.py', '/home/automaton/cassandra/pylib/cqlshlib/wcwidth.py', '/home/automaton/cassandra/pylib/cqlshlib/displaying.py', '/home/automaton/cassandra/pylib/cqlshlib/pylexotron.py', '/home/automaton/cassandra/pylib/cqlshlib/cql3handling.py', '/home/automaton/cassandra/pylib/cqlshlib/saferscanner.py', '/home/automaton/cassandra/pylib/cqlshlib/__init__.py', '/home/automaton/cassandra/pylib/cqlshlib/tracing.py', '/home/automaton/cassandra/pylib/cqlshlib/formatting.py', '/home/automaton/cassandra/pylib/cqlshlib/sslhandling.py', '/home/automaton/cassandra/pylib/cqlshlib/util.py']\n--------------------- >> end captured logging << ---------------------", "skippedMessage": null}, {"skipped": false, "errorStackTrace": null, "duration": 6.779, "name": "test_writing_use_header", "age": 0, "failedSince": 0, "status": "PASSED", "testActions": [], "stdout": "(EE)  ", "className": "cqlsh_tests.cqlsh_copy_tests.CqlshCopyTest", "stderr": null, "errorDetails": null, "skippedMessage": null}, {"skipped": false, "errorStackTrace": "  File \"/usr/lib/python2.7/unittest/case.py\", line 329, in run\n    testMethod()\n  File \"/home/automaton/cassandra-dtest/cqlsh_tests/cqlsh_copy_tests.py\", line 548, in test_quoted_column_names_reading_dont_specify_names\n    self.quoted_column_names_reading_template(specify_column_names=False)\n  File \"/home/automaton/cassandra-dtest/cqlsh_tests/cqlsh_copy_tests.py\", line 532, in quoted_column_names_reading_template\n    self.assertCsvResultEqual(self.tempfile.name, results)\n  File \"/home/automaton/cassandra-dtest/cqlsh_tests/cqlsh_copy_tests.py\", line 167, in assertCsvResultEqual\n    raise e\n\"Element counts were not equal:\\nFirst has 1, Second has 0:  ['1', 'no']\\nFirst has 1, Second has 0:  ['2', 'Yes']\\nFirst has 1, Second has 0:  ['3', 'True']\\nFirst has 1, Second has 0:  ['4', 'false']\\n-------------------- >> begin captured logging << --------------------\\ndtest: DEBUG: cluster ccm directory: /mnt/tmp/dtest-27_9XK\\ndtest: WARNING: Different # of entries. CSV: 4 vs results: 0\\n--------------------- >> end captured logging << ---------------------\"", "duration": 6.968, "name": "test_quoted_column_names_reading_dont_specify_names", "age": 10, "failedSince": 316, "status": "FAILED", "testActions": [], "stdout": "(EE)  <stdin>:2:(EE)  'QueryMessage' object has no attribute 'to_binary'(EE)  <stdin>:2:Aborting import at record #3. Previously inserted records are still present, and some records after that may be present as well.(EE)  ", "className": "cqlsh_tests.cqlsh_copy_tests.CqlshCopyTest", "stderr": null, "errorDetails": "Element counts were not equal:\nFirst has 1, Second has 0:  ['1', 'no']\nFirst has 1, Second has 0:  ['2', 'Yes']\nFirst has 1, Second has 0:  ['3', 'True']\nFirst has 1, Second has 0:  ['4', 'false']\n-------------------- >> begin captured logging << --------------------\ndtest: DEBUG: cluster ccm directory: /mnt/tmp/dtest-27_9XK\ndtest: WARNING: Different # of entries. CSV: 4 vs results: 0\n--------------------- >> end captured logging << ---------------------", "skippedMessage": null}, {"skipped": false, "errorStackTrace": null, "duration": 6.853, "name": "test_colons_in_string_literals", "age": 0, "failedSince": 0, "status": "PASSED", "testActions": [], "stdout": "(EE)  ", "className": "cqlsh_tests.cqlsh_tests.CqlshSmokeTest", "stderr": null, "errorDetails": null, "skippedMessage": null}, {"skipped": false, "errorStackTrace": null, "duration": 6.961, "name": "test_truncate", "age": 0, "failedSince": 0, "status": "PASSED", "testActions": [], "stdout": "(EE)  ", "className": "cqlsh_tests.cqlsh_tests.CqlshSmokeTest", "stderr": null, "errorDetails": null, "skippedMessage": null}, {"skipped": false, "errorStackTrace": null, "duration": 14.233, "name": "test_scrub_collections_table", "age": 0, "failedSince": 0, "status": "PASSED", "testActions": [], "stdout": null, "className": "scrub_test.TestScrubIndexes", "stderr": null, "errorDetails": null, "skippedMessage": null}, {"skipped": false, "errorStackTrace": null, "duration": 9.375, "name": "test_scrub_with_UDT", "age": 0, "failedSince": 0, "status": "PASSED", "testActions": [], "stdout": null, "className": "scrub_test.TestScrub", "stderr": null, "errorDetails": null, "skippedMessage": null}, {"skipped": false, "errorStackTrace": null, "duration": 8.159, "name": "test_system_cf_recreate", "age": 0, "failedSince": 0, "status": "PASSED", "testActions": [], "stdout": null, "className": "thrift_tests.TestMutations", "stderr": null, "errorDetails": null, "skippedMessage": null}, {"skipped": false, "errorStackTrace": null, "duration": 6.709, "name": "test_super_subcolumn_limit", "age": 0, "failedSince": 0, "status": "PASSED", "testActions": [], "stdout": null, "className": "thrift_tests.TestMutations", "stderr": null, "errorDetails": null, "skippedMessage": null}, {"skipped": true, "errorStackTrace": null, "duration": 6.44, "name": "test_batch_mutate_remove_slice_part_of_supercolumns", "age": 85, "failedSince": 241, "status": "SKIPPED", "testActions": [], "stdout": null, "className": "thrift_tests.TestMutations", "stderr": null, "errorDetails": null, "skippedMessage": "2.2.3 > 2.2"}, {"skipped": false, "errorStackTrace": null, "duration": 6.852, "name": "test_describe_snitch", "age": 0, "failedSince": 0, "status": "PASSED", "testActions": [], "stdout": null, "className": "thrift_tests.TestMutations", "stderr": null, "errorDetails": null, "skippedMessage": null}, {"skipped": false, "errorStackTrace": null, "duration": 7.927, "name": "default_ttl_can_be_removed_test", "age": 0, "failedSince": 0, "status": "PASSED", "testActions": [], "stdout": null, "className": "ttl_test.TestTTL", "stderr": null, "errorDetails": null, "skippedMessage": null}, {"skipped": false, "errorStackTrace": null, "duration": 47.313, "name": "begin_test", "age": 0, "failedSince": 0, "status": "PASSED", "testActions": [], "stdout": null, "className": "jmxmetrics_test.TestJMXMetrics", "stderr": null, "errorDetails": null, "skippedMessage": null}, {"skipped": false, "errorStackTrace": null, "duration": 6.266, "name": "collection_table_datatype_test", "age": 0, "failedSince": 0, "status": "PASSED", "testActions": [], "stdout": null, "className": "schema_metadata_test.TestSchemaMetadata", "stderr": null, "errorDetails": null, "skippedMessage": null}, {"skipped": false, "errorStackTrace": null, "duration": 6.591, "name": "creating_and_dropping_table_test", "age": 0, "failedSince": 0, "status": "PASSED", "testActions": [], "stdout": null, "className": "schema_metadata_test.TestSchemaMetadata", "stderr": null, "errorDetails": null, "skippedMessage": null}, {"skipped": false, "errorStackTrace": null, "duration": 6.308, "name": "keyspace_test", "age": 0, "failedSince": 0, "status": "PASSED", "testActions": [], "stdout": null, "className": "cql_tests.StorageProxyCQLTester", "stderr": null, "errorDetails": null, "skippedMessage": null}, {"skipped": false, "errorStackTrace": null, "duration": 6.412, "name": "invalid_string_literals_test", "age": 0, "failedSince": 0, "status": "PASSED", "testActions": [], "stdout": null, "className": "cql_tests.MiscellaneousCQLTester", "stderr": null, "errorDetails": null, "skippedMessage": null}, {"skipped": false, "errorStackTrace": null, "duration": 32.977, "name": "test_compression_error", "age": 0, "failedSince": 0, "status": "PASSED", "testActions": [], "stdout": null, "className": "commitlog_test.TestCommitLog", "stderr": null, "errorDetails": null, "skippedMessage": null}, {"skipped": true, "errorStackTrace": null, "duration": 0.054, "name": "non_eq_conditional_update_test", "age": 1, "failedSince": 325, "status": "SKIPPED", "testActions": [], "stdout": null, "className": "upgrade_tests.cql_tests.TestCQL", "stderr": null, "errorDetails": null, "skippedMessage": "2.2.3 < 3.0"}, {"skipped": true, "errorStackTrace": null, "duration": 0.103, "name": "null_support_test", "age": 49, "failedSince": 277, "status": "SKIPPED", "testActions": [], "stdout": null, "className": "upgrade_tests.cql_tests.TestCQL", "stderr": null, "errorDetails": null, "skippedMessage": "2.2.3 < 3.0"}, {"skipped": true, "errorStackTrace": null, "duration": 0.102, "name": "large_count_test", "age": 51, "failedSince": 275, "status": "SKIPPED", "testActions": [], "stdout": null, "className": "upgrade_tests.cql_tests.TestCQL", "stderr": null, "errorDetails": null, "skippedMessage": "2.2.3 < 3.0"}, {"skipped": true, "errorStackTrace": null, "duration": 0.102, "name": "bug_5732_test", "age": 49, "failedSince": 277, "status": "SKIPPED", "testActions": [], "stdout": null, "className": "upgrade_tests.cql_tests.TestCQL", "stderr": null, "errorDetails": null, "skippedMessage": "2.2.3 < 3.0"}, {"skipped": true, "errorStackTrace": null, "duration": 0.102, "name": "bug_5240_test", "age": 50, "failedSince": 276, "status": "SKIPPED", "testActions": [], "stdout": null, "className": "upgrade_tests.cql_tests.TestCQL", "stderr": null, "errorDetails": null, "skippedMessage": "2.2.3 < 3.0"}, {"skipped": true, "errorStackTrace": null, "duration": 0.102, "name": "simple_tuple_query_test", "age": 49, "failedSince": 277, "status": "SKIPPED", "testActions": [], "stdout": null, "className": "upgrade_tests.cql_tests.TestCQL", "stderr": null, "errorDetails": null, "skippedMessage": "2.2.3 < 3.0"}, {"skipped": true, "errorStackTrace": null, "duration": 0.102, "name": "exclusive_slice_test", "age": 49, "failedSince": 277, "status": "SKIPPED", "testActions": [], "stdout": null, "className": "upgrade_tests.cql_tests.TestCQL", "stderr": null, "errorDetails": null, "skippedMessage": "2.2.3 < 3.0"}, {"skipped": true, "errorStackTrace": null, "duration": 0.102, "name": "static_cf_test", "age": 49, "failedSince": 277, "status": "SKIPPED", "testActions": [], "stdout": null, "className": "upgrade_tests.cql_tests.TestCQL", "stderr": null, "errorDetails": null, "skippedMessage": "2.2.3 < 3.0"}, {"skipped": true, "errorStackTrace": null, "duration": 0.102, "name": "limit_multiget_test", "age": 49, "failedSince": 277, "status": "SKIPPED", "testActions": [], "stdout": null, "className": "upgrade_tests.cql_tests.TestCQL", "stderr": null, "errorDetails": null, "skippedMessage": "2.2.3 < 3.0"}, {"skipped": true, "errorStackTrace": null, "duration": 0.102, "name": "tuple_notation_test", "age": 1, "failedSince": 325, "status": "SKIPPED", "testActions": [], "stdout": null, "className": "upgrade_tests.cql_tests.TestCQL", "stderr": null, "errorDetails": null, "skippedMessage": "2.2.3 < 3.0"}, {"skipped": true, "errorStackTrace": null, "duration": 0.102, "name": "cas_and_ttl_test", "age": 1, "failedSince": 325, "status": "SKIPPED", "testActions": [], "stdout": null, "className": "upgrade_tests.cql_tests.TestCQL", "stderr": null, "errorDetails": null, "skippedMessage": "2.2.3 < 3.0"}, {"skipped": true, "errorStackTrace": null, "duration": 0.102, "name": "cas_and_compact_test", "age": 1, "failedSince": 325, "status": "SKIPPED", "testActions": [], "stdout": null, "className": "upgrade_tests.cql_tests.TestCQL", "stderr": null, "errorDetails": null, "skippedMessage": "2.2.3 < 3.0"}, {"skipped": true, "errorStackTrace": null, "duration": 0.102, "name": "token_range_test", "age": 50, "failedSince": 276, "status": "SKIPPED", "testActions": [], "stdout": null, "className": "upgrade_tests.cql_tests.TestCQL", "stderr": null, "errorDetails": null, "skippedMessage": "2.2.3 < 3.0"}, {"skipped": true, "errorStackTrace": null, "duration": 0.102, "name": "nameless_index_test", "age": 50, "failedSince": 276, "status": "SKIPPED", "testActions": [], "stdout": null, "className": "upgrade_tests.cql_tests.TestCQL", "stderr": null, "errorDetails": null, "skippedMessage": "2.2.3 < 3.0"}, {"skipped": true, "errorStackTrace": null, "duration": 0.053, "name": "static_columns_paging_test", "age": 10, "failedSince": 316, "status": "SKIPPED", "testActions": [], "stdout": null, "className": "upgrade_tests.paging_test.TestPagingData", "stderr": null, "errorDetails": null, "skippedMessage": "2.2.3 < 3.0"}, {"skipped": true, "errorStackTrace": null, "duration": 0.102, "name": "test_paging_a_single_wide_row", "age": 12, "failedSince": 314, "status": "SKIPPED", "testActions": [], "stdout": null, "className": "upgrade_tests.paging_test.TestPagingData", "stderr": null, "errorDetails": null, "skippedMessage": "2.2.3 < 3.0"}, {"skipped": true, "errorStackTrace": null, "duration": 0.053, "name": "test_with_equal_results_to_page_size", "age": 10, "failedSince": 316, "status": "SKIPPED", "testActions": [], "stdout": null, "className": "upgrade_tests.paging_test.TestPagingSize", "stderr": null, "errorDetails": null, "skippedMessage": "2.2.3 < 3.0"}, {"skipped": true, "errorStackTrace": null, "duration": 0.053, "name": "test_with_allow_filtering", "age": 10, "failedSince": 316, "status": "SKIPPED", "testActions": [], "stdout": null, "className": "upgrade_tests.paging_test.TestPagingWithModifiers", "stderr": null, "errorDetails": null, "skippedMessage": "2.2.3 < 3.0"}, {"skipped": true, "errorStackTrace": null, "duration": 0.053, "name": "static_with_empty_clustering_test", "age": 50, "failedSince": 276, "status": "SKIPPED", "testActions": [], "stdout": null, "className": "deprecated_cql_tests.TestCQL", "stderr": null, "errorDetails": null, "skippedMessage": "2.2.3 > 2.0.x"}, {"skipped": true, "errorStackTrace": null, "duration": 0.102, "name": "conversion_functions_test", "age": 49, "failedSince": 277, "status": "SKIPPED", "testActions": [], "stdout": null, "className": "deprecated_cql_tests.TestCQL", "stderr": null, "errorDetails": null, "skippedMessage": "2.2.3 > 2.0.x"}, {"skipped": true, "errorStackTrace": null, "duration": 0.102, "name": "table_options_test", "age": 50, "failedSince": 276, "status": "SKIPPED", "testActions": [], "stdout": null, "className": "deprecated_cql_tests.TestCQL", "stderr": null, "errorDetails": null, "skippedMessage": "2.2.3 > 2.0.x"}, {"skipped": true, "errorStackTrace": null, "duration": 0.102, "name": "keyspace_creation_options_test", "age": 24, "failedSince": 302, "status": "SKIPPED", "testActions": [], "stdout": null, "className": "deprecated_cql_tests.TestCQL", "stderr": null, "errorDetails": null, "skippedMessage": "2.2.3 > 2.0.x"}, {"skipped": true, "errorStackTrace": null, "duration": 0.102, "name": "invalid_clustering_indexing_test", "age": 60, "failedSince": 266, "status": "SKIPPED", "testActions": [], "stdout": null, "className": "deprecated_cql_tests.TestCQL", "stderr": null, "errorDetails": null, "skippedMessage": "2.2.3 > 2.0.x"}, {"skipped": true, "errorStackTrace": null, "duration": 0.102, "name": "clustering_order_and_functions_test", "age": 49, "failedSince": 277, "status": "SKIPPED", "testActions": [], "stdout": null, "className": "deprecated_cql_tests.TestCQL", "stderr": null, "errorDetails": null, "skippedMessage": "2.2.3 > 2.0.x"}, {"skipped": true, "errorStackTrace": null, "duration": 0.103, "name": "map_test", "age": 49, "failedSince": 277, "status": "SKIPPED", "testActions": [], "stdout": null, "className": "deprecated_cql_tests.TestCQL", "stderr": null, "errorDetails": null, "skippedMessage": "2.2.3 > 2.0.x"}, {"skipped": true, "errorStackTrace": null, "duration": 0.102, "name": "range_with_deletes_test", "age": 50, "failedSince": 276, "status": "SKIPPED", "testActions": [], "stdout": null, "className": "deprecated_cql_tests.TestCQL", "stderr": null, "errorDetails": null, "skippedMessage": "2.2.3 > 2.0.x"}, {"skipped": true, "errorStackTrace": null, "duration": 0.102, "name": "bug7105_test", "age": 8, "failedSince": 318, "status": "SKIPPED", "testActions": [], "stdout": null, "className": "deprecated_cql_tests.TestCQL", "stderr": null, "errorDetails": null, "skippedMessage": "2.2.3 > 2.0.x"}, {"skipped": true, "errorStackTrace": null, "duration": 0.102, "name": "bug_5240_test", "age": 50, "failedSince": 276, "status": "SKIPPED", "testActions": [], "stdout": null, "className": "deprecated_cql_tests.TestCQL", "stderr": null, "errorDetails": null, "skippedMessage": "2.2.3 > 2.0.x"}, {"skipped": true, "errorStackTrace": null, "duration": 0.102, "name": "deletion_test", "age": 49, "failedSince": 277, "status": "SKIPPED", "testActions": [], "stdout": null, "className": "deprecated_cql_tests.TestCQL", "stderr": null, "errorDetails": null, "skippedMessage": "2.2.3 > 2.0.x"}, {"skipped": true, "errorStackTrace": null, "duration": 0.102, "name": "rename_test", "age": 1, "failedSince": 325, "status": "SKIPPED", "testActions": [], "stdout": null, "className": "deprecated_cql_tests.TestCQL", "stderr": null, "errorDetails": null, "skippedMessage": "2.2.3 > 2.0.x"}, {"skipped": true, "errorStackTrace": null, "duration": 0.102, "name": "list_test", "age": 1, "failedSince": 325, "status": "SKIPPED", "testActions": [], "stdout": null, "className": "deprecated_cql_tests.TestCQL", "stderr": null, "errorDetails": null, "skippedMessage": "2.2.3 > 2.0.x"}, {"skipped": true, "errorStackTrace": null, "duration": 0.053, "name": "populate_mv_after_insert_test", "age": 50, "failedSince": 276, "status": "SKIPPED", "testActions": [], "stdout": null, "className": "materialized_views_test.TestMaterializedViews", "stderr": null, "errorDetails": null, "skippedMessage": "2.2.3 < 3.0"}, {"skipped": true, "errorStackTrace": null, "duration": 0.102, "name": "prepared_statement_test", "age": 1, "failedSince": 325, "status": "SKIPPED", "testActions": [], "stdout": null, "className": "materialized_views_test.TestMaterializedViews", "stderr": null, "errorDetails": null, "skippedMessage": "2.2.3 < 3.0"}, {"skipped": true, "errorStackTrace": null, "duration": 0.102, "name": "add_dc_after_mv_test", "age": 1, "failedSince": 325, "status": "SKIPPED", "testActions": [], "stdout": null, "className": "materialized_views_test.TestMaterializedViews", "stderr": null, "errorDetails": null, "skippedMessage": "2.2.3 < 3.0"}, {"skipped": true, "errorStackTrace": null, "duration": 0.102, "name": "query_all_new_column_test", "age": 24, "failedSince": 302, "status": "SKIPPED", "testActions": [], "stdout": null, "className": "materialized_views_test.TestMaterializedViews", "stderr": null, "errorDetails": null, "skippedMessage": "2.2.3 < 3.0"}, {"skipped": true, "errorStackTrace": null, "duration": 0.102, "name": "test_gcgs_validation", "age": 72, "failedSince": 254, "status": "SKIPPED", "testActions": [], "stdout": null, "className": "materialized_views_test.TestMaterializedViews", "stderr": null, "errorDetails": null, "skippedMessage": "2.2.3 < 3.0"}, {"skipped": true, "errorStackTrace": null, "duration": 0.054, "name": "logged_batch_gcgs_below_threshold_single_table_test", "age": 1, "failedSince": 325, "status": "SKIPPED", "testActions": [], "stdout": null, "className": "batch_test.TestBatch", "stderr": null, "errorDetails": null, "skippedMessage": "2.2.3 < 3.0"}, {"skipped": true, "errorStackTrace": null, "duration": 0.053, "name": "logged_batch_gcgs_below_threshold_multi_table_test", "age": 1, "failedSince": 325, "status": "SKIPPED", "testActions": [], "stdout": null, "className": "batch_test.TestBatch", "stderr": null, "errorDetails": null, "skippedMessage": "2.2.3 < 3.0"}, {"skipped": false, "errorStackTrace": null, "duration": 408.288, "name": "short_read_reversed_test", "age": 0, "failedSince": 0, "status": "PASSED", "testActions": [], "stdout": null, "className": "consistency_test.TestConsistency", "stderr": null, "errorDetails": null, "skippedMessage": null}, {"skipped": false, "errorStackTrace": null, "duration": 170.7, "name": "test_network_topology_strategy", "age": 0, "failedSince": 0, "status": "PASSED", "testActions": [], "stdout": null, "className": "consistency_test.TestAvailability", "stderr": null, "errorDetails": null, "skippedMessage": null}, {"skipped": false, "errorStackTrace": null, "duration": 95.056, "name": "shutdown_wiped_node_cannot_join_test", "age": 0, "failedSince": 0, "status": "PASSED", "testActions": [], "stdout": null, "className": "bootstrap_test.TestBootstrap", "stderr": null, "errorDetails": null, "skippedMessage": null}, {"skipped": false, "errorStackTrace": null, "duration": 48.485, "name": "manual_bootstrap_test", "age": 0, "failedSince": 0, "status": "PASSED", "testActions": [], "stdout": null, "className": "bootstrap_test.TestBootstrap", "stderr": null, "errorDetails": null, "skippedMessage": null}, {"skipped": false, "errorStackTrace": null, "duration": 86.105, "name": "functional_test", "age": 0, "failedSince": 0, "status": "PASSED", "testActions": [], "stdout": null, "className": "super_counter_test.TestSuperCounterClusterRestart", "stderr": null, "errorDetails": null, "skippedMessage": null}, {"skipped": false, "errorStackTrace": null, "duration": 75.938, "name": "compaction_throughput_test", "age": 0, "failedSince": 0, "status": "PASSED", "testActions": [], "stdout": null, "className": "compaction_test.TestCompaction_with_DateTieredCompactionStrategy", "stderr": null, "errorDetails": null, "skippedMessage": null}, {"skipped": false, "errorStackTrace": null, "duration": 77.468, "name": "compaction_throughput_test", "age": 0, "failedSince": 0, "status": "PASSED", "testActions": [], "stdout": null, "className": "compaction_test.TestCompaction_with_SizeTieredCompactionStrategy", "stderr": null, "errorDetails": null, "skippedMessage": null}, {"skipped": false, "errorStackTrace": null, "duration": 56.702, "name": "data_size_test", "age": 0, "failedSince": 0, "status": "PASSED", "testActions": [], "stdout": null, "className": "compaction_test.TestCompaction_with_SizeTieredCompactionStrategy", "stderr": null, "errorDetails": null, "skippedMessage": null}, {"skipped": false, "errorStackTrace": null, "duration": 33.04, "name": "disable_autocompaction_schema_test", "age": 0, "failedSince": 0, "status": "PASSED", "testActions": [], "stdout": null, "className": "compaction_test.TestCompaction_with_LeveledCompactionStrategy", "stderr": null, "errorDetails": null, "skippedMessage": null}, {"skipped": false, "errorStackTrace": null, "duration": 10.125, "name": "sstable_deletion_test", "age": 0, "failedSince": 0, "status": "PASSED", "testActions": [], "stdout": null, "className": "compaction_test.TestCompaction_with_LeveledCompactionStrategy", "stderr": null, "errorDetails": null, "skippedMessage": null}, {"skipped": false, "errorStackTrace": null, "duration": 55.638, "name": "test_paxos_any", "age": 0, "failedSince": 0, "status": "PASSED", "testActions": [], "stdout": null, "className": "write_failures_test.TestWriteFailures", "stderr": null, "errorDetails": null, "skippedMessage": null}, {"skipped": false, "errorStackTrace": null, "duration": 33.232, "name": "load_test", "age": 0, "failedSince": 0, "status": "PASSED", "testActions": [], "stdout": null, "className": "concurrent_schema_changes_test.TestConcurrentSchemaChanges", "stderr": null, "errorDetails": null, "skippedMessage": null}, {"skipped": false, "errorStackTrace": null, "duration": 29.164, "name": "test_scrub_static_table", "age": 0, "failedSince": 0, "status": "PASSED", "testActions": [], "stdout": null, "className": "scrub_test.TestScrubIndexes", "stderr": null, "errorDetails": null, "skippedMessage": null}, {"skipped": false, "errorStackTrace": null, "duration": 25.595, "name": "test_paging_using_secondary_indexes", "age": 0, "failedSince": 0, "status": "PASSED", "testActions": [], "stdout": null, "className": "paging_test.TestPagingData", "stderr": null, "errorDetails": null, "skippedMessage": null}, {"skipped": false, "errorStackTrace": null, "duration": 23.27, "name": "test_with_order_by_reversed", "age": 0, "failedSince": 0, "status": "PASSED", "testActions": [], "stdout": null, "className": "paging_test.TestPagingWithModifiers", "stderr": null, "errorDetails": null, "skippedMessage": null}, {"skipped": false, "errorStackTrace": null, "duration": 24.528, "name": "test_type_enforcement", "age": 0, "failedSince": 0, "status": "PASSED", "testActions": [], "stdout": null, "className": "user_types_test.TestUserTypes", "stderr": null, "errorDetails": null, "skippedMessage": null}, {"skipped": false, "errorStackTrace": null, "duration": 22.137, "name": "force_repair_async_3_test", "age": 0, "failedSince": 0, "status": "PASSED", "testActions": [], "stdout": null, "className": "deprecated_repair_test.TestDeprecatedRepairAPI", "stderr": null, "errorDetails": null, "skippedMessage": null}, {"skipped": false, "errorStackTrace": null, "duration": 18.295, "name": "collection_set_ttl_test", "age": 0, "failedSince": 0, "status": "PASSED", "testActions": [], "stdout": null, "className": "ttl_test.TestTTL", "stderr": null, "errorDetails": null, "skippedMessage": null}, {"skipped": false, "errorStackTrace": null, "duration": 13.17, "name": "insert_ttl_has_priority_on_defaut_ttl_test", "age": 0, "failedSince": 0, "status": "PASSED", "testActions": [], "stdout": null, "className": "ttl_test.TestTTL", "stderr": null, "errorDetails": null, "skippedMessage": null}, {"skipped": false, "errorStackTrace": null, "duration": 9.204, "name": "insert_ttl_works_without_default_ttl_test", "age": 0, "failedSince": 0, "status": "PASSED", "testActions": [], "stdout": null, "className": "ttl_test.TestTTL", "stderr": null, "errorDetails": null, "skippedMessage": null}, {"skipped": false, "errorStackTrace": null, "duration": 17.309, "name": "list_permissions_test", "age": 0, "failedSince": 0, "status": "PASSED", "testActions": [], "stdout": null, "className": "auth_test.TestAuth", "stderr": null, "errorDetails": null, "skippedMessage": null}, {"skipped": false, "errorStackTrace": null, "duration": 16.303, "name": "cant_create_existing_user_test", "age": 0, "failedSince": 0, "status": "PASSED", "testActions": [], "stdout": null, "className": "auth_test.TestAuth", "stderr": null, "errorDetails": null, "skippedMessage": null}, {"skipped": false, "errorStackTrace": null, "duration": 7.336, "name": "test_use_keyspace", "age": 0, "failedSince": 0, "status": "PASSED", "testActions": [], "stdout": "(EE)  (EE)  ", "className": "cqlsh_tests.cqlsh_tests.CqlshSmokeTest", "stderr": null, "errorDetails": null, "skippedMessage": null}, {"skipped": false, "errorStackTrace": null, "duration": 21.963, "name": "test_letter_delimiter", "age": 0, "failedSince": 0, "status": "PASSED", "testActions": [], "stdout": "(EE)  ", "className": "cqlsh_tests.cqlsh_copy_tests.CqlshCopyTest", "stderr": null, "errorDetails": null, "skippedMessage": null}, {"skipped": false, "errorStackTrace": null, "duration": 6.582, "name": "test_describe_on_non_reserved_keywords", "age": 0, "failedSince": 0, "status": "PASSED", "testActions": [], "stdout": null, "className": "cqlsh_tests.cqlsh_tests.TestCqlsh", "stderr": null, "errorDetails": null, "skippedMessage": null}, {"skipped": false, "errorStackTrace": null, "duration": 6.303, "name": "test_batch", "age": 0, "failedSince": 0, "status": "PASSED", "testActions": [], "stdout": null, "className": "cqlsh_tests.cqlsh_tests.TestCqlsh", "stderr": null, "errorDetails": null, "skippedMessage": null}, {"skipped": false, "errorStackTrace": null, "duration": 6.963, "name": "drop_column_queries_test", "age": 0, "failedSince": 0, "status": "PASSED", "testActions": [], "stdout": null, "className": "schema_test.TestSchema", "stderr": null, "errorDetails": null, "skippedMessage": null}, {"skipped": false, "errorStackTrace": null, "duration": 6.734, "name": "test_get_slice_super_range", "age": 0, "failedSince": 0, "status": "PASSED", "testActions": [], "stdout": null, "className": "thrift_tests.TestMutations", "stderr": null, "errorDetails": null, "skippedMessage": null}, {"skipped": false, "errorStackTrace": null, "duration": 6.563, "name": "test_wrapped_range_slices", "age": 0, "failedSince": 0, "status": "PASSED", "testActions": [], "stdout": null, "className": "thrift_tests.TestMutations", "stderr": null, "errorDetails": null, "skippedMessage": null}, {"skipped": false, "errorStackTrace": null, "duration": 6.606, "name": "test_counter_get_slice_super_range", "age": 0, "failedSince": 0, "status": "PASSED", "testActions": [], "stdout": null, "className": "thrift_tests.TestMutations", "stderr": null, "errorDetails": null, "skippedMessage": null}, {"skipped": false, "errorStackTrace": null, "duration": 6.68, "name": "test_count", "age": 0, "failedSince": 0, "status": "PASSED", "testActions": [], "stdout": null, "className": "thrift_tests.TestMutations", "stderr": null, "errorDetails": null, "skippedMessage": null}, {"skipped": false, "errorStackTrace": null, "duration": 6.409, "name": "test_bad_system_calls", "age": 0, "failedSince": 0, "status": "PASSED", "testActions": [], "stdout": null, "className": "thrift_tests.TestMutations", "stderr": null, "errorDetails": null, "skippedMessage": null}, {"skipped": false, "errorStackTrace": null, "duration": 6.638, "name": "test_counter_get_slice_range", "age": 0, "failedSince": 0, "status": "PASSED", "testActions": [], "stdout": null, "className": "thrift_tests.TestMutations", "stderr": null, "errorDetails": null, "skippedMessage": null}, {"skipped": false, "errorStackTrace": null, "duration": 6.754, "name": "test_truncate", "age": 0, "failedSince": 0, "status": "PASSED", "testActions": [], "stdout": null, "className": "thrift_tests.TestTruncate", "stderr": null, "errorDetails": null, "skippedMessage": null}, {"skipped": false, "errorStackTrace": null, "duration": 7.086, "name": "creating_and_dropping_udf_test", "age": 0, "failedSince": 0, "status": "PASSED", "testActions": [], "stdout": null, "className": "schema_metadata_test.TestSchemaMetadata", "stderr": null, "errorDetails": null, "skippedMessage": null}, {"skipped": false, "errorStackTrace": "  File \"/usr/lib/python2.7/unittest/case.py\", line 329, in run\n    testMethod()\n  File \"/home/automaton/cassandra-dtest/schema_metadata_test.py\", line 669, in indexes_test\n    verify_indexes_table(self.cluster.version(), self.cluster.version(), 'ks', self.session)\n  File \"/home/automaton/cassandra-dtest/schema_metadata_test.py\", line 35, in verify_indexes_table\n    assert_equal(1, len(meta.columns))\n\"'IndexMetadata' object has no attribute 'columns'\\n-------------------- >> begin captured logging << --------------------\\ndtest: DEBUG: cluster ccm directory: /mnt/tmp/dtest-08HbUm\\n--------------------- >> end captured logging << ---------------------\"", "duration": 6.299, "name": "indexes_test", "age": 1, "failedSince": 325, "status": "FAILED", "testActions": [], "stdout": null, "className": "schema_metadata_test.TestSchemaMetadata", "stderr": null, "errorDetails": "'IndexMetadata' object has no attribute 'columns'\n-------------------- >> begin captured logging << --------------------\ndtest: DEBUG: cluster ccm directory: /mnt/tmp/dtest-08HbUm\n--------------------- >> end captured logging << ---------------------", "skippedMessage": null}, {"skipped": false, "errorStackTrace": null, "duration": 32.829, "name": "test_bad_crc", "age": 0, "failedSince": 0, "status": "PASSED", "testActions": [], "stdout": null, "className": "commitlog_test.TestCommitLog", "stderr": null, "errorDetails": null, "skippedMessage": null}, {"skipped": false, "errorStackTrace": null, "duration": 17.838, "name": "aggregate_function_permissions_test", "age": 0, "failedSince": 0, "status": "PASSED", "testActions": [], "stdout": null, "className": "auth_roles_test.TestAuthRoles", "stderr": null, "errorDetails": null, "skippedMessage": null}, {"skipped": false, "errorStackTrace": null, "duration": 17.193, "name": "builtin_functions_require_no_special_permissions_test", "age": 0, "failedSince": 0, "status": "PASSED", "testActions": [], "stdout": null, "className": "auth_roles_test.TestAuthRoles", "stderr": null, "errorDetails": null, "skippedMessage": null}, {"skipped": false, "errorStackTrace": null, "duration": 16.214, "name": "conditional_create_drop_role_test", "age": 0, "failedSince": 0, "status": "PASSED", "testActions": [], "stdout": null, "className": "auth_roles_test.TestAuthRoles", "stderr": null, "errorDetails": null, "skippedMessage": null}, {"skipped": false, "errorStackTrace": null, "duration": 16.771, "name": "create_and_grant_roles_with_superuser_status_test", "age": 0, "failedSince": 0, "status": "PASSED", "testActions": [], "stdout": null, "className": "auth_roles_test.TestAuthRoles", "stderr": null, "errorDetails": null, "skippedMessage": null}, {"skipped": false, "errorStackTrace": null, "duration": 16.201, "name": "create_drop_role_test", "age": 0, "failedSince": 0, "status": "PASSED", "testActions": [], "stdout": null, "className": "auth_roles_test.TestAuthRoles", "stderr": null, "errorDetails": null, "skippedMessage": null}, {"skipped": false, "errorStackTrace": null, "duration": 16.774, "name": "create_drop_role_validation_test", "age": 0, "failedSince": 0, "status": "PASSED", "testActions": [], "stdout": null, "className": "auth_roles_test.TestAuthRoles", "stderr": null, "errorDetails": null, "skippedMessage": null}, {"skipped": false, "errorStackTrace": null, "duration": 16.393, "name": "create_user_as_alias_for_create_role_test", "age": 0, "failedSince": 0, "status": "PASSED", "testActions": [], "stdout": null, "className": "auth_roles_test.TestAuthRoles", "stderr": null, "errorDetails": null, "skippedMessage": null}, {"skipped": false, "errorStackTrace": null, "duration": 17.252, "name": "creator_of_db_resource_granted_all_permissions_test", "age": 0, "failedSince": 0, "status": "PASSED", "testActions": [], "stdout": null, "className": "auth_roles_test.TestAuthRoles", "stderr": null, "errorDetails": null, "skippedMessage": null}, {"skipped": false, "errorStackTrace": null, "duration": 16.454, "name": "disallow_grant_execute_on_non_function_resources_test", "age": 0, "failedSince": 0, "status": "PASSED", "testActions": [], "stdout": null, "className": "auth_roles_test.TestAuthRoles", "stderr": null, "errorDetails": null, "skippedMessage": null}, {"skipped": false, "errorStackTrace": null, "duration": 16.45, "name": "disallow_grant_revoke_on_builtin_functions_test", "age": 0, "failedSince": 0, "status": "PASSED", "testActions": [], "stdout": null, "className": "auth_roles_test.TestAuthRoles", "stderr": null, "errorDetails": null, "skippedMessage": null}, {"skipped": false, "errorStackTrace": null, "duration": 16.85, "name": "drop_and_revoke_roles_with_superuser_status_test", "age": 0, "failedSince": 0, "status": "PASSED", "testActions": [], "stdout": null, "className": "auth_roles_test.TestAuthRoles", "stderr": null, "errorDetails": null, "skippedMessage": null}, {"skipped": false, "errorStackTrace": null, "duration": 16.959, "name": "drop_function_and_keyspace_cleans_up_udf_permissions_test", "age": 0, "failedSince": 0, "status": "PASSED", "testActions": [], "stdout": null, "className": "auth_roles_test.TestAuthRoles", "stderr": null, "errorDetails": null, "skippedMessage": null}, {"skipped": false, "errorStackTrace": null, "duration": 16.906, "name": "drop_keyspace_cleans_up_function_level_permissions_test", "age": 0, "failedSince": 0, "status": "PASSED", "testActions": [], "stdout": null, "className": "auth_roles_test.TestAuthRoles", "stderr": null, "errorDetails": null, "skippedMessage": null}, {"skipped": false, "errorStackTrace": null, "duration": 16.899, "name": "drop_role_cleans_up_udf_permissions_test", "age": 0, "failedSince": 0, "status": "PASSED", "testActions": [], "stdout": null, "className": "auth_roles_test.TestAuthRoles", "stderr": null, "errorDetails": null, "skippedMessage": null}, {"skipped": false, "errorStackTrace": null, "duration": 16.373, "name": "drop_role_removes_memberships_test", "age": 0, "failedSince": 0, "status": "PASSED", "testActions": [], "stdout": null, "className": "auth_roles_test.TestAuthRoles", "stderr": null, "errorDetails": null, "skippedMessage": null}, {"skipped": false, "errorStackTrace": null, "duration": 16.348, "name": "drop_role_revokes_permissions_granted_on_it_test", "age": 0, "failedSince": 0, "status": "PASSED", "testActions": [], "stdout": null, "className": "auth_roles_test.TestAuthRoles", "stderr": null, "errorDetails": null, "skippedMessage": null}, {"skipped": false, "errorStackTrace": null, "duration": 17.054, "name": "filter_granted_permissions_by_resource_type_test", "age": 0, "failedSince": 0, "status": "PASSED", "testActions": [], "stdout": null, "className": "auth_roles_test.TestAuthRoles", "stderr": null, "errorDetails": null, "skippedMessage": null}, {"skipped": false, "errorStackTrace": null, "duration": 17.523, "name": "function_resource_hierarchy_permissions_test", "age": 0, "failedSince": 0, "status": "PASSED", "testActions": [], "stdout": null, "className": "auth_roles_test.TestAuthRoles", "stderr": null, "errorDetails": null, "skippedMessage": null}, {"skipped": false, "errorStackTrace": null, "duration": 16.71, "name": "grant_revoke_are_idempotent_test", "age": 0, "failedSince": 0, "status": "PASSED", "testActions": [], "stdout": null, "className": "auth_roles_test.TestAuthRoles", "stderr": null, "errorDetails": null, "skippedMessage": null}, {"skipped": false, "errorStackTrace": null, "duration": 17.026, "name": "grant_revoke_permissions_test", "age": 0, "failedSince": 0, "status": "PASSED", "testActions": [], "stdout": null, "className": "auth_roles_test.TestAuthRoles", "stderr": null, "errorDetails": null, "skippedMessage": null}, {"skipped": false, "errorStackTrace": null, "duration": 16.89, "name": "grant_revoke_role_validation_test", "age": 0, "failedSince": 0, "status": "PASSED", "testActions": [], "stdout": null, "className": "auth_roles_test.TestAuthRoles", "stderr": null, "errorDetails": null, "skippedMessage": null}, {"skipped": false, "errorStackTrace": null, "duration": 16.529, "name": "grant_revoke_roles_test", "age": 0, "failedSince": 0, "status": "PASSED", "testActions": [], "stdout": null, "className": "auth_roles_test.TestAuthRoles", "stderr": null, "errorDetails": null, "skippedMessage": null}, {"skipped": false, "errorStackTrace": null, "duration": 16.903, "name": "grant_revoke_udf_permissions_test", "age": 0, "failedSince": 0, "status": "PASSED", "testActions": [], "stdout": null, "className": "auth_roles_test.TestAuthRoles", "stderr": null, "errorDetails": null, "skippedMessage": null}, {"skipped": false, "errorStackTrace": null, "duration": 16.206, "name": "ignore_invalid_roles_test", "age": 0, "failedSince": 0, "status": "PASSED", "testActions": [], "stdout": null, "className": "auth_roles_test.TestAuthRoles", "stderr": null, "errorDetails": null, "skippedMessage": null}, {"skipped": false, "errorStackTrace": null, "duration": 17.12, "name": "inheritence_of_udf_permissions_test", "age": 0, "failedSince": 0, "status": "PASSED", "testActions": [], "stdout": null, "className": "auth_roles_test.TestAuthRoles", "stderr": null, "errorDetails": null, "skippedMessage": null}, {"skipped": false, "errorStackTrace": null, "duration": 17.077, "name": "list_permissions_test", "age": 0, "failedSince": 0, "status": "PASSED", "testActions": [], "stdout": null, "className": "auth_roles_test.TestAuthRoles", "stderr": null, "errorDetails": null, "skippedMessage": null}, {"skipped": false, "errorStackTrace": null, "duration": 17.076, "name": "list_permissions_validation_test", "age": 0, "failedSince": 0, "status": "PASSED", "testActions": [], "stdout": null, "className": "auth_roles_test.TestAuthRoles", "stderr": null, "errorDetails": null, "skippedMessage": null}, {"skipped": false, "errorStackTrace": null, "duration": 16.835, "name": "list_roles_test", "age": 0, "failedSince": 0, "status": "PASSED", "testActions": [], "stdout": null, "className": "auth_roles_test.TestAuthRoles", "stderr": null, "errorDetails": null, "skippedMessage": null}, {"skipped": false, "errorStackTrace": null, "duration": 16.305, "name": "list_users_considers_inherited_superuser_status_test", "age": 0, "failedSince": 0, "status": "PASSED", "testActions": [], "stdout": null, "className": "auth_roles_test.TestAuthRoles", "stderr": null, "errorDetails": null, "skippedMessage": null}, {"skipped": false, "errorStackTrace": null, "duration": 16.298, "name": "prevent_circular_grants_test", "age": 0, "failedSince": 0, "status": "PASSED", "testActions": [], "stdout": null, "className": "auth_roles_test.TestAuthRoles", "stderr": null, "errorDetails": null, "skippedMessage": null}, {"skipped": false, "errorStackTrace": null, "duration": 18.081, "name": "role_admin_validation_test", "age": 0, "failedSince": 0, "status": "PASSED", "testActions": [], "stdout": null, "className": "auth_roles_test.TestAuthRoles", "stderr": null, "errorDetails": null, "skippedMessage": null}, {"skipped": false, "errorStackTrace": null, "duration": 19.055, "name": "role_caching_authenticated_user_test", "age": 0, "failedSince": 0, "status": "PASSED", "testActions": [], "stdout": null, "className": "auth_roles_test.TestAuthRoles", "stderr": null, "errorDetails": null, "skippedMessage": null}, {"skipped": false, "errorStackTrace": null, "duration": 18.888, "name": "role_name_test", "age": 0, "failedSince": 0, "status": "PASSED", "testActions": [], "stdout": null, "className": "auth_roles_test.TestAuthRoles", "stderr": null, "errorDetails": null, "skippedMessage": null}, {"skipped": false, "errorStackTrace": null, "duration": 17.211, "name": "role_requires_login_privilege_to_authenticate_test", "age": 0, "failedSince": 0, "status": "PASSED", "testActions": [], "stdout": null, "className": "auth_roles_test.TestAuthRoles", "stderr": null, "errorDetails": null, "skippedMessage": null}, {"skipped": false, "errorStackTrace": null, "duration": 16.615, "name": "role_requires_password_to_login_test", "age": 0, "failedSince": 0, "status": "PASSED", "testActions": [], "stdout": null, "className": "auth_roles_test.TestAuthRoles", "stderr": null, "errorDetails": null, "skippedMessage": null}, {"skipped": false, "errorStackTrace": null, "duration": 16.549, "name": "roles_do_not_inherit_login_privilege_test", "age": 0, "failedSince": 0, "status": "PASSED", "testActions": [], "stdout": null, "className": "auth_roles_test.TestAuthRoles", "stderr": null, "errorDetails": null, "skippedMessage": null}, {"skipped": false, "errorStackTrace": null, "duration": 16.72, "name": "superuser_status_is_inherited_test", "age": 0, "failedSince": 0, "status": "PASSED", "testActions": [], "stdout": null, "className": "auth_roles_test.TestAuthRoles", "stderr": null, "errorDetails": null, "skippedMessage": null}, {"skipped": false, "errorStackTrace": null, "duration": 17.203, "name": "udf_permissions_in_delete_test", "age": 0, "failedSince": 0, "status": "PASSED", "testActions": [], "stdout": null, "className": "auth_roles_test.TestAuthRoles", "stderr": null, "errorDetails": null, "skippedMessage": null}, {"skipped": false, "errorStackTrace": null, "duration": 17.359, "name": "udf_permissions_in_insert_test", "age": 0, "failedSince": 0, "status": "PASSED", "testActions": [], "stdout": null, "className": "auth_roles_test.TestAuthRoles", "stderr": null, "errorDetails": null, "skippedMessage": null}, {"skipped": false, "errorStackTrace": null, "duration": 17.075, "name": "udf_permissions_in_select_where_clause_test", "age": 0, "failedSince": 0, "status": "PASSED", "testActions": [], "stdout": null, "className": "auth_roles_test.TestAuthRoles", "stderr": null, "errorDetails": null, "skippedMessage": null}, {"skipped": false, "errorStackTrace": null, "duration": 17.148, "name": "udf_permissions_in_selection_test", "age": 0, "failedSince": 0, "status": "PASSED", "testActions": [], "stdout": null, "className": "auth_roles_test.TestAuthRoles", "stderr": null, "errorDetails": null, "skippedMessage": null}, {"skipped": false, "errorStackTrace": null, "duration": 17.161, "name": "udf_permissions_in_update_test", "age": 0, "failedSince": 0, "status": "PASSED", "testActions": [], "stdout": null, "className": "auth_roles_test.TestAuthRoles", "stderr": null, "errorDetails": null, "skippedMessage": null}, {"skipped": false, "errorStackTrace": null, "duration": 17.426, "name": "udf_permissions_validation_test", "age": 0, "failedSince": 0, "status": "PASSED", "testActions": [], "stdout": null, "className": "auth_roles_test.TestAuthRoles", "stderr": null, "errorDetails": null, "skippedMessage": null}, {"skipped": false, "errorStackTrace": null, "duration": 17.053, "name": "udf_with_overloads_permissions_test", "age": 0, "failedSince": 0, "status": "PASSED", "testActions": [], "stdout": null, "className": "auth_roles_test.TestAuthRoles", "stderr": null, "errorDetails": null, "skippedMessage": null}, {"skipped": true, "errorStackTrace": null, "duration": 0.054, "name": "limit_bugs_test", "age": 1, "failedSince": 325, "status": "SKIPPED", "testActions": [], "stdout": null, "className": "upgrade_tests.cql_tests.TestCQL", "stderr": null, "errorDetails": null, "skippedMessage": "2.2.3 < 3.0"}, {"skipped": true, "errorStackTrace": null, "duration": 0.103, "name": "static_columns_with_2i_test", "age": 49, "failedSince": 277, "status": "SKIPPED", "testActions": [], "stdout": null, "className": "upgrade_tests.cql_tests.TestCQL", "stderr": null, "errorDetails": null, "skippedMessage": "2.2.3 < 3.0"}, {"skipped": true, "errorStackTrace": null, "duration": 0.102, "name": "dynamic_cf_test", "age": 1, "failedSince": 325, "status": "SKIPPED", "testActions": [], "stdout": null, "className": "upgrade_tests.cql_tests.TestCQL", "stderr": null, "errorDetails": null, "skippedMessage": "2.2.3 < 3.0"}, {"skipped": true, "errorStackTrace": null, "duration": 0.102, "name": "expanded_list_item_conditional_test", "age": 1, "failedSince": 325, "status": "SKIPPED", "testActions": [], "stdout": null, "className": "upgrade_tests.cql_tests.TestCQL", "stderr": null, "errorDetails": null, "skippedMessage": "2.2.3 < 3.0"}, {"skipped": true, "errorStackTrace": null, "duration": 0.104, "name": "range_tombstones_test", "age": 49, "failedSince": 277, "status": "SKIPPED", "testActions": [], "stdout": null, "className": "upgrade_tests.cql_tests.TestCQL", "stderr": null, "errorDetails": null, "skippedMessage": "2.2.3 < 3.0"}, {"skipped": true, "errorStackTrace": null, "duration": 0.103, "name": "rename_test", "age": 1, "failedSince": 325, "status": "SKIPPED", "testActions": [], "stdout": null, "className": "upgrade_tests.cql_tests.TestCQL", "stderr": null, "errorDetails": null, "skippedMessage": "2.2.3 < 3.0"}, {"skipped": true, "errorStackTrace": null, "duration": 0.103, "name": "edge_2i_on_complex_pk_test", "age": 49, "failedSince": 277, "status": "SKIPPED", "testActions": [], "stdout": null, "className": "upgrade_tests.cql_tests.TestCQL", "stderr": null, "errorDetails": null, "skippedMessage": "2.2.3 < 3.0"}, {"skipped": true, "errorStackTrace": null, "duration": 0.103, "name": "collection_flush_test", "age": 49, "failedSince": 277, "status": "SKIPPED", "testActions": [], "stdout": null, "className": "upgrade_tests.cql_tests.TestCQL", "stderr": null, "errorDetails": null, "skippedMessage": "2.2.3 < 3.0"}, {"skipped": true, "errorStackTrace": null, "duration": 0.102, "name": "batch_test", "age": 1, "failedSince": 325, "status": "SKIPPED", "testActions": [], "stdout": null, "className": "upgrade_tests.cql_tests.TestCQL", "stderr": null, "errorDetails": null, "skippedMessage": "2.2.3 < 3.0"}, {"skipped": true, "errorStackTrace": null, "duration": 0.102, "name": "whole_list_conditional_test", "age": 1, "failedSince": 325, "status": "SKIPPED", "testActions": [], "stdout": null, "className": "upgrade_tests.cql_tests.TestCQL", "stderr": null, "errorDetails": null, "skippedMessage": "2.2.3 < 3.0"}, {"skipped": true, "errorStackTrace": null, "duration": 0.102, "name": "reversed_compact_test", "age": 8, "failedSince": 318, "status": "SKIPPED", "testActions": [], "stdout": null, "className": "upgrade_tests.cql_tests.TestCQL", "stderr": null, "errorDetails": null, "skippedMessage": "2.2.3 < 3.0"}, {"skipped": true, "errorStackTrace": null, "duration": 0.101, "name": "invalid_string_literals_test", "age": 1, "failedSince": 325, "status": "SKIPPED", "testActions": [], "stdout": null, "className": "upgrade_tests.cql_tests.TestCQL", "stderr": null, "errorDetails": null, "skippedMessage": "2.2.3 < 3.0"}, {"skipped": true, "errorStackTrace": null, "duration": 0.101, "name": "only_pk_test", "age": 60, "failedSince": 266, "status": "SKIPPED", "testActions": [], "stdout": null, "className": "upgrade_tests.cql_tests.TestCQL", "stderr": null, "errorDetails": null, "skippedMessage": "2.2.3 < 3.0"}, {"skipped": true, "errorStackTrace": null, "duration": 0.103, "name": "large_clustering_in_test", "age": 50, "failedSince": 276, "status": "SKIPPED", "testActions": [], "stdout": null, "className": "upgrade_tests.cql_tests.TestCQL", "stderr": null, "errorDetails": null, "skippedMessage": "2.2.3 < 3.0"}, {"skipped": true, "errorStackTrace": null, "duration": 0.054, "name": "function_with_null_test", "age": 49, "failedSince": 277, "status": "SKIPPED", "testActions": [], "stdout": null, "className": "deprecated_cql_tests.TestCQL", "stderr": null, "errorDetails": null, "skippedMessage": "2.2.3 > 2.0.x"}, {"skipped": true, "errorStackTrace": null, "duration": 0.103, "name": "tuple_notation_test", "age": 1, "failedSince": 325, "status": "SKIPPED", "testActions": [], "stdout": null, "className": "deprecated_cql_tests.TestCQL", "stderr": null, "errorDetails": null, "skippedMessage": "2.2.3 > 2.0.x"}, {"skipped": true, "errorStackTrace": null, "duration": 0.1, "name": "date_test", "age": 1, "failedSince": 325, "status": "SKIPPED", "testActions": [], "stdout": null, "className": "deprecated_cql_tests.TestCQL", "stderr": null, "errorDetails": null, "skippedMessage": "2.2.3 > 2.0.x"}, {"skipped": true, "errorStackTrace": null, "duration": 0.102, "name": "range_tombstones_compaction_test", "age": 1, "failedSince": 325, "status": "SKIPPED", "testActions": [], "stdout": null, "className": "deprecated_cql_tests.TestCQL", "stderr": null, "errorDetails": null, "skippedMessage": "2.2.3 > 2.0.x"}, {"skipped": true, "errorStackTrace": null, "duration": 0.101, "name": "large_count_test", "age": 51, "failedSince": 275, "status": "SKIPPED", "testActions": [], "stdout": null, "className": "deprecated_cql_tests.TestCQL", "stderr": null, "errorDetails": null, "skippedMessage": "2.2.3 > 2.0.x"}, {"skipped": true, "errorStackTrace": null, "duration": 0.101, "name": "select_with_alias_test", "age": 52, "failedSince": 274, "status": "SKIPPED", "testActions": [], "stdout": null, "className": "deprecated_cql_tests.TestCQL", "stderr": null, "errorDetails": null, "skippedMessage": "2.2.3 > 2.0.x"}, {"skipped": true, "errorStackTrace": null, "duration": 0.102, "name": "range_key_ordered_test", "age": 8, "failedSince": 318, "status": "SKIPPED", "testActions": [], "stdout": null, "className": "deprecated_cql_tests.TestCQL", "stderr": null, "errorDetails": null, "skippedMessage": "2.2.3 > 2.0.x"}, {"skipped": true, "errorStackTrace": null, "duration": 0.102, "name": "compact_metadata_test", "age": 1, "failedSince": 325, "status": "SKIPPED", "testActions": [], "stdout": null, "className": "deprecated_cql_tests.TestCQL", "stderr": null, "errorDetails": null, "skippedMessage": "2.2.3 > 2.0.x"}, {"skipped": true, "errorStackTrace": null, "duration": 0.102, "name": "reversed_comparator_test", "age": 49, "failedSince": 277, "status": "SKIPPED", "testActions": [], "stdout": null, "className": "deprecated_cql_tests.TestCQL", "stderr": null, "errorDetails": null, "skippedMessage": "2.2.3 > 2.0.x"}, {"skipped": true, "errorStackTrace": null, "duration": 0.102, "name": "reversed_compact_multikey_test", "age": 49, "failedSince": 277, "status": "SKIPPED", "testActions": [], "stdout": null, "className": "deprecated_cql_tests.TestCQL", "stderr": null, "errorDetails": null, "skippedMessage": "2.2.3 > 2.0.x"}, {"skipped": true, "errorStackTrace": null, "duration": 0.101, "name": "map_item_conditional_test", "age": 1, "failedSince": 325, "status": "SKIPPED", "testActions": [], "stdout": null, "className": "deprecated_cql_tests.TestCQL", "stderr": null, "errorDetails": null, "skippedMessage": "2.2.3 > 2.0.x"}, {"skipped": true, "errorStackTrace": null, "duration": 0.102, "name": "empty_blob_test", "age": 1, "failedSince": 325, "status": "SKIPPED", "testActions": [], "stdout": null, "className": "deprecated_cql_tests.TestCQL", "stderr": null, "errorDetails": null, "skippedMessage": "2.2.3 > 2.0.x"}, {"skipped": true, "errorStackTrace": null, "duration": 0.102, "name": "reserved_keyword_test", "age": 1, "failedSince": 325, "status": "SKIPPED", "testActions": [], "stdout": null, "className": "deprecated_cql_tests.TestCQL", "stderr": null, "errorDetails": null, "skippedMessage": "2.2.3 > 2.0.x"}, {"skipped": true, "errorStackTrace": null, "duration": 0.102, "name": "table_test", "age": 1, "failedSince": 325, "status": "SKIPPED", "testActions": [], "stdout": null, "className": "deprecated_cql_tests.TestCQL", "stderr": null, "errorDetails": null, "skippedMessage": "2.2.3 > 2.0.x"}, {"skipped": true, "errorStackTrace": null, "duration": 0.102, "name": "exclusive_slice_test", "age": 49, "failedSince": 277, "status": "SKIPPED", "testActions": [], "stdout": null, "className": "deprecated_cql_tests.TestCQL", "stderr": null, "errorDetails": null, "skippedMessage": "2.2.3 > 2.0.x"}, {"skipped": true, "errorStackTrace": null, "duration": 0.102, "name": "nameless_index_test", "age": 50, "failedSince": 276, "status": "SKIPPED", "testActions": [], "stdout": null, "className": "deprecated_cql_tests.TestCQL", "stderr": null, "errorDetails": null, "skippedMessage": "2.2.3 > 2.0.x"}, {"skipped": true, "errorStackTrace": null, "duration": 0.102, "name": "float_with_exponent_test", "age": 49, "failedSince": 277, "status": "SKIPPED", "testActions": [], "stdout": null, "className": "deprecated_cql_tests.TestCQL", "stderr": null, "errorDetails": null, "skippedMessage": "2.2.3 > 2.0.x"}, {"skipped": true, "errorStackTrace": null, "duration": 0.101, "name": "range_tombstones_test", "age": 49, "failedSince": 277, "status": "SKIPPED", "testActions": [], "stdout": null, "className": "deprecated_cql_tests.TestCQL", "stderr": null, "errorDetails": null, "skippedMessage": "2.2.3 > 2.0.x"}, {"skipped": false, "errorStackTrace": null, "duration": 480.75, "name": "sstableverify_test", "age": 0, "failedSince": 0, "status": "PASSED", "testActions": [], "stdout": null, "className": "offline_tools_test.TestOfflineTools", "stderr": null, "errorDetails": null, "skippedMessage": null}, {"skipped": false, "errorStackTrace": null, "duration": 136.518, "name": "multiple_repair_test", "age": 0, "failedSince": 0, "status": "PASSED", "testActions": [], "stdout": null, "className": "incremental_repair_test.TestIncRepair", "stderr": null, "errorDetails": null, "skippedMessage": null}, {"skipped": false, "errorStackTrace": null, "duration": 90.85, "name": "simple_rebuild_test", "age": 0, "failedSince": 0, "status": "PASSED", "testActions": [], "stdout": null, "className": "rebuild_test.TestRebuild", "stderr": null, "errorDetails": null, "skippedMessage": null}, {"skipped": false, "errorStackTrace": null, "duration": 85.037, "name": "test_column_index_stress", "age": 0, "failedSince": 0, "status": "PASSED", "testActions": [], "stdout": null, "className": "wide_rows_test.TestWideRows", "stderr": null, "errorDetails": null, "skippedMessage": null}, {"skipped": false, "errorStackTrace": null, "duration": 32.205, "name": "test_wide_rows", "age": 0, "failedSince": 0, "status": "PASSED", "testActions": [], "stdout": null, "className": "wide_rows_test.TestWideRows", "stderr": null, "errorDetails": null, "skippedMessage": null}, {"skipped": false, "errorStackTrace": null, "duration": 84.862, "name": "counter_consistency_test", "age": 0, "failedSince": 0, "status": "PASSED", "testActions": [], "stdout": null, "className": "counter_tests.TestCounters", "stderr": null, "errorDetails": null, "skippedMessage": null}, {"skipped": false, "errorStackTrace": null, "duration": 69.216, "name": "snapshot_test", "age": 0, "failedSince": 0, "status": "PASSED", "testActions": [], "stdout": null, "className": "concurrent_schema_changes_test.TestConcurrentSchemaChanges", "stderr": null, "errorDetails": null, "skippedMessage": null}, {"skipped": false, "errorStackTrace": null, "duration": 56.665, "name": "test_thrift", "age": 0, "failedSince": 0, "status": "PASSED", "testActions": [], "stdout": null, "className": "write_failures_test.TestWriteFailures", "stderr": null, "errorDetails": null, "skippedMessage": null}, {"skipped": false, "errorStackTrace": null, "duration": 55.817, "name": "test_paxos", "age": 0, "failedSince": 0, "status": "PASSED", "testActions": [], "stdout": null, "className": "write_failures_test.TestWriteFailures", "stderr": null, "errorDetails": null, "skippedMessage": null}, {"skipped": false, "errorStackTrace": null, "duration": 37.332, "name": "test_simple_strategy_counters", "age": 0, "failedSince": 0, "status": "PASSED", "testActions": [], "stdout": null, "className": "consistency_test.TestAccuracy", "stderr": null, "errorDetails": null, "skippedMessage": null}, {"skipped": false, "errorStackTrace": null, "duration": 39.04, "name": "compaction_strategy_switching_test", "age": 0, "failedSince": 0, "status": "PASSED", "testActions": [], "stdout": null, "className": "compaction_test.TestCompaction_with_SizeTieredCompactionStrategy", "stderr": null, "errorDetails": null, "skippedMessage": null}, {"skipped": false, "errorStackTrace": null, "duration": 18.191, "name": "large_compaction_warning_test", "age": 0, "failedSince": 0, "status": "PASSED", "testActions": [], "stdout": null, "className": "compaction_test.TestCompaction_with_LeveledCompactionStrategy", "stderr": null, "errorDetails": null, "skippedMessage": null}, {"skipped": false, "errorStackTrace": null, "duration": 26.691, "name": "test_incr_decr_standard_batch_remove", "age": 0, "failedSince": 0, "status": "PASSED", "testActions": [], "stdout": null, "className": "thrift_tests.TestMutations", "stderr": null, "errorDetails": null, "skippedMessage": null}, {"skipped": false, "errorStackTrace": null, "duration": 7.245, "name": "test_time_uuid", "age": 0, "failedSince": 0, "status": "PASSED", "testActions": [], "stdout": null, "className": "thrift_tests.TestMutations", "stderr": null, "errorDetails": null, "skippedMessage": null}, {"skipped": false, "errorStackTrace": null, "duration": 6.774, "name": "test_incr_decr_standard_batch_add", "age": 0, "failedSince": 0, "status": "PASSED", "testActions": [], "stdout": null, "className": "thrift_tests.TestMutations", "stderr": null, "errorDetails": null, "skippedMessage": null}, {"skipped": false, "errorStackTrace": null, "duration": 6.655, "name": "test_batch_mutate_standard_columns", "age": 0, "failedSince": 0, "status": "PASSED", "testActions": [], "stdout": null, "className": "thrift_tests.TestMutations", "stderr": null, "errorDetails": null, "skippedMessage": null}, {"skipped": false, "errorStackTrace": null, "duration": 7.059, "name": "test_super_cf_remove_column", "age": 0, "failedSince": 0, "status": "PASSED", "testActions": [], "stdout": null, "className": "thrift_tests.TestMutations", "stderr": null, "errorDetails": null, "skippedMessage": null}, {"skipped": false, "errorStackTrace": null, "duration": 6.834, "name": "test_integer_order", "age": 0, "failedSince": 0, "status": "PASSED", "testActions": [], "stdout": null, "className": "thrift_tests.TestMutations", "stderr": null, "errorDetails": null, "skippedMessage": null}, {"skipped": false, "errorStackTrace": null, "duration": 6.567, "name": "test_invalid_strategy_class", "age": 0, "failedSince": 0, "status": "PASSED", "testActions": [], "stdout": null, "className": "thrift_tests.TestMutations", "stderr": null, "errorDetails": null, "skippedMessage": null}, {"skipped": false, "errorStackTrace": null, "duration": 6.571, "name": "test_range_with_remove", "age": 0, "failedSince": 0, "status": "PASSED", "testActions": [], "stdout": null, "className": "thrift_tests.TestMutations", "stderr": null, "errorDetails": null, "skippedMessage": null}, {"skipped": false, "errorStackTrace": null, "duration": 22.9, "name": "test_data_change_impacting_later_page", "age": 0, "failedSince": 0, "status": "FIXED", "testActions": [], "stdout": null, "className": "paging_test.TestPagingDatasetChanges", "stderr": null, "errorDetails": null, "skippedMessage": null}, {"skipped": false, "errorStackTrace": null, "duration": 22.086, "name": "test_with_equal_results_to_page_size", "age": 0, "failedSince": 0, "status": "FIXED", "testActions": [], "stdout": null, "className": "paging_test.TestPagingSize", "stderr": null, "errorDetails": null, "skippedMessage": null}, {"skipped": false, "errorStackTrace": null, "duration": 21.279, "name": "test_paging_with_in_orderby_and_two_partition_keys", "age": 0, "failedSince": 0, "status": "PASSED", "testActions": [], "stdout": null, "className": "paging_test.TestPagingData", "stderr": null, "errorDetails": null, "skippedMessage": null}, {"skipped": false, "errorStackTrace": null, "duration": 24.128, "name": "test_decommission_after_drain_is_invalid", "age": 0, "failedSince": 0, "status": "PASSED", "testActions": [], "stdout": null, "className": "nodetool_test.TestNodetool", "stderr": null, "errorDetails": null, "skippedMessage": null}, {"skipped": false, "errorStackTrace": null, "duration": 16.313, "name": "conditional_create_drop_user_test", "age": 0, "failedSince": 0, "status": "PASSED", "testActions": [], "stdout": null, "className": "auth_test.TestAuth", "stderr": null, "errorDetails": null, "skippedMessage": null}, {"skipped": false, "errorStackTrace": null, "duration": 16.205, "name": "user_cant_drop_themselves_test", "age": 0, "failedSince": 0, "status": "PASSED", "testActions": [], "stdout": null, "className": "auth_test.TestAuth", "stderr": null, "errorDetails": null, "skippedMessage": null}, {"skipped": false, "errorStackTrace": null, "duration": 14.439, "name": "cfid_test", "age": 0, "failedSince": 0, "status": "PASSED", "testActions": [], "stdout": null, "className": "cfid_test.TestCFID", "stderr": null, "errorDetails": null, "skippedMessage": null}, {"skipped": false, "errorStackTrace": null, "duration": 9.646, "name": "simple_schema_test", "age": 0, "failedSince": 0, "status": "PASSED", "testActions": [], "stdout": null, "className": "json_test.JsonFullRowInsertSelect", "stderr": null, "errorDetails": null, "skippedMessage": null}, {"skipped": false, "errorStackTrace": "  File \"/usr/lib/python2.7/unittest/case.py\", line 329, in run\n    testMethod()\n  File \"/home/automaton/cassandra-dtest/cqlsh_tests/cqlsh_copy_tests.py\", line 749, in test_all_datatypes_round_trip\n    assert len(imported_results) == 1\n'\\n-------------------- >> begin captured logging << --------------------\\ndtest: DEBUG: cluster ccm directory: /mnt/tmp/dtest-dYXy4C\\ndtest: DEBUG: Exporting to csv file: /mnt/tmp/tmp7JQ5JX\\n--------------------- >> end captured logging << ---------------------'", "duration": 7.373, "name": "test_all_datatypes_round_trip", "age": 10, "failedSince": 316, "status": "FAILED", "testActions": [], "stdout": "(EE)  (EE)  <stdin>:2:(EE)  'QueryMessage' object has no attribute 'to_binary'(EE)  <stdin>:2:Aborting import at record #1. Previously inserted records are still present, and some records after that may be present as well.(EE)  ", "className": "cqlsh_tests.cqlsh_copy_tests.CqlshCopyTest", "stderr": null, "errorDetails": "\n-------------------- >> begin captured logging << --------------------\ndtest: DEBUG: cluster ccm directory: /mnt/tmp/dtest-dYXy4C\ndtest: DEBUG: Exporting to csv file: /mnt/tmp/tmp7JQ5JX\n--------------------- >> end captured logging << ---------------------", "skippedMessage": null}, {"skipped": false, "errorStackTrace": null, "duration": 8.048, "name": "test_tuple_data", "age": 0, "failedSince": 0, "status": "PASSED", "testActions": [], "stdout": "(EE)  ", "className": "cqlsh_tests.cqlsh_copy_tests.CqlshCopyTest", "stderr": null, "errorDetails": null, "skippedMessage": null}, {"skipped": false, "errorStackTrace": null, "duration": 6.731, "name": "test_quoted_column_names_writing_specify_names", "age": 0, "failedSince": 0, "status": "PASSED", "testActions": [], "stdout": "(EE)  ", "className": "cqlsh_tests.cqlsh_copy_tests.CqlshCopyTest", "stderr": null, "errorDetails": null, "skippedMessage": null}, {"skipped": false, "errorStackTrace": null, "duration": 7.335, "name": "test_source_glass", "age": 0, "failedSince": 0, "status": "PASSED", "testActions": [], "stdout": "(EE)  ", "className": "cqlsh_tests.cqlsh_tests.TestCqlsh", "stderr": null, "errorDetails": null, "skippedMessage": null}, {"skipped": false, "errorStackTrace": null, "duration": 6.866, "name": "test_insert", "age": 0, "failedSince": 0, "status": "PASSED", "testActions": [], "stdout": "(EE)  ", "className": "cqlsh_tests.cqlsh_tests.CqlshSmokeTest", "stderr": null, "errorDetails": null, "skippedMessage": null}, {"skipped": false, "errorStackTrace": null, "duration": 7.022, "name": "unlogged_batch_rejects_counter_mutations_test", "age": 0, "failedSince": 0, "status": "PASSED", "testActions": [], "stdout": null, "className": "batch_test.TestBatch", "stderr": null, "errorDetails": null, "skippedMessage": null}, {"skipped": false, "errorStackTrace": null, "duration": 6.941, "name": "each_statement_in_batch_uses_proper_timestamp_test", "age": 0, "failedSince": 0, "status": "PASSED", "testActions": [], "stdout": null, "className": "batch_test.TestBatch", "stderr": null, "errorDetails": null, "skippedMessage": null}, {"skipped": false, "errorStackTrace": null, "duration": 6.459, "name": "cql3_insert_thrift_test", "age": 0, "failedSince": 0, "status": "FIXED", "testActions": [], "stdout": null, "className": "cql_tests.MiscellaneousCQLTester", "stderr": null, "errorDetails": null, "skippedMessage": null}, {"skipped": false, "errorStackTrace": null, "duration": 7.025, "name": "uda_test", "age": 0, "failedSince": 0, "status": "PASSED", "testActions": [], "stdout": null, "className": "schema_metadata_test.TestSchemaMetadata", "stderr": null, "errorDetails": null, "skippedMessage": null}, {"skipped": false, "errorStackTrace": null, "duration": 435.902, "name": "local_quorum_bootstrap_test", "age": 0, "failedSince": 0, "status": "PASSED", "testActions": [], "stdout": null, "className": "bootstrap_test.TestBootstrap", "stderr": null, "errorDetails": null, "skippedMessage": null}, {"skipped": false, "errorStackTrace": null, "duration": 159.736, "name": "replace_first_boot_test", "age": 0, "failedSince": 0, "status": "PASSED", "testActions": [], "stdout": null, "className": "replace_address_test.TestReplaceAddress", "stderr": null, "errorDetails": null, "skippedMessage": null}, {"skipped": false, "errorStackTrace": null, "duration": 102.012, "name": "test_network_topology_strategy_counters", "age": 0, "failedSince": 0, "status": "PASSED", "testActions": [], "stdout": null, "className": "consistency_test.TestAccuracy", "stderr": null, "errorDetails": null, "skippedMessage": null}, {"skipped": false, "errorStackTrace": null, "duration": 123.331, "name": "create_lots_of_indexes_concurrently_test", "age": 0, "failedSince": 0, "status": "PASSED", "testActions": [], "stdout": null, "className": "concurrent_schema_changes_test.TestConcurrentSchemaChanges", "stderr": null, "errorDetails": null, "skippedMessage": null}, {"skipped": false, "errorStackTrace": null, "duration": 81.898, "name": "sstableloader_compression_snappy_to_deflate_test", "age": 0, "failedSince": 0, "status": "PASSED", "testActions": [], "stdout": null, "className": "sstable_generation_loading_test.TestSSTableGenerationAndLoading", "stderr": null, "errorDetails": null, "skippedMessage": null}, {"skipped": false, "errorStackTrace": null, "duration": 75.295, "name": "test_refresh_schema_on_timeout_error", "age": 0, "failedSince": 0, "status": "PASSED", "testActions": [], "stdout": null, "className": "cqlsh_tests.cqlsh_tests.TestCqlsh", "stderr": null, "errorDetails": null, "skippedMessage": null}, {"skipped": false, "errorStackTrace": null, "duration": 6.177, "name": "test_connect_timeout", "age": 0, "failedSince": 0, "status": "PASSED", "testActions": [], "stdout": null, "className": "cqlsh_tests.cqlsh_tests.TestCqlsh", "stderr": null, "errorDetails": null, "skippedMessage": null}, {"skipped": false, "errorStackTrace": null, "duration": 17.43, "name": "test_login_rejects_bad_pass", "age": 0, "failedSince": 0, "status": "PASSED", "testActions": [], "stdout": "(EE)  <stdin>:2:('Unable to connect to any servers', {'127.0.0.1': AuthenticationFailed(u'Failed to authenticate to 127.0.0.1: code=0100 [Bad credentials] message=\"Username and/or password are incorrect\"',)})(EE)  ", "className": "cqlsh_tests.cqlsh_tests.CqlLoginTest", "stderr": null, "errorDetails": null, "skippedMessage": null}, {"skipped": false, "errorStackTrace": "  File \"/usr/lib/python2.7/unittest/case.py\", line 329, in run\n    testMethod()\n  File \"/home/automaton/cassandra-dtest/cqlsh_tests/cqlsh_copy_tests.py\", line 419, in test_reading_use_header\n    [tuple(r) for r in rows_to_list(result)])\n  File \"/usr/lib/python2.7/unittest/case.py\", line 901, in assertItemsEqual\n    self.fail(msg)\n  File \"/usr/lib/python2.7/unittest/case.py\", line 410, in fail\n    raise self.failureException(msg)\n'Element counts were not equal:\\nFirst has 1, Second has 0:  (1, 20)\\nFirst has 1, Second has 0:  (2, 40)\\nFirst has 1, Second has 0:  (3, 60)\\nFirst has 1, Second has 0:  (4, 80)\\n-------------------- >> begin captured logging << --------------------\\ndtest: DEBUG: cluster ccm directory: /mnt/tmp/dtest-5pn3cD\\n--------------------- >> end captured logging << ---------------------'", "duration": 6.743, "name": "test_reading_use_header", "age": 1, "failedSince": 325, "status": "FAILED", "testActions": [], "stdout": "(EE)  <stdin>:2:(EE)  'QueryMessage' object has no attribute 'to_binary'(EE)  <stdin>:2:Aborting import at record #3. Previously inserted records are still present, and some records after that may be present as well.(EE)  ", "className": "cqlsh_tests.cqlsh_copy_tests.CqlshCopyTest", "stderr": null, "errorDetails": "Element counts were not equal:\nFirst has 1, Second has 0:  (1, 20)\nFirst has 1, Second has 0:  (2, 40)\nFirst has 1, Second has 0:  (3, 60)\nFirst has 1, Second has 0:  (4, 80)\n-------------------- >> begin captured logging << --------------------\ndtest: DEBUG: cluster ccm directory: /mnt/tmp/dtest-5pn3cD\n--------------------- >> end captured logging << ---------------------", "skippedMessage": null}, {"skipped": false, "errorStackTrace": "  File \"/usr/lib/python2.7/unittest/case.py\", line 329, in run\n    testMethod()\n  File \"/home/automaton/cassandra-dtest/cqlsh_tests/cqlsh_copy_tests.py\", line 715, in test_all_datatypes_read\n    self.assertCsvResultEqual(self.tempfile.name, results)\n  File \"/home/automaton/cassandra-dtest/cqlsh_tests/cqlsh_copy_tests.py\", line 167, in assertCsvResultEqual\n    raise e\n\"Element counts were not equal:\\nFirst has 1, Second has 0:  ['ascii', '1099511627776', '0xbeef', 'True', '3.140000000000000124344978758017532527446746826171875', '2.444', '1.1', '127.0.0.1', '25', '\\\\xe3\\\\x83\\\\xbd(\\\\xc2\\\\xb4\\\\xe3\\\\x83\\\\xbc\\\\xef\\\\xbd\\\\x80)\\\\xe3\\\\x83\\\\x8e', '2005-07-14 12:30:00', '186b1e40-7107-11e5-8058-0a93729fcba3', 'bbac7dae-f4e1-4453-aadc-4a74c88803e7', 'asdf', '36893488147419103232']\\n-------------------- >> begin captured logging << --------------------\\ndtest: DEBUG: cluster ccm directory: /mnt/tmp/dtest-hzO6s9\\ndtest: DEBUG: Importing from csv file: /mnt/tmp/tmp68kH4s\\ndtest: WARNING: Different # of entries. CSV: 1 vs results: 0\\n--------------------- >> end captured logging << ---------------------\"", "duration": 6.861, "name": "test_all_datatypes_read", "age": 10, "failedSince": 316, "status": "FAILED", "testActions": [], "stdout": "(EE)  <stdin>:2:(EE)  'QueryMessage' object has no attribute 'to_binary'(EE)  <stdin>:2:Aborting import at record #1. Previously inserted records are still present, and some records after that may be present as well.(EE)  ", "className": "cqlsh_tests.cqlsh_copy_tests.CqlshCopyTest", "stderr": null, "errorDetails": "Element counts were not equal:\nFirst has 1, Second has 0:  ['ascii', '1099511627776', '0xbeef', 'True', '3.140000000000000124344978758017532527446746826171875', '2.444', '1.1', '127.0.0.1', '25', '\\xe3\\x83\\xbd(\\xc2\\xb4\\xe3\\x83\\xbc\\xef\\xbd\\x80)\\xe3\\x83\\x8e', '2005-07-14 12:30:00', '186b1e40-7107-11e5-8058-0a93729fcba3', 'bbac7dae-f4e1-4453-aadc-4a74c88803e7', 'asdf', '36893488147419103232']\n-------------------- >> begin captured logging << --------------------\ndtest: DEBUG: cluster ccm directory: /mnt/tmp/dtest-hzO6s9\ndtest: DEBUG: Importing from csv file: /mnt/tmp/tmp68kH4s\ndtest: WARNING: Different # of entries. CSV: 1 vs results: 0\n--------------------- >> end captured logging << ---------------------", "skippedMessage": null}, {"skipped": false, "errorStackTrace": null, "duration": 6.761, "name": "test_all_datatypes_write", "age": 0, "failedSince": 0, "status": "PASSED", "testActions": [], "stdout": "(EE)  ", "className": "cqlsh_tests.cqlsh_copy_tests.CqlshCopyTest", "stderr": null, "errorDetails": null, "skippedMessage": null}, {"skipped": false, "errorStackTrace": null, "duration": 56.398, "name": "default_compressed_segment_size_test", "age": 0, "failedSince": 0, "status": "PASSED", "testActions": [], "stdout": null, "className": "commitlog_test.TestCommitLog", "stderr": null, "errorDetails": null, "skippedMessage": null}, {"skipped": false, "errorStackTrace": null, "duration": 20.391, "name": "die_failure_policy_test", "age": 0, "failedSince": 0, "status": "PASSED", "testActions": [], "stdout": null, "className": "commitlog_test.TestCommitLog", "stderr": null, "errorDetails": null, "skippedMessage": null}, {"skipped": false, "errorStackTrace": null, "duration": 51.249, "name": "test_6924_dropping_cf", "age": 0, "failedSince": 0, "status": "PASSED", "testActions": [], "stdout": null, "className": "secondary_indexes_test.TestSecondaryIndexes", "stderr": null, "errorDetails": null, "skippedMessage": null}, {"skipped": false, "errorStackTrace": null, "duration": 43.85, "name": "test_paging_across_multi_wide_rows", "age": 0, "failedSince": 0, "status": "PASSED", "testActions": [], "stdout": null, "className": "paging_test.TestPagingData", "stderr": null, "errorDetails": null, "skippedMessage": null}, {"skipped": false, "errorStackTrace": null, "duration": 38.917, "name": "compaction_strategy_switching_test", "age": 0, "failedSince": 0, "status": "PASSED", "testActions": [], "stdout": null, "className": "compaction_test.TestCompaction_with_DateTieredCompactionStrategy", "stderr": null, "errorDetails": null, "skippedMessage": null}, {"skipped": false, "errorStackTrace": null, "duration": 23.755, "name": "disable_autocompaction_nodetool_test", "age": 0, "failedSince": 0, "status": "PASSED", "testActions": [], "stdout": null, "className": "compaction_test.TestCompaction_with_DateTieredCompactionStrategy", "stderr": null, "errorDetails": null, "skippedMessage": null}, {"skipped": false, "errorStackTrace": null, "duration": 32.234, "name": "putget_test", "age": 0, "failedSince": 0, "status": "PASSED", "testActions": [], "stdout": null, "className": "putget_test.TestPutGet", "stderr": null, "errorDetails": null, "skippedMessage": null}, {"skipped": false, "errorStackTrace": null, "duration": 26.015, "name": "non_local_read_test", "age": 0, "failedSince": 0, "status": "PASSED", "testActions": [], "stdout": null, "className": "putget_test.TestPutGet", "stderr": null, "errorDetails": null, "skippedMessage": null}, {"skipped": false, "errorStackTrace": null, "duration": 27.198, "name": "logged_batch_doesnt_throw_uae_test", "age": 0, "failedSince": 0, "status": "PASSED", "testActions": [], "stdout": null, "className": "batch_test.TestBatch", "stderr": null, "errorDetails": null, "skippedMessage": null}, {"skipped": false, "errorStackTrace": null, "duration": 6.876, "name": "logged_batch_rejects_counter_mutations_test", "age": 0, "failedSince": 0, "status": "PASSED", "testActions": [], "stdout": null, "className": "batch_test.TestBatch", "stderr": null, "errorDetails": null, "skippedMessage": null}, {"skipped": false, "errorStackTrace": null, "duration": 26.092, "name": "test_nested_type_dropping", "age": 0, "failedSince": 0, "status": "PASSED", "testActions": [], "stdout": null, "className": "user_types_test.TestUserTypes", "stderr": null, "errorDetails": null, "skippedMessage": null}, {"skipped": false, "errorStackTrace": null, "duration": 18.468, "name": "collection_list_ttl_test", "age": 0, "failedSince": 0, "status": "PASSED", "testActions": [], "stdout": null, "className": "ttl_test.TestTTL", "stderr": null, "errorDetails": null, "skippedMessage": null}, {"skipped": false, "errorStackTrace": null, "duration": 16.345, "name": "update_column_ttl_with_default_ttl_test", "age": 0, "failedSince": 0, "status": "PASSED", "testActions": [], "stdout": null, "className": "ttl_test.TestTTL", "stderr": null, "errorDetails": null, "skippedMessage": null}, {"skipped": false, "errorStackTrace": null, "duration": 13.768, "name": "ghosts_test", "age": 0, "failedSince": 0, "status": "PASSED", "testActions": [], "stdout": null, "className": "range_ghost_test.TestRangeGhosts", "stderr": null, "errorDetails": null, "skippedMessage": null}, {"skipped": false, "errorStackTrace": null, "duration": 9.84, "name": "test_simple_expiration", "age": 0, "failedSince": 0, "status": "PASSED", "testActions": [], "stdout": null, "className": "thrift_tests.TestMutations", "stderr": null, "errorDetails": null, "skippedMessage": null}, {"skipped": false, "errorStackTrace": null, "duration": 8.127, "name": "test_update_expiring", "age": 0, "failedSince": 0, "status": "PASSED", "testActions": [], "stdout": null, "className": "thrift_tests.TestMutations", "stderr": null, "errorDetails": null, "skippedMessage": null}, {"skipped": false, "errorStackTrace": null, "duration": 7.408, "name": "test_system_column_family_operations", "age": 0, "failedSince": 0, "status": "PASSED", "testActions": [], "stdout": null, "className": "thrift_tests.TestMutations", "stderr": null, "errorDetails": null, "skippedMessage": null}, {"skipped": false, "errorStackTrace": null, "duration": 6.967, "name": "test_create_then_drop_ks", "age": 0, "failedSince": 0, "status": "PASSED", "testActions": [], "stdout": null, "className": "thrift_tests.TestMutations", "stderr": null, "errorDetails": null, "skippedMessage": null}, {"skipped": false, "errorStackTrace": null, "duration": 6.661, "name": "test_long_remove", "age": 0, "failedSince": 0, "status": "PASSED", "testActions": [], "stdout": null, "className": "thrift_tests.TestMutations", "stderr": null, "errorDetails": null, "skippedMessage": null}, {"skipped": false, "errorStackTrace": null, "duration": 6.548, "name": "test_super_reinsert", "age": 0, "failedSince": 0, "status": "PASSED", "testActions": [], "stdout": null, "className": "thrift_tests.TestMutations", "stderr": null, "errorDetails": null, "skippedMessage": null}, {"skipped": false, "errorStackTrace": null, "duration": 6.75, "name": "test_range_deletion", "age": 0, "failedSince": 0, "status": "PASSED", "testActions": [], "stdout": null, "className": "thrift_tests.TestMutations", "stderr": null, "errorDetails": null, "skippedMessage": null}, {"skipped": false, "errorStackTrace": null, "duration": 6.639, "name": "test_get_range_slice", "age": 0, "failedSince": 0, "status": "PASSED", "testActions": [], "stdout": null, "className": "thrift_tests.TestMutations", "stderr": null, "errorDetails": null, "skippedMessage": null}, {"skipped": false, "errorStackTrace": null, "duration": 8.215, "name": "basic_data_types_test", "age": 0, "failedSince": 0, "status": "PASSED", "testActions": [], "stdout": null, "className": "json_test.ToJsonSelectTests", "stderr": null, "errorDetails": null, "skippedMessage": null}, {"skipped": false, "errorStackTrace": null, "duration": 6.74, "name": "dropped_index_test", "age": 0, "failedSince": 0, "status": "PASSED", "testActions": [], "stdout": "Number of matching rows: 10\nExecuting prepared statement with dropped index...\ncode=2200 [Invalid query] message=\"No secondary indexes on the restricted columns support the provided operators: \"\n", "className": "prepared_statements_test.TestPreparedStatements", "stderr": null, "errorDetails": null, "skippedMessage": null}, {"skipped": false, "errorStackTrace": null, "duration": 6.798, "name": "creating_and_dropping_user_types_test", "age": 0, "failedSince": 0, "status": "PASSED", "testActions": [], "stdout": null, "className": "schema_metadata_test.TestSchemaMetadata", "stderr": null, "errorDetails": null, "skippedMessage": null}, {"skipped": false, "errorStackTrace": null, "duration": 6.399, "name": "compact_storage_test", "age": 0, "failedSince": 0, "status": "PASSED", "testActions": [], "stdout": null, "className": "schema_metadata_test.TestSchemaMetadata", "stderr": null, "errorDetails": null, "skippedMessage": null}, {"skipped": false, "errorStackTrace": null, "duration": 181.808, "name": "decommissioned_wiped_node_can_join_test", "age": 0, "failedSince": 0, "status": "PASSED", "testActions": [], "stdout": null, "className": "bootstrap_test.TestBootstrap", "stderr": null, "errorDetails": null, "skippedMessage": null}, {"skipped": false, "errorStackTrace": null, "duration": 192.965, "name": "local_dc_repair_test", "age": 0, "failedSince": 0, "status": "PASSED", "testActions": [], "stdout": null, "className": "repair_test.TestRepair", "stderr": null, "errorDetails": null, "skippedMessage": null}, {"skipped": false, "errorStackTrace": null, "duration": 131.638, "name": "empty_vs_gcable_parallel_repair_test", "age": 0, "failedSince": 0, "status": "PASSED", "testActions": [], "stdout": null, "className": "repair_test.TestRepair", "stderr": null, "errorDetails": null, "skippedMessage": null}, {"skipped": false, "errorStackTrace": null, "duration": 135.14, "name": "replace_stopped_node_test", "age": 0, "failedSince": 0, "status": "PASSED", "testActions": [], "stdout": null, "className": "replace_address_test.TestReplaceAddress", "stderr": null, "errorDetails": null, "skippedMessage": null}, {"skipped": false, "errorStackTrace": null, "duration": 83.862, "name": "test_rf_collapse_gossiping_property_file_snitch_multi_dc", "age": 0, "failedSince": 0, "status": "PASSED", "testActions": [], "stdout": null, "className": "replication_test.SnitchConfigurationUpdateTest", "stderr": null, "errorDetails": null, "skippedMessage": null}, {"skipped": false, "errorStackTrace": null, "duration": 76.607, "name": "test_rf_collapse_property_file_snitch", "age": 0, "failedSince": 0, "status": "PASSED", "testActions": [], "stdout": null, "className": "replication_test.SnitchConfigurationUpdateTest", "stderr": null, "errorDetails": null, "skippedMessage": null}, {"skipped": false, "errorStackTrace": null, "duration": 79.405, "name": "test_archive_commitlog", "age": 0, "failedSince": 0, "status": "PASSED", "testActions": [], "stdout": null, "className": "snapshot_test.TestArchiveCommitlog", "stderr": null, "errorDetails": null, "skippedMessage": null}, {"skipped": false, "errorStackTrace": null, "duration": 56.723, "name": "test_query_isolation", "age": 0, "failedSince": 0, "status": "PASSED", "testActions": [], "stdout": null, "className": "paging_test.TestPagingQueryIsolation", "stderr": null, "errorDetails": null, "skippedMessage": null}, {"skipped": false, "errorStackTrace": null, "duration": 41.459, "name": "test_undefined_page_size_default", "age": 0, "failedSince": 0, "status": "PASSED", "testActions": [], "stdout": null, "className": "paging_test.TestPagingSize", "stderr": null, "errorDetails": null, "skippedMessage": null}, {"skipped": false, "errorStackTrace": null, "duration": 25.722, "name": "test_single_cell_deletions", "age": 0, "failedSince": 0, "status": "FIXED", "testActions": [], "stdout": null, "className": "paging_test.TestPagingWithDeletions", "stderr": null, "errorDetails": null, "skippedMessage": null}, {"skipped": false, "errorStackTrace": null, "duration": 24.057, "name": "test_multiple_cell_deletions", "age": 0, "failedSince": 0, "status": "FIXED", "testActions": [], "stdout": null, "className": "paging_test.TestPagingWithDeletions", "stderr": null, "errorDetails": null, "skippedMessage": null}, {"skipped": false, "errorStackTrace": null, "duration": 21.837, "name": "test_with_order_by", "age": 0, "failedSince": 0, "status": "PASSED", "testActions": [], "stdout": null, "className": "paging_test.TestPagingWithModifiers", "stderr": null, "errorDetails": null, "skippedMessage": null}, {"skipped": false, "errorStackTrace": null, "duration": 55.812, "name": "test_counter", "age": 0, "failedSince": 0, "status": "PASSED", "testActions": [], "stdout": null, "className": "write_failures_test.TestWriteFailures", "stderr": null, "errorDetails": null, "skippedMessage": null}, {"skipped": false, "errorStackTrace": null, "duration": 36.384, "name": "login_test", "age": 0, "failedSince": 0, "status": "PASSED", "testActions": [], "stdout": null, "className": "auth_test.TestAuth", "stderr": null, "errorDetails": null, "skippedMessage": null}, {"skipped": false, "errorStackTrace": null, "duration": 17.098, "name": "drop_cf_auth_test", "age": 0, "failedSince": 0, "status": "PASSED", "testActions": [], "stdout": null, "className": "auth_test.TestAuth", "stderr": null, "errorDetails": null, "skippedMessage": null}, {"skipped": false, "errorStackTrace": null, "duration": 16.426, "name": "grant_revoke_validation_test", "age": 0, "failedSince": 0, "status": "PASSED", "testActions": [], "stdout": null, "className": "auth_test.TestAuth", "stderr": null, "errorDetails": null, "skippedMessage": null}, {"skipped": false, "errorStackTrace": null, "duration": 31.18, "name": "putget_snappy_test", "age": 0, "failedSince": 0, "status": "PASSED", "testActions": [], "stdout": null, "className": "putget_test.TestPutGet", "stderr": null, "errorDetails": null, "skippedMessage": null}, {"skipped": false, "errorStackTrace": null, "duration": 26.648, "name": "test_incr_standard_remove", "age": 0, "failedSince": 0, "status": "PASSED", "testActions": [], "stdout": null, "className": "thrift_tests.TestMutations", "stderr": null, "errorDetails": null, "skippedMessage": null}, {"skipped": false, "errorStackTrace": null, "duration": 6.607, "name": "test_incr_decr_standard_muliget_slice", "age": 0, "failedSince": 0, "status": "PASSED", "testActions": [], "stdout": null, "className": "thrift_tests.TestMutations", "stderr": null, "errorDetails": null, "skippedMessage": null}, {"skipped": false, "errorStackTrace": null, "duration": 6.735, "name": "test_range_collation", "age": 0, "failedSince": 0, "status": "PASSED", "testActions": [], "stdout": null, "className": "thrift_tests.TestMutations", "stderr": null, "errorDetails": null, "skippedMessage": null}, {"skipped": false, "errorStackTrace": null, "duration": 6.812, "name": "test_super_insert", "age": 0, "failedSince": 0, "status": "PASSED", "testActions": [], "stdout": null, "className": "thrift_tests.TestMutations", "stderr": null, "errorDetails": null, "skippedMessage": null}, {"skipped": false, "errorStackTrace": null, "duration": 6.549, "name": "test_batch_insert_super_blocking", "age": 0, "failedSince": 0, "status": "PASSED", "testActions": [], "stdout": null, "className": "thrift_tests.TestMutations", "stderr": null, "errorDetails": null, "skippedMessage": null}, {"skipped": false, "errorStackTrace": null, "duration": 20.786, "name": "force_repair_async_2_test", "age": 0, "failedSince": 0, "status": "PASSED", "testActions": [], "stdout": null, "className": "deprecated_repair_test.TestDeprecatedRepairAPI", "stderr": null, "errorDetails": null, "skippedMessage": null}, {"skipped": false, "errorStackTrace": null, "duration": 18.723, "name": "test_standalone_scrub_essential_files_only", "age": 0, "failedSince": 0, "status": "PASSED", "testActions": [], "stdout": null, "className": "scrub_test.TestScrub", "stderr": null, "errorDetails": null, "skippedMessage": null}, {"skipped": false, "errorStackTrace": null, "duration": 12.666, "name": "sstableexpiredblockers_test", "age": 0, "failedSince": 0, "status": "PASSED", "testActions": [], "stdout": null, "className": "offline_tools_test.TestOfflineTools", "stderr": null, "errorDetails": null, "skippedMessage": null}, {"skipped": false, "errorStackTrace": null, "duration": 10.197, "name": "sstable_deletion_test", "age": 0, "failedSince": 0, "status": "PASSED", "testActions": [], "stdout": null, "className": "compaction_test.TestCompaction_with_SizeTieredCompactionStrategy", "stderr": null, "errorDetails": null, "skippedMessage": null}, {"skipped": false, "errorStackTrace": null, "duration": 8.003, "name": "select_using_secondary_index_test", "age": 0, "failedSince": 0, "status": "PASSED", "testActions": [], "stdout": null, "className": "json_test.FromJsonSelectTests", "stderr": null, "errorDetails": null, "skippedMessage": null}, {"skipped": false, "errorStackTrace": null, "duration": 7.751, "name": "tracing_from_system_traces_test", "age": 0, "failedSince": 0, "status": "PASSED", "testActions": [], "stdout": null, "className": "cqlsh_tests.cqlsh_tests.TestCqlsh", "stderr": null, "errorDetails": null, "skippedMessage": null}, {"skipped": false, "errorStackTrace": null, "duration": 7.234, "name": "test_int_values", "age": 0, "failedSince": 0, "status": "PASSED", "testActions": [], "stdout": null, "className": "cqlsh_tests.cqlsh_tests.TestCqlsh", "stderr": null, "errorDetails": null, "skippedMessage": null}, {"skipped": false, "errorStackTrace": null, "duration": 21.881, "name": "test_colon_delimiter", "age": 0, "failedSince": 0, "status": "PASSED", "testActions": [], "stdout": "(EE)  ", "className": "cqlsh_tests.cqlsh_copy_tests.CqlshCopyTest", "stderr": null, "errorDetails": null, "skippedMessage": null}, {"skipped": false, "errorStackTrace": "  File \"/usr/lib/python2.7/unittest/case.py\", line 329, in run\n    testMethod()\n  File \"/home/automaton/cassandra-dtest/cqlsh_tests/cqlsh_copy_tests.py\", line 648, in test_read_invalid_float\n    self.data_validation_on_read_template(2.14, expect_invalid=True)\n  File \"/home/automaton/cassandra-dtest/cqlsh_tests/cqlsh_copy_tests.py\", line 628, in data_validation_on_read_template\n    self.assertRegexpMatches('Bad [Rr]equest', err)\n  File \"/usr/lib/python2.7/unittest/case.py\", line 1002, in assertRegexpMatches\n    raise self.failureException(msg)\n'Regexp didn\\'t match: \"<stdin>:2:\\\\n\\'QueryMessage\\' object has no attribute \\'to_binary\\'\\\\n<stdin>:2:Aborting import at record #1. Previously inserted records are still present, and some records after that may be present as well.\\\\n\" not found in \\'Bad [Rr]equest\\'\\n-------------------- >> begin captured logging << --------------------\\ndtest: DEBUG: cluster ccm directory: /mnt/tmp/dtest-rPoa0K\\n--------------------- >> end captured logging << ---------------------'", "duration": 6.843, "name": "test_read_invalid_float", "age": 1, "failedSince": 325, "status": "FAILED", "testActions": [], "stdout": "(EE)  <stdin>:2:(EE)  'QueryMessage' object has no attribute 'to_binary'(EE)  <stdin>:2:Aborting import at record #1. Previously inserted records are still present, and some records after that may be present as well.(EE)  ", "className": "cqlsh_tests.cqlsh_copy_tests.CqlshCopyTest", "stderr": null, "errorDetails": "Regexp didn't match: \"<stdin>:2:\\n'QueryMessage' object has no attribute 'to_binary'\\n<stdin>:2:Aborting import at record #1. Previously inserted records are still present, and some records after that may be present as well.\\n\" not found in 'Bad [Rr]equest'\n-------------------- >> begin captured logging << --------------------\ndtest: DEBUG: cluster ccm directory: /mnt/tmp/dtest-rPoa0K\n--------------------- >> end captured logging << ---------------------", "skippedMessage": null}, {"skipped": false, "errorStackTrace": null, "duration": 6.958, "name": "test_drop_keyspace", "age": 0, "failedSince": 0, "status": "PASSED", "testActions": [], "stdout": "(EE)  ", "className": "cqlsh_tests.cqlsh_tests.CqlshSmokeTest", "stderr": null, "errorDetails": null, "skippedMessage": null}, {"skipped": false, "errorStackTrace": null, "duration": 6.875, "name": "test_update", "age": 0, "failedSince": 0, "status": "PASSED", "testActions": [], "stdout": "(EE)  ", "className": "cqlsh_tests.cqlsh_tests.CqlshSmokeTest", "stderr": null, "errorDetails": null, "skippedMessage": null}, {"skipped": false, "errorStackTrace": null, "duration": 7.033, "name": "bug3367_test", "age": 0, "failedSince": 0, "status": "PASSED", "testActions": [], "stdout": null, "className": "secondary_indexes_test.TestSecondaryIndexes", "stderr": null, "errorDetails": null, "skippedMessage": null}, {"skipped": false, "errorStackTrace": null, "duration": 6.21, "name": "compact_storage_composite_test", "age": 0, "failedSince": 0, "status": "PASSED", "testActions": [], "stdout": null, "className": "schema_metadata_test.TestSchemaMetadata", "stderr": null, "errorDetails": null, "skippedMessage": null}, {"skipped": false, "errorStackTrace": null, "duration": 6.258, "name": "test_user_type_isolation", "age": 0, "failedSince": 0, "status": "PASSED", "testActions": [], "stdout": null, "className": "user_types_test.TestUserTypes", "stderr": null, "errorDetails": null, "skippedMessage": null}, {"skipped": false, "errorStackTrace": null, "duration": 6.332, "name": "batch_test", "age": 0, "failedSince": 0, "status": "PASSED", "testActions": [], "stdout": null, "className": "cql_tests.StorageProxyCQLTester", "stderr": null, "errorDetails": null, "skippedMessage": null}, {"skipped": false, "errorStackTrace": null, "duration": 6.312, "name": "batch_preparation_test", "age": 0, "failedSince": 0, "status": "PASSED", "testActions": [], "stdout": null, "className": "cql_prepared_test.TestCQL", "stderr": null, "errorDetails": null, "skippedMessage": null}, {"skipped": false, "errorStackTrace": null, "duration": 468.75, "name": "single_file_split_test", "age": 0, "failedSince": 0, "status": "PASSED", "testActions": [], "stdout": "-- la-60-big-Data.db-----\n-- la-12-big-Data.db-----\n-- la-21-big-Data.db-----\n-- la-18-big-Data.db-----\n-- la-28-big-Data.db-----\n-- la-19-big-Data.db-----\n-- la-56-big-Data.db-----\n-- la-15-big-Data.db-----\n-- la-27-big-Data.db-----\n-- la-51-big-Data.db-----\n-- la-62-big-Data.db-----\n-- la-34-big-Data.db-----\n-- la-20-big-Data.db-----\n-- la-13-big-Data.db-----\n-- la-40-big-Data.db-----\n-- la-29-big-Data.db-----\n-- la-43-big-Data.db-----\n-- la-36-big-Data.db-----\n-- la-31-big-Data.db-----\n-- la-\n...[truncated 40 chars]...\n-----\n-- la-16-big-Data.db-----\n-- la-58-big-Data.db-----\n-- la-35-big-Data.db-----\n-- la-37-big-Data.db-----\n-- la-22-big-Data.db-----\n-- la-41-big-Data.db-----\n-- la-30-big-Data.db-----\n-- la-24-big-Data.db-----\n-- la-32-big-Data.db-----\n-- la-46-big-Data.db-----\n-- la-14-big-Data.db-----\n-- la-44-big-Data.db-----\n-- la-33-big-Data.db-----\n-- la-54-big-Data.db-----\n-- la-47-big-Data.db-----\n-- la-17-big-Data.db-----\n-- la-49-big-Data.db-----\n-- la-23-big-Data.db-----\n-- la-26-big-Data.db-----\n", "className": "sstablesplit_test.TestSSTableSplit", "stderr": null, "errorDetails": null, "skippedMessage": null}, {"skipped": false, "errorStackTrace": null, "duration": 128.73, "name": "simple_parallel_repair_test", "age": 0, "failedSince": 0, "status": "PASSED", "testActions": [], "stdout": null, "className": "repair_test.TestRepair", "stderr": null, "errorDetails": null, "skippedMessage": null}, {"skipped": false, "errorStackTrace": null, "duration": 87.698, "name": "test_archive_commitlog_point_in_time_with_active_commitlog", "age": 0, "failedSince": 0, "status": "PASSED", "testActions": [], "stdout": null, "className": "snapshot_test.TestArchiveCommitlog", "stderr": null, "errorDetails": null, "skippedMessage": null}, {"skipped": false, "errorStackTrace": null, "duration": 83.85, "name": "ignore_failure_policy_test", "age": 0, "failedSince": 0, "status": "PASSED", "testActions": [], "stdout": null, "className": "commitlog_test.TestCommitLog", "stderr": null, "errorDetails": null, "skippedMessage": null}, {"skipped": false, "errorStackTrace": null, "duration": 81.127, "name": "stop_commit_failure_policy_test", "age": 0, "failedSince": 0, "status": "PASSED", "testActions": [], "stdout": null, "className": "commitlog_test.TestCommitLog", "stderr": null, "errorDetails": null, "skippedMessage": null}, {"skipped": false, "errorStackTrace": null, "duration": 52.68, "name": "default_segment_size_test", "age": 0, "failedSince": 0, "status": "PASSED", "testActions": [], "stdout": null, "className": "commitlog_test.TestCommitLog", "stderr": null, "errorDetails": null, "skippedMessage": null}, {"skipped": false, "errorStackTrace": null, "duration": 21.417, "name": "stop_failure_policy_test", "age": 0, "failedSince": 0, "status": "PASSED", "testActions": [], "stdout": null, "className": "commitlog_test.TestCommitLog", "stderr": null, "errorDetails": null, "skippedMessage": null}, {"skipped": false, "errorStackTrace": null, "duration": 62.239, "name": "test_6924_dropping_ks", "age": 0, "failedSince": 0, "status": "PASSED", "testActions": [], "stdout": null, "className": "secondary_indexes_test.TestSecondaryIndexes", "stderr": null, "errorDetails": null, "skippedMessage": null}, {"skipped": false, "errorStackTrace": null, "duration": 51.615, "name": "test_simple_strategy", "age": 0, "failedSince": 0, "status": "PASSED", "testActions": [], "stdout": null, "className": "consistency_test.TestAvailability", "stderr": null, "errorDetails": null, "skippedMessage": null}, {"skipped": false, "errorStackTrace": null, "duration": 26.533, "name": "quorum_available_during_failure_test", "age": 0, "failedSince": 0, "status": "PASSED", "testActions": [], "stdout": null, "className": "consistency_test.TestConsistency", "stderr": null, "errorDetails": null, "skippedMessage": null}, {"skipped": false, "errorStackTrace": null, "duration": 42.962, "name": "rangeputget_test", "age": 0, "failedSince": 0, "status": "PASSED", "testActions": [], "stdout": null, "className": "putget_test.TestPutGet", "stderr": null, "errorDetails": null, "skippedMessage": null}, {"skipped": false, "errorStackTrace": null, "duration": 35.232, "name": "delete_insert_search_test", "age": 0, "failedSince": 0, "status": "PASSED", "testActions": [], "stdout": null, "className": "delete_insert_test.DeleteInsertTest", "stderr": null, "errorDetails": null, "skippedMessage": null}, {"skipped": false, "errorStackTrace": null, "duration": 33.498, "name": "test_standalone_scrub", "age": 0, "failedSince": 0, "status": "PASSED", "testActions": [], "stdout": null, "className": "scrub_test.TestScrubIndexes", "stderr": null, "errorDetails": null, "skippedMessage": null}, {"skipped": false, "errorStackTrace": null, "duration": 25.366, "name": "test_single_row_deletions", "age": 0, "failedSince": 0, "status": "FIXED", "testActions": [], "stdout": null, "className": "paging_test.TestPagingWithDeletions", "stderr": null, "errorDetails": null, "skippedMessage": null}, {"skipped": false, "errorStackTrace": null, "duration": 23.665, "name": "udt_test", "age": 0, "failedSince": 0, "status": "PASSED", "testActions": [], "stdout": null, "className": "udtencoding_test.TestUDTEncoding", "stderr": null, "errorDetails": null, "skippedMessage": null}, {"skipped": false, "errorStackTrace": null, "duration": 22.047, "name": "test_type_as_clustering_col", "age": 0, "failedSince": 0, "status": "PASSED", "testActions": [], "stdout": null, "className": "user_types_test.TestUserTypes", "stderr": null, "errorDetails": null, "skippedMessage": null}, {"skipped": false, "errorStackTrace": null, "duration": 5.93, "name": "test_no_counters_in_user_types", "age": 0, "failedSince": 0, "status": "PASSED", "testActions": [], "stdout": null, "className": "user_types_test.TestUserTypes", "stderr": null, "errorDetails": null, "skippedMessage": null}, {"skipped": false, "errorStackTrace": null, "duration": 17.075, "name": "modify_and_select_auth_test", "age": 0, "failedSince": 0, "status": "PASSED", "testActions": [], "stdout": null, "className": "auth_test.TestAuth", "stderr": null, "errorDetails": null, "skippedMessage": null}, {"skipped": false, "errorStackTrace": null, "duration": 17.422, "name": "grant_revoke_cleanup_test", "age": 0, "failedSince": 0, "status": "PASSED", "testActions": [], "stdout": null, "className": "auth_test.TestAuth", "stderr": null, "errorDetails": null, "skippedMessage": null}, {"skipped": false, "errorStackTrace": null, "duration": 16.19, "name": "users_cant_alter_their_superuser_status_test", "age": 0, "failedSince": 0, "status": "PASSED", "testActions": [], "stdout": null, "className": "auth_test.TestAuth", "stderr": null, "errorDetails": null, "skippedMessage": null}, {"skipped": false, "errorStackTrace": null, "duration": 11.102, "name": "gc_test", "age": 0, "failedSince": 0, "status": "PASSED", "testActions": [], "stdout": null, "className": "deletion_test.TestDeletion", "stderr": null, "errorDetails": null, "skippedMessage": null}, {"skipped": false, "errorStackTrace": null, "duration": 10.994, "name": "update_single_column_ttl_test", "age": 0, "failedSince": 0, "status": "PASSED", "testActions": [], "stdout": null, "className": "ttl_test.TestTTL", "stderr": null, "errorDetails": null, "skippedMessage": null}, {"skipped": false, "errorStackTrace": null, "duration": 7.851, "name": "test_float_formatting", "age": 0, "failedSince": 0, "status": "PASSED", "testActions": [], "stdout": null, "className": "cqlsh_tests.cqlsh_tests.TestCqlsh", "stderr": null, "errorDetails": null, "skippedMessage": null}, {"skipped": false, "errorStackTrace": null, "duration": 6.748, "name": "test_with_empty_values", "age": 0, "failedSince": 0, "status": "PASSED", "testActions": [], "stdout": "(EE)  ", "className": "cqlsh_tests.cqlsh_tests.TestCqlsh", "stderr": null, "errorDetails": null, "skippedMessage": null}, {"skipped": false, "errorStackTrace": null, "duration": 6.561, "name": "test_quoted_column_names_writing_dont_specify_names", "age": 0, "failedSince": 0, "status": "PASSED", "testActions": [], "stdout": "(EE)  ", "className": "cqlsh_tests.cqlsh_copy_tests.CqlshCopyTest", "stderr": null, "errorDetails": null, "skippedMessage": null}, {"skipped": false, "errorStackTrace": null, "duration": 6.677, "name": "test_wrong_number_of_columns", "age": 0, "failedSince": 0, "status": "PASSED", "testActions": [], "stdout": "(EE)  <stdin>:2:(EE)  list index out of range(EE)  <stdin>:2:Aborting import at record #1. Previously inserted records are still present, and some records after that may be present as well.(EE)  ", "className": "cqlsh_tests.cqlsh_copy_tests.CqlshCopyTest", "stderr": null, "errorDetails": null, "skippedMessage": null}, {"skipped": false, "errorStackTrace": null, "duration": 6.486, "name": "test_explicit_column_order_writing", "age": 0, "failedSince": 0, "status": "PASSED", "testActions": [], "stdout": "(EE)  ", "className": "cqlsh_tests.cqlsh_copy_tests.CqlshCopyTest", "stderr": null, "errorDetails": null, "skippedMessage": null}, {"skipped": false, "errorStackTrace": null, "duration": 7.463, "name": "basic_data_types_test", "age": 0, "failedSince": 0, "status": "PASSED", "testActions": [], "stdout": null, "className": "json_test.FromJsonInsertTests", "stderr": null, "errorDetails": null, "skippedMessage": null}, {"skipped": false, "errorStackTrace": null, "duration": 6.917, "name": "pkey_requirement_test", "age": 0, "failedSince": 0, "status": "PASSED", "testActions": [], "stdout": null, "className": "json_test.JsonFullRowInsertSelect", "stderr": null, "errorDetails": null, "skippedMessage": null}, {"skipped": false, "errorStackTrace": null, "duration": 6.931, "name": "test_batch_mutate_remove_super_columns_entire_row", "age": 0, "failedSince": 0, "status": "PASSED", "testActions": [], "stdout": null, "className": "thrift_tests.TestMutations", "stderr": null, "errorDetails": null, "skippedMessage": null}, {"skipped": false, "errorStackTrace": null, "duration": 6.819, "name": "test_batch_mutate_remove_super_columns_with_none_given_underneath", "age": 0, "failedSince": 0, "status": "PASSED", "testActions": [], "stdout": null, "className": "thrift_tests.TestMutations", "stderr": null, "errorDetails": null, "skippedMessage": null}, {"skipped": false, "errorStackTrace": null, "duration": 6.42, "name": "test_missing_super", "age": 0, "failedSince": 0, "status": "PASSED", "testActions": [], "stdout": null, "className": "thrift_tests.TestMutations", "stderr": null, "errorDetails": null, "skippedMessage": null}, {"skipped": false, "errorStackTrace": null, "duration": 6.45, "name": "test_get_slice_range", "age": 0, "failedSince": 0, "status": "PASSED", "testActions": [], "stdout": null, "className": "thrift_tests.TestMutations", "stderr": null, "errorDetails": null, "skippedMessage": null}, {"skipped": false, "errorStackTrace": null, "duration": 6.476, "name": "test_batch_mutate_insertions_and_deletions", "age": 0, "failedSince": 0, "status": "PASSED", "testActions": [], "stdout": null, "className": "thrift_tests.TestMutations", "stderr": null, "errorDetails": null, "skippedMessage": null}, {"skipped": false, "errorStackTrace": null, "duration": 6.477, "name": "test_describe_keyspace", "age": 0, "failedSince": 0, "status": "PASSED", "testActions": [], "stdout": null, "className": "thrift_tests.TestMutations", "stderr": null, "errorDetails": null, "skippedMessage": null}, {"skipped": false, "errorStackTrace": null, "duration": 6.75, "name": "only_one_timestamp_is_valid_test", "age": 0, "failedSince": 0, "status": "PASSED", "testActions": [], "stdout": null, "className": "batch_test.TestBatch", "stderr": null, "errorDetails": null, "skippedMessage": null}, {"skipped": false, "errorStackTrace": null, "duration": 6.2, "name": "sc_with_row_cache_test", "age": 0, "failedSince": 0, "status": "PASSED", "testActions": [], "stdout": null, "className": "super_column_cache_test.TestSCCache", "stderr": null, "errorDetails": null, "skippedMessage": null}, {"skipped": false, "errorStackTrace": null, "duration": 2472.647, "name": "cfhistograms_test", "age": 0, "failedSince": 0, "status": "PASSED", "testActions": [], "stdout": null, "className": "jmx_test.TestJMX", "stderr": null, "errorDetails": null, "skippedMessage": null}], "name": "nosetests"}], "passCount": 372, "duration": 16875.523, "failCount": 14}}
