{"baseurl": "http://cassci.datastax.com/job/cassandra-2.2_dtest/327/testReport/api/python", "_data": {"skipCount": 203, "empty": false, "testActions": [], "suites": [{"timestamp": null, "stderr": null, "stdout": null, "id": null, "duration": 16210.268, "cases": [{"skipped": false, "errorStackTrace": null, "duration": 798.743, "name": "netstats_test", "age": 0, "failedSince": 0, "status": "PASSED", "testActions": [], "stdout": null, "className": "jmx_test.TestJMX", "stderr": null, "errorDetails": null, "skippedMessage": null}, {"skipped": false, "errorStackTrace": null, "duration": 70.764, "name": "sstable_marking_test", "age": 0, "failedSince": 0, "status": "PASSED", "testActions": [], "stdout": null, "className": "incremental_repair_test.TestIncRepair", "stderr": null, "errorDetails": null, "skippedMessage": null}, {"skipped": false, "errorStackTrace": null, "duration": 63.627, "name": "test_set_indexes", "age": 0, "failedSince": 0, "status": "PASSED", "testActions": [], "stdout": null, "className": "secondary_indexes_test.TestSecondaryIndexesOnCollections", "stderr": null, "errorDetails": null, "skippedMessage": null}, {"skipped": false, "errorStackTrace": null, "duration": 54.363, "name": "test_mutation_v4", "age": 0, "failedSince": 0, "status": "PASSED", "testActions": [], "stdout": null, "className": "write_failures_test.TestWriteFailures", "stderr": null, "errorDetails": null, "skippedMessage": null}, {"skipped": false, "errorStackTrace": null, "duration": 44.808, "name": "change_durable_writes_test", "age": 0, "failedSince": 0, "status": "PASSED", "testActions": [], "stdout": null, "className": "configuration_test.TestConfiguration", "stderr": null, "errorDetails": null, "skippedMessage": null}, {"skipped": false, "errorStackTrace": null, "duration": 33.488, "name": "putget_with_internode_ssl_test", "age": 0, "failedSince": 0, "status": "PASSED", "testActions": [], "stdout": null, "className": "internode_ssl_test.TestInternodeSSL", "stderr": null, "errorDetails": null, "skippedMessage": null}, {"skipped": false, "errorStackTrace": null, "duration": 33.883, "name": "putget_with_internode_ssl_without_compression_test", "age": 0, "failedSince": 0, "status": "PASSED", "testActions": [], "stdout": null, "className": "internode_ssl_test.TestInternodeSSL", "stderr": null, "errorDetails": null, "skippedMessage": null}, {"skipped": false, "errorStackTrace": null, "duration": 28.201, "name": "short_read_delete_test", "age": 0, "failedSince": 0, "status": "PASSED", "testActions": [], "stdout": null, "className": "consistency_test.TestConsistency", "stderr": null, "errorDetails": null, "skippedMessage": null}, {"skipped": false, "errorStackTrace": null, "duration": 24.898, "name": "ttl_is_replicated_test", "age": 0, "failedSince": 0, "status": "PASSED", "testActions": [], "stdout": null, "className": "ttl_test.TestDistributedTTL", "stderr": null, "errorDetails": null, "skippedMessage": null}, {"skipped": false, "errorStackTrace": null, "duration": 10.251, "name": "update_multiple_columns_ttl_test", "age": 0, "failedSince": 0, "status": "PASSED", "testActions": [], "stdout": null, "className": "ttl_test.TestTTL", "stderr": null, "errorDetails": null, "skippedMessage": null}, {"skipped": false, "errorStackTrace": "  File \"/usr/lib/python2.7/unittest/case.py\", line 329, in run\n    testMethod()\n  File \"/home/automaton/cassandra-dtest/tools.py\", line 253, in wrapped\n    f(obj)\n  File \"/home/automaton/cassandra-dtest/pushed_notifications_test.py\", line 311, in tombstone_failure_threshold_message_test\n    read_failure_query()\n  File \"/usr/local/lib/python2.7/dist-packages/nose/tools/nontrivial.py\", line 97, in newfunc\n    result = func(*arg, **kw)\n  File \"/home/automaton/cassandra-dtest/pushed_notifications_test.py\", line 308, in read_failure_query\n    expected=ReadTimeout if self.cluster.version() < '3' else ReadFailure,\n  File \"/home/automaton/cassandra-dtest/assertions.py\", line 23, in assert_invalid\n    res = session.execute(query)\n  File \"cassandra/cluster.py\", line 1623, in cassandra.cluster.Session.execute (cassandra/cluster.c:27566)\n    result = future.result()\n  File \"cassandra/cluster.py\", line 3205, in cassandra.cluster.ResponseFuture.result (cassandra/cluster.c:61306)\n    raise self._final_exception\n'code=1300 [Replica(s) failed to execute read] message=\"Operation failed - received 0 responses and 1 failures\" info={\\'failures\\': 1, \\'received_responses\\': 0, \\'required_responses\\': 3, \\'consistency\\': \\'ALL\\'}\\n-------------------- >> begin captured logging << --------------------\\ndtest: DEBUG: cluster ccm directory: /mnt/tmp/dtest-2AjQWS\\n--------------------- >> end captured logging << ---------------------'", "duration": 24.703, "name": "tombstone_failure_threshold_message_test", "age": 26, "failedSince": 302, "status": "FAILED", "testActions": [], "stdout": null, "className": "pushed_notifications_test.TestVariousNotifications", "stderr": null, "errorDetails": "code=1300 [Replica(s) failed to execute read] message=\"Operation failed - received 0 responses and 1 failures\" info={'failures': 1, 'received_responses': 0, 'required_responses': 3, 'consistency': 'ALL'}\n-------------------- >> begin captured logging << --------------------\ndtest: DEBUG: cluster ccm directory: /mnt/tmp/dtest-2AjQWS\n--------------------- >> end captured logging << ---------------------", "skippedMessage": null}, {"skipped": false, "errorStackTrace": null, "duration": 23.16, "name": "disable_autocompaction_alter_test", "age": 0, "failedSince": 0, "status": "PASSED", "testActions": [], "stdout": null, "className": "compaction_test.TestCompaction_with_LeveledCompactionStrategy", "stderr": null, "errorDetails": null, "skippedMessage": null}, {"skipped": false, "errorStackTrace": null, "duration": 21.033, "name": "force_repair_range_async_2_test", "age": 0, "failedSince": 0, "status": "PASSED", "testActions": [], "stdout": null, "className": "deprecated_repair_test.TestDeprecatedRepairAPI", "stderr": null, "errorDetails": null, "skippedMessage": null}, {"skipped": false, "errorStackTrace": null, "duration": 19.569, "name": "force_repair_range_async_3_test", "age": 0, "failedSince": 0, "status": "PASSED", "testActions": [], "stdout": null, "className": "deprecated_repair_test.TestDeprecatedRepairAPI", "stderr": null, "errorDetails": null, "skippedMessage": null}, {"skipped": false, "errorStackTrace": null, "duration": 17.851, "name": "alter_ks_auth_test", "age": 0, "failedSince": 0, "status": "PASSED", "testActions": [], "stdout": null, "className": "auth_test.TestAuth", "stderr": null, "errorDetails": null, "skippedMessage": null}, {"skipped": false, "errorStackTrace": null, "duration": 16.915, "name": "create_ks_auth_test", "age": 0, "failedSince": 0, "status": "PASSED", "testActions": [], "stdout": null, "className": "auth_test.TestAuth", "stderr": null, "errorDetails": null, "skippedMessage": null}, {"skipped": false, "errorStackTrace": null, "duration": 12.327, "name": "test_commitlog_replay_on_startup", "age": 0, "failedSince": 0, "status": "PASSED", "testActions": [], "stdout": null, "className": "commitlog_test.TestCommitLog", "stderr": null, "errorDetails": null, "skippedMessage": null}, {"skipped": false, "errorStackTrace": null, "duration": 7.175, "name": "test_past_and_future_dates", "age": 0, "failedSince": 0, "status": "PASSED", "testActions": [], "stdout": "(EE)  ", "className": "cqlsh_tests.cqlsh_tests.TestCqlsh", "stderr": null, "errorDetails": null, "skippedMessage": null}, {"skipped": false, "errorStackTrace": "  File \"/usr/lib/python2.7/unittest/case.py\", line 329, in run\n    testMethod()\n  File \"/home/automaton/cassandra-dtest/cqlsh_tests/cqlsh_copy_tests.py\", line 641, in test_read_valid_data\n    self.data_validation_on_read_template(2, expect_invalid=False)\n  File \"/home/automaton/cassandra-dtest/cqlsh_tests/cqlsh_copy_tests.py\", line 631, in data_validation_on_read_template\n    self.assertFalse(err)\n  File \"/usr/lib/python2.7/unittest/case.py\", line 416, in assertFalse\n    raise self.failureException(msg)\n'\"<stdin>:2:\\\\n\\'QueryMessage\\' object has no attribute \\'to_binary\\'\\\\n<stdin>:2:Aborting import at record #1. Previously inserted records are still present, and some records after that may be present as well.\\\\n\" is not false\\n-------------------- >> begin captured logging << --------------------\\ndtest: DEBUG: cluster ccm directory: /mnt/tmp/dtest-fMxKJd\\n--------------------- >> end captured logging << ---------------------'", "duration": 7.069, "name": "test_read_valid_data", "age": 12, "failedSince": 316, "status": "FAILED", "testActions": [], "stdout": "(EE)  <stdin>:2:(EE)  'QueryMessage' object has no attribute 'to_binary'(EE)  <stdin>:2:Aborting import at record #1. Previously inserted records are still present, and some records after that may be present as well.(EE)  ", "className": "cqlsh_tests.cqlsh_copy_tests.CqlshCopyTest", "stderr": null, "errorDetails": "\"<stdin>:2:\\n'QueryMessage' object has no attribute 'to_binary'\\n<stdin>:2:Aborting import at record #1. Previously inserted records are still present, and some records after that may be present as well.\\n\" is not false\n-------------------- >> begin captured logging << --------------------\ndtest: DEBUG: cluster ccm directory: /mnt/tmp/dtest-fMxKJd\n--------------------- >> end captured logging << ---------------------", "skippedMessage": null}, {"skipped": false, "errorStackTrace": null, "duration": 6.982, "name": "test_select", "age": 0, "failedSince": 0, "status": "PASSED", "testActions": [], "stdout": "(EE)  ", "className": "cqlsh_tests.cqlsh_tests.CqlshSmokeTest", "stderr": null, "errorDetails": null, "skippedMessage": null}, {"skipped": false, "errorStackTrace": null, "duration": 8.005, "name": "test_dynamic_indexes_with_system_update_cf", "age": 0, "failedSince": 0, "status": "PASSED", "testActions": [], "stdout": null, "className": "thrift_tests.TestMutations", "stderr": null, "errorDetails": null, "skippedMessage": null}, {"skipped": false, "errorStackTrace": null, "duration": 6.689, "name": "test_cf_remove_column", "age": 0, "failedSince": 0, "status": "PASSED", "testActions": [], "stdout": null, "className": "thrift_tests.TestMutations", "stderr": null, "errorDetails": null, "skippedMessage": null}, {"skipped": false, "errorStackTrace": null, "duration": 6.676, "name": "test_insert_ttl", "age": 0, "failedSince": 0, "status": "PASSED", "testActions": [], "stdout": null, "className": "thrift_tests.TestMutations", "stderr": null, "errorDetails": null, "skippedMessage": null}, {"skipped": false, "errorStackTrace": null, "duration": 7.171, "name": "test_system_keyspace_operations", "age": 0, "failedSince": 0, "status": "PASSED", "testActions": [], "stdout": null, "className": "thrift_tests.TestMutations", "stderr": null, "errorDetails": null, "skippedMessage": null}, {"skipped": false, "errorStackTrace": null, "duration": 6.658, "name": "test_super_cf_resurrect_subcolumn", "age": 0, "failedSince": 0, "status": "PASSED", "testActions": [], "stdout": null, "className": "thrift_tests.TestMutations", "stderr": null, "errorDetails": null, "skippedMessage": null}, {"skipped": false, "errorStackTrace": null, "duration": 6.772, "name": "test_column_name_lengths", "age": 0, "failedSince": 0, "status": "PASSED", "testActions": [], "stdout": null, "className": "thrift_tests.TestMutations", "stderr": null, "errorDetails": null, "skippedMessage": null}, {"skipped": false, "errorStackTrace": null, "duration": 6.698, "name": "test_describe", "age": 0, "failedSince": 0, "status": "PASSED", "testActions": [], "stdout": null, "className": "thrift_tests.TestMutations", "stderr": null, "errorDetails": null, "skippedMessage": null}, {"skipped": false, "errorStackTrace": null, "duration": 7.627, "name": "null_value_test", "age": 0, "failedSince": 0, "status": "PASSED", "testActions": [], "stdout": null, "className": "json_test.JsonFullRowInsertSelect", "stderr": null, "errorDetails": null, "skippedMessage": null}, {"skipped": false, "errorStackTrace": null, "duration": 7.134, "name": "batch_uses_proper_timestamp_test", "age": 0, "failedSince": 0, "status": "PASSED", "testActions": [], "stdout": null, "className": "batch_test.TestBatch", "stderr": null, "errorDetails": null, "skippedMessage": null}, {"skipped": false, "errorStackTrace": null, "duration": 6.936, "name": "prepared_statement_invalidation_test", "age": 0, "failedSince": 0, "status": "PASSED", "testActions": [], "stdout": null, "className": "cql_tests.MiscellaneousCQLTester", "stderr": null, "errorDetails": null, "skippedMessage": null}, {"skipped": false, "errorStackTrace": null, "duration": 6.696, "name": "creating_and_dropping_keyspace_test", "age": 0, "failedSince": 0, "status": "PASSED", "testActions": [], "stdout": null, "className": "schema_metadata_test.TestSchemaMetadata", "stderr": null, "errorDetails": null, "skippedMessage": null}, {"skipped": false, "errorStackTrace": null, "duration": 6.324, "name": "validate_empty_column_name_test", "age": 0, "failedSince": 0, "status": "PASSED", "testActions": [], "stdout": null, "className": "counter_tests.TestCounters", "stderr": null, "errorDetails": null, "skippedMessage": null}, {"skipped": false, "errorStackTrace": "  File \"/usr/lib/python2.7/unittest/case.py\", line 329, in run\n    testMethod()\n  File \"/home/automaton/cassandra-dtest/native_transport_ssl_test.py\", line 64, in use_custom_ssl_port_test\n    cluster.start()\n  File \"/home/automaton/ccm/ccmlib/cluster.py\", line 294, in start\n    raise NodeError(\"Error starting {0}.\".format(node.name), p)\n'Error starting node1.\\n-------------------- >> begin captured logging << --------------------\\ndtest: DEBUG: cluster ccm directory: /mnt/tmp/dtest-arai1u\\ndtest: DEBUG: generating keystore.jks in [/mnt/tmp/dtest-arai1u]\\ndtest: DEBUG: exporting cert from keystore.jks in [/mnt/tmp/dtest-arai1u]\\ndtest: DEBUG: importing cert into truststore.jks in [/mnt/tmp/dtest-arai1u]\\n--------------------- >> end captured logging << ---------------------'", "duration": 2.589, "name": "use_custom_ssl_port_test", "age": 52, "failedSince": 276, "status": "FAILED", "testActions": [], "stdout": "[node1 ERROR] org.apache.cassandra.exceptions.ConfigurationException: Invalid yaml. Please remove properties [native_transport_port_ssl] from your cassandra.yaml\n\tat org.apache.cassandra.config.YamlConfigurationLoader$MissingPropertiesChecker.check(YamlConfigurationLoader.java:162)\n\tat org.apache.cassandra.config.YamlConfigurationLoader.loadConfig(YamlConfigurationLoader.java:115)\n\tat org.apache.cassandra.config.YamlConfigurationLoader.loadConfig(YamlConfigurationLoader.java:85)\n\tat org.apache.cassandra.config.DatabaseDescriptor.loadConfig(DatabaseDescriptor.java:135)\n\tat org.apache.cassandra.config.DatabaseDescriptor.<clinit>(DatabaseDescriptor.java:119)\n\tat org.apache.cassandra.service.CassandraDaemon.activate(CassandraDaemon.java:488)\n\tat org.apache.cassandra.service.CassandraDaemon.main(CassandraDaemon.java:622)\n", "className": "native_transport_ssl_test.NativeTransportSSL", "stderr": null, "errorDetails": "Error starting node1.\n-------------------- >> begin captured logging << --------------------\ndtest: DEBUG: cluster ccm directory: /mnt/tmp/dtest-arai1u\ndtest: DEBUG: generating keystore.jks in [/mnt/tmp/dtest-arai1u]\ndtest: DEBUG: exporting cert from keystore.jks in [/mnt/tmp/dtest-arai1u]\ndtest: DEBUG: importing cert into truststore.jks in [/mnt/tmp/dtest-arai1u]\n--------------------- >> end captured logging << ---------------------", "skippedMessage": null}, {"skipped": false, "errorStackTrace": "  File \"/usr/lib/python2.7/unittest/case.py\", line 358, in run\n    self.tearDown()\n  File \"/home/automaton/cassandra-dtest/dtest.py\", line 549, in tearDown\n    raise AssertionError('Unexpected error in %s node log: %s' % (node.name, errors))\n\"Unexpected error in node1 node log: ['ERROR [main] 2015-10-13 09:22:34,412 CassandraDaemon.java:635 - Exception encountered during startup org.apache.cassandra.exceptions.ConfigurationException: Invalid yaml. Please remove properties [native_transport_port_ssl] from your cassandra.yaml \\\\tat org.apache.cassandra.config.YamlConfigurationLoader$MissingPropertiesChecker.check(YamlConfigurationLoader.java:162) ~[main/:na] \\\\tat org.apache.cassandra.config.YamlConfigurationLoader.loadConfig(YamlConfigurationLoader.java:115) ~[main/:na] \\\\tat org.apache.cassandra.config.YamlConfigurationLoader.loadConfig(YamlConfigurationLoader.java:85) ~[main/:na] \\\\tat org.apache.cassandra.config.DatabaseDescriptor.loadConfig(DatabaseDescriptor.java:135) ~[main/:na] \\\\tat org.apache.cassandra.config.DatabaseDescriptor.<clinit>(DatabaseDescriptor.java:119) ~[main/:na] \\\\tat org.apache.cassandra.service.CassandraDaemon.activate(CassandraDaemon.java:488) [main/:na] \\\\tat org.apache.cassandra.service.CassandraDaemon.main(CassandraDaemon.java:622) [main/:na]']\\n-------------------- >> begin captured logging << --------------------\\ndtest: DEBUG: cluster ccm directory: /mnt/tmp/dtest-arai1u\\ndtest: DEBUG: generating keystore.jks in [/mnt/tmp/dtest-arai1u]\\ndtest: DEBUG: exporting cert from keystore.jks in [/mnt/tmp/dtest-arai1u]\\ndtest: DEBUG: importing cert into truststore.jks in [/mnt/tmp/dtest-arai1u]\\ndtest: DEBUG: removing ccm cluster test at: /mnt/tmp/dtest-arai1u\\ndtest: DEBUG: clearing ssl stores from [/mnt/tmp/dtest-arai1u] directory\\n--------------------- >> end captured logging << ---------------------\"", "duration": 2.592, "name": "use_custom_ssl_port_test", "age": 52, "failedSince": 276, "status": "FAILED", "testActions": [], "stdout": "[node1 ERROR] org.apache.cassandra.exceptions.ConfigurationException: Invalid yaml. Please remove properties [native_transport_port_ssl] from your cassandra.yaml\n\tat org.apache.cassandra.config.YamlConfigurationLoader$MissingPropertiesChecker.check(YamlConfigurationLoader.java:162)\n\tat org.apache.cassandra.config.YamlConfigurationLoader.loadConfig(YamlConfigurationLoader.java:115)\n\tat org.apache.cassandra.config.YamlConfigurationLoader.loadConfig(YamlConfigurationLoader.java:85)\n\tat org.apache.cassandra.config.DatabaseDescriptor.loadConfig(DatabaseDescriptor.java:135)\n\tat org.apache.cassandra.config.DatabaseDescriptor.<clinit>(DatabaseDescriptor.java:119)\n\tat org.apache.cassandra.service.CassandraDaemon.activate(CassandraDaemon.java:488)\n\tat org.apache.cassandra.service.CassandraDaemon.main(CassandraDaemon.java:622)\n", "className": "native_transport_ssl_test.NativeTransportSSL", "stderr": null, "errorDetails": "Unexpected error in node1 node log: ['ERROR [main] 2015-10-13 09:22:34,412 CassandraDaemon.java:635 - Exception encountered during startup org.apache.cassandra.exceptions.ConfigurationException: Invalid yaml. Please remove properties [native_transport_port_ssl] from your cassandra.yaml \\tat org.apache.cassandra.config.YamlConfigurationLoader$MissingPropertiesChecker.check(YamlConfigurationLoader.java:162) ~[main/:na] \\tat org.apache.cassandra.config.YamlConfigurationLoader.loadConfig(YamlConfigurationLoader.java:115) ~[main/:na] \\tat org.apache.cassandra.config.YamlConfigurationLoader.loadConfig(YamlConfigurationLoader.java:85) ~[main/:na] \\tat org.apache.cassandra.config.DatabaseDescriptor.loadConfig(DatabaseDescriptor.java:135) ~[main/:na] \\tat org.apache.cassandra.config.DatabaseDescriptor.<clinit>(DatabaseDescriptor.java:119) ~[main/:na] \\tat org.apache.cassandra.service.CassandraDaemon.activate(CassandraDaemon.java:488) [main/:na] \\tat org.apache.cassandra.service.CassandraDaemon.main(CassandraDaemon.java:622) [main/:na]']\n-------------------- >> begin captured logging << --------------------\ndtest: DEBUG: cluster ccm directory: /mnt/tmp/dtest-arai1u\ndtest: DEBUG: generating keystore.jks in [/mnt/tmp/dtest-arai1u]\ndtest: DEBUG: exporting cert from keystore.jks in [/mnt/tmp/dtest-arai1u]\ndtest: DEBUG: importing cert into truststore.jks in [/mnt/tmp/dtest-arai1u]\ndtest: DEBUG: removing ccm cluster test at: /mnt/tmp/dtest-arai1u\ndtest: DEBUG: clearing ssl stores from [/mnt/tmp/dtest-arai1u] directory\n--------------------- >> end captured logging << ---------------------", "skippedMessage": null}, {"skipped": true, "errorStackTrace": null, "duration": 0.056, "name": "limit_multiget_test", "age": 51, "failedSince": 277, "status": "SKIPPED", "testActions": [], "stdout": null, "className": "deprecated_cql_tests.TestCQL", "stderr": null, "errorDetails": null, "skippedMessage": "2.2.3 > 2.0.x"}, {"skipped": true, "errorStackTrace": null, "duration": 0.105, "name": "reversed_compact_test", "age": 10, "failedSince": 318, "status": "SKIPPED", "testActions": [], "stdout": null, "className": "deprecated_cql_tests.TestCQL", "stderr": null, "errorDetails": null, "skippedMessage": "2.2.3 > 2.0.x"}, {"skipped": true, "errorStackTrace": null, "duration": 0.105, "name": "bug_6069_test", "age": 10, "failedSince": 318, "status": "SKIPPED", "testActions": [], "stdout": null, "className": "deprecated_cql_tests.TestCQL", "stderr": null, "errorDetails": null, "skippedMessage": "2.2.3 > 2.0.x"}, {"skipped": true, "errorStackTrace": null, "duration": 0.104, "name": "count_test", "age": 10, "failedSince": 318, "status": "SKIPPED", "testActions": [], "stdout": null, "className": "deprecated_cql_tests.TestCQL", "stderr": null, "errorDetails": null, "skippedMessage": "2.2.3 > 2.0.x"}, {"skipped": true, "errorStackTrace": null, "duration": 0.105, "name": "collection_flush_test", "age": 51, "failedSince": 277, "status": "SKIPPED", "testActions": [], "stdout": null, "className": "deprecated_cql_tests.TestCQL", "stderr": null, "errorDetails": null, "skippedMessage": "2.2.3 > 2.0.x"}, {"skipped": true, "errorStackTrace": null, "duration": 0.104, "name": "negative_timestamp_test", "age": 52, "failedSince": 276, "status": "SKIPPED", "testActions": [], "stdout": null, "className": "deprecated_cql_tests.TestCQL", "stderr": null, "errorDetails": null, "skippedMessage": "2.2.3 > 2.0.x"}, {"skipped": true, "errorStackTrace": null, "duration": 0.105, "name": "conditional_update_test", "age": 10, "failedSince": 318, "status": "SKIPPED", "testActions": [], "stdout": null, "className": "deprecated_cql_tests.TestCQL", "stderr": null, "errorDetails": null, "skippedMessage": "2.2.3 > 2.0.x"}, {"skipped": true, "errorStackTrace": null, "duration": 0.104, "name": "range_slice_test", "age": 3, "failedSince": 325, "status": "SKIPPED", "testActions": [], "stdout": null, "className": "deprecated_cql_tests.TestCQL", "stderr": null, "errorDetails": null, "skippedMessage": "2.2.3 > 2.0.x"}, {"skipped": true, "errorStackTrace": null, "duration": 0.054, "name": "range_query_test", "age": 51, "failedSince": 277, "status": "SKIPPED", "testActions": [], "stdout": null, "className": "upgrade_tests.cql_tests.TestCQL", "stderr": null, "errorDetails": null, "skippedMessage": "2.2.3 < 3.0"}, {"skipped": true, "errorStackTrace": null, "duration": 0.103, "name": "timestamp_and_ttl_test", "age": 52, "failedSince": 276, "status": "SKIPPED", "testActions": [], "stdout": null, "className": "upgrade_tests.cql_tests.TestCQL", "stderr": null, "errorDetails": null, "skippedMessage": "2.2.3 < 3.0"}, {"skipped": true, "errorStackTrace": null, "duration": 0.103, "name": "composite_index_collections_test", "age": 51, "failedSince": 277, "status": "SKIPPED", "testActions": [], "stdout": null, "className": "upgrade_tests.cql_tests.TestCQL", "stderr": null, "errorDetails": null, "skippedMessage": "2.2.3 < 3.0"}, {"skipped": true, "errorStackTrace": null, "duration": 0.103, "name": "multi_in_compact_test", "age": 10, "failedSince": 318, "status": "SKIPPED", "testActions": [], "stdout": null, "className": "upgrade_tests.cql_tests.TestCQL", "stderr": null, "errorDetails": null, "skippedMessage": "2.2.3 < 3.0"}, {"skipped": true, "errorStackTrace": null, "duration": 0.103, "name": "bug_6050_test", "age": 51, "failedSince": 277, "status": "SKIPPED", "testActions": [], "stdout": null, "className": "upgrade_tests.cql_tests.TestCQL", "stderr": null, "errorDetails": null, "skippedMessage": "2.2.3 < 3.0"}, {"skipped": true, "errorStackTrace": null, "duration": 0.103, "name": "select_distinct_test", "age": 51, "failedSince": 277, "status": "SKIPPED", "testActions": [], "stdout": null, "className": "upgrade_tests.cql_tests.TestCQL", "stderr": null, "errorDetails": null, "skippedMessage": "2.2.3 < 3.0"}, {"skipped": true, "errorStackTrace": null, "duration": 0.104, "name": "composite_row_key_test", "age": 3, "failedSince": 325, "status": "SKIPPED", "testActions": [], "stdout": null, "className": "upgrade_tests.cql_tests.TestCQL", "stderr": null, "errorDetails": null, "skippedMessage": "2.2.3 < 3.0"}, {"skipped": true, "errorStackTrace": null, "duration": 0.054, "name": "test_single_row_deletions", "age": 1, "failedSince": 327, "status": "SKIPPED", "testActions": [], "stdout": null, "className": "upgrade_tests.paging_test.TestPagingWithDeletions", "stderr": null, "errorDetails": null, "skippedMessage": "2.2.3 < 3.0"}, {"skipped": true, "errorStackTrace": null, "duration": 0.054, "name": "simple_repair_test", "age": 3, "failedSince": 325, "status": "SKIPPED", "testActions": [], "stdout": null, "className": "materialized_views_test.TestMaterializedViews", "stderr": null, "errorDetails": null, "skippedMessage": "2.2.3 < 3.0"}, {"skipped": true, "errorStackTrace": null, "duration": 0.104, "name": "ttl_test", "age": 3, "failedSince": 325, "status": "SKIPPED", "testActions": [], "stdout": null, "className": "materialized_views_test.TestMaterializedViews", "stderr": null, "errorDetails": null, "skippedMessage": "2.2.3 < 3.0"}, {"skipped": false, "errorStackTrace": "  File \"/usr/lib/python2.7/unittest/case.py\", line 329, in run\n    testMethod()\n  File \"/home/automaton/cassandra-dtest/concurrent_schema_changes_test.py\", line 353, in create_lots_of_schema_churn_with_node_down_test\n    self._verify_lots_of_schema_actions(session)\n  File \"/home/automaton/cassandra-dtest/concurrent_schema_changes_test.py\", line 318, in _verify_lots_of_schema_actions\n    self.assertTrue(0 == len(errors), \"\\n\".join(errors))\n  File \"/usr/lib/python2.7/unittest/case.py\", line 422, in assertTrue\n    raise self.failureException(msg)\n\"alter_me_12 column[s3] does not start with c and should have been dropped: [u'c1', u'c2', u'c3', u'c4', u'c5', u'c6', u'c7', u'id', u's3']\\nalter_me_12 expected c1 -> c7, id, got: [u'c1', u'c2', u'c3', u'c4', u'c5', u'c6', u'c7', u'id', u's3']\\nalter_me_18 expected c1 -> c7, id, got: [u'c1', u'c2', u'c3', u'c5', u'c6', u'c7', u'id']\\n-------------------- >> begin captured logging << --------------------\\ndtest: DEBUG: Using jna.jar in CASSANDRA_DIR/lib..\\ndtest: DEBUG: cluster ccm directory: /mnt/tmp/dtest-2XqDPd\\ncassandra.cluster: WARNING: Host 127.0.0.2 has been marked down\\ncassandra.pool: WARNING: Error attempting to reconnect to 127.0.0.2, scheduling retry in 2.0 seconds: [Errno 111] Tried connecting to [('127.0.0.2', 9042)]. Last error: Connection refused\\ncassandra.pool: WARNING: Error attempting to reconnect to 127.0.0.2, scheduling retry in 4.0 seconds: [Errno 111] Tried connecting to [('127.0.0.2', 9042)]. Last error: Connection refused\\ncassandra.pool: WARNING: Error attempting to reconnect to 127.0.0.2, scheduling retry in 8.0 seconds: [Errno 111] Tried connecting to [('127.0.0.2', 9042)]. Last error: Connection refused\\ncassandra.pool: WARNING: Error attempting to reconnect to 127.0.0.2, scheduling retry in 16.0 seconds: [Errno 111] Tried connecting to [('127.0.0.2', 9042)]. Last error: Connection refused\\ncassandra.pool: WARNING: Error attempting to reconnect to 127.0.0.2, scheduling retry in 32.0 seconds: [Errno 111] Tried connecting to [('127.0.0.2', 9042)]. Last error: Connection refused\\ncassandra.cluster: WARNING: Node 127.0.0.3 is reporting a schema disagreement: {UUID('3e7fa85b-1e46-3b90-8043-0ba90c3b3d04'): ['127.0.0.3'], UUID('bb4848fc-a569-3d20-b0fd-e30642bc4286'): ['127.0.0.1']}\\ncassandra.pool: WARNING: Error attempting to reconnect to 127.0.0.2, scheduling retry in 64.0 seconds: [Errno 111] Tried connecting to [('127.0.0.2', 9042)]. Last error: Connection refused\\ncassandra.pool: WARNING: Error attempting to reconnect to 127.0.0.2, scheduling retry in 128.0 seconds: [Errno 111] Tried connecting to [('127.0.0.2', 9042)]. Last error: Connection refused\\ndtest: DEBUG: waiting for things to settle and sync\\ndtest: DEBUG: validate_schema_consistent() node1\\ndtest: DEBUG: validate_schema_consistent() node2\\ndtest: DEBUG: validate_schema_consistent() node3\\n--------------------- >> end captured logging << ---------------------\"", "duration": 296.539, "name": "create_lots_of_schema_churn_with_node_down_test", "age": 3, "failedSince": 325, "status": "FAILED", "testActions": [], "stdout": null, "className": "concurrent_schema_changes_test.TestConcurrentSchemaChanges", "stderr": null, "errorDetails": "alter_me_12 column[s3] does not start with c and should have been dropped: [u'c1', u'c2', u'c3', u'c4', u'c5', u'c6', u'c7', u'id', u's3']\nalter_me_12 expected c1 -> c7, id, got: [u'c1', u'c2', u'c3', u'c4', u'c5', u'c6', u'c7', u'id', u's3']\nalter_me_18 expected c1 -> c7, id, got: [u'c1', u'c2', u'c3', u'c5', u'c6', u'c7', u'id']\n-------------------- >> begin captured logging << --------------------\ndtest: DEBUG: Using jna.jar in CASSANDRA_DIR/lib..\ndtest: DEBUG: cluster ccm directory: /mnt/tmp/dtest-2XqDPd\ncassandra.cluster: WARNING: Host 127.0.0.2 has been marked down\ncassandra.pool: WARNING: Error attempting to reconnect to 127.0.0.2, scheduling retry in 2.0 seconds: [Errno 111] Tried connecting to [('127.0.0.2', 9042)]. Last error: Connection refused\ncassandra.pool: WARNING: Error attempting to reconnect to 127.0.0.2, scheduling retry in 4.0 seconds: [Errno 111] Tried connecting to [('127.0.0.2', 9042)]. Last error: Connection refused\ncassandra.pool: WARNING: Error attempting to reconnect to 127.0.0.2, scheduling retry in 8.0 seconds: [Errno 111] Tried connecting to [('127.0.0.2', 9042)]. Last error: Connection refused\ncassandra.pool: WARNING: Error attempting to reconnect to 127.0.0.2, scheduling retry in 16.0 seconds: [Errno 111] Tried connecting to [('127.0.0.2', 9042)]. Last error: Connection refused\ncassandra.pool: WARNING: Error attempting to reconnect to 127.0.0.2, scheduling retry in 32.0 seconds: [Errno 111] Tried connecting to [('127.0.0.2', 9042)]. Last error: Connection refused\ncassandra.cluster: WARNING: Node 127.0.0.3 is reporting a schema disagreement: {UUID('3e7fa85b-1e46-3b90-8043-0ba90c3b3d04'): ['127.0.0.3'], UUID('bb4848fc-a569-3d20-b0fd-e30642bc4286'): ['127.0.0.1']}\ncassandra.pool: WARNING: Error attempting to reconnect to 127.0.0.2, scheduling retry in 64.0 seconds: [Errno 111] Tried connecting to [('127.0.0.2', 9042)]. Last error: Connection refused\ncassandra.pool: WARNING: Error attempting to reconnect to 127.0.0.2, scheduling retry in 128.0 seconds: [Errno 111] Tried connecting to [('127.0.0.2', 9042)]. Last error: Connection refused\ndtest: DEBUG: waiting for things to settle and sync\ndtest: DEBUG: validate_schema_consistent() node1\ndtest: DEBUG: validate_schema_consistent() node2\ndtest: DEBUG: validate_schema_consistent() node3\n--------------------- >> end captured logging << ---------------------", "skippedMessage": null}, {"skipped": true, "errorStackTrace": null, "duration": 0.054, "name": "create_lots_of_mv_concurrently_test", "age": 3, "failedSince": 325, "status": "SKIPPED", "testActions": [], "stdout": null, "className": "concurrent_schema_changes_test.TestConcurrentSchemaChanges", "stderr": null, "errorDetails": null, "skippedMessage": "2.2.3 < 3.0"}, {"skipped": false, "errorStackTrace": null, "duration": 177.728, "name": "resumable_bootstrap_test", "age": 0, "failedSince": 0, "status": "PASSED", "testActions": [], "stdout": null, "className": "bootstrap_test.TestBootstrap", "stderr": null, "errorDetails": null, "skippedMessage": null}, {"skipped": false, "errorStackTrace": null, "duration": 131.335, "name": "simple_sequential_repair_test", "age": 0, "failedSince": 0, "status": "PASSED", "testActions": [], "stdout": null, "className": "repair_test.TestRepair", "stderr": null, "errorDetails": null, "skippedMessage": null}, {"skipped": false, "errorStackTrace": null, "duration": 84.183, "name": "consistent_reads_after_bootstrap_test", "age": 0, "failedSince": 0, "status": "PASSED", "testActions": [], "stdout": null, "className": "consistent_bootstrap_test.TestBootstrapConsistency", "stderr": null, "errorDetails": null, "skippedMessage": null}, {"skipped": false, "errorStackTrace": null, "duration": 78.432, "name": "sstableloader_compression_none_to_deflate_test", "age": 0, "failedSince": 0, "status": "PASSED", "testActions": [], "stdout": null, "className": "sstable_generation_loading_test.TestSSTableGenerationAndLoading", "stderr": null, "errorDetails": null, "skippedMessage": null}, {"skipped": false, "errorStackTrace": null, "duration": 78.104, "name": "sstableloader_compression_none_to_none_test", "age": 0, "failedSince": 0, "status": "PASSED", "testActions": [], "stdout": null, "className": "sstable_generation_loading_test.TestSSTableGenerationAndLoading", "stderr": null, "errorDetails": null, "skippedMessage": null}, {"skipped": false, "errorStackTrace": null, "duration": 63.808, "name": "test_mutation_one", "age": 0, "failedSince": 0, "status": "PASSED", "testActions": [], "stdout": null, "className": "write_failures_test.TestWriteFailures", "stderr": null, "errorDetails": null, "skippedMessage": null}, {"skipped": false, "errorStackTrace": null, "duration": 61.924, "name": "dtcs_deletion_test", "age": 0, "failedSince": 0, "status": "FIXED", "testActions": [], "stdout": null, "className": "compaction_test.TestCompaction_with_DateTieredCompactionStrategy", "stderr": null, "errorDetails": null, "skippedMessage": null}, {"skipped": false, "errorStackTrace": null, "duration": 22.605, "name": "disable_autocompaction_alter_test", "age": 0, "failedSince": 0, "status": "PASSED", "testActions": [], "stdout": null, "className": "compaction_test.TestCompaction_with_SizeTieredCompactionStrategy", "stderr": null, "errorDetails": null, "skippedMessage": null}, {"skipped": false, "errorStackTrace": null, "duration": 12.408, "name": "compaction_delete_test", "age": 0, "failedSince": 0, "status": "PASSED", "testActions": [], "stdout": "running\n['/mnt/tmp/dtest-lY8M5N/test/node1/data/ks/cf-fed95670718a11e59504515dbc905934/la-3-big-Data.db']\n-- la-3-big-Data.db -----\n\n", "className": "compaction_test.TestCompaction_with_LeveledCompactionStrategy", "stderr": null, "errorDetails": null, "skippedMessage": null}, {"skipped": false, "errorStackTrace": null, "duration": 51.05, "name": "ttl_is_respected_on_delayed_replication_test", "age": 0, "failedSince": 0, "status": "PASSED", "testActions": [], "stdout": null, "className": "ttl_test.TestDistributedTTL", "stderr": null, "errorDetails": null, "skippedMessage": null}, {"skipped": false, "errorStackTrace": null, "duration": 10.043, "name": "remove_column_ttl_test", "age": 0, "failedSince": 0, "status": "PASSED", "testActions": [], "stdout": null, "className": "ttl_test.TestTTL", "stderr": null, "errorDetails": null, "skippedMessage": null}, {"skipped": false, "errorStackTrace": null, "duration": 44.263, "name": "test_6285", "age": 0, "failedSince": 0, "status": "PASSED", "testActions": [], "stdout": null, "className": "thrift_hsha_test.ThriftHSHATest", "stderr": null, "errorDetails": null, "skippedMessage": null}, {"skipped": false, "errorStackTrace": null, "duration": 38.352, "name": "putget_2dc_rf2_test", "age": 0, "failedSince": 0, "status": "PASSED", "testActions": [], "stdout": null, "className": "multidc_putget_test.TestMultiDCPutGet", "stderr": null, "errorDetails": null, "skippedMessage": null}, {"skipped": false, "errorStackTrace": null, "duration": 29.281, "name": "test_ttl_deletions", "age": 0, "failedSince": 0, "status": "PASSED", "testActions": [], "stdout": null, "className": "paging_test.TestPagingWithDeletions", "stderr": null, "errorDetails": null, "skippedMessage": null}, {"skipped": false, "errorStackTrace": null, "duration": 22.32, "name": "test_multiple_partition_deletions", "age": 0, "failedSince": 0, "status": "FIXED", "testActions": [], "stdout": null, "className": "paging_test.TestPagingWithDeletions", "stderr": null, "errorDetails": null, "skippedMessage": null}, {"skipped": false, "errorStackTrace": null, "duration": 30.553, "name": "logged_batch_throws_uae_test", "age": 0, "failedSince": 0, "status": "PASSED", "testActions": [], "stdout": null, "className": "batch_test.TestBatch", "stderr": null, "errorDetails": null, "skippedMessage": null}, {"skipped": false, "errorStackTrace": null, "duration": 6.703, "name": "unlogged_batch_accepts_regular_mutations_test", "age": 0, "failedSince": 0, "status": "PASSED", "testActions": [], "stdout": null, "className": "batch_test.TestBatch", "stderr": null, "errorDetails": null, "skippedMessage": null}, {"skipped": false, "errorStackTrace": null, "duration": 6.553, "name": "counter_batch_rejects_regular_mutations_test", "age": 0, "failedSince": 0, "status": "PASSED", "testActions": [], "stdout": null, "className": "batch_test.TestBatch", "stderr": null, "errorDetails": null, "skippedMessage": null}, {"skipped": true, "errorStackTrace": null, "duration": 0.055, "name": "unlogged_batch_gcgs_below_threshold_should_not_print_warning_test", "age": 3, "failedSince": 325, "status": "SKIPPED", "testActions": [], "stdout": null, "className": "batch_test.TestBatch", "stderr": null, "errorDetails": null, "skippedMessage": "2.2.3 < 3.0"}, {"skipped": true, "errorStackTrace": null, "duration": 0.052, "name": "logged_batch_compatibility_2_test", "age": 3, "failedSince": 325, "status": "SKIPPED", "testActions": [], "stdout": null, "className": "batch_test.TestBatch", "stderr": null, "errorDetails": null, "skippedMessage": "2.2.3 < 3.0"}, {"skipped": true, "errorStackTrace": null, "duration": 0.052, "name": "logged_batch_compatibility_5_test", "age": 3, "failedSince": 325, "status": "SKIPPED", "testActions": [], "stdout": null, "className": "batch_test.TestBatch", "stderr": null, "errorDetails": null, "skippedMessage": "2.2.3 < 3.0"}, {"skipped": false, "errorStackTrace": null, "duration": 25.42, "name": "replace_nonexistent_node_test", "age": 0, "failedSince": 0, "status": "PASSED", "testActions": [], "stdout": null, "className": "replace_address_test.TestReplaceAddress", "stderr": null, "errorDetails": null, "skippedMessage": null}, {"skipped": false, "errorStackTrace": null, "duration": 20.296, "name": "force_repair_range_async_1_test", "age": 0, "failedSince": 0, "status": "PASSED", "testActions": [], "stdout": null, "className": "deprecated_repair_test.TestDeprecatedRepairAPI", "stderr": null, "errorDetails": null, "skippedMessage": null}, {"skipped": false, "errorStackTrace": null, "duration": 18.682, "name": "test_standalone_scrub", "age": 0, "failedSince": 0, "status": "PASSED", "testActions": [], "stdout": null, "className": "scrub_test.TestScrub", "stderr": null, "errorDetails": null, "skippedMessage": null}, {"skipped": false, "errorStackTrace": null, "duration": 16.9, "name": "create_cf_auth_test", "age": 0, "failedSince": 0, "status": "PASSED", "testActions": [], "stdout": null, "className": "auth_test.TestAuth", "stderr": null, "errorDetails": null, "skippedMessage": null}, {"skipped": false, "errorStackTrace": null, "duration": 16.286, "name": "user_test", "age": 0, "failedSince": 0, "status": "PASSED", "testActions": [], "stdout": null, "className": "cql_tests.StorageProxyCQLTester", "stderr": null, "errorDetails": null, "skippedMessage": null}, {"skipped": false, "errorStackTrace": null, "duration": 8.386, "name": "test_count_around_page_size", "age": 0, "failedSince": 0, "status": "PASSED", "testActions": [], "stdout": null, "className": "thrift_tests.TestMutations", "stderr": null, "errorDetails": null, "skippedMessage": null}, {"skipped": false, "errorStackTrace": null, "duration": 7.653, "name": "test_dynamic_indexes_creation_deletion", "age": 0, "failedSince": 0, "status": "PASSED", "testActions": [], "stdout": null, "className": "thrift_tests.TestMutations", "stderr": null, "errorDetails": null, "skippedMessage": null}, {"skipped": false, "errorStackTrace": null, "duration": 6.467, "name": "test_range_partial", "age": 0, "failedSince": 0, "status": "PASSED", "testActions": [], "stdout": null, "className": "thrift_tests.TestMutations", "stderr": null, "errorDetails": null, "skippedMessage": null}, {"skipped": false, "errorStackTrace": null, "duration": 6.795, "name": "test_get_slice_by_names", "age": 0, "failedSince": 0, "status": "PASSED", "testActions": [], "stdout": null, "className": "thrift_tests.TestMutations", "stderr": null, "errorDetails": null, "skippedMessage": null}, {"skipped": false, "errorStackTrace": null, "duration": 6.461, "name": "test_count_paging", "age": 0, "failedSince": 0, "status": "PASSED", "testActions": [], "stdout": null, "className": "thrift_tests.TestMutations", "stderr": null, "errorDetails": null, "skippedMessage": null}, {"skipped": false, "errorStackTrace": null, "duration": 6.461, "name": "test_column_not_found_quorum", "age": 0, "failedSince": 0, "status": "PASSED", "testActions": [], "stdout": null, "className": "thrift_tests.TestMutations", "stderr": null, "errorDetails": null, "skippedMessage": null}, {"skipped": false, "errorStackTrace": null, "duration": 6.464, "name": "test_get_range_slice_after_deletion", "age": 0, "failedSince": 0, "status": "PASSED", "testActions": [], "stdout": null, "className": "thrift_tests.TestMutations", "stderr": null, "errorDetails": null, "skippedMessage": null}, {"skipped": false, "errorStackTrace": null, "duration": 6.444, "name": "test_describe_ring_on_invalid_keyspace", "age": 0, "failedSince": 0, "status": "PASSED", "testActions": [], "stdout": null, "className": "thrift_tests.TestMutations", "stderr": null, "errorDetails": null, "skippedMessage": null}, {"skipped": false, "errorStackTrace": null, "duration": 6.96, "name": "test_drop_index", "age": 0, "failedSince": 0, "status": "PASSED", "testActions": [], "stdout": "(EE)  ", "className": "cqlsh_tests.cqlsh_tests.CqlshSmokeTest", "stderr": null, "errorDetails": null, "skippedMessage": null}, {"skipped": false, "errorStackTrace": null, "duration": 6.866, "name": "test_drop_table", "age": 0, "failedSince": 0, "status": "PASSED", "testActions": [], "stdout": "(EE)  ", "className": "cqlsh_tests.cqlsh_tests.CqlshSmokeTest", "stderr": null, "errorDetails": null, "skippedMessage": null}, {"skipped": false, "errorStackTrace": null, "duration": 6.975, "name": "test_datetime_values", "age": 0, "failedSince": 0, "status": "PASSED", "testActions": [], "stdout": null, "className": "cqlsh_tests.cqlsh_tests.TestCqlsh", "stderr": null, "errorDetails": null, "skippedMessage": null}, {"skipped": true, "errorStackTrace": null, "duration": 0.055, "name": "test_materialized_view", "age": 3, "failedSince": 325, "status": "SKIPPED", "testActions": [], "stdout": null, "className": "cqlsh_tests.cqlsh_tests.TestCqlsh", "stderr": null, "errorDetails": null, "skippedMessage": "2.2.3 < 3.0"}, {"skipped": false, "errorStackTrace": null, "duration": 6.62, "name": "test_null_as_null_indicator", "age": 0, "failedSince": 0, "status": "PASSED", "testActions": [], "stdout": "(EE)  ", "className": "cqlsh_tests.cqlsh_copy_tests.CqlshCopyTest", "stderr": null, "errorDetails": null, "skippedMessage": null}, {"skipped": false, "errorStackTrace": null, "duration": 6.221, "name": "nondefault_table_settings_test", "age": 0, "failedSince": 0, "status": "PASSED", "testActions": [], "stdout": null, "className": "schema_metadata_test.TestSchemaMetadata", "stderr": null, "errorDetails": null, "skippedMessage": null}, {"skipped": true, "errorStackTrace": null, "duration": 0.054, "name": "compaction_test", "age": 10, "failedSince": 318, "status": "SKIPPED", "testActions": [], "stdout": null, "className": "sstableutil_test.SSTableUtilTest", "stderr": null, "errorDetails": null, "skippedMessage": "2.2.3 < 3.0"}, {"skipped": true, "errorStackTrace": null, "duration": 0.052, "name": "composite_row_key_test", "age": 3, "failedSince": 325, "status": "SKIPPED", "testActions": [], "stdout": null, "className": "deprecated_cql_tests.TestCQL", "stderr": null, "errorDetails": null, "skippedMessage": "2.2.3 > 2.0.x"}, {"skipped": true, "errorStackTrace": null, "duration": 0.101, "name": "more_order_by_test", "age": 3, "failedSince": 325, "status": "SKIPPED", "testActions": [], "stdout": null, "className": "deprecated_cql_tests.TestCQL", "stderr": null, "errorDetails": null, "skippedMessage": "2.2.3 > 2.0.x"}, {"skipped": true, "errorStackTrace": null, "duration": 0.101, "name": "invalid_string_literals_test", "age": 3, "failedSince": 325, "status": "SKIPPED", "testActions": [], "stdout": null, "className": "deprecated_cql_tests.TestCQL", "stderr": null, "errorDetails": null, "skippedMessage": "2.2.3 > 2.0.x"}, {"skipped": true, "errorStackTrace": null, "duration": 0.101, "name": "invalid_old_property_test", "age": 3, "failedSince": 325, "status": "SKIPPED", "testActions": [], "stdout": null, "className": "deprecated_cql_tests.TestCQL", "stderr": null, "errorDetails": null, "skippedMessage": "2.2.3 > 2.0.x"}, {"skipped": true, "errorStackTrace": null, "duration": 0.101, "name": "cql3_insert_thrift_test", "age": 1, "failedSince": 327, "status": "SKIPPED", "testActions": [], "stdout": null, "className": "deprecated_cql_tests.TestCQL", "stderr": null, "errorDetails": null, "skippedMessage": "2.2.3 > 2.0.x"}, {"skipped": true, "errorStackTrace": null, "duration": 0.102, "name": "multi_list_set_test", "age": 51, "failedSince": 277, "status": "SKIPPED", "testActions": [], "stdout": null, "className": "deprecated_cql_tests.TestCQL", "stderr": null, "errorDetails": null, "skippedMessage": "2.2.3 > 2.0.x"}, {"skipped": true, "errorStackTrace": null, "duration": 0.101, "name": "update_type_test", "age": 10, "failedSince": 318, "status": "SKIPPED", "testActions": [], "stdout": null, "className": "deprecated_cql_tests.TestCQL", "stderr": null, "errorDetails": null, "skippedMessage": "2.2.3 > 2.0.x"}, {"skipped": true, "errorStackTrace": null, "duration": 0.101, "name": "static_columns_with_distinct_test", "age": 62, "failedSince": 266, "status": "SKIPPED", "testActions": [], "stdout": null, "className": "deprecated_cql_tests.TestCQL", "stderr": null, "errorDetails": null, "skippedMessage": "2.2.3 > 2.0.x"}, {"skipped": true, "errorStackTrace": null, "duration": 0.102, "name": "static_columns_with_2i_test", "age": 51, "failedSince": 277, "status": "SKIPPED", "testActions": [], "stdout": null, "className": "deprecated_cql_tests.TestCQL", "stderr": null, "errorDetails": null, "skippedMessage": "2.2.3 > 2.0.x"}, {"skipped": true, "errorStackTrace": null, "duration": 0.102, "name": "ticket_5230_test", "age": 51, "failedSince": 277, "status": "SKIPPED", "testActions": [], "stdout": null, "className": "deprecated_cql_tests.TestCQL", "stderr": null, "errorDetails": null, "skippedMessage": "2.2.3 > 2.0.x"}, {"skipped": true, "errorStackTrace": null, "duration": 0.101, "name": "limit_bugs_test", "age": 3, "failedSince": 325, "status": "SKIPPED", "testActions": [], "stdout": null, "className": "deprecated_cql_tests.TestCQL", "stderr": null, "errorDetails": null, "skippedMessage": "2.2.3 > 2.0.x"}, {"skipped": true, "errorStackTrace": null, "duration": 0.101, "name": "collection_compact_test", "age": 3, "failedSince": 325, "status": "SKIPPED", "testActions": [], "stdout": null, "className": "deprecated_cql_tests.TestCQL", "stderr": null, "errorDetails": null, "skippedMessage": "2.2.3 > 2.0.x"}, {"skipped": true, "errorStackTrace": null, "duration": 0.102, "name": "in_clause_wide_rows_test", "age": 10, "failedSince": 318, "status": "SKIPPED", "testActions": [], "stdout": null, "className": "deprecated_cql_tests.TestCQL", "stderr": null, "errorDetails": null, "skippedMessage": "2.2.3 > 2.0.x"}, {"skipped": true, "errorStackTrace": null, "duration": 0.101, "name": "large_clustering_in_test", "age": 52, "failedSince": 276, "status": "SKIPPED", "testActions": [], "stdout": null, "className": "deprecated_cql_tests.TestCQL", "stderr": null, "errorDetails": null, "skippedMessage": "2.2.3 > 2.0.x"}, {"skipped": true, "errorStackTrace": null, "duration": 0.101, "name": "dense_cf_test", "age": 3, "failedSince": 325, "status": "SKIPPED", "testActions": [], "stdout": null, "className": "deprecated_cql_tests.TestCQL", "stderr": null, "errorDetails": null, "skippedMessage": "2.2.3 > 2.0.x"}, {"skipped": true, "errorStackTrace": null, "duration": 0.101, "name": "conditional_delete_test", "age": 10, "failedSince": 318, "status": "SKIPPED", "testActions": [], "stdout": null, "className": "deprecated_cql_tests.TestCQL", "stderr": null, "errorDetails": null, "skippedMessage": "2.2.3 > 2.0.x"}, {"skipped": true, "errorStackTrace": null, "duration": 0.101, "name": "indexed_with_eq_test", "age": 52, "failedSince": 276, "status": "SKIPPED", "testActions": [], "stdout": null, "className": "deprecated_cql_tests.TestCQL", "stderr": null, "errorDetails": null, "skippedMessage": "2.2.3 > 2.0.x"}, {"skipped": true, "errorStackTrace": null, "duration": 0.101, "name": "bug_5732_test", "age": 51, "failedSince": 277, "status": "SKIPPED", "testActions": [], "stdout": null, "className": "deprecated_cql_tests.TestCQL", "stderr": null, "errorDetails": null, "skippedMessage": "2.2.3 > 2.0.x"}, {"skipped": true, "errorStackTrace": null, "duration": 0.101, "name": "null_support_test", "age": 51, "failedSince": 277, "status": "SKIPPED", "testActions": [], "stdout": null, "className": "deprecated_cql_tests.TestCQL", "stderr": null, "errorDetails": null, "skippedMessage": "2.2.3 > 2.0.x"}, {"skipped": true, "errorStackTrace": null, "duration": 0.101, "name": "static_columns_test", "age": 53, "failedSince": 275, "status": "SKIPPED", "testActions": [], "stdout": null, "className": "deprecated_cql_tests.TestCQL", "stderr": null, "errorDetails": null, "skippedMessage": "2.2.3 > 2.0.x"}, {"skipped": true, "errorStackTrace": null, "duration": 0.101, "name": "collection_and_regular_test", "age": 3, "failedSince": 325, "status": "SKIPPED", "testActions": [], "stdout": null, "className": "deprecated_cql_tests.TestCQL", "stderr": null, "errorDetails": null, "skippedMessage": "2.2.3 > 2.0.x"}, {"skipped": true, "errorStackTrace": null, "duration": 0.101, "name": "sparse_cf_test", "age": 51, "failedSince": 277, "status": "SKIPPED", "testActions": [], "stdout": null, "className": "deprecated_cql_tests.TestCQL", "stderr": null, "errorDetails": null, "skippedMessage": "2.2.3 > 2.0.x"}, {"skipped": true, "errorStackTrace": null, "duration": 0.101, "name": "bug_4532_test", "age": 3, "failedSince": 325, "status": "SKIPPED", "testActions": [], "stdout": null, "className": "deprecated_cql_tests.TestCQL", "stderr": null, "errorDetails": null, "skippedMessage": "2.2.3 > 2.0.x"}, {"skipped": true, "errorStackTrace": null, "duration": 0.052, "name": "empty_blob_test", "age": 3, "failedSince": 325, "status": "SKIPPED", "testActions": [], "stdout": null, "className": "upgrade_tests.cql_tests.TestCQL", "stderr": null, "errorDetails": null, "skippedMessage": "2.2.3 < 3.0"}, {"skipped": true, "errorStackTrace": null, "duration": 0.102, "name": "range_tombstones_compaction_test", "age": 3, "failedSince": 325, "status": "SKIPPED", "testActions": [], "stdout": null, "className": "upgrade_tests.cql_tests.TestCQL", "stderr": null, "errorDetails": null, "skippedMessage": "2.2.3 < 3.0"}, {"skipped": true, "errorStackTrace": null, "duration": 0.102, "name": "bug_8558_test", "age": 3, "failedSince": 325, "status": "SKIPPED", "testActions": [], "stdout": null, "className": "upgrade_tests.cql_tests.TestCQL", "stderr": null, "errorDetails": null, "skippedMessage": "2.2.3 < 3.0"}, {"skipped": true, "errorStackTrace": null, "duration": 0.101, "name": "map_test", "age": 51, "failedSince": 277, "status": "SKIPPED", "testActions": [], "stdout": null, "className": "upgrade_tests.cql_tests.TestCQL", "stderr": null, "errorDetails": null, "skippedMessage": "2.2.3 < 3.0"}, {"skipped": true, "errorStackTrace": null, "duration": 0.101, "name": "negative_timestamp_test", "age": 52, "failedSince": 276, "status": "SKIPPED", "testActions": [], "stdout": null, "className": "upgrade_tests.cql_tests.TestCQL", "stderr": null, "errorDetails": null, "skippedMessage": "2.2.3 < 3.0"}, {"skipped": true, "errorStackTrace": null, "duration": 0.1, "name": "limit_ranges_test", "age": 10, "failedSince": 318, "status": "SKIPPED", "testActions": [], "stdout": null, "className": "upgrade_tests.cql_tests.TestCQL", "stderr": null, "errorDetails": null, "skippedMessage": "2.2.3 < 3.0"}, {"skipped": true, "errorStackTrace": null, "duration": 0.101, "name": "user_types_test", "age": 3, "failedSince": 325, "status": "SKIPPED", "testActions": [], "stdout": null, "className": "upgrade_tests.cql_tests.TestCQL", "stderr": null, "errorDetails": null, "skippedMessage": "2.2.3 < 3.0"}, {"skipped": true, "errorStackTrace": null, "duration": 0.101, "name": "compact_metadata_test", "age": 3, "failedSince": 325, "status": "SKIPPED", "testActions": [], "stdout": null, "className": "upgrade_tests.cql_tests.TestCQL", "stderr": null, "errorDetails": null, "skippedMessage": "2.2.3 < 3.0"}, {"skipped": true, "errorStackTrace": null, "duration": 0.101, "name": "order_by_with_in_test", "age": 3, "failedSince": 325, "status": "SKIPPED", "testActions": [], "stdout": null, "className": "upgrade_tests.cql_tests.TestCQL", "stderr": null, "errorDetails": null, "skippedMessage": "2.2.3 < 3.0"}, {"skipped": true, "errorStackTrace": null, "duration": 0.101, "name": "multi_in_compact_non_composite_test", "age": 3, "failedSince": 325, "status": "SKIPPED", "testActions": [], "stdout": null, "className": "upgrade_tests.cql_tests.TestCQL", "stderr": null, "errorDetails": null, "skippedMessage": "2.2.3 < 3.0"}, {"skipped": true, "errorStackTrace": null, "duration": 0.101, "name": "in_clause_wide_rows_test", "age": 10, "failedSince": 318, "status": "SKIPPED", "testActions": [], "stdout": null, "className": "upgrade_tests.cql_tests.TestCQL", "stderr": null, "errorDetails": null, "skippedMessage": "2.2.3 < 3.0"}, {"skipped": true, "errorStackTrace": null, "duration": 0.101, "name": "order_by_validation_test", "age": 51, "failedSince": 277, "status": "SKIPPED", "testActions": [], "stdout": null, "className": "upgrade_tests.cql_tests.TestCQL", "stderr": null, "errorDetails": null, "skippedMessage": "2.2.3 < 3.0"}, {"skipped": true, "errorStackTrace": null, "duration": 0.101, "name": "bug_6612_test", "age": 51, "failedSince": 277, "status": "SKIPPED", "testActions": [], "stdout": null, "className": "upgrade_tests.cql_tests.TestCQL", "stderr": null, "errorDetails": null, "skippedMessage": "2.2.3 < 3.0"}, {"skipped": true, "errorStackTrace": null, "duration": 0.102, "name": "in_order_by_without_selecting_test", "age": 3, "failedSince": 325, "status": "SKIPPED", "testActions": [], "stdout": null, "className": "upgrade_tests.cql_tests.TestCQL", "stderr": null, "errorDetails": null, "skippedMessage": "2.2.3 < 3.0"}, {"skipped": true, "errorStackTrace": null, "duration": 0.101, "name": "refuse_in_with_indexes_test", "age": 3, "failedSince": 325, "status": "SKIPPED", "testActions": [], "stdout": null, "className": "upgrade_tests.cql_tests.TestCQL", "stderr": null, "errorDetails": null, "skippedMessage": "2.2.3 < 3.0"}, {"skipped": true, "errorStackTrace": null, "duration": 0.052, "name": "test_paging_using_secondary_indexes", "age": 1, "failedSince": 327, "status": "SKIPPED", "testActions": [], "stdout": null, "className": "upgrade_tests.paging_test.TestPagingData", "stderr": null, "errorDetails": null, "skippedMessage": "2.2.3 < 3.0"}, {"skipped": true, "errorStackTrace": null, "duration": 0.105, "name": "test_paging_across_multi_wide_rows", "age": 1, "failedSince": 327, "status": "SKIPPED", "testActions": [], "stdout": null, "className": "upgrade_tests.paging_test.TestPagingData", "stderr": null, "errorDetails": null, "skippedMessage": "2.2.3 < 3.0"}, {"skipped": true, "errorStackTrace": null, "duration": 0.052, "name": "test_with_order_by", "age": 1, "failedSince": 327, "status": "SKIPPED", "testActions": [], "stdout": null, "className": "upgrade_tests.paging_test.TestPagingWithModifiers", "stderr": null, "errorDetails": null, "skippedMessage": "2.2.3 < 3.0"}, {"skipped": true, "errorStackTrace": null, "duration": 0.053, "name": "test_query_isolation", "age": 1, "failedSince": 327, "status": "SKIPPED", "testActions": [], "stdout": null, "className": "upgrade_tests.paging_test.TestPagingQueryIsolation", "stderr": null, "errorDetails": null, "skippedMessage": "2.2.3 < 3.0"}, {"skipped": true, "errorStackTrace": null, "duration": 0.052, "name": "test_row_TTL_expiry_during_paging", "age": 1, "failedSince": 327, "status": "SKIPPED", "testActions": [], "stdout": null, "className": "upgrade_tests.paging_test.TestPagingDatasetChanges", "stderr": null, "errorDetails": null, "skippedMessage": "2.2.3 < 3.0"}, {"skipped": true, "errorStackTrace": null, "duration": 0.052, "name": "test_multiple_partition_deletions", "age": 3, "failedSince": 325, "status": "SKIPPED", "testActions": [], "stdout": null, "className": "upgrade_tests.paging_test.TestPagingWithDeletions", "stderr": null, "errorDetails": null, "skippedMessage": "2.2.3 < 3.0"}, {"skipped": true, "errorStackTrace": null, "duration": 0.052, "name": "consistent_reads_after_write_test", "age": 3, "failedSince": 325, "status": "SKIPPED", "testActions": [], "stdout": null, "className": "materialized_views_test.TestMaterializedViewsConsistency", "stderr": null, "errorDetails": null, "skippedMessage": "2.2.3 < 3.0"}, {"skipped": true, "errorStackTrace": null, "duration": 0.052, "name": "base_replica_repair_test", "age": 3, "failedSince": 325, "status": "SKIPPED", "testActions": [], "stdout": null, "className": "materialized_views_test.TestMaterializedViews", "stderr": null, "errorDetails": null, "skippedMessage": "2.2.3 < 3.0"}, {"skipped": true, "errorStackTrace": null, "duration": 0.052, "name": "uniform_ratio_test", "age": 3, "failedSince": 325, "status": "SKIPPED", "testActions": [], "stdout": null, "className": "stress_tool_test.TestStressSparsenessRatio", "stderr": null, "errorDetails": null, "skippedMessage": "2.2.3 < 3.0"}, {"skipped": true, "errorStackTrace": null, "duration": 0.053, "name": "hintedhandoff_dc_reenabled_test", "age": 3, "failedSince": 325, "status": "SKIPPED", "testActions": [], "stdout": null, "className": "hintedhandoff_test.TestHintedHandoffConfig", "stderr": null, "errorDetails": null, "skippedMessage": "2.2.3 < 3.0"}, {"skipped": true, "errorStackTrace": null, "duration": 0.052, "name": "metadata_reset_while_compact_test", "age": 3, "failedSince": 325, "status": "SKIPPED", "testActions": [], "stdout": null, "className": "metadata_tests.TestMetadata", "stderr": null, "errorDetails": null, "skippedMessage": "2.2.3 > 2.0"}, {"skipped": true, "errorStackTrace": null, "duration": 0.053, "name": "disable_compression_cql_test", "age": 3, "failedSince": 325, "status": "SKIPPED", "testActions": [], "stdout": null, "className": "compression_test.TestCompression", "stderr": null, "errorDetails": null, "skippedMessage": "2.2.3 < 3.0"}, {"skipped": true, "errorStackTrace": null, "duration": 0.053, "name": "test_multiple_indexes_on_single_map_column", "age": 3, "failedSince": 325, "status": "SKIPPED", "testActions": [], "stdout": null, "className": "secondary_indexes_test.TestSecondaryIndexesOnCollections", "stderr": null, "errorDetails": null, "skippedMessage": "2.2.3 < 3.0"}, {"skipped": false, "errorStackTrace": null, "duration": 243.156, "name": "functional_test", "age": 0, "failedSince": 0, "status": "PASSED", "testActions": [], "stdout": null, "className": "global_row_key_cache_test.TestGlobalRowKeyCache", "stderr": null, "errorDetails": null, "skippedMessage": null}, {"skipped": false, "errorStackTrace": null, "duration": 319.223, "name": "upgrade_to_22_test", "age": 0, "failedSince": 0, "status": "PASSED", "testActions": [], "stdout": "http://git-wip-us.apache.org/repos/asf/cassandra.git git:cassandra-2.1\nhttp://git-wip-us.apache.org/repos/asf/cassandra.git git:cassandra-2.2\nFetching Cassandra updates...\nCloning Cassandra (from local cache)\nChecking out requested branch (cassandra-2.2)\nCompiling Cassandra cassandra-2.2 ...\nhttp://git-wip-us.apache.org/repos/asf/cassandra.git git:cassandra-2.2\nFetching Cassandra updates...\nhttp://git-wip-us.apache.org/repos/asf/cassandra.git git:cassandra-2.2\nFetching Cassandra updates...\n", "className": "upgrade_internal_auth_test.TestAuthUpgrade", "stderr": null, "errorDetails": null, "skippedMessage": null}, {"skipped": false, "errorStackTrace": null, "duration": 110.011, "name": "create_lots_of_tables_concurrently_test", "age": 0, "failedSince": 0, "status": "PASSED", "testActions": [], "stdout": null, "className": "concurrent_schema_changes_test.TestConcurrentSchemaChanges", "stderr": null, "errorDetails": null, "skippedMessage": null}, {"skipped": false, "errorStackTrace": null, "duration": 81.02, "name": "changes_to_different_nodes_test", "age": 0, "failedSince": 0, "status": "PASSED", "testActions": [], "stdout": null, "className": "concurrent_schema_changes_test.TestConcurrentSchemaChanges", "stderr": null, "errorDetails": null, "skippedMessage": null}, {"skipped": false, "errorStackTrace": null, "duration": 34.928, "name": "basic_test", "age": 0, "failedSince": 0, "status": "PASSED", "testActions": [], "stdout": null, "className": "concurrent_schema_changes_test.TestConcurrentSchemaChanges", "stderr": null, "errorDetails": null, "skippedMessage": null}, {"skipped": false, "errorStackTrace": null, "duration": 90.069, "name": "test_archive_commitlog_with_active_commitlog", "age": 0, "failedSince": 0, "status": "PASSED", "testActions": [], "stdout": null, "className": "snapshot_test.TestArchiveCommitlog", "stderr": null, "errorDetails": null, "skippedMessage": null}, {"skipped": false, "errorStackTrace": null, "duration": 81.002, "name": "sstableloader_compression_snappy_to_snappy_test", "age": 0, "failedSince": 0, "status": "PASSED", "testActions": [], "stdout": null, "className": "sstable_generation_loading_test.TestSSTableGenerationAndLoading", "stderr": null, "errorDetails": null, "skippedMessage": null}, {"skipped": false, "errorStackTrace": null, "duration": 63.42, "name": "test_list_indexes", "age": 0, "failedSince": 0, "status": "PASSED", "testActions": [], "stdout": null, "className": "secondary_indexes_test.TestSecondaryIndexesOnCollections", "stderr": null, "errorDetails": null, "skippedMessage": null}, {"skipped": false, "errorStackTrace": null, "duration": 25.683, "name": "test_tuple_indexes", "age": 0, "failedSince": 0, "status": "PASSED", "testActions": [], "stdout": null, "className": "secondary_indexes_test.TestSecondaryIndexesOnCollections", "stderr": null, "errorDetails": null, "skippedMessage": null}, {"skipped": false, "errorStackTrace": null, "duration": 62.251, "name": "repair_table_test", "age": 0, "failedSince": 0, "status": "PASSED", "testActions": [], "stdout": null, "className": "repair_test.TestRepairDataSystemTable", "stderr": null, "errorDetails": null, "skippedMessage": null}, {"skipped": false, "errorStackTrace": null, "duration": 54.63, "name": "test_mutation_v2", "age": 0, "failedSince": 0, "status": "PASSED", "testActions": [], "stdout": null, "className": "write_failures_test.TestWriteFailures", "stderr": null, "errorDetails": null, "skippedMessage": null}, {"skipped": false, "errorStackTrace": null, "duration": 43.127, "name": "acknowledged_by_batchlog_set_when_batchlog_write_succeeds_test", "age": 0, "failedSince": 0, "status": "PASSED", "testActions": [], "stdout": null, "className": "batch_test.TestBatch", "stderr": null, "errorDetails": null, "skippedMessage": null}, {"skipped": true, "errorStackTrace": null, "duration": 0.053, "name": "logged_batch_compatibility_3_test", "age": 10, "failedSince": 318, "status": "SKIPPED", "testActions": [], "stdout": null, "className": "batch_test.TestBatch", "stderr": null, "errorDetails": null, "skippedMessage": "2.2.3 < 3.0"}, {"skipped": false, "errorStackTrace": null, "duration": 33.048, "name": "disable_autocompaction_schema_test", "age": 0, "failedSince": 0, "status": "PASSED", "testActions": [], "stdout": null, "className": "compaction_test.TestCompaction_with_DateTieredCompactionStrategy", "stderr": null, "errorDetails": null, "skippedMessage": null}, {"skipped": false, "errorStackTrace": null, "duration": 18.118, "name": "large_compaction_warning_test", "age": 0, "failedSince": 0, "status": "PASSED", "testActions": [], "stdout": null, "className": "compaction_test.TestCompaction_with_DateTieredCompactionStrategy", "stderr": null, "errorDetails": null, "skippedMessage": null}, {"skipped": false, "errorStackTrace": null, "duration": 26.681, "name": "test_incr_decr_super_remove", "age": 0, "failedSince": 0, "status": "PASSED", "testActions": [], "stdout": null, "className": "thrift_tests.TestMutations", "stderr": null, "errorDetails": null, "skippedMessage": null}, {"skipped": false, "errorStackTrace": null, "duration": 26.585, "name": "test_incr_decr_standard_remove", "age": 0, "failedSince": 0, "status": "PASSED", "testActions": [], "stdout": null, "className": "thrift_tests.TestMutations", "stderr": null, "errorDetails": null, "skippedMessage": null}, {"skipped": false, "errorStackTrace": null, "duration": 6.715, "name": "test_incr_decr_standard_slice", "age": 0, "failedSince": 0, "status": "PASSED", "testActions": [], "stdout": null, "className": "thrift_tests.TestMutations", "stderr": null, "errorDetails": null, "skippedMessage": null}, {"skipped": false, "errorStackTrace": null, "duration": 7.181, "name": "test_system_super_column_family_operations", "age": 0, "failedSince": 0, "status": "PASSED", "testActions": [], "stdout": null, "className": "thrift_tests.TestMutations", "stderr": null, "errorDetails": null, "skippedMessage": null}, {"skipped": false, "errorStackTrace": null, "duration": 6.667, "name": "test_super_get", "age": 0, "failedSince": 0, "status": "PASSED", "testActions": [], "stdout": null, "className": "thrift_tests.TestMutations", "stderr": null, "errorDetails": null, "skippedMessage": null}, {"skipped": false, "errorStackTrace": null, "duration": 6.783, "name": "test_incr_decr_standard_add", "age": 0, "failedSince": 0, "status": "PASSED", "testActions": [], "stdout": null, "className": "thrift_tests.TestMutations", "stderr": null, "errorDetails": null, "skippedMessage": null}, {"skipped": false, "errorStackTrace": null, "duration": 6.557, "name": "test_bad_batch_calls", "age": 0, "failedSince": 0, "status": "PASSED", "testActions": [], "stdout": null, "className": "thrift_tests.TestMutations", "stderr": null, "errorDetails": null, "skippedMessage": null}, {"skipped": false, "errorStackTrace": null, "duration": 6.471, "name": "test_integer_remove", "age": 0, "failedSince": 0, "status": "PASSED", "testActions": [], "stdout": null, "className": "thrift_tests.TestMutations", "stderr": null, "errorDetails": null, "skippedMessage": null}, {"skipped": false, "errorStackTrace": null, "duration": 21.115, "name": "test_with_no_results", "age": 0, "failedSince": 0, "status": "PASSED", "testActions": [], "stdout": null, "className": "paging_test.TestPagingSize", "stderr": null, "errorDetails": null, "skippedMessage": null}, {"skipped": false, "errorStackTrace": null, "duration": 21.463, "name": "connect_to_ssl_test", "age": 0, "failedSince": 0, "status": "PASSED", "testActions": [], "stdout": null, "className": "native_transport_ssl_test.NativeTransportSSL", "stderr": null, "errorDetails": null, "skippedMessage": null}, {"skipped": false, "errorStackTrace": null, "duration": 17.377, "name": "test_login_allows_bad_pass_and_continued_use", "age": 0, "failedSince": 0, "status": "PASSED", "testActions": [], "stdout": "(EE)  <stdin>:2:('Unable to connect to any servers', {'127.0.0.1': AuthenticationFailed(u'Failed to authenticate to 127.0.0.1: code=0100 [Bad credentials] message=\"Username and/or password are incorrect\"',)})(EE)  ", "className": "cqlsh_tests.cqlsh_tests.CqlLoginTest", "stderr": null, "errorDetails": null, "skippedMessage": null}, {"skipped": false, "errorStackTrace": "  File \"/usr/lib/python2.7/unittest/case.py\", line 329, in run\n    testMethod()\n  File \"/home/automaton/cassandra-dtest/cqlsh_tests/cqlsh_copy_tests.py\", line 540, in test_quoted_column_names_reading_specify_names\n    self.quoted_column_names_reading_template(specify_column_names=True)\n  File \"/home/automaton/cassandra-dtest/cqlsh_tests/cqlsh_copy_tests.py\", line 532, in quoted_column_names_reading_template\n    self.assertCsvResultEqual(self.tempfile.name, results)\n  File \"/home/automaton/cassandra-dtest/cqlsh_tests/cqlsh_copy_tests.py\", line 167, in assertCsvResultEqual\n    raise e\n\"Element counts were not equal:\\nFirst has 1, Second has 0:  ['1', 'no']\\nFirst has 1, Second has 0:  ['2', 'Yes']\\nFirst has 1, Second has 0:  ['3', 'True']\\nFirst has 1, Second has 0:  ['4', 'false']\\n-------------------- >> begin captured logging << --------------------\\ndtest: DEBUG: cluster ccm directory: /mnt/tmp/dtest-ZVkN5J\\ndtest: WARNING: Different # of entries. CSV: 4 vs results: 0\\n--------------------- >> end captured logging << ---------------------\"", "duration": 6.788, "name": "test_quoted_column_names_reading_specify_names", "age": 12, "failedSince": 316, "status": "FAILED", "testActions": [], "stdout": "(EE)  <stdin>:2:(EE)  'QueryMessage' object has no attribute 'to_binary'(EE)  <stdin>:2:Aborting import at record #3. Previously inserted records are still present, and some records after that may be present as well.(EE)  ", "className": "cqlsh_tests.cqlsh_copy_tests.CqlshCopyTest", "stderr": null, "errorDetails": "Element counts were not equal:\nFirst has 1, Second has 0:  ['1', 'no']\nFirst has 1, Second has 0:  ['2', 'Yes']\nFirst has 1, Second has 0:  ['3', 'True']\nFirst has 1, Second has 0:  ['4', 'false']\n-------------------- >> begin captured logging << --------------------\ndtest: DEBUG: cluster ccm directory: /mnt/tmp/dtest-ZVkN5J\ndtest: WARNING: Different # of entries. CSV: 4 vs results: 0\n--------------------- >> end captured logging << ---------------------", "skippedMessage": null}, {"skipped": false, "errorStackTrace": null, "duration": 7.111, "name": "test_uuid", "age": 0, "failedSince": 0, "status": "PASSED", "testActions": [], "stdout": "(EE)  (EE)  ", "className": "cqlsh_tests.cqlsh_tests.CqlshSmokeTest", "stderr": null, "errorDetails": null, "skippedMessage": null}, {"skipped": false, "errorStackTrace": null, "duration": 6.808, "name": "test_tracing", "age": 0, "failedSince": 0, "status": "PASSED", "testActions": [], "stdout": null, "className": "cqlsh_tests.cqlsh_tests.TestCqlsh", "stderr": null, "errorDetails": null, "skippedMessage": null}, {"skipped": false, "errorStackTrace": null, "duration": 0.054, "name": "get_test_table_output", "age": 0, "failedSince": 0, "status": "PASSED", "testActions": [], "stdout": null, "className": "cqlsh_tests.cqlsh_tests.TestCqlsh", "stderr": null, "errorDetails": null, "skippedMessage": null}, {"skipped": false, "errorStackTrace": null, "duration": 16.203, "name": "altering_nonexistent_user_throws_exception_test", "age": 0, "failedSince": 0, "status": "PASSED", "testActions": [], "stdout": null, "className": "auth_test.TestAuth", "stderr": null, "errorDetails": null, "skippedMessage": null}, {"skipped": true, "errorStackTrace": null, "duration": 0.054, "name": "materialized_views_auth_test", "age": 3, "failedSince": 325, "status": "SKIPPED", "testActions": [], "stdout": null, "className": "auth_test.TestAuth", "stderr": null, "errorDetails": null, "skippedMessage": "2.2.3 < 3.0"}, {"skipped": false, "errorStackTrace": null, "duration": 11.413, "name": "complex_data_types_test", "age": 0, "failedSince": 0, "status": "PASSED", "testActions": [], "stdout": null, "className": "json_test.ToJsonSelectTests", "stderr": null, "errorDetails": null, "skippedMessage": null}, {"skipped": false, "errorStackTrace": null, "duration": 10.926, "name": "complex_data_types_test", "age": 0, "failedSince": 0, "status": "PASSED", "testActions": [], "stdout": null, "className": "json_test.FromJsonUpdateTests", "stderr": null, "errorDetails": null, "skippedMessage": null}, {"skipped": false, "errorStackTrace": null, "duration": 8.726, "name": "collection_update_test", "age": 0, "failedSince": 0, "status": "PASSED", "testActions": [], "stdout": null, "className": "json_test.FromJsonUpdateTests", "stderr": null, "errorDetails": null, "skippedMessage": null}, {"skipped": false, "errorStackTrace": null, "duration": 7.202, "name": "rename_test", "age": 0, "failedSince": 0, "status": "FIXED", "testActions": [], "stdout": null, "className": "cql_tests.MiscellaneousCQLTester", "stderr": null, "errorDetails": null, "skippedMessage": null}, {"skipped": false, "errorStackTrace": null, "duration": 6.34, "name": "statements_test", "age": 0, "failedSince": 0, "status": "PASSED", "testActions": [], "stdout": null, "className": "cql_tests.StorageProxyCQLTester", "stderr": null, "errorDetails": null, "skippedMessage": null}, {"skipped": false, "errorStackTrace": null, "duration": 6.295, "name": "drop_column_compact_test", "age": 0, "failedSince": 0, "status": "PASSED", "testActions": [], "stdout": null, "className": "schema_test.TestSchema", "stderr": null, "errorDetails": null, "skippedMessage": null}, {"skipped": false, "errorStackTrace": null, "duration": 6.198, "name": "static_column_test", "age": 0, "failedSince": 0, "status": "PASSED", "testActions": [], "stdout": null, "className": "schema_metadata_test.TestSchemaMetadata", "stderr": null, "errorDetails": null, "skippedMessage": null}, {"skipped": false, "errorStackTrace": null, "duration": 6.342, "name": "drop_counter_column_test", "age": 0, "failedSince": 0, "status": "PASSED", "testActions": [], "stdout": null, "className": "counter_tests.TestCounters", "stderr": null, "errorDetails": null, "skippedMessage": null}, {"skipped": false, "errorStackTrace": null, "duration": 6.95, "name": "aggregate_udf_test", "age": 0, "failedSince": 0, "status": "PASSED", "testActions": [], "stdout": null, "className": "user_functions_test.TestUserFunctions", "stderr": null, "errorDetails": null, "skippedMessage": null}, {"skipped": false, "errorStackTrace": null, "duration": 6.026, "name": "aggregate_with_udt_keyspace_isolation_test", "age": 0, "failedSince": 0, "status": "PASSED", "testActions": [], "stdout": null, "className": "user_functions_test.TestUserFunctions", "stderr": null, "errorDetails": null, "skippedMessage": null}, {"skipped": false, "errorStackTrace": null, "duration": 6.091, "name": "default_aggregate_test", "age": 0, "failedSince": 0, "status": "PASSED", "testActions": [], "stdout": null, "className": "user_functions_test.TestUserFunctions", "stderr": null, "errorDetails": null, "skippedMessage": null}, {"skipped": false, "errorStackTrace": null, "duration": 33.253, "name": "test_migration", "age": 0, "failedSince": 0, "status": "PASSED", "testActions": [], "stdout": null, "className": "user_functions_test.TestUserFunctions", "stderr": null, "errorDetails": null, "skippedMessage": null}, {"skipped": false, "errorStackTrace": null, "duration": 30.377, "name": "udf_overload_test", "age": 0, "failedSince": 0, "status": "PASSED", "testActions": [], "stdout": null, "className": "user_functions_test.TestUserFunctions", "stderr": null, "errorDetails": null, "skippedMessage": null}, {"skipped": false, "errorStackTrace": null, "duration": 6.695, "name": "udf_scripting_test", "age": 0, "failedSince": 0, "status": "PASSED", "testActions": [], "stdout": null, "className": "user_functions_test.TestUserFunctions", "stderr": null, "errorDetails": null, "skippedMessage": null}, {"skipped": false, "errorStackTrace": null, "duration": 6.115, "name": "udf_with_udt_keyspace_isolation_test", "age": 0, "failedSince": 0, "status": "PASSED", "testActions": [], "stdout": null, "className": "user_functions_test.TestUserFunctions", "stderr": null, "errorDetails": null, "skippedMessage": null}, {"skipped": false, "errorStackTrace": null, "duration": 6.752, "name": "udf_with_udt_test", "age": 0, "failedSince": 0, "status": "PASSED", "testActions": [], "stdout": null, "className": "user_functions_test.TestUserFunctions", "stderr": null, "errorDetails": null, "skippedMessage": null}, {"skipped": true, "errorStackTrace": null, "duration": 0.054, "name": "in_with_desc_order_test", "age": 55, "failedSince": 273, "status": "SKIPPED", "testActions": [], "stdout": null, "className": "upgrade_tests.cql_tests.TestCQL", "stderr": null, "errorDetails": null, "skippedMessage": "2.2.3 < 3.0"}, {"skipped": true, "errorStackTrace": null, "duration": 0.104, "name": "column_name_validation_test", "age": 3, "failedSince": 325, "status": "SKIPPED", "testActions": [], "stdout": null, "className": "upgrade_tests.cql_tests.TestCQL", "stderr": null, "errorDetails": null, "skippedMessage": "2.2.3 < 3.0"}, {"skipped": true, "errorStackTrace": null, "duration": 0.103, "name": "cas_simple_test", "age": 51, "failedSince": 277, "status": "SKIPPED", "testActions": [], "stdout": null, "className": "upgrade_tests.cql_tests.TestCQL", "stderr": null, "errorDetails": null, "skippedMessage": "2.2.3 < 3.0"}, {"skipped": true, "errorStackTrace": null, "duration": 0.104, "name": "bug_6327_test", "age": 3, "failedSince": 325, "status": "SKIPPED", "testActions": [], "stdout": null, "className": "upgrade_tests.cql_tests.TestCQL", "stderr": null, "errorDetails": null, "skippedMessage": "2.2.3 < 3.0"}, {"skipped": true, "errorStackTrace": null, "duration": 0.104, "name": "more_order_by_test", "age": 3, "failedSince": 325, "status": "SKIPPED", "testActions": [], "stdout": null, "className": "upgrade_tests.cql_tests.TestCQL", "stderr": null, "errorDetails": null, "skippedMessage": "2.2.3 < 3.0"}, {"skipped": true, "errorStackTrace": null, "duration": 0.104, "name": "nan_infinity_test", "age": 10, "failedSince": 318, "status": "SKIPPED", "testActions": [], "stdout": null, "className": "upgrade_tests.cql_tests.TestCQL", "stderr": null, "errorDetails": null, "skippedMessage": "2.2.3 < 3.0"}, {"skipped": true, "errorStackTrace": null, "duration": 0.104, "name": "order_by_test", "age": 3, "failedSince": 325, "status": "SKIPPED", "testActions": [], "stdout": null, "className": "upgrade_tests.cql_tests.TestCQL", "stderr": null, "errorDetails": null, "skippedMessage": "2.2.3 < 3.0"}, {"skipped": true, "errorStackTrace": null, "duration": 0.103, "name": "empty_in_test", "age": 3, "failedSince": 325, "status": "SKIPPED", "testActions": [], "stdout": null, "className": "upgrade_tests.cql_tests.TestCQL", "stderr": null, "errorDetails": null, "skippedMessage": "2.2.3 < 3.0"}, {"skipped": true, "errorStackTrace": null, "duration": 0.104, "name": "date_test", "age": 3, "failedSince": 325, "status": "SKIPPED", "testActions": [], "stdout": null, "className": "upgrade_tests.cql_tests.TestCQL", "stderr": null, "errorDetails": null, "skippedMessage": "2.2.3 < 3.0"}, {"skipped": true, "errorStackTrace": null, "duration": 0.103, "name": "reversed_comparator_test", "age": 51, "failedSince": 277, "status": "SKIPPED", "testActions": [], "stdout": null, "className": "upgrade_tests.cql_tests.TestCQL", "stderr": null, "errorDetails": null, "skippedMessage": "2.2.3 < 3.0"}, {"skipped": true, "errorStackTrace": null, "duration": 0.103, "name": "blobAs_functions_test", "age": 51, "failedSince": 277, "status": "SKIPPED", "testActions": [], "stdout": null, "className": "upgrade_tests.cql_tests.TestCQL", "stderr": null, "errorDetails": null, "skippedMessage": "2.2.3 < 3.0"}, {"skipped": true, "errorStackTrace": null, "duration": 0.103, "name": "multi_list_set_test", "age": 51, "failedSince": 277, "status": "SKIPPED", "testActions": [], "stdout": null, "className": "upgrade_tests.cql_tests.TestCQL", "stderr": null, "errorDetails": null, "skippedMessage": "2.2.3 < 3.0"}, {"skipped": true, "errorStackTrace": null, "duration": 0.103, "name": "timeuuid_test", "age": 51, "failedSince": 277, "status": "SKIPPED", "testActions": [], "stdout": null, "className": "upgrade_tests.cql_tests.TestCQL", "stderr": null, "errorDetails": null, "skippedMessage": "2.2.3 < 3.0"}, {"skipped": true, "errorStackTrace": null, "duration": 0.104, "name": "collection_indexing_test", "age": 10, "failedSince": 318, "status": "SKIPPED", "testActions": [], "stdout": null, "className": "upgrade_tests.cql_tests.TestCQL", "stderr": null, "errorDetails": null, "skippedMessage": "2.2.3 < 3.0"}, {"skipped": true, "errorStackTrace": null, "duration": 0.103, "name": "count_test", "age": 10, "failedSince": 318, "status": "SKIPPED", "testActions": [], "stdout": null, "className": "upgrade_tests.cql_tests.TestCQL", "stderr": null, "errorDetails": null, "skippedMessage": "2.2.3 < 3.0"}, {"skipped": true, "errorStackTrace": null, "duration": 0.054, "name": "test_undefined_page_size_default", "age": 1, "failedSince": 327, "status": "SKIPPED", "testActions": [], "stdout": null, "className": "upgrade_tests.paging_test.TestPagingSize", "stderr": null, "errorDetails": null, "skippedMessage": "2.2.3 < 3.0"}, {"skipped": true, "errorStackTrace": null, "duration": 0.104, "name": "test_with_more_results_than_page_size", "age": 1, "failedSince": 327, "status": "SKIPPED", "testActions": [], "stdout": null, "className": "upgrade_tests.paging_test.TestPagingSize", "stderr": null, "errorDetails": null, "skippedMessage": "2.2.3 < 3.0"}, {"skipped": true, "errorStackTrace": null, "duration": 0.104, "name": "test_with_less_results_than_page_size", "age": 1, "failedSince": 327, "status": "SKIPPED", "testActions": [], "stdout": null, "className": "upgrade_tests.paging_test.TestPagingSize", "stderr": null, "errorDetails": null, "skippedMessage": "2.2.3 < 3.0"}, {"skipped": true, "errorStackTrace": null, "duration": 0.053, "name": "basic_paging_test", "age": 51, "failedSince": 277, "status": "SKIPPED", "testActions": [], "stdout": null, "className": "upgrade_tests.paging_test.TestPagingData", "stderr": null, "errorDetails": null, "skippedMessage": "2.2.3 < 3.0"}, {"skipped": true, "errorStackTrace": null, "duration": 0.103, "name": "basic_compound_paging_test", "age": 10, "failedSince": 318, "status": "SKIPPED", "testActions": [], "stdout": null, "className": "upgrade_tests.paging_test.TestPagingData", "stderr": null, "errorDetails": null, "skippedMessage": "2.2.3 < 3.0"}, {"skipped": true, "errorStackTrace": null, "duration": 0.053, "name": "test_with_limit", "age": 10, "failedSince": 318, "status": "SKIPPED", "testActions": [], "stdout": null, "className": "upgrade_tests.paging_test.TestPagingWithModifiers", "stderr": null, "errorDetails": null, "skippedMessage": "2.2.3 < 3.0"}, {"skipped": true, "errorStackTrace": null, "duration": 0.053, "name": "test_data_change_impacting_earlier_page", "age": 10, "failedSince": 318, "status": "SKIPPED", "testActions": [], "stdout": null, "className": "upgrade_tests.paging_test.TestPagingDatasetChanges", "stderr": null, "errorDetails": null, "skippedMessage": "2.2.3 < 3.0"}, {"skipped": true, "errorStackTrace": null, "duration": 0.103, "name": "test_data_change_impacting_later_page", "age": 1, "failedSince": 327, "status": "SKIPPED", "testActions": [], "stdout": null, "className": "upgrade_tests.paging_test.TestPagingDatasetChanges", "stderr": null, "errorDetails": null, "skippedMessage": "2.2.3 < 3.0"}, {"skipped": true, "errorStackTrace": null, "duration": 0.053, "name": "test_failure_threshold_deletions", "age": 3, "failedSince": 325, "status": "SKIPPED", "testActions": [], "stdout": null, "className": "upgrade_tests.paging_test.TestPagingWithDeletions", "stderr": null, "errorDetails": null, "skippedMessage": "2.2.3 < 3.0"}, {"skipped": true, "errorStackTrace": null, "duration": 0.053, "name": "create_test", "age": 87, "failedSince": 241, "status": "SKIPPED", "testActions": [], "stdout": null, "className": "materialized_views_test.TestMaterializedViews", "stderr": null, "errorDetails": null, "skippedMessage": "2.2.3 < 3.0"}, {"skipped": true, "errorStackTrace": null, "duration": 0.103, "name": "crc_check_chance_test", "age": 24, "failedSince": 304, "status": "SKIPPED", "testActions": [], "stdout": null, "className": "materialized_views_test.TestMaterializedViews", "stderr": null, "errorDetails": null, "skippedMessage": "2.2.3 < 3.0"}, {"skipped": true, "errorStackTrace": null, "duration": 0.103, "name": "add_node_after_mv_test", "age": 81, "failedSince": 247, "status": "SKIPPED", "testActions": [], "stdout": null, "className": "materialized_views_test.TestMaterializedViews", "stderr": null, "errorDetails": null, "skippedMessage": "2.2.3 < 3.0"}, {"skipped": true, "errorStackTrace": null, "duration": 0.103, "name": "really_complex_repair_test", "age": 81, "failedSince": 247, "status": "SKIPPED", "testActions": [], "stdout": null, "className": "materialized_views_test.TestMaterializedViews", "stderr": null, "errorDetails": null, "skippedMessage": "2.2.3 < 3.0"}, {"skipped": true, "errorStackTrace": null, "duration": 0.103, "name": "lwt_test", "age": 3, "failedSince": 325, "status": "SKIPPED", "testActions": [], "stdout": null, "className": "materialized_views_test.TestMaterializedViews", "stderr": null, "errorDetails": null, "skippedMessage": "2.2.3 < 3.0"}, {"skipped": true, "errorStackTrace": null, "duration": 0.103, "name": "immutable_test", "age": 10, "failedSince": 318, "status": "SKIPPED", "testActions": [], "stdout": null, "className": "materialized_views_test.TestMaterializedViews", "stderr": null, "errorDetails": null, "skippedMessage": "2.2.3 < 3.0"}, {"skipped": true, "errorStackTrace": null, "duration": 0.103, "name": "complex_repair_test", "age": 3, "failedSince": 325, "status": "SKIPPED", "testActions": [], "stdout": null, "className": "materialized_views_test.TestMaterializedViews", "stderr": null, "errorDetails": null, "skippedMessage": "2.2.3 < 3.0"}, {"skipped": true, "errorStackTrace": null, "duration": 0.053, "name": "bug_6050_test", "age": 51, "failedSince": 277, "status": "SKIPPED", "testActions": [], "stdout": null, "className": "deprecated_cql_tests.TestCQL", "stderr": null, "errorDetails": null, "skippedMessage": "2.2.3 > 2.0.x"}, {"skipped": true, "errorStackTrace": null, "duration": 0.103, "name": "downgrade_to_compact_bug_test", "age": 62, "failedSince": 266, "status": "SKIPPED", "testActions": [], "stdout": null, "className": "deprecated_cql_tests.TestCQL", "stderr": null, "errorDetails": null, "skippedMessage": "2.2.3 > 2.0.x"}, {"skipped": true, "errorStackTrace": null, "duration": 0.103, "name": "bug_8558_test", "age": 3, "failedSince": 325, "status": "SKIPPED", "testActions": [], "stdout": null, "className": "deprecated_cql_tests.TestCQL", "stderr": null, "errorDetails": null, "skippedMessage": "2.2.3 > 2.0.x"}, {"skipped": true, "errorStackTrace": null, "duration": 0.108, "name": "list_item_conditional_test", "age": 52, "failedSince": 276, "status": "SKIPPED", "testActions": [], "stdout": null, "className": "deprecated_cql_tests.TestCQL", "stderr": null, "errorDetails": null, "skippedMessage": "2.2.3 > 2.0.x"}, {"skipped": true, "errorStackTrace": null, "duration": 0.103, "name": "undefined_column_handling_test", "age": 26, "failedSince": 302, "status": "SKIPPED", "testActions": [], "stdout": null, "className": "deprecated_cql_tests.TestCQL", "stderr": null, "errorDetails": null, "skippedMessage": "2.2.3 > 2.0.x"}, {"skipped": true, "errorStackTrace": null, "duration": 0.103, "name": "indexes_composite_test", "age": 51, "failedSince": 277, "status": "SKIPPED", "testActions": [], "stdout": null, "className": "deprecated_cql_tests.TestCQL", "stderr": null, "errorDetails": null, "skippedMessage": "2.2.3 > 2.0.x"}, {"skipped": true, "errorStackTrace": null, "duration": 0.103, "name": "static_columns_cas_test", "age": 52, "failedSince": 276, "status": "SKIPPED", "testActions": [], "stdout": null, "className": "deprecated_cql_tests.TestCQL", "stderr": null, "errorDetails": null, "skippedMessage": "2.2.3 > 2.0.x"}, {"skipped": true, "errorStackTrace": null, "duration": 0.102, "name": "select_key_in_test", "age": 52, "failedSince": 276, "status": "SKIPPED", "testActions": [], "stdout": null, "className": "deprecated_cql_tests.TestCQL", "stderr": null, "errorDetails": null, "skippedMessage": "2.2.3 > 2.0.x"}, {"skipped": true, "errorStackTrace": null, "duration": 0.103, "name": "bug_6327_test", "age": 3, "failedSince": 325, "status": "SKIPPED", "testActions": [], "stdout": null, "className": "deprecated_cql_tests.TestCQL", "stderr": null, "errorDetails": null, "skippedMessage": "2.2.3 > 2.0.x"}, {"skipped": true, "errorStackTrace": null, "duration": 0.103, "name": "set_test", "age": 3, "failedSince": 325, "status": "SKIPPED", "testActions": [], "stdout": null, "className": "deprecated_cql_tests.TestCQL", "stderr": null, "errorDetails": null, "skippedMessage": "2.2.3 > 2.0.x"}, {"skipped": true, "errorStackTrace": null, "duration": 0.103, "name": "clustering_order_in_test", "age": 51, "failedSince": 277, "status": "SKIPPED", "testActions": [], "stdout": null, "className": "deprecated_cql_tests.TestCQL", "stderr": null, "errorDetails": null, "skippedMessage": "2.2.3 > 2.0.x"}, {"skipped": true, "errorStackTrace": null, "duration": 0.104, "name": "select_count_paging_test", "age": 3, "failedSince": 325, "status": "SKIPPED", "testActions": [], "stdout": null, "className": "deprecated_cql_tests.TestCQL", "stderr": null, "errorDetails": null, "skippedMessage": "2.2.3 > 2.0.x"}, {"skipped": true, "errorStackTrace": null, "duration": 0.104, "name": "composite_index_collections_test", "age": 51, "failedSince": 277, "status": "SKIPPED", "testActions": [], "stdout": null, "className": "deprecated_cql_tests.TestCQL", "stderr": null, "errorDetails": null, "skippedMessage": "2.2.3 > 2.0.x"}, {"skipped": true, "errorStackTrace": null, "duration": 0.103, "name": "in_with_desc_order_test", "age": 55, "failedSince": 273, "status": "SKIPPED", "testActions": [], "stdout": null, "className": "deprecated_cql_tests.TestCQL", "stderr": null, "errorDetails": null, "skippedMessage": "2.2.3 > 2.0.x"}, {"skipped": true, "errorStackTrace": null, "duration": 0.103, "name": "empty_in_test", "age": 3, "failedSince": 325, "status": "SKIPPED", "testActions": [], "stdout": null, "className": "deprecated_cql_tests.TestCQL", "stderr": null, "errorDetails": null, "skippedMessage": "2.2.3 > 2.0.x"}, {"skipped": true, "errorStackTrace": null, "duration": 0.104, "name": "multiordering_validation_test", "age": 10, "failedSince": 318, "status": "SKIPPED", "testActions": [], "stdout": null, "className": "deprecated_cql_tests.TestCQL", "stderr": null, "errorDetails": null, "skippedMessage": "2.2.3 > 2.0.x"}, {"skipped": true, "errorStackTrace": null, "duration": 0.103, "name": "static_with_limit_test", "age": 10, "failedSince": 318, "status": "SKIPPED", "testActions": [], "stdout": null, "className": "deprecated_cql_tests.TestCQL", "stderr": null, "errorDetails": null, "skippedMessage": "2.2.3 > 2.0.x"}, {"skipped": true, "errorStackTrace": null, "duration": 0.103, "name": "remove_range_slice_test", "age": 53, "failedSince": 275, "status": "SKIPPED", "testActions": [], "stdout": null, "className": "deprecated_cql_tests.TestCQL", "stderr": null, "errorDetails": null, "skippedMessage": "2.2.3 > 2.0.x"}, {"skipped": true, "errorStackTrace": null, "duration": 0.053, "name": "nodetool_test", "age": 3, "failedSince": 325, "status": "SKIPPED", "testActions": [], "stdout": null, "className": "hintedhandoff_test.TestHintedHandoffConfig", "stderr": null, "errorDetails": null, "skippedMessage": "2.2.3 < 3.0"}, {"skipped": true, "errorStackTrace": null, "duration": 0.053, "name": "contention_test_multi_iterations", "age": 3, "failedSince": 325, "status": "SKIPPED", "testActions": [], "stdout": null, "className": "paxos_tests.TestPaxos", "stderr": null, "errorDetails": null, "skippedMessage": "Hanging the build"}, {"skipped": true, "errorStackTrace": null, "duration": 0.054, "name": "test_rf_collapse_yaml_file_snitch", "age": 3, "failedSince": 325, "status": "SKIPPED", "testActions": [], "stdout": null, "className": "replication_test.SnitchConfigurationUpdateTest", "stderr": null, "errorDetails": null, "skippedMessage": "2.2.3 > 2.1.x"}, {"skipped": false, "errorStackTrace": "  File \"/usr/lib/python2.7/unittest/case.py\", line 329, in run\n    testMethod()\n  File \"/home/automaton/cassandra-dtest/concurrent_schema_changes_test.py\", line 331, in create_lots_of_schema_churn_test\n    self._do_lots_of_schema_actions(session)\n  File \"/home/automaton/cassandra-dtest/concurrent_schema_changes_test.py\", line 290, in _do_lots_of_schema_actions\n    results = execute_concurrent(session, cmds, concurrency=100, raise_on_first_error=True)\n  File \"cassandra/concurrent.py\", line 88, in cassandra.concurrent.execute_concurrent (cassandra/concurrent.c:1453)\n    return executor.execute(concurrency, raise_on_first_error)\n  File \"cassandra/concurrent.py\", line 185, in cassandra.concurrent.ConcurrentExecutorListResults.execute (cassandra/concurrent.c:4829)\n    return super(ConcurrentExecutorListResults, self).execute(concurrency, fail_fast)\n  File \"cassandra/concurrent.py\", line 111, in cassandra.concurrent._ConcurrentExecutor.execute (cassandra/concurrent.c:2118)\n    return self._results()\n  File \"cassandra/concurrent.py\", line 199, in cassandra.concurrent.ConcurrentExecutorListResults._results (cassandra/concurrent.c:5597)\n    with self._condition:\n  File \"cassandra/concurrent.py\", line 203, in cassandra.concurrent.ConcurrentExecutorListResults._results (cassandra/concurrent.c:5529)\n    self._raise(self._exception)\n  File \"cassandra/concurrent.py\", line 151, in cassandra.concurrent._ConcurrentExecutor._raise (cassandra/concurrent.c:3527)\n    raise exc\n'<ErrorMessage code=0000 [Server error] message=\"java.util.ConcurrentModificationException\">\\n-------------------- >> begin captured logging << --------------------\\ndtest: DEBUG: cluster ccm directory: /mnt/tmp/dtest-qw3Czw\\ncassandra.cluster: WARNING: Node 127.0.0.3 is reporting a schema disagreement: {UUID(\\'ea74c2ff-eeac-30d7-987c-276ec065aa10\\'): [\\'127.0.0.3\\'], UUID(\\'727a3fe8-21a3-3c4f-b2a4-14111eec3e1d\\'): [\\'127.0.0.1\\'], UUID(\\'baf5d085-5dad-3bd2-ad5b-73c30764cf34\\'): [\\'127.0.0.2\\']}\\n--------------------- >> end captured logging << ---------------------'", "duration": 118.206, "name": "create_lots_of_schema_churn_test", "age": 2, "failedSince": 326, "status": "FAILED", "testActions": [], "stdout": null, "className": "concurrent_schema_changes_test.TestConcurrentSchemaChanges", "stderr": null, "errorDetails": "<ErrorMessage code=0000 [Server error] message=\"java.util.ConcurrentModificationException\">\n-------------------- >> begin captured logging << --------------------\ndtest: DEBUG: cluster ccm directory: /mnt/tmp/dtest-qw3Czw\ncassandra.cluster: WARNING: Node 127.0.0.3 is reporting a schema disagreement: {UUID('ea74c2ff-eeac-30d7-987c-276ec065aa10'): ['127.0.0.3'], UUID('727a3fe8-21a3-3c4f-b2a4-14111eec3e1d'): ['127.0.0.1'], UUID('baf5d085-5dad-3bd2-ad5b-73c30764cf34'): ['127.0.0.2']}\n--------------------- >> end captured logging << ---------------------", "skippedMessage": null}, {"skipped": false, "errorStackTrace": "  File \"/usr/lib/python2.7/unittest/case.py\", line 329, in run\n    testMethod()\n  File \"/home/automaton/cassandra-dtest/concurrent_schema_changes_test.py\", line 475, in decommission_node_test\n    self.validate_schema_consistent(node1)\n  File \"/home/automaton/cassandra-dtest/concurrent_schema_changes_test.py\", line 127, in validate_schema_consistent\n    assert num_schemas == 1, \"There were multiple schema versions: \" + pprint.pformat(schemas)\n\"There were multiple schema versions: 'ed7bbab8-549c-3275-9819-928fae79c2bb: [127.0.0.1]\\\\n\\\\n\\\\t\\\\tUNREACHABLE: [127.0.0.2]'\\n-------------------- >> begin captured logging << --------------------\\ndtest: DEBUG: cluster ccm directory: /mnt/tmp/dtest-D7NNQf\\ndtest: DEBUG: decommission_node_test()\\ndtest: DEBUG: prepare_for_changes() ns1\\ndtest: DEBUG: validate_schema_consistent() node1\\n--------------------- >> end captured logging << ---------------------\"", "duration": 152.528, "name": "decommission_node_test", "age": 3, "failedSince": 325, "status": "FAILED", "testActions": [], "stdout": null, "className": "concurrent_schema_changes_test.TestConcurrentSchemaChanges", "stderr": null, "errorDetails": "There were multiple schema versions: 'ed7bbab8-549c-3275-9819-928fae79c2bb: [127.0.0.1]\\n\\n\\t\\tUNREACHABLE: [127.0.0.2]'\n-------------------- >> begin captured logging << --------------------\ndtest: DEBUG: cluster ccm directory: /mnt/tmp/dtest-D7NNQf\ndtest: DEBUG: decommission_node_test()\ndtest: DEBUG: prepare_for_changes() ns1\ndtest: DEBUG: validate_schema_consistent() node1\n--------------------- >> end captured logging << ---------------------", "skippedMessage": null}, {"skipped": false, "errorStackTrace": null, "duration": 81.346, "name": "empty_vs_gcable_sequential_repair_test", "age": 0, "failedSince": 0, "status": "PASSED", "testActions": [], "stdout": null, "className": "repair_test.TestRepair", "stderr": null, "errorDetails": null, "skippedMessage": null}, {"skipped": false, "errorStackTrace": null, "duration": 87.032, "name": "readrepair_test", "age": 0, "failedSince": 0, "status": "PASSED", "testActions": [], "stdout": null, "className": "consistency_test.TestConsistency", "stderr": null, "errorDetails": null, "skippedMessage": null}, {"skipped": false, "errorStackTrace": null, "duration": 81.361, "name": "sstableloader_compression_deflate_to_snappy_test", "age": 0, "failedSince": 0, "status": "PASSED", "testActions": [], "stdout": null, "className": "sstable_generation_loading_test.TestSSTableGenerationAndLoading", "stderr": null, "errorDetails": null, "skippedMessage": null}, {"skipped": false, "errorStackTrace": null, "duration": 79.944, "name": "test_map_indexes", "age": 0, "failedSince": 0, "status": "PASSED", "testActions": [], "stdout": null, "className": "secondary_indexes_test.TestSecondaryIndexesOnCollections", "stderr": null, "errorDetails": null, "skippedMessage": null}, {"skipped": false, "errorStackTrace": null, "duration": 70.106, "name": "sstable_deletion_test", "age": 0, "failedSince": 0, "status": "PASSED", "testActions": [], "stdout": null, "className": "compaction_test.TestCompaction_with_DateTieredCompactionStrategy", "stderr": null, "errorDetails": null, "skippedMessage": null}, {"skipped": false, "errorStackTrace": null, "duration": 15.859, "name": "compaction_delete_test", "age": 0, "failedSince": 0, "status": "PASSED", "testActions": [], "stdout": "running\n['/mnt/tmp/dtest-UbANfI/test/node1/data/ks/cf-3e4fa260718a11e5b925778d4c822489/la-1-big-Data.db', '/mnt/tmp/dtest-UbANfI/test/node1/data/ks/cf-3e4fa260718a11e5b925778d4c822489/la-2-big-Data.db']\n-- la-1-big-Data.db -----\n\n-- la-2-big-Data.db -----\n\n", "className": "compaction_test.TestCompaction_with_DateTieredCompactionStrategy", "stderr": null, "errorDetails": null, "skippedMessage": null}, {"skipped": false, "errorStackTrace": null, "duration": 56.704, "name": "data_size_test", "age": 0, "failedSince": 0, "status": "PASSED", "testActions": [], "stdout": null, "className": "compaction_test.TestCompaction_with_LeveledCompactionStrategy", "stderr": null, "errorDetails": null, "skippedMessage": null}, {"skipped": true, "errorStackTrace": null, "duration": 0.056, "name": "dtcs_deletion_test", "age": 3, "failedSince": 325, "status": "SKIPPED", "testActions": [], "stdout": null, "className": "compaction_test.TestCompaction_with_LeveledCompactionStrategy", "stderr": null, "errorDetails": null, "skippedMessage": "Not implemented unless DateTieredCompactionStrategy is used"}, {"skipped": false, "errorStackTrace": null, "duration": 27.076, "name": "disable_autocompaction_alter_and_nodetool_test", "age": 0, "failedSince": 0, "status": "PASSED", "testActions": [], "stdout": null, "className": "compaction_test.TestCompaction_with_SizeTieredCompactionStrategy", "stderr": null, "errorDetails": null, "skippedMessage": null}, {"skipped": true, "errorStackTrace": null, "duration": 0.055, "name": "dtcs_deletion_test", "age": 3, "failedSince": 325, "status": "SKIPPED", "testActions": [], "stdout": null, "className": "compaction_test.TestCompaction_with_SizeTieredCompactionStrategy", "stderr": null, "errorDetails": null, "skippedMessage": "Not implemented unless DateTieredCompactionStrategy is used"}, {"skipped": false, "errorStackTrace": null, "duration": 55.106, "name": "test_batch", "age": 0, "failedSince": 0, "status": "PASSED", "testActions": [], "stdout": null, "className": "write_failures_test.TestWriteFailures", "stderr": null, "errorDetails": null, "skippedMessage": null}, {"skipped": false, "errorStackTrace": null, "duration": 41.655, "name": "test_cell_TTL_expiry_during_paging", "age": 0, "failedSince": 0, "status": "PASSED", "testActions": [], "stdout": null, "className": "paging_test.TestPagingDatasetChanges", "stderr": null, "errorDetails": null, "skippedMessage": null}, {"skipped": false, "errorStackTrace": null, "duration": 37.461, "name": "test_row_TTL_expiry_during_paging", "age": 0, "failedSince": 0, "status": "PASSED", "testActions": [], "stdout": null, "className": "paging_test.TestPagingDatasetChanges", "stderr": null, "errorDetails": null, "skippedMessage": null}, {"skipped": false, "errorStackTrace": null, "duration": 21.612, "name": "test_with_less_results_than_page_size", "age": 0, "failedSince": 0, "status": "PASSED", "testActions": [], "stdout": null, "className": "paging_test.TestPagingSize", "stderr": null, "errorDetails": null, "skippedMessage": null}, {"skipped": false, "errorStackTrace": null, "duration": 23.121, "name": "test_with_more_results_than_page_size", "age": 0, "failedSince": 0, "status": "PASSED", "testActions": [], "stdout": null, "className": "paging_test.TestPagingSize", "stderr": null, "errorDetails": null, "skippedMessage": null}, {"skipped": false, "errorStackTrace": null, "duration": 30.686, "name": "test_nested_user_types", "age": 0, "failedSince": 0, "status": "PASSED", "testActions": [], "stdout": null, "className": "user_types_test.TestUserTypes", "stderr": null, "errorDetails": null, "skippedMessage": null}, {"skipped": false, "errorStackTrace": null, "duration": 25.535, "name": "test_type_secondary_indexing", "age": 0, "failedSince": 0, "status": "PASSED", "testActions": [], "stdout": null, "className": "user_types_test.TestUserTypes", "stderr": null, "errorDetails": null, "skippedMessage": null}, {"skipped": false, "errorStackTrace": null, "duration": 26.05, "name": "putget_2dc_rf1_test", "age": 0, "failedSince": 0, "status": "PASSED", "testActions": [], "stdout": null, "className": "multidc_putget_test.TestMultiDCPutGet", "stderr": null, "errorDetails": null, "skippedMessage": null}, {"skipped": false, "errorStackTrace": null, "duration": 16.922, "name": "grant_revoke_auth_test", "age": 0, "failedSince": 0, "status": "PASSED", "testActions": [], "stdout": null, "className": "auth_test.TestAuth", "stderr": null, "errorDetails": null, "skippedMessage": null}, {"skipped": true, "errorStackTrace": null, "duration": 0.054, "name": "only_superusers_can_drop_users_test", "age": 87, "failedSince": 241, "status": "SKIPPED", "testActions": [], "stdout": null, "className": "auth_test.TestAuth", "stderr": null, "errorDetails": null, "skippedMessage": "2.2.3 > 2.1.x"}, {"skipped": false, "errorStackTrace": null, "duration": 17.708, "name": "test_login_authenticates_correct_user", "age": 0, "failedSince": 0, "status": "PASSED", "testActions": [], "stdout": "(EE)  <stdin>:3:Unauthorized: code=2100 [Unauthorized] message=\"Only superusers can create a role with superuser status\"(EE)  ", "className": "cqlsh_tests.cqlsh_tests.CqlLoginTest", "stderr": null, "errorDetails": null, "skippedMessage": null}, {"skipped": false, "errorStackTrace": null, "duration": 6.511, "name": "test_describe_describes_non_default_compaction_parameters", "age": 0, "failedSince": 0, "status": "PASSED", "testActions": [], "stdout": null, "className": "cqlsh_tests.cqlsh_tests.TestCqlsh", "stderr": null, "errorDetails": null, "skippedMessage": null}, {"skipped": false, "errorStackTrace": "  File \"/usr/lib/python2.7/unittest/case.py\", line 329, in run\n    testMethod()\n  File \"/home/automaton/cassandra-dtest/tools.py\", line 253, in wrapped\n    f(obj)\n  File \"/home/automaton/cassandra-dtest/cqlsh_tests/cqlsh_tests.py\", line 68, in test_pep8_compliance\n    self.assertEqual(len(stdout), 0, stdout)\n  File \"/usr/lib/python2.7/unittest/case.py\", line 513, in assertEqual\n    assertion_func(first, second, msg=msg)\n  File \"/usr/lib/python2.7/unittest/case.py\", line 506, in _baseAssertEqual\n    raise self.failureException(msg)\n\"/home/automaton/cassandra/bin/cqlsh.py:2493:1: E302 expected 2 blank lines, found 1\\n/home/automaton/cassandra/bin/cqlsh.py:2495:1: W293 blank line contains whitespace\\n/home/automaton/cassandra/bin/cqlsh.py:2506:1: W293 blank line contains whitespace\\n/home/automaton/cassandra/bin/cqlsh.py:2517:1: E302 expected 2 blank lines, found 1\\n\\n-------------------- >> begin captured logging << --------------------\\ndtest: DEBUG: cluster ccm directory: /mnt/tmp/dtest-sKujri\\ndtest: DEBUG: ['pep8', '--ignore', 'E501,E402,E731', '/home/automaton/cassandra/bin/cqlsh.py', '/home/automaton/cassandra/pylib/cqlshlib/helptopics.py', '/home/automaton/cassandra/pylib/cqlshlib/cqlhandling.py', '/home/automaton/cassandra/pylib/cqlshlib/wcwidth.py', '/home/automaton/cassandra/pylib/cqlshlib/displaying.py', '/home/automaton/cassandra/pylib/cqlshlib/pylexotron.py', '/home/automaton/cassandra/pylib/cqlshlib/cql3handling.py', '/home/automaton/cassandra/pylib/cqlshlib/saferscanner.py', '/home/automaton/cassandra/pylib/cqlshlib/__init__.py', '/home/automaton/cassandra/pylib/cqlshlib/tracing.py', '/home/automaton/cassandra/pylib/cqlshlib/formatting.py', '/home/automaton/cassandra/pylib/cqlshlib/sslhandling.py', '/home/automaton/cassandra/pylib/cqlshlib/util.py']\\n--------------------- >> end captured logging << ---------------------\"", "duration": 0.814, "name": "test_pep8_compliance", "age": 22, "failedSince": 306, "status": "FAILED", "testActions": [], "stdout": null, "className": "cqlsh_tests.cqlsh_tests.TestCqlsh", "stderr": null, "errorDetails": "/home/automaton/cassandra/bin/cqlsh.py:2493:1: E302 expected 2 blank lines, found 1\n/home/automaton/cassandra/bin/cqlsh.py:2495:1: W293 blank line contains whitespace\n/home/automaton/cassandra/bin/cqlsh.py:2506:1: W293 blank line contains whitespace\n/home/automaton/cassandra/bin/cqlsh.py:2517:1: E302 expected 2 blank lines, found 1\n\n-------------------- >> begin captured logging << --------------------\ndtest: DEBUG: cluster ccm directory: /mnt/tmp/dtest-sKujri\ndtest: DEBUG: ['pep8', '--ignore', 'E501,E402,E731', '/home/automaton/cassandra/bin/cqlsh.py', '/home/automaton/cassandra/pylib/cqlshlib/helptopics.py', '/home/automaton/cassandra/pylib/cqlshlib/cqlhandling.py', '/home/automaton/cassandra/pylib/cqlshlib/wcwidth.py', '/home/automaton/cassandra/pylib/cqlshlib/displaying.py', '/home/automaton/cassandra/pylib/cqlshlib/pylexotron.py', '/home/automaton/cassandra/pylib/cqlshlib/cql3handling.py', '/home/automaton/cassandra/pylib/cqlshlib/saferscanner.py', '/home/automaton/cassandra/pylib/cqlshlib/__init__.py', '/home/automaton/cassandra/pylib/cqlshlib/tracing.py', '/home/automaton/cassandra/pylib/cqlshlib/formatting.py', '/home/automaton/cassandra/pylib/cqlshlib/sslhandling.py', '/home/automaton/cassandra/pylib/cqlshlib/util.py']\n--------------------- >> end captured logging << ---------------------", "skippedMessage": null}, {"skipped": false, "errorStackTrace": null, "duration": 6.699, "name": "test_writing_use_header", "age": 0, "failedSince": 0, "status": "PASSED", "testActions": [], "stdout": "(EE)  ", "className": "cqlsh_tests.cqlsh_copy_tests.CqlshCopyTest", "stderr": null, "errorDetails": null, "skippedMessage": null}, {"skipped": false, "errorStackTrace": "  File \"/usr/lib/python2.7/unittest/case.py\", line 329, in run\n    testMethod()\n  File \"/home/automaton/cassandra-dtest/cqlsh_tests/cqlsh_copy_tests.py\", line 548, in test_quoted_column_names_reading_dont_specify_names\n    self.quoted_column_names_reading_template(specify_column_names=False)\n  File \"/home/automaton/cassandra-dtest/cqlsh_tests/cqlsh_copy_tests.py\", line 532, in quoted_column_names_reading_template\n    self.assertCsvResultEqual(self.tempfile.name, results)\n  File \"/home/automaton/cassandra-dtest/cqlsh_tests/cqlsh_copy_tests.py\", line 167, in assertCsvResultEqual\n    raise e\n\"Element counts were not equal:\\nFirst has 1, Second has 0:  ['1', 'no']\\nFirst has 1, Second has 0:  ['2', 'Yes']\\nFirst has 1, Second has 0:  ['3', 'True']\\nFirst has 1, Second has 0:  ['4', 'false']\\n-------------------- >> begin captured logging << --------------------\\ndtest: DEBUG: cluster ccm directory: /mnt/tmp/dtest-wVn3Ur\\ndtest: WARNING: Different # of entries. CSV: 4 vs results: 0\\n--------------------- >> end captured logging << ---------------------\"", "duration": 6.712, "name": "test_quoted_column_names_reading_dont_specify_names", "age": 12, "failedSince": 316, "status": "FAILED", "testActions": [], "stdout": "(EE)  <stdin>:2:(EE)  'QueryMessage' object has no attribute 'to_binary'(EE)  <stdin>:2:Aborting import at record #3. Previously inserted records are still present, and some records after that may be present as well.(EE)  ", "className": "cqlsh_tests.cqlsh_copy_tests.CqlshCopyTest", "stderr": null, "errorDetails": "Element counts were not equal:\nFirst has 1, Second has 0:  ['1', 'no']\nFirst has 1, Second has 0:  ['2', 'Yes']\nFirst has 1, Second has 0:  ['3', 'True']\nFirst has 1, Second has 0:  ['4', 'false']\n-------------------- >> begin captured logging << --------------------\ndtest: DEBUG: cluster ccm directory: /mnt/tmp/dtest-wVn3Ur\ndtest: WARNING: Different # of entries. CSV: 4 vs results: 0\n--------------------- >> end captured logging << ---------------------", "skippedMessage": null}, {"skipped": false, "errorStackTrace": null, "duration": 6.78, "name": "test_colons_in_string_literals", "age": 0, "failedSince": 0, "status": "PASSED", "testActions": [], "stdout": "(EE)  ", "className": "cqlsh_tests.cqlsh_tests.CqlshSmokeTest", "stderr": null, "errorDetails": null, "skippedMessage": null}, {"skipped": false, "errorStackTrace": null, "duration": 6.87, "name": "test_truncate", "age": 0, "failedSince": 0, "status": "PASSED", "testActions": [], "stdout": "(EE)  ", "className": "cqlsh_tests.cqlsh_tests.CqlshSmokeTest", "stderr": null, "errorDetails": null, "skippedMessage": null}, {"skipped": false, "errorStackTrace": null, "duration": 13.952, "name": "test_scrub_collections_table", "age": 0, "failedSince": 0, "status": "PASSED", "testActions": [], "stdout": null, "className": "scrub_test.TestScrubIndexes", "stderr": null, "errorDetails": null, "skippedMessage": null}, {"skipped": false, "errorStackTrace": null, "duration": 9.406, "name": "test_scrub_with_UDT", "age": 0, "failedSince": 0, "status": "PASSED", "testActions": [], "stdout": null, "className": "scrub_test.TestScrub", "stderr": null, "errorDetails": null, "skippedMessage": null}, {"skipped": false, "errorStackTrace": null, "duration": 7.966, "name": "test_system_cf_recreate", "age": 0, "failedSince": 0, "status": "PASSED", "testActions": [], "stdout": null, "className": "thrift_tests.TestMutations", "stderr": null, "errorDetails": null, "skippedMessage": null}, {"skipped": false, "errorStackTrace": null, "duration": 6.624, "name": "test_super_subcolumn_limit", "age": 0, "failedSince": 0, "status": "PASSED", "testActions": [], "stdout": null, "className": "thrift_tests.TestMutations", "stderr": null, "errorDetails": null, "skippedMessage": null}, {"skipped": true, "errorStackTrace": null, "duration": 6.446, "name": "test_batch_mutate_remove_slice_part_of_supercolumns", "age": 87, "failedSince": 241, "status": "SKIPPED", "testActions": [], "stdout": null, "className": "thrift_tests.TestMutations", "stderr": null, "errorDetails": null, "skippedMessage": "2.2.3 > 2.2"}, {"skipped": false, "errorStackTrace": null, "duration": 6.669, "name": "test_describe_snitch", "age": 0, "failedSince": 0, "status": "PASSED", "testActions": [], "stdout": null, "className": "thrift_tests.TestMutations", "stderr": null, "errorDetails": null, "skippedMessage": null}, {"skipped": false, "errorStackTrace": null, "duration": 7.776, "name": "default_ttl_can_be_removed_test", "age": 0, "failedSince": 0, "status": "PASSED", "testActions": [], "stdout": null, "className": "ttl_test.TestTTL", "stderr": null, "errorDetails": null, "skippedMessage": null}, {"skipped": false, "errorStackTrace": null, "duration": 45.431, "name": "begin_test", "age": 0, "failedSince": 0, "status": "PASSED", "testActions": [], "stdout": null, "className": "jmxmetrics_test.TestJMXMetrics", "stderr": null, "errorDetails": null, "skippedMessage": null}, {"skipped": false, "errorStackTrace": null, "duration": 6.242, "name": "collection_table_datatype_test", "age": 0, "failedSince": 0, "status": "PASSED", "testActions": [], "stdout": null, "className": "schema_metadata_test.TestSchemaMetadata", "stderr": null, "errorDetails": null, "skippedMessage": null}, {"skipped": false, "errorStackTrace": null, "duration": 6.521, "name": "creating_and_dropping_table_test", "age": 0, "failedSince": 0, "status": "PASSED", "testActions": [], "stdout": null, "className": "schema_metadata_test.TestSchemaMetadata", "stderr": null, "errorDetails": null, "skippedMessage": null}, {"skipped": false, "errorStackTrace": null, "duration": 6.127, "name": "keyspace_test", "age": 0, "failedSince": 0, "status": "PASSED", "testActions": [], "stdout": null, "className": "cql_tests.StorageProxyCQLTester", "stderr": null, "errorDetails": null, "skippedMessage": null}, {"skipped": false, "errorStackTrace": null, "duration": 6.32, "name": "invalid_string_literals_test", "age": 0, "failedSince": 0, "status": "FIXED", "testActions": [], "stdout": null, "className": "cql_tests.MiscellaneousCQLTester", "stderr": null, "errorDetails": null, "skippedMessage": null}, {"skipped": false, "errorStackTrace": null, "duration": 32.934, "name": "test_compression_error", "age": 0, "failedSince": 0, "status": "PASSED", "testActions": [], "stdout": null, "className": "commitlog_test.TestCommitLog", "stderr": null, "errorDetails": null, "skippedMessage": null}, {"skipped": true, "errorStackTrace": null, "duration": 0.054, "name": "non_eq_conditional_update_test", "age": 3, "failedSince": 325, "status": "SKIPPED", "testActions": [], "stdout": null, "className": "upgrade_tests.cql_tests.TestCQL", "stderr": null, "errorDetails": null, "skippedMessage": "2.2.3 < 3.0"}, {"skipped": true, "errorStackTrace": null, "duration": 0.106, "name": "null_support_test", "age": 51, "failedSince": 277, "status": "SKIPPED", "testActions": [], "stdout": null, "className": "upgrade_tests.cql_tests.TestCQL", "stderr": null, "errorDetails": null, "skippedMessage": "2.2.3 < 3.0"}, {"skipped": true, "errorStackTrace": null, "duration": 0.105, "name": "large_count_test", "age": 53, "failedSince": 275, "status": "SKIPPED", "testActions": [], "stdout": null, "className": "upgrade_tests.cql_tests.TestCQL", "stderr": null, "errorDetails": null, "skippedMessage": "2.2.3 < 3.0"}, {"skipped": true, "errorStackTrace": null, "duration": 0.105, "name": "bug_5732_test", "age": 51, "failedSince": 277, "status": "SKIPPED", "testActions": [], "stdout": null, "className": "upgrade_tests.cql_tests.TestCQL", "stderr": null, "errorDetails": null, "skippedMessage": "2.2.3 < 3.0"}, {"skipped": true, "errorStackTrace": null, "duration": 0.105, "name": "bug_5240_test", "age": 52, "failedSince": 276, "status": "SKIPPED", "testActions": [], "stdout": null, "className": "upgrade_tests.cql_tests.TestCQL", "stderr": null, "errorDetails": null, "skippedMessage": "2.2.3 < 3.0"}, {"skipped": true, "errorStackTrace": null, "duration": 0.105, "name": "simple_tuple_query_test", "age": 51, "failedSince": 277, "status": "SKIPPED", "testActions": [], "stdout": null, "className": "upgrade_tests.cql_tests.TestCQL", "stderr": null, "errorDetails": null, "skippedMessage": "2.2.3 < 3.0"}, {"skipped": true, "errorStackTrace": null, "duration": 0.105, "name": "exclusive_slice_test", "age": 51, "failedSince": 277, "status": "SKIPPED", "testActions": [], "stdout": null, "className": "upgrade_tests.cql_tests.TestCQL", "stderr": null, "errorDetails": null, "skippedMessage": "2.2.3 < 3.0"}, {"skipped": true, "errorStackTrace": null, "duration": 0.105, "name": "static_cf_test", "age": 51, "failedSince": 277, "status": "SKIPPED", "testActions": [], "stdout": null, "className": "upgrade_tests.cql_tests.TestCQL", "stderr": null, "errorDetails": null, "skippedMessage": "2.2.3 < 3.0"}, {"skipped": true, "errorStackTrace": null, "duration": 0.105, "name": "limit_multiget_test", "age": 51, "failedSince": 277, "status": "SKIPPED", "testActions": [], "stdout": null, "className": "upgrade_tests.cql_tests.TestCQL", "stderr": null, "errorDetails": null, "skippedMessage": "2.2.3 < 3.0"}, {"skipped": true, "errorStackTrace": null, "duration": 0.105, "name": "tuple_notation_test", "age": 3, "failedSince": 325, "status": "SKIPPED", "testActions": [], "stdout": null, "className": "upgrade_tests.cql_tests.TestCQL", "stderr": null, "errorDetails": null, "skippedMessage": "2.2.3 < 3.0"}, {"skipped": true, "errorStackTrace": null, "duration": 0.105, "name": "cas_and_ttl_test", "age": 3, "failedSince": 325, "status": "SKIPPED", "testActions": [], "stdout": null, "className": "upgrade_tests.cql_tests.TestCQL", "stderr": null, "errorDetails": null, "skippedMessage": "2.2.3 < 3.0"}, {"skipped": true, "errorStackTrace": null, "duration": 0.105, "name": "cas_and_compact_test", "age": 3, "failedSince": 325, "status": "SKIPPED", "testActions": [], "stdout": null, "className": "upgrade_tests.cql_tests.TestCQL", "stderr": null, "errorDetails": null, "skippedMessage": "2.2.3 < 3.0"}, {"skipped": true, "errorStackTrace": null, "duration": 0.106, "name": "token_range_test", "age": 52, "failedSince": 276, "status": "SKIPPED", "testActions": [], "stdout": null, "className": "upgrade_tests.cql_tests.TestCQL", "stderr": null, "errorDetails": null, "skippedMessage": "2.2.3 < 3.0"}, {"skipped": true, "errorStackTrace": null, "duration": 0.105, "name": "nameless_index_test", "age": 52, "failedSince": 276, "status": "SKIPPED", "testActions": [], "stdout": null, "className": "upgrade_tests.cql_tests.TestCQL", "stderr": null, "errorDetails": null, "skippedMessage": "2.2.3 < 3.0"}, {"skipped": true, "errorStackTrace": null, "duration": 0.054, "name": "static_columns_paging_test", "age": 12, "failedSince": 316, "status": "SKIPPED", "testActions": [], "stdout": null, "className": "upgrade_tests.paging_test.TestPagingData", "stderr": null, "errorDetails": null, "skippedMessage": "2.2.3 < 3.0"}, {"skipped": true, "errorStackTrace": null, "duration": 0.105, "name": "test_paging_a_single_wide_row", "age": 14, "failedSince": 314, "status": "SKIPPED", "testActions": [], "stdout": null, "className": "upgrade_tests.paging_test.TestPagingData", "stderr": null, "errorDetails": null, "skippedMessage": "2.2.3 < 3.0"}, {"skipped": true, "errorStackTrace": null, "duration": 0.054, "name": "test_with_equal_results_to_page_size", "age": 1, "failedSince": 327, "status": "SKIPPED", "testActions": [], "stdout": null, "className": "upgrade_tests.paging_test.TestPagingSize", "stderr": null, "errorDetails": null, "skippedMessage": "2.2.3 < 3.0"}, {"skipped": true, "errorStackTrace": null, "duration": 0.054, "name": "test_with_allow_filtering", "age": 12, "failedSince": 316, "status": "SKIPPED", "testActions": [], "stdout": null, "className": "upgrade_tests.paging_test.TestPagingWithModifiers", "stderr": null, "errorDetails": null, "skippedMessage": "2.2.3 < 3.0"}, {"skipped": true, "errorStackTrace": null, "duration": 0.054, "name": "static_with_empty_clustering_test", "age": 52, "failedSince": 276, "status": "SKIPPED", "testActions": [], "stdout": null, "className": "deprecated_cql_tests.TestCQL", "stderr": null, "errorDetails": null, "skippedMessage": "2.2.3 > 2.0.x"}, {"skipped": true, "errorStackTrace": null, "duration": 0.105, "name": "conversion_functions_test", "age": 51, "failedSince": 277, "status": "SKIPPED", "testActions": [], "stdout": null, "className": "deprecated_cql_tests.TestCQL", "stderr": null, "errorDetails": null, "skippedMessage": "2.2.3 > 2.0.x"}, {"skipped": true, "errorStackTrace": null, "duration": 0.105, "name": "table_options_test", "age": 52, "failedSince": 276, "status": "SKIPPED", "testActions": [], "stdout": null, "className": "deprecated_cql_tests.TestCQL", "stderr": null, "errorDetails": null, "skippedMessage": "2.2.3 > 2.0.x"}, {"skipped": true, "errorStackTrace": null, "duration": 0.105, "name": "keyspace_creation_options_test", "age": 26, "failedSince": 302, "status": "SKIPPED", "testActions": [], "stdout": null, "className": "deprecated_cql_tests.TestCQL", "stderr": null, "errorDetails": null, "skippedMessage": "2.2.3 > 2.0.x"}, {"skipped": true, "errorStackTrace": null, "duration": 0.105, "name": "invalid_clustering_indexing_test", "age": 62, "failedSince": 266, "status": "SKIPPED", "testActions": [], "stdout": null, "className": "deprecated_cql_tests.TestCQL", "stderr": null, "errorDetails": null, "skippedMessage": "2.2.3 > 2.0.x"}, {"skipped": true, "errorStackTrace": null, "duration": 0.105, "name": "clustering_order_and_functions_test", "age": 51, "failedSince": 277, "status": "SKIPPED", "testActions": [], "stdout": null, "className": "deprecated_cql_tests.TestCQL", "stderr": null, "errorDetails": null, "skippedMessage": "2.2.3 > 2.0.x"}, {"skipped": true, "errorStackTrace": null, "duration": 0.105, "name": "map_test", "age": 51, "failedSince": 277, "status": "SKIPPED", "testActions": [], "stdout": null, "className": "deprecated_cql_tests.TestCQL", "stderr": null, "errorDetails": null, "skippedMessage": "2.2.3 > 2.0.x"}, {"skipped": true, "errorStackTrace": null, "duration": 0.105, "name": "range_with_deletes_test", "age": 52, "failedSince": 276, "status": "SKIPPED", "testActions": [], "stdout": null, "className": "deprecated_cql_tests.TestCQL", "stderr": null, "errorDetails": null, "skippedMessage": "2.2.3 > 2.0.x"}, {"skipped": true, "errorStackTrace": null, "duration": 0.105, "name": "bug7105_test", "age": 10, "failedSince": 318, "status": "SKIPPED", "testActions": [], "stdout": null, "className": "deprecated_cql_tests.TestCQL", "stderr": null, "errorDetails": null, "skippedMessage": "2.2.3 > 2.0.x"}, {"skipped": true, "errorStackTrace": null, "duration": 0.105, "name": "bug_5240_test", "age": 52, "failedSince": 276, "status": "SKIPPED", "testActions": [], "stdout": null, "className": "deprecated_cql_tests.TestCQL", "stderr": null, "errorDetails": null, "skippedMessage": "2.2.3 > 2.0.x"}, {"skipped": true, "errorStackTrace": null, "duration": 0.109, "name": "deletion_test", "age": 51, "failedSince": 277, "status": "SKIPPED", "testActions": [], "stdout": null, "className": "deprecated_cql_tests.TestCQL", "stderr": null, "errorDetails": null, "skippedMessage": "2.2.3 > 2.0.x"}, {"skipped": true, "errorStackTrace": null, "duration": 0.105, "name": "rename_test", "age": 3, "failedSince": 325, "status": "SKIPPED", "testActions": [], "stdout": null, "className": "deprecated_cql_tests.TestCQL", "stderr": null, "errorDetails": null, "skippedMessage": "2.2.3 > 2.0.x"}, {"skipped": true, "errorStackTrace": null, "duration": 0.105, "name": "list_test", "age": 3, "failedSince": 325, "status": "SKIPPED", "testActions": [], "stdout": null, "className": "deprecated_cql_tests.TestCQL", "stderr": null, "errorDetails": null, "skippedMessage": "2.2.3 > 2.0.x"}, {"skipped": true, "errorStackTrace": null, "duration": 0.054, "name": "populate_mv_after_insert_test", "age": 52, "failedSince": 276, "status": "SKIPPED", "testActions": [], "stdout": null, "className": "materialized_views_test.TestMaterializedViews", "stderr": null, "errorDetails": null, "skippedMessage": "2.2.3 < 3.0"}, {"skipped": true, "errorStackTrace": null, "duration": 0.106, "name": "prepared_statement_test", "age": 3, "failedSince": 325, "status": "SKIPPED", "testActions": [], "stdout": null, "className": "materialized_views_test.TestMaterializedViews", "stderr": null, "errorDetails": null, "skippedMessage": "2.2.3 < 3.0"}, {"skipped": true, "errorStackTrace": null, "duration": 0.105, "name": "add_dc_after_mv_test", "age": 3, "failedSince": 325, "status": "SKIPPED", "testActions": [], "stdout": null, "className": "materialized_views_test.TestMaterializedViews", "stderr": null, "errorDetails": null, "skippedMessage": "2.2.3 < 3.0"}, {"skipped": true, "errorStackTrace": null, "duration": 0.105, "name": "query_all_new_column_test", "age": 26, "failedSince": 302, "status": "SKIPPED", "testActions": [], "stdout": null, "className": "materialized_views_test.TestMaterializedViews", "stderr": null, "errorDetails": null, "skippedMessage": "2.2.3 < 3.0"}, {"skipped": true, "errorStackTrace": null, "duration": 0.105, "name": "test_gcgs_validation", "age": 74, "failedSince": 254, "status": "SKIPPED", "testActions": [], "stdout": null, "className": "materialized_views_test.TestMaterializedViews", "stderr": null, "errorDetails": null, "skippedMessage": "2.2.3 < 3.0"}, {"skipped": true, "errorStackTrace": null, "duration": 0.054, "name": "logged_batch_gcgs_below_threshold_single_table_test", "age": 3, "failedSince": 325, "status": "SKIPPED", "testActions": [], "stdout": null, "className": "batch_test.TestBatch", "stderr": null, "errorDetails": null, "skippedMessage": "2.2.3 < 3.0"}, {"skipped": true, "errorStackTrace": null, "duration": 0.054, "name": "logged_batch_gcgs_below_threshold_multi_table_test", "age": 3, "failedSince": 325, "status": "SKIPPED", "testActions": [], "stdout": null, "className": "batch_test.TestBatch", "stderr": null, "errorDetails": null, "skippedMessage": "2.2.3 < 3.0"}, {"skipped": false, "errorStackTrace": null, "duration": 404.201, "name": "short_read_reversed_test", "age": 0, "failedSince": 0, "status": "PASSED", "testActions": [], "stdout": null, "className": "consistency_test.TestConsistency", "stderr": null, "errorDetails": null, "skippedMessage": null}, {"skipped": false, "errorStackTrace": null, "duration": 164.396, "name": "test_network_topology_strategy", "age": 0, "failedSince": 0, "status": "PASSED", "testActions": [], "stdout": null, "className": "consistency_test.TestAvailability", "stderr": null, "errorDetails": null, "skippedMessage": null}, {"skipped": false, "errorStackTrace": null, "duration": 95.269, "name": "shutdown_wiped_node_cannot_join_test", "age": 0, "failedSince": 0, "status": "PASSED", "testActions": [], "stdout": null, "className": "bootstrap_test.TestBootstrap", "stderr": null, "errorDetails": null, "skippedMessage": null}, {"skipped": false, "errorStackTrace": null, "duration": 48.35, "name": "manual_bootstrap_test", "age": 0, "failedSince": 0, "status": "PASSED", "testActions": [], "stdout": null, "className": "bootstrap_test.TestBootstrap", "stderr": null, "errorDetails": null, "skippedMessage": null}, {"skipped": false, "errorStackTrace": null, "duration": 84.612, "name": "functional_test", "age": 0, "failedSince": 0, "status": "PASSED", "testActions": [], "stdout": null, "className": "super_counter_test.TestSuperCounterClusterRestart", "stderr": null, "errorDetails": null, "skippedMessage": null}, {"skipped": false, "errorStackTrace": null, "duration": 69.059, "name": "compaction_throughput_test", "age": 0, "failedSince": 0, "status": "PASSED", "testActions": [], "stdout": null, "className": "compaction_test.TestCompaction_with_DateTieredCompactionStrategy", "stderr": null, "errorDetails": null, "skippedMessage": null}, {"skipped": false, "errorStackTrace": null, "duration": 77.667, "name": "compaction_throughput_test", "age": 0, "failedSince": 0, "status": "PASSED", "testActions": [], "stdout": null, "className": "compaction_test.TestCompaction_with_SizeTieredCompactionStrategy", "stderr": null, "errorDetails": null, "skippedMessage": null}, {"skipped": false, "errorStackTrace": null, "duration": 53.911, "name": "data_size_test", "age": 0, "failedSince": 0, "status": "PASSED", "testActions": [], "stdout": null, "className": "compaction_test.TestCompaction_with_SizeTieredCompactionStrategy", "stderr": null, "errorDetails": null, "skippedMessage": null}, {"skipped": false, "errorStackTrace": null, "duration": 33.083, "name": "disable_autocompaction_schema_test", "age": 0, "failedSince": 0, "status": "PASSED", "testActions": [], "stdout": null, "className": "compaction_test.TestCompaction_with_LeveledCompactionStrategy", "stderr": null, "errorDetails": null, "skippedMessage": null}, {"skipped": false, "errorStackTrace": null, "duration": 10.07, "name": "sstable_deletion_test", "age": 0, "failedSince": 0, "status": "PASSED", "testActions": [], "stdout": null, "className": "compaction_test.TestCompaction_with_LeveledCompactionStrategy", "stderr": null, "errorDetails": null, "skippedMessage": null}, {"skipped": false, "errorStackTrace": null, "duration": 53.794, "name": "test_paxos_any", "age": 0, "failedSince": 0, "status": "PASSED", "testActions": [], "stdout": null, "className": "write_failures_test.TestWriteFailures", "stderr": null, "errorDetails": null, "skippedMessage": null}, {"skipped": false, "errorStackTrace": null, "duration": 33.268, "name": "load_test", "age": 0, "failedSince": 0, "status": "PASSED", "testActions": [], "stdout": null, "className": "concurrent_schema_changes_test.TestConcurrentSchemaChanges", "stderr": null, "errorDetails": null, "skippedMessage": null}, {"skipped": false, "errorStackTrace": null, "duration": 29.076, "name": "test_scrub_static_table", "age": 0, "failedSince": 0, "status": "PASSED", "testActions": [], "stdout": null, "className": "scrub_test.TestScrubIndexes", "stderr": null, "errorDetails": null, "skippedMessage": null}, {"skipped": false, "errorStackTrace": null, "duration": 25.422, "name": "test_paging_using_secondary_indexes", "age": 0, "failedSince": 0, "status": "PASSED", "testActions": [], "stdout": null, "className": "paging_test.TestPagingData", "stderr": null, "errorDetails": null, "skippedMessage": null}, {"skipped": false, "errorStackTrace": null, "duration": 21.622, "name": "test_with_order_by_reversed", "age": 0, "failedSince": 0, "status": "PASSED", "testActions": [], "stdout": null, "className": "paging_test.TestPagingWithModifiers", "stderr": null, "errorDetails": null, "skippedMessage": null}, {"skipped": false, "errorStackTrace": null, "duration": 23.959, "name": "test_type_enforcement", "age": 0, "failedSince": 0, "status": "PASSED", "testActions": [], "stdout": null, "className": "user_types_test.TestUserTypes", "stderr": null, "errorDetails": null, "skippedMessage": null}, {"skipped": false, "errorStackTrace": null, "duration": 21.448, "name": "force_repair_async_3_test", "age": 0, "failedSince": 0, "status": "PASSED", "testActions": [], "stdout": null, "className": "deprecated_repair_test.TestDeprecatedRepairAPI", "stderr": null, "errorDetails": null, "skippedMessage": null}, {"skipped": false, "errorStackTrace": null, "duration": 18.483, "name": "collection_set_ttl_test", "age": 0, "failedSince": 0, "status": "PASSED", "testActions": [], "stdout": null, "className": "ttl_test.TestTTL", "stderr": null, "errorDetails": null, "skippedMessage": null}, {"skipped": false, "errorStackTrace": null, "duration": 13.22, "name": "insert_ttl_has_priority_on_defaut_ttl_test", "age": 0, "failedSince": 0, "status": "PASSED", "testActions": [], "stdout": null, "className": "ttl_test.TestTTL", "stderr": null, "errorDetails": null, "skippedMessage": null}, {"skipped": false, "errorStackTrace": null, "duration": 9.214, "name": "insert_ttl_works_without_default_ttl_test", "age": 0, "failedSince": 0, "status": "PASSED", "testActions": [], "stdout": null, "className": "ttl_test.TestTTL", "stderr": null, "errorDetails": null, "skippedMessage": null}, {"skipped": false, "errorStackTrace": null, "duration": 17.154, "name": "list_permissions_test", "age": 0, "failedSince": 0, "status": "PASSED", "testActions": [], "stdout": null, "className": "auth_test.TestAuth", "stderr": null, "errorDetails": null, "skippedMessage": null}, {"skipped": false, "errorStackTrace": null, "duration": 16.252, "name": "cant_create_existing_user_test", "age": 0, "failedSince": 0, "status": "PASSED", "testActions": [], "stdout": null, "className": "auth_test.TestAuth", "stderr": null, "errorDetails": null, "skippedMessage": null}, {"skipped": false, "errorStackTrace": null, "duration": 7.568, "name": "test_use_keyspace", "age": 0, "failedSince": 0, "status": "PASSED", "testActions": [], "stdout": "(EE)  (EE)  ", "className": "cqlsh_tests.cqlsh_tests.CqlshSmokeTest", "stderr": null, "errorDetails": null, "skippedMessage": null}, {"skipped": false, "errorStackTrace": null, "duration": 21.933, "name": "test_letter_delimiter", "age": 0, "failedSince": 0, "status": "PASSED", "testActions": [], "stdout": "(EE)  ", "className": "cqlsh_tests.cqlsh_copy_tests.CqlshCopyTest", "stderr": null, "errorDetails": null, "skippedMessage": null}, {"skipped": false, "errorStackTrace": null, "duration": 6.673, "name": "test_describe_on_non_reserved_keywords", "age": 0, "failedSince": 0, "status": "PASSED", "testActions": [], "stdout": null, "className": "cqlsh_tests.cqlsh_tests.TestCqlsh", "stderr": null, "errorDetails": null, "skippedMessage": null}, {"skipped": false, "errorStackTrace": null, "duration": 6.415, "name": "test_batch", "age": 0, "failedSince": 0, "status": "PASSED", "testActions": [], "stdout": null, "className": "cqlsh_tests.cqlsh_tests.TestCqlsh", "stderr": null, "errorDetails": null, "skippedMessage": null}, {"skipped": false, "errorStackTrace": null, "duration": 6.811, "name": "drop_column_queries_test", "age": 0, "failedSince": 0, "status": "PASSED", "testActions": [], "stdout": null, "className": "schema_test.TestSchema", "stderr": null, "errorDetails": null, "skippedMessage": null}, {"skipped": false, "errorStackTrace": null, "duration": 6.729, "name": "test_get_slice_super_range", "age": 0, "failedSince": 0, "status": "PASSED", "testActions": [], "stdout": null, "className": "thrift_tests.TestMutations", "stderr": null, "errorDetails": null, "skippedMessage": null}, {"skipped": false, "errorStackTrace": null, "duration": 6.738, "name": "test_wrapped_range_slices", "age": 0, "failedSince": 0, "status": "PASSED", "testActions": [], "stdout": null, "className": "thrift_tests.TestMutations", "stderr": null, "errorDetails": null, "skippedMessage": null}, {"skipped": false, "errorStackTrace": null, "duration": 6.683, "name": "test_counter_get_slice_super_range", "age": 0, "failedSince": 0, "status": "PASSED", "testActions": [], "stdout": null, "className": "thrift_tests.TestMutations", "stderr": null, "errorDetails": null, "skippedMessage": null}, {"skipped": false, "errorStackTrace": null, "duration": 6.649, "name": "test_count", "age": 0, "failedSince": 0, "status": "PASSED", "testActions": [], "stdout": null, "className": "thrift_tests.TestMutations", "stderr": null, "errorDetails": null, "skippedMessage": null}, {"skipped": false, "errorStackTrace": null, "duration": 6.547, "name": "test_bad_system_calls", "age": 0, "failedSince": 0, "status": "PASSED", "testActions": [], "stdout": null, "className": "thrift_tests.TestMutations", "stderr": null, "errorDetails": null, "skippedMessage": null}, {"skipped": false, "errorStackTrace": null, "duration": 6.732, "name": "test_counter_get_slice_range", "age": 0, "failedSince": 0, "status": "PASSED", "testActions": [], "stdout": null, "className": "thrift_tests.TestMutations", "stderr": null, "errorDetails": null, "skippedMessage": null}, {"skipped": false, "errorStackTrace": null, "duration": 6.794, "name": "test_truncate", "age": 0, "failedSince": 0, "status": "PASSED", "testActions": [], "stdout": null, "className": "thrift_tests.TestTruncate", "stderr": null, "errorDetails": null, "skippedMessage": null}, {"skipped": false, "errorStackTrace": null, "duration": 6.858, "name": "creating_and_dropping_udf_test", "age": 0, "failedSince": 0, "status": "PASSED", "testActions": [], "stdout": null, "className": "schema_metadata_test.TestSchemaMetadata", "stderr": null, "errorDetails": null, "skippedMessage": null}, {"skipped": false, "errorStackTrace": "  File \"/usr/lib/python2.7/unittest/case.py\", line 329, in run\n    testMethod()\n  File \"/home/automaton/cassandra-dtest/schema_metadata_test.py\", line 669, in indexes_test\n    verify_indexes_table(self.cluster.version(), self.cluster.version(), 'ks', self.session)\n  File \"/home/automaton/cassandra-dtest/schema_metadata_test.py\", line 35, in verify_indexes_table\n    assert_equal(1, len(meta.columns))\n\"'IndexMetadata' object has no attribute 'columns'\\n-------------------- >> begin captured logging << --------------------\\ndtest: DEBUG: cluster ccm directory: /mnt/tmp/dtest-nONsBR\\n--------------------- >> end captured logging << ---------------------\"", "duration": 6.261, "name": "indexes_test", "age": 3, "failedSince": 325, "status": "FAILED", "testActions": [], "stdout": null, "className": "schema_metadata_test.TestSchemaMetadata", "stderr": null, "errorDetails": "'IndexMetadata' object has no attribute 'columns'\n-------------------- >> begin captured logging << --------------------\ndtest: DEBUG: cluster ccm directory: /mnt/tmp/dtest-nONsBR\n--------------------- >> end captured logging << ---------------------", "skippedMessage": null}, {"skipped": false, "errorStackTrace": null, "duration": 32.812, "name": "test_bad_crc", "age": 0, "failedSince": 0, "status": "PASSED", "testActions": [], "stdout": null, "className": "commitlog_test.TestCommitLog", "stderr": null, "errorDetails": null, "skippedMessage": null}, {"skipped": false, "errorStackTrace": null, "duration": 17.813, "name": "aggregate_function_permissions_test", "age": 0, "failedSince": 0, "status": "PASSED", "testActions": [], "stdout": null, "className": "auth_roles_test.TestAuthRoles", "stderr": null, "errorDetails": null, "skippedMessage": null}, {"skipped": false, "errorStackTrace": null, "duration": 17.178, "name": "builtin_functions_require_no_special_permissions_test", "age": 0, "failedSince": 0, "status": "PASSED", "testActions": [], "stdout": null, "className": "auth_roles_test.TestAuthRoles", "stderr": null, "errorDetails": null, "skippedMessage": null}, {"skipped": false, "errorStackTrace": null, "duration": 16.186, "name": "conditional_create_drop_role_test", "age": 0, "failedSince": 0, "status": "PASSED", "testActions": [], "stdout": null, "className": "auth_roles_test.TestAuthRoles", "stderr": null, "errorDetails": null, "skippedMessage": null}, {"skipped": false, "errorStackTrace": null, "duration": 16.712, "name": "create_and_grant_roles_with_superuser_status_test", "age": 0, "failedSince": 0, "status": "PASSED", "testActions": [], "stdout": null, "className": "auth_roles_test.TestAuthRoles", "stderr": null, "errorDetails": null, "skippedMessage": null}, {"skipped": false, "errorStackTrace": null, "duration": 16.215, "name": "create_drop_role_test", "age": 0, "failedSince": 0, "status": "PASSED", "testActions": [], "stdout": null, "className": "auth_roles_test.TestAuthRoles", "stderr": null, "errorDetails": null, "skippedMessage": null}, {"skipped": false, "errorStackTrace": null, "duration": 16.693, "name": "create_drop_role_validation_test", "age": 0, "failedSince": 0, "status": "PASSED", "testActions": [], "stdout": null, "className": "auth_roles_test.TestAuthRoles", "stderr": null, "errorDetails": null, "skippedMessage": null}, {"skipped": false, "errorStackTrace": null, "duration": 16.338, "name": "create_user_as_alias_for_create_role_test", "age": 0, "failedSince": 0, "status": "PASSED", "testActions": [], "stdout": null, "className": "auth_roles_test.TestAuthRoles", "stderr": null, "errorDetails": null, "skippedMessage": null}, {"skipped": false, "errorStackTrace": null, "duration": 17.348, "name": "creator_of_db_resource_granted_all_permissions_test", "age": 0, "failedSince": 0, "status": "PASSED", "testActions": [], "stdout": null, "className": "auth_roles_test.TestAuthRoles", "stderr": null, "errorDetails": null, "skippedMessage": null}, {"skipped": false, "errorStackTrace": null, "duration": 16.486, "name": "disallow_grant_execute_on_non_function_resources_test", "age": 0, "failedSince": 0, "status": "PASSED", "testActions": [], "stdout": null, "className": "auth_roles_test.TestAuthRoles", "stderr": null, "errorDetails": null, "skippedMessage": null}, {"skipped": false, "errorStackTrace": null, "duration": 16.489, "name": "disallow_grant_revoke_on_builtin_functions_test", "age": 0, "failedSince": 0, "status": "PASSED", "testActions": [], "stdout": null, "className": "auth_roles_test.TestAuthRoles", "stderr": null, "errorDetails": null, "skippedMessage": null}, {"skipped": false, "errorStackTrace": null, "duration": 16.824, "name": "drop_and_revoke_roles_with_superuser_status_test", "age": 0, "failedSince": 0, "status": "PASSED", "testActions": [], "stdout": null, "className": "auth_roles_test.TestAuthRoles", "stderr": null, "errorDetails": null, "skippedMessage": null}, {"skipped": false, "errorStackTrace": null, "duration": 17.141, "name": "drop_function_and_keyspace_cleans_up_udf_permissions_test", "age": 0, "failedSince": 0, "status": "PASSED", "testActions": [], "stdout": null, "className": "auth_roles_test.TestAuthRoles", "stderr": null, "errorDetails": null, "skippedMessage": null}, {"skipped": false, "errorStackTrace": null, "duration": 17.045, "name": "drop_keyspace_cleans_up_function_level_permissions_test", "age": 0, "failedSince": 0, "status": "PASSED", "testActions": [], "stdout": null, "className": "auth_roles_test.TestAuthRoles", "stderr": null, "errorDetails": null, "skippedMessage": null}, {"skipped": false, "errorStackTrace": null, "duration": 16.881, "name": "drop_role_cleans_up_udf_permissions_test", "age": 0, "failedSince": 0, "status": "PASSED", "testActions": [], "stdout": null, "className": "auth_roles_test.TestAuthRoles", "stderr": null, "errorDetails": null, "skippedMessage": null}, {"skipped": false, "errorStackTrace": null, "duration": 16.435, "name": "drop_role_removes_memberships_test", "age": 0, "failedSince": 0, "status": "PASSED", "testActions": [], "stdout": null, "className": "auth_roles_test.TestAuthRoles", "stderr": null, "errorDetails": null, "skippedMessage": null}, {"skipped": false, "errorStackTrace": null, "duration": 16.285, "name": "drop_role_revokes_permissions_granted_on_it_test", "age": 0, "failedSince": 0, "status": "PASSED", "testActions": [], "stdout": null, "className": "auth_roles_test.TestAuthRoles", "stderr": null, "errorDetails": null, "skippedMessage": null}, {"skipped": false, "errorStackTrace": null, "duration": 17.043, "name": "filter_granted_permissions_by_resource_type_test", "age": 0, "failedSince": 0, "status": "PASSED", "testActions": [], "stdout": null, "className": "auth_roles_test.TestAuthRoles", "stderr": null, "errorDetails": null, "skippedMessage": null}, {"skipped": false, "errorStackTrace": null, "duration": 17.344, "name": "function_resource_hierarchy_permissions_test", "age": 0, "failedSince": 0, "status": "PASSED", "testActions": [], "stdout": null, "className": "auth_roles_test.TestAuthRoles", "stderr": null, "errorDetails": null, "skippedMessage": null}, {"skipped": false, "errorStackTrace": null, "duration": 16.638, "name": "grant_revoke_are_idempotent_test", "age": 0, "failedSince": 0, "status": "PASSED", "testActions": [], "stdout": null, "className": "auth_roles_test.TestAuthRoles", "stderr": null, "errorDetails": null, "skippedMessage": null}, {"skipped": false, "errorStackTrace": null, "duration": 17.044, "name": "grant_revoke_permissions_test", "age": 0, "failedSince": 0, "status": "PASSED", "testActions": [], "stdout": null, "className": "auth_roles_test.TestAuthRoles", "stderr": null, "errorDetails": null, "skippedMessage": null}, {"skipped": false, "errorStackTrace": null, "duration": 16.883, "name": "grant_revoke_role_validation_test", "age": 0, "failedSince": 0, "status": "PASSED", "testActions": [], "stdout": null, "className": "auth_roles_test.TestAuthRoles", "stderr": null, "errorDetails": null, "skippedMessage": null}, {"skipped": false, "errorStackTrace": null, "duration": 16.478, "name": "grant_revoke_roles_test", "age": 0, "failedSince": 0, "status": "PASSED", "testActions": [], "stdout": null, "className": "auth_roles_test.TestAuthRoles", "stderr": null, "errorDetails": null, "skippedMessage": null}, {"skipped": false, "errorStackTrace": null, "duration": 16.941, "name": "grant_revoke_udf_permissions_test", "age": 0, "failedSince": 0, "status": "PASSED", "testActions": [], "stdout": null, "className": "auth_roles_test.TestAuthRoles", "stderr": null, "errorDetails": null, "skippedMessage": null}, {"skipped": false, "errorStackTrace": null, "duration": 16.186, "name": "ignore_invalid_roles_test", "age": 0, "failedSince": 0, "status": "PASSED", "testActions": [], "stdout": null, "className": "auth_roles_test.TestAuthRoles", "stderr": null, "errorDetails": null, "skippedMessage": null}, {"skipped": false, "errorStackTrace": null, "duration": 17.17, "name": "inheritence_of_udf_permissions_test", "age": 0, "failedSince": 0, "status": "PASSED", "testActions": [], "stdout": null, "className": "auth_roles_test.TestAuthRoles", "stderr": null, "errorDetails": null, "skippedMessage": null}, {"skipped": false, "errorStackTrace": null, "duration": 17.053, "name": "list_permissions_test", "age": 0, "failedSince": 0, "status": "PASSED", "testActions": [], "stdout": null, "className": "auth_roles_test.TestAuthRoles", "stderr": null, "errorDetails": null, "skippedMessage": null}, {"skipped": false, "errorStackTrace": null, "duration": 17.135, "name": "list_permissions_validation_test", "age": 0, "failedSince": 0, "status": "PASSED", "testActions": [], "stdout": null, "className": "auth_roles_test.TestAuthRoles", "stderr": null, "errorDetails": null, "skippedMessage": null}, {"skipped": false, "errorStackTrace": null, "duration": 16.756, "name": "list_roles_test", "age": 0, "failedSince": 0, "status": "PASSED", "testActions": [], "stdout": null, "className": "auth_roles_test.TestAuthRoles", "stderr": null, "errorDetails": null, "skippedMessage": null}, {"skipped": false, "errorStackTrace": null, "duration": 16.289, "name": "list_users_considers_inherited_superuser_status_test", "age": 0, "failedSince": 0, "status": "PASSED", "testActions": [], "stdout": null, "className": "auth_roles_test.TestAuthRoles", "stderr": null, "errorDetails": null, "skippedMessage": null}, {"skipped": false, "errorStackTrace": null, "duration": 16.193, "name": "prevent_circular_grants_test", "age": 0, "failedSince": 0, "status": "PASSED", "testActions": [], "stdout": null, "className": "auth_roles_test.TestAuthRoles", "stderr": null, "errorDetails": null, "skippedMessage": null}, {"skipped": false, "errorStackTrace": null, "duration": 17.985, "name": "role_admin_validation_test", "age": 0, "failedSince": 0, "status": "PASSED", "testActions": [], "stdout": null, "className": "auth_roles_test.TestAuthRoles", "stderr": null, "errorDetails": null, "skippedMessage": null}, {"skipped": false, "errorStackTrace": null, "duration": 19.026, "name": "role_caching_authenticated_user_test", "age": 0, "failedSince": 0, "status": "PASSED", "testActions": [], "stdout": null, "className": "auth_roles_test.TestAuthRoles", "stderr": null, "errorDetails": null, "skippedMessage": null}, {"skipped": false, "errorStackTrace": null, "duration": 18.891, "name": "role_name_test", "age": 0, "failedSince": 0, "status": "PASSED", "testActions": [], "stdout": null, "className": "auth_roles_test.TestAuthRoles", "stderr": null, "errorDetails": null, "skippedMessage": null}, {"skipped": false, "errorStackTrace": null, "duration": 17.138, "name": "role_requires_login_privilege_to_authenticate_test", "age": 0, "failedSince": 0, "status": "PASSED", "testActions": [], "stdout": null, "className": "auth_roles_test.TestAuthRoles", "stderr": null, "errorDetails": null, "skippedMessage": null}, {"skipped": false, "errorStackTrace": null, "duration": 16.624, "name": "role_requires_password_to_login_test", "age": 0, "failedSince": 0, "status": "PASSED", "testActions": [], "stdout": null, "className": "auth_roles_test.TestAuthRoles", "stderr": null, "errorDetails": null, "skippedMessage": null}, {"skipped": false, "errorStackTrace": null, "duration": 16.49, "name": "roles_do_not_inherit_login_privilege_test", "age": 0, "failedSince": 0, "status": "PASSED", "testActions": [], "stdout": null, "className": "auth_roles_test.TestAuthRoles", "stderr": null, "errorDetails": null, "skippedMessage": null}, {"skipped": false, "errorStackTrace": null, "duration": 16.747, "name": "superuser_status_is_inherited_test", "age": 0, "failedSince": 0, "status": "PASSED", "testActions": [], "stdout": null, "className": "auth_roles_test.TestAuthRoles", "stderr": null, "errorDetails": null, "skippedMessage": null}, {"skipped": false, "errorStackTrace": null, "duration": 17.133, "name": "udf_permissions_in_delete_test", "age": 0, "failedSince": 0, "status": "PASSED", "testActions": [], "stdout": null, "className": "auth_roles_test.TestAuthRoles", "stderr": null, "errorDetails": null, "skippedMessage": null}, {"skipped": false, "errorStackTrace": null, "duration": 17.212, "name": "udf_permissions_in_insert_test", "age": 0, "failedSince": 0, "status": "PASSED", "testActions": [], "stdout": null, "className": "auth_roles_test.TestAuthRoles", "stderr": null, "errorDetails": null, "skippedMessage": null}, {"skipped": false, "errorStackTrace": null, "duration": 17.347, "name": "udf_permissions_in_select_where_clause_test", "age": 0, "failedSince": 0, "status": "PASSED", "testActions": [], "stdout": null, "className": "auth_roles_test.TestAuthRoles", "stderr": null, "errorDetails": null, "skippedMessage": null}, {"skipped": false, "errorStackTrace": null, "duration": 17.166, "name": "udf_permissions_in_selection_test", "age": 0, "failedSince": 0, "status": "PASSED", "testActions": [], "stdout": null, "className": "auth_roles_test.TestAuthRoles", "stderr": null, "errorDetails": null, "skippedMessage": null}, {"skipped": false, "errorStackTrace": null, "duration": 17.148, "name": "udf_permissions_in_update_test", "age": 0, "failedSince": 0, "status": "PASSED", "testActions": [], "stdout": null, "className": "auth_roles_test.TestAuthRoles", "stderr": null, "errorDetails": null, "skippedMessage": null}, {"skipped": false, "errorStackTrace": null, "duration": 17.497, "name": "udf_permissions_validation_test", "age": 0, "failedSince": 0, "status": "PASSED", "testActions": [], "stdout": null, "className": "auth_roles_test.TestAuthRoles", "stderr": null, "errorDetails": null, "skippedMessage": null}, {"skipped": false, "errorStackTrace": null, "duration": 16.986, "name": "udf_with_overloads_permissions_test", "age": 0, "failedSince": 0, "status": "PASSED", "testActions": [], "stdout": null, "className": "auth_roles_test.TestAuthRoles", "stderr": null, "errorDetails": null, "skippedMessage": null}, {"skipped": true, "errorStackTrace": null, "duration": 0.053, "name": "limit_bugs_test", "age": 3, "failedSince": 325, "status": "SKIPPED", "testActions": [], "stdout": null, "className": "upgrade_tests.cql_tests.TestCQL", "stderr": null, "errorDetails": null, "skippedMessage": "2.2.3 < 3.0"}, {"skipped": true, "errorStackTrace": null, "duration": 0.098, "name": "static_columns_with_2i_test", "age": 51, "failedSince": 277, "status": "SKIPPED", "testActions": [], "stdout": null, "className": "upgrade_tests.cql_tests.TestCQL", "stderr": null, "errorDetails": null, "skippedMessage": "2.2.3 < 3.0"}, {"skipped": true, "errorStackTrace": null, "duration": 0.101, "name": "dynamic_cf_test", "age": 3, "failedSince": 325, "status": "SKIPPED", "testActions": [], "stdout": null, "className": "upgrade_tests.cql_tests.TestCQL", "stderr": null, "errorDetails": null, "skippedMessage": "2.2.3 < 3.0"}, {"skipped": true, "errorStackTrace": null, "duration": 0.1, "name": "expanded_list_item_conditional_test", "age": 3, "failedSince": 325, "status": "SKIPPED", "testActions": [], "stdout": null, "className": "upgrade_tests.cql_tests.TestCQL", "stderr": null, "errorDetails": null, "skippedMessage": "2.2.3 < 3.0"}, {"skipped": true, "errorStackTrace": null, "duration": 0.098, "name": "range_tombstones_test", "age": 51, "failedSince": 277, "status": "SKIPPED", "testActions": [], "stdout": null, "className": "upgrade_tests.cql_tests.TestCQL", "stderr": null, "errorDetails": null, "skippedMessage": "2.2.3 < 3.0"}, {"skipped": true, "errorStackTrace": null, "duration": 0.098, "name": "rename_test", "age": 3, "failedSince": 325, "status": "SKIPPED", "testActions": [], "stdout": null, "className": "upgrade_tests.cql_tests.TestCQL", "stderr": null, "errorDetails": null, "skippedMessage": "2.2.3 < 3.0"}, {"skipped": true, "errorStackTrace": null, "duration": 0.098, "name": "edge_2i_on_complex_pk_test", "age": 51, "failedSince": 277, "status": "SKIPPED", "testActions": [], "stdout": null, "className": "upgrade_tests.cql_tests.TestCQL", "stderr": null, "errorDetails": null, "skippedMessage": "2.2.3 < 3.0"}, {"skipped": true, "errorStackTrace": null, "duration": 0.098, "name": "collection_flush_test", "age": 51, "failedSince": 277, "status": "SKIPPED", "testActions": [], "stdout": null, "className": "upgrade_tests.cql_tests.TestCQL", "stderr": null, "errorDetails": null, "skippedMessage": "2.2.3 < 3.0"}, {"skipped": true, "errorStackTrace": null, "duration": 0.099, "name": "batch_test", "age": 1, "failedSince": 327, "status": "SKIPPED", "testActions": [], "stdout": null, "className": "upgrade_tests.cql_tests.TestCQL", "stderr": null, "errorDetails": null, "skippedMessage": "2.2.3 < 3.0"}, {"skipped": true, "errorStackTrace": null, "duration": 0.098, "name": "whole_list_conditional_test", "age": 3, "failedSince": 325, "status": "SKIPPED", "testActions": [], "stdout": null, "className": "upgrade_tests.cql_tests.TestCQL", "stderr": null, "errorDetails": null, "skippedMessage": "2.2.3 < 3.0"}, {"skipped": true, "errorStackTrace": null, "duration": 0.097, "name": "reversed_compact_test", "age": 10, "failedSince": 318, "status": "SKIPPED", "testActions": [], "stdout": null, "className": "upgrade_tests.cql_tests.TestCQL", "stderr": null, "errorDetails": null, "skippedMessage": "2.2.3 < 3.0"}, {"skipped": true, "errorStackTrace": null, "duration": 0.097, "name": "invalid_string_literals_test", "age": 3, "failedSince": 325, "status": "SKIPPED", "testActions": [], "stdout": null, "className": "upgrade_tests.cql_tests.TestCQL", "stderr": null, "errorDetails": null, "skippedMessage": "2.2.3 < 3.0"}, {"skipped": true, "errorStackTrace": null, "duration": 0.097, "name": "only_pk_test", "age": 62, "failedSince": 266, "status": "SKIPPED", "testActions": [], "stdout": null, "className": "upgrade_tests.cql_tests.TestCQL", "stderr": null, "errorDetails": null, "skippedMessage": "2.2.3 < 3.0"}, {"skipped": true, "errorStackTrace": null, "duration": 0.098, "name": "large_clustering_in_test", "age": 52, "failedSince": 276, "status": "SKIPPED", "testActions": [], "stdout": null, "className": "upgrade_tests.cql_tests.TestCQL", "stderr": null, "errorDetails": null, "skippedMessage": "2.2.3 < 3.0"}, {"skipped": true, "errorStackTrace": null, "duration": 0.051, "name": "function_with_null_test", "age": 51, "failedSince": 277, "status": "SKIPPED", "testActions": [], "stdout": null, "className": "deprecated_cql_tests.TestCQL", "stderr": null, "errorDetails": null, "skippedMessage": "2.2.3 > 2.0.x"}, {"skipped": true, "errorStackTrace": null, "duration": 0.098, "name": "tuple_notation_test", "age": 3, "failedSince": 325, "status": "SKIPPED", "testActions": [], "stdout": null, "className": "deprecated_cql_tests.TestCQL", "stderr": null, "errorDetails": null, "skippedMessage": "2.2.3 > 2.0.x"}, {"skipped": true, "errorStackTrace": null, "duration": 0.098, "name": "date_test", "age": 3, "failedSince": 325, "status": "SKIPPED", "testActions": [], "stdout": null, "className": "deprecated_cql_tests.TestCQL", "stderr": null, "errorDetails": null, "skippedMessage": "2.2.3 > 2.0.x"}, {"skipped": true, "errorStackTrace": null, "duration": 0.098, "name": "range_tombstones_compaction_test", "age": 3, "failedSince": 325, "status": "SKIPPED", "testActions": [], "stdout": null, "className": "deprecated_cql_tests.TestCQL", "stderr": null, "errorDetails": null, "skippedMessage": "2.2.3 > 2.0.x"}, {"skipped": true, "errorStackTrace": null, "duration": 0.098, "name": "large_count_test", "age": 53, "failedSince": 275, "status": "SKIPPED", "testActions": [], "stdout": null, "className": "deprecated_cql_tests.TestCQL", "stderr": null, "errorDetails": null, "skippedMessage": "2.2.3 > 2.0.x"}, {"skipped": true, "errorStackTrace": null, "duration": 0.098, "name": "select_with_alias_test", "age": 54, "failedSince": 274, "status": "SKIPPED", "testActions": [], "stdout": null, "className": "deprecated_cql_tests.TestCQL", "stderr": null, "errorDetails": null, "skippedMessage": "2.2.3 > 2.0.x"}, {"skipped": true, "errorStackTrace": null, "duration": 0.098, "name": "range_key_ordered_test", "age": 10, "failedSince": 318, "status": "SKIPPED", "testActions": [], "stdout": null, "className": "deprecated_cql_tests.TestCQL", "stderr": null, "errorDetails": null, "skippedMessage": "2.2.3 > 2.0.x"}, {"skipped": true, "errorStackTrace": null, "duration": 0.098, "name": "compact_metadata_test", "age": 3, "failedSince": 325, "status": "SKIPPED", "testActions": [], "stdout": null, "className": "deprecated_cql_tests.TestCQL", "stderr": null, "errorDetails": null, "skippedMessage": "2.2.3 > 2.0.x"}, {"skipped": true, "errorStackTrace": null, "duration": 0.098, "name": "reversed_comparator_test", "age": 51, "failedSince": 277, "status": "SKIPPED", "testActions": [], "stdout": null, "className": "deprecated_cql_tests.TestCQL", "stderr": null, "errorDetails": null, "skippedMessage": "2.2.3 > 2.0.x"}, {"skipped": true, "errorStackTrace": null, "duration": 0.098, "name": "reversed_compact_multikey_test", "age": 51, "failedSince": 277, "status": "SKIPPED", "testActions": [], "stdout": null, "className": "deprecated_cql_tests.TestCQL", "stderr": null, "errorDetails": null, "skippedMessage": "2.2.3 > 2.0.x"}, {"skipped": true, "errorStackTrace": null, "duration": 0.098, "name": "map_item_conditional_test", "age": 3, "failedSince": 325, "status": "SKIPPED", "testActions": [], "stdout": null, "className": "deprecated_cql_tests.TestCQL", "stderr": null, "errorDetails": null, "skippedMessage": "2.2.3 > 2.0.x"}, {"skipped": true, "errorStackTrace": null, "duration": 0.098, "name": "empty_blob_test", "age": 3, "failedSince": 325, "status": "SKIPPED", "testActions": [], "stdout": null, "className": "deprecated_cql_tests.TestCQL", "stderr": null, "errorDetails": null, "skippedMessage": "2.2.3 > 2.0.x"}, {"skipped": true, "errorStackTrace": null, "duration": 0.098, "name": "reserved_keyword_test", "age": 3, "failedSince": 325, "status": "SKIPPED", "testActions": [], "stdout": null, "className": "deprecated_cql_tests.TestCQL", "stderr": null, "errorDetails": null, "skippedMessage": "2.2.3 > 2.0.x"}, {"skipped": true, "errorStackTrace": null, "duration": 0.098, "name": "table_test", "age": 3, "failedSince": 325, "status": "SKIPPED", "testActions": [], "stdout": null, "className": "deprecated_cql_tests.TestCQL", "stderr": null, "errorDetails": null, "skippedMessage": "2.2.3 > 2.0.x"}, {"skipped": true, "errorStackTrace": null, "duration": 0.098, "name": "exclusive_slice_test", "age": 51, "failedSince": 277, "status": "SKIPPED", "testActions": [], "stdout": null, "className": "deprecated_cql_tests.TestCQL", "stderr": null, "errorDetails": null, "skippedMessage": "2.2.3 > 2.0.x"}, {"skipped": true, "errorStackTrace": null, "duration": 0.098, "name": "nameless_index_test", "age": 52, "failedSince": 276, "status": "SKIPPED", "testActions": [], "stdout": null, "className": "deprecated_cql_tests.TestCQL", "stderr": null, "errorDetails": null, "skippedMessage": "2.2.3 > 2.0.x"}, {"skipped": true, "errorStackTrace": null, "duration": 0.099, "name": "float_with_exponent_test", "age": 51, "failedSince": 277, "status": "SKIPPED", "testActions": [], "stdout": null, "className": "deprecated_cql_tests.TestCQL", "stderr": null, "errorDetails": null, "skippedMessage": "2.2.3 > 2.0.x"}, {"skipped": true, "errorStackTrace": null, "duration": 0.099, "name": "range_tombstones_test", "age": 51, "failedSince": 277, "status": "SKIPPED", "testActions": [], "stdout": null, "className": "deprecated_cql_tests.TestCQL", "stderr": null, "errorDetails": null, "skippedMessage": "2.2.3 > 2.0.x"}, {"skipped": false, "errorStackTrace": null, "duration": 475.624, "name": "sstableverify_test", "age": 0, "failedSince": 0, "status": "PASSED", "testActions": [], "stdout": null, "className": "offline_tools_test.TestOfflineTools", "stderr": null, "errorDetails": null, "skippedMessage": null}, {"skipped": false, "errorStackTrace": null, "duration": 135.116, "name": "multiple_repair_test", "age": 0, "failedSince": 0, "status": "PASSED", "testActions": [], "stdout": null, "className": "incremental_repair_test.TestIncRepair", "stderr": null, "errorDetails": null, "skippedMessage": null}, {"skipped": false, "errorStackTrace": null, "duration": 90.59, "name": "simple_rebuild_test", "age": 0, "failedSince": 0, "status": "PASSED", "testActions": [], "stdout": null, "className": "rebuild_test.TestRebuild", "stderr": null, "errorDetails": null, "skippedMessage": null}, {"skipped": false, "errorStackTrace": null, "duration": 84.47, "name": "test_column_index_stress", "age": 0, "failedSince": 0, "status": "PASSED", "testActions": [], "stdout": null, "className": "wide_rows_test.TestWideRows", "stderr": null, "errorDetails": null, "skippedMessage": null}, {"skipped": false, "errorStackTrace": null, "duration": 31.456, "name": "test_wide_rows", "age": 0, "failedSince": 0, "status": "PASSED", "testActions": [], "stdout": null, "className": "wide_rows_test.TestWideRows", "stderr": null, "errorDetails": null, "skippedMessage": null}, {"skipped": false, "errorStackTrace": null, "duration": 81.441, "name": "counter_consistency_test", "age": 0, "failedSince": 0, "status": "PASSED", "testActions": [], "stdout": null, "className": "counter_tests.TestCounters", "stderr": null, "errorDetails": null, "skippedMessage": null}, {"skipped": false, "errorStackTrace": null, "duration": 72.122, "name": "snapshot_test", "age": 0, "failedSince": 0, "status": "PASSED", "testActions": [], "stdout": null, "className": "concurrent_schema_changes_test.TestConcurrentSchemaChanges", "stderr": null, "errorDetails": null, "skippedMessage": null}, {"skipped": false, "errorStackTrace": null, "duration": 55.458, "name": "test_thrift", "age": 0, "failedSince": 0, "status": "PASSED", "testActions": [], "stdout": null, "className": "write_failures_test.TestWriteFailures", "stderr": null, "errorDetails": null, "skippedMessage": null}, {"skipped": false, "errorStackTrace": null, "duration": 55.438, "name": "test_paxos", "age": 0, "failedSince": 0, "status": "PASSED", "testActions": [], "stdout": null, "className": "write_failures_test.TestWriteFailures", "stderr": null, "errorDetails": null, "skippedMessage": null}, {"skipped": false, "errorStackTrace": null, "duration": 36.303, "name": "test_simple_strategy_counters", "age": 0, "failedSince": 0, "status": "PASSED", "testActions": [], "stdout": null, "className": "consistency_test.TestAccuracy", "stderr": null, "errorDetails": null, "skippedMessage": null}, {"skipped": false, "errorStackTrace": null, "duration": 38.992, "name": "compaction_strategy_switching_test", "age": 0, "failedSince": 0, "status": "PASSED", "testActions": [], "stdout": null, "className": "compaction_test.TestCompaction_with_SizeTieredCompactionStrategy", "stderr": null, "errorDetails": null, "skippedMessage": null}, {"skipped": false, "errorStackTrace": null, "duration": 17.717, "name": "large_compaction_warning_test", "age": 0, "failedSince": 0, "status": "PASSED", "testActions": [], "stdout": null, "className": "compaction_test.TestCompaction_with_LeveledCompactionStrategy", "stderr": null, "errorDetails": null, "skippedMessage": null}, {"skipped": false, "errorStackTrace": null, "duration": 26.563, "name": "test_incr_decr_standard_batch_remove", "age": 0, "failedSince": 0, "status": "PASSED", "testActions": [], "stdout": null, "className": "thrift_tests.TestMutations", "stderr": null, "errorDetails": null, "skippedMessage": null}, {"skipped": false, "errorStackTrace": null, "duration": 7.018, "name": "test_time_uuid", "age": 0, "failedSince": 0, "status": "PASSED", "testActions": [], "stdout": null, "className": "thrift_tests.TestMutations", "stderr": null, "errorDetails": null, "skippedMessage": null}, {"skipped": false, "errorStackTrace": null, "duration": 6.651, "name": "test_incr_decr_standard_batch_add", "age": 0, "failedSince": 0, "status": "PASSED", "testActions": [], "stdout": null, "className": "thrift_tests.TestMutations", "stderr": null, "errorDetails": null, "skippedMessage": null}, {"skipped": false, "errorStackTrace": null, "duration": 6.637, "name": "test_batch_mutate_standard_columns", "age": 0, "failedSince": 0, "status": "PASSED", "testActions": [], "stdout": null, "className": "thrift_tests.TestMutations", "stderr": null, "errorDetails": null, "skippedMessage": null}, {"skipped": false, "errorStackTrace": null, "duration": 6.644, "name": "test_super_cf_remove_column", "age": 0, "failedSince": 0, "status": "PASSED", "testActions": [], "stdout": null, "className": "thrift_tests.TestMutations", "stderr": null, "errorDetails": null, "skippedMessage": null}, {"skipped": false, "errorStackTrace": null, "duration": 6.69, "name": "test_integer_order", "age": 0, "failedSince": 0, "status": "PASSED", "testActions": [], "stdout": null, "className": "thrift_tests.TestMutations", "stderr": null, "errorDetails": null, "skippedMessage": null}, {"skipped": false, "errorStackTrace": null, "duration": 6.787, "name": "test_invalid_strategy_class", "age": 0, "failedSince": 0, "status": "PASSED", "testActions": [], "stdout": null, "className": "thrift_tests.TestMutations", "stderr": null, "errorDetails": null, "skippedMessage": null}, {"skipped": false, "errorStackTrace": null, "duration": 6.656, "name": "test_range_with_remove", "age": 0, "failedSince": 0, "status": "PASSED", "testActions": [], "stdout": null, "className": "thrift_tests.TestMutations", "stderr": null, "errorDetails": null, "skippedMessage": null}, {"skipped": false, "errorStackTrace": null, "duration": 22.969, "name": "test_data_change_impacting_later_page", "age": 0, "failedSince": 0, "status": "PASSED", "testActions": [], "stdout": null, "className": "paging_test.TestPagingDatasetChanges", "stderr": null, "errorDetails": null, "skippedMessage": null}, {"skipped": false, "errorStackTrace": null, "duration": 21.157, "name": "test_with_equal_results_to_page_size", "age": 0, "failedSince": 0, "status": "PASSED", "testActions": [], "stdout": null, "className": "paging_test.TestPagingSize", "stderr": null, "errorDetails": null, "skippedMessage": null}, {"skipped": false, "errorStackTrace": null, "duration": 21.898, "name": "test_paging_with_in_orderby_and_two_partition_keys", "age": 0, "failedSince": 0, "status": "PASSED", "testActions": [], "stdout": null, "className": "paging_test.TestPagingData", "stderr": null, "errorDetails": null, "skippedMessage": null}, {"skipped": false, "errorStackTrace": null, "duration": 23.435, "name": "test_decommission_after_drain_is_invalid", "age": 0, "failedSince": 0, "status": "PASSED", "testActions": [], "stdout": null, "className": "nodetool_test.TestNodetool", "stderr": null, "errorDetails": null, "skippedMessage": null}, {"skipped": false, "errorStackTrace": null, "duration": 16.286, "name": "conditional_create_drop_user_test", "age": 0, "failedSince": 0, "status": "PASSED", "testActions": [], "stdout": null, "className": "auth_test.TestAuth", "stderr": null, "errorDetails": null, "skippedMessage": null}, {"skipped": false, "errorStackTrace": null, "duration": 16.128, "name": "user_cant_drop_themselves_test", "age": 0, "failedSince": 0, "status": "PASSED", "testActions": [], "stdout": null, "className": "auth_test.TestAuth", "stderr": null, "errorDetails": null, "skippedMessage": null}, {"skipped": false, "errorStackTrace": null, "duration": 14.379, "name": "cfid_test", "age": 0, "failedSince": 0, "status": "PASSED", "testActions": [], "stdout": null, "className": "cfid_test.TestCFID", "stderr": null, "errorDetails": null, "skippedMessage": null}, {"skipped": false, "errorStackTrace": null, "duration": 9.352, "name": "simple_schema_test", "age": 0, "failedSince": 0, "status": "PASSED", "testActions": [], "stdout": null, "className": "json_test.JsonFullRowInsertSelect", "stderr": null, "errorDetails": null, "skippedMessage": null}, {"skipped": false, "errorStackTrace": "  File \"/usr/lib/python2.7/unittest/case.py\", line 329, in run\n    testMethod()\n  File \"/home/automaton/cassandra-dtest/cqlsh_tests/cqlsh_copy_tests.py\", line 749, in test_all_datatypes_round_trip\n    assert len(imported_results) == 1\n'\\n-------------------- >> begin captured logging << --------------------\\ndtest: DEBUG: cluster ccm directory: /mnt/tmp/dtest-g2Cuf4\\ndtest: DEBUG: Exporting to csv file: /mnt/tmp/tmpCk84PN\\n--------------------- >> end captured logging << ---------------------'", "duration": 7.099, "name": "test_all_datatypes_round_trip", "age": 12, "failedSince": 316, "status": "FAILED", "testActions": [], "stdout": "(EE)  (EE)  <stdin>:2:(EE)  'QueryMessage' object has no attribute 'to_binary'(EE)  <stdin>:2:Aborting import at record #1. Previously inserted records are still present, and some records after that may be present as well.(EE)  ", "className": "cqlsh_tests.cqlsh_copy_tests.CqlshCopyTest", "stderr": null, "errorDetails": "\n-------------------- >> begin captured logging << --------------------\ndtest: DEBUG: cluster ccm directory: /mnt/tmp/dtest-g2Cuf4\ndtest: DEBUG: Exporting to csv file: /mnt/tmp/tmpCk84PN\n--------------------- >> end captured logging << ---------------------", "skippedMessage": null}, {"skipped": false, "errorStackTrace": null, "duration": 7.851, "name": "test_tuple_data", "age": 0, "failedSince": 0, "status": "PASSED", "testActions": [], "stdout": "(EE)  ", "className": "cqlsh_tests.cqlsh_copy_tests.CqlshCopyTest", "stderr": null, "errorDetails": null, "skippedMessage": null}, {"skipped": false, "errorStackTrace": null, "duration": 6.713, "name": "test_quoted_column_names_writing_specify_names", "age": 0, "failedSince": 0, "status": "PASSED", "testActions": [], "stdout": "(EE)  ", "className": "cqlsh_tests.cqlsh_copy_tests.CqlshCopyTest", "stderr": null, "errorDetails": null, "skippedMessage": null}, {"skipped": false, "errorStackTrace": null, "duration": 7.255, "name": "test_source_glass", "age": 0, "failedSince": 0, "status": "PASSED", "testActions": [], "stdout": "(EE)  ", "className": "cqlsh_tests.cqlsh_tests.TestCqlsh", "stderr": null, "errorDetails": null, "skippedMessage": null}, {"skipped": false, "errorStackTrace": null, "duration": 6.795, "name": "test_insert", "age": 0, "failedSince": 0, "status": "PASSED", "testActions": [], "stdout": "(EE)  ", "className": "cqlsh_tests.cqlsh_tests.CqlshSmokeTest", "stderr": null, "errorDetails": null, "skippedMessage": null}, {"skipped": false, "errorStackTrace": null, "duration": 6.943, "name": "unlogged_batch_rejects_counter_mutations_test", "age": 0, "failedSince": 0, "status": "PASSED", "testActions": [], "stdout": null, "className": "batch_test.TestBatch", "stderr": null, "errorDetails": null, "skippedMessage": null}, {"skipped": false, "errorStackTrace": null, "duration": 6.712, "name": "each_statement_in_batch_uses_proper_timestamp_test", "age": 0, "failedSince": 0, "status": "PASSED", "testActions": [], "stdout": null, "className": "batch_test.TestBatch", "stderr": null, "errorDetails": null, "skippedMessage": null}, {"skipped": false, "errorStackTrace": null, "duration": 6.158, "name": "cql3_insert_thrift_test", "age": 0, "failedSince": 0, "status": "PASSED", "testActions": [], "stdout": null, "className": "cql_tests.MiscellaneousCQLTester", "stderr": null, "errorDetails": null, "skippedMessage": null}, {"skipped": false, "errorStackTrace": null, "duration": 6.865, "name": "uda_test", "age": 0, "failedSince": 0, "status": "PASSED", "testActions": [], "stdout": null, "className": "schema_metadata_test.TestSchemaMetadata", "stderr": null, "errorDetails": null, "skippedMessage": null}, {"skipped": false, "errorStackTrace": null, "duration": 418.378, "name": "local_quorum_bootstrap_test", "age": 0, "failedSince": 0, "status": "PASSED", "testActions": [], "stdout": null, "className": "bootstrap_test.TestBootstrap", "stderr": null, "errorDetails": null, "skippedMessage": null}, {"skipped": false, "errorStackTrace": null, "duration": 154.68, "name": "replace_first_boot_test", "age": 0, "failedSince": 0, "status": "PASSED", "testActions": [], "stdout": null, "className": "replace_address_test.TestReplaceAddress", "stderr": null, "errorDetails": null, "skippedMessage": null}, {"skipped": false, "errorStackTrace": null, "duration": 97.806, "name": "test_network_topology_strategy_counters", "age": 0, "failedSince": 0, "status": "PASSED", "testActions": [], "stdout": null, "className": "consistency_test.TestAccuracy", "stderr": null, "errorDetails": null, "skippedMessage": null}, {"skipped": false, "errorStackTrace": null, "duration": 125.655, "name": "create_lots_of_indexes_concurrently_test", "age": 0, "failedSince": 0, "status": "PASSED", "testActions": [], "stdout": null, "className": "concurrent_schema_changes_test.TestConcurrentSchemaChanges", "stderr": null, "errorDetails": null, "skippedMessage": null}, {"skipped": false, "errorStackTrace": null, "duration": 79.433, "name": "sstableloader_compression_snappy_to_deflate_test", "age": 0, "failedSince": 0, "status": "PASSED", "testActions": [], "stdout": null, "className": "sstable_generation_loading_test.TestSSTableGenerationAndLoading", "stderr": null, "errorDetails": null, "skippedMessage": null}, {"skipped": false, "errorStackTrace": null, "duration": 75.264, "name": "test_refresh_schema_on_timeout_error", "age": 0, "failedSince": 0, "status": "PASSED", "testActions": [], "stdout": null, "className": "cqlsh_tests.cqlsh_tests.TestCqlsh", "stderr": null, "errorDetails": null, "skippedMessage": null}, {"skipped": false, "errorStackTrace": null, "duration": 6.024, "name": "test_connect_timeout", "age": 0, "failedSince": 0, "status": "PASSED", "testActions": [], "stdout": null, "className": "cqlsh_tests.cqlsh_tests.TestCqlsh", "stderr": null, "errorDetails": null, "skippedMessage": null}, {"skipped": false, "errorStackTrace": null, "duration": 17.328, "name": "test_login_rejects_bad_pass", "age": 0, "failedSince": 0, "status": "PASSED", "testActions": [], "stdout": "(EE)  <stdin>:2:('Unable to connect to any servers', {'127.0.0.1': AuthenticationFailed(u'Failed to authenticate to 127.0.0.1: code=0100 [Bad credentials] message=\"Username and/or password are incorrect\"',)})(EE)  ", "className": "cqlsh_tests.cqlsh_tests.CqlLoginTest", "stderr": null, "errorDetails": null, "skippedMessage": null}, {"skipped": false, "errorStackTrace": "  File \"/usr/lib/python2.7/unittest/case.py\", line 329, in run\n    testMethod()\n  File \"/home/automaton/cassandra-dtest/cqlsh_tests/cqlsh_copy_tests.py\", line 419, in test_reading_use_header\n    [tuple(r) for r in rows_to_list(result)])\n  File \"/usr/lib/python2.7/unittest/case.py\", line 901, in assertItemsEqual\n    self.fail(msg)\n  File \"/usr/lib/python2.7/unittest/case.py\", line 410, in fail\n    raise self.failureException(msg)\n'Element counts were not equal:\\nFirst has 1, Second has 0:  (1, 20)\\nFirst has 1, Second has 0:  (2, 40)\\nFirst has 1, Second has 0:  (3, 60)\\nFirst has 1, Second has 0:  (4, 80)\\n-------------------- >> begin captured logging << --------------------\\ndtest: DEBUG: cluster ccm directory: /mnt/tmp/dtest-QWhKVD\\n--------------------- >> end captured logging << ---------------------'", "duration": 6.512, "name": "test_reading_use_header", "age": 3, "failedSince": 325, "status": "FAILED", "testActions": [], "stdout": "(EE)  <stdin>:2:(EE)  'QueryMessage' object has no attribute 'to_binary'(EE)  <stdin>:2:Aborting import at record #3. Previously inserted records are still present, and some records after that may be present as well.(EE)  ", "className": "cqlsh_tests.cqlsh_copy_tests.CqlshCopyTest", "stderr": null, "errorDetails": "Element counts were not equal:\nFirst has 1, Second has 0:  (1, 20)\nFirst has 1, Second has 0:  (2, 40)\nFirst has 1, Second has 0:  (3, 60)\nFirst has 1, Second has 0:  (4, 80)\n-------------------- >> begin captured logging << --------------------\ndtest: DEBUG: cluster ccm directory: /mnt/tmp/dtest-QWhKVD\n--------------------- >> end captured logging << ---------------------", "skippedMessage": null}, {"skipped": false, "errorStackTrace": "  File \"/usr/lib/python2.7/unittest/case.py\", line 329, in run\n    testMethod()\n  File \"/home/automaton/cassandra-dtest/cqlsh_tests/cqlsh_copy_tests.py\", line 715, in test_all_datatypes_read\n    self.assertCsvResultEqual(self.tempfile.name, results)\n  File \"/home/automaton/cassandra-dtest/cqlsh_tests/cqlsh_copy_tests.py\", line 167, in assertCsvResultEqual\n    raise e\n\"Element counts were not equal:\\nFirst has 1, Second has 0:  ['ascii', '1099511627776', '0xbeef', 'True', '3.140000000000000124344978758017532527446746826171875', '2.444', '1.1', '127.0.0.1', '25', '\\\\xe3\\\\x83\\\\xbd(\\\\xc2\\\\xb4\\\\xe3\\\\x83\\\\xbc\\\\xef\\\\xbd\\\\x80)\\\\xe3\\\\x83\\\\x8e', '2005-07-14 12:30:00', 'f664a774-718a-11e5-8b90-0ab17f647fe5', '64f90dd0-a4e2-4376-9af7-64ecf96ec0e1', 'asdf', '36893488147419103232']\\n-------------------- >> begin captured logging << --------------------\\ndtest: DEBUG: cluster ccm directory: /mnt/tmp/dtest-OHKwGU\\ndtest: DEBUG: Importing from csv file: /mnt/tmp/tmpTkBvMW\\ndtest: WARNING: Different # of entries. CSV: 1 vs results: 0\\n--------------------- >> end captured logging << ---------------------\"", "duration": 6.698, "name": "test_all_datatypes_read", "age": 12, "failedSince": 316, "status": "FAILED", "testActions": [], "stdout": "(EE)  <stdin>:2:(EE)  'QueryMessage' object has no attribute 'to_binary'(EE)  <stdin>:2:Aborting import at record #1. Previously inserted records are still present, and some records after that may be present as well.(EE)  ", "className": "cqlsh_tests.cqlsh_copy_tests.CqlshCopyTest", "stderr": null, "errorDetails": "Element counts were not equal:\nFirst has 1, Second has 0:  ['ascii', '1099511627776', '0xbeef', 'True', '3.140000000000000124344978758017532527446746826171875', '2.444', '1.1', '127.0.0.1', '25', '\\xe3\\x83\\xbd(\\xc2\\xb4\\xe3\\x83\\xbc\\xef\\xbd\\x80)\\xe3\\x83\\x8e', '2005-07-14 12:30:00', 'f664a774-718a-11e5-8b90-0ab17f647fe5', '64f90dd0-a4e2-4376-9af7-64ecf96ec0e1', 'asdf', '36893488147419103232']\n-------------------- >> begin captured logging << --------------------\ndtest: DEBUG: cluster ccm directory: /mnt/tmp/dtest-OHKwGU\ndtest: DEBUG: Importing from csv file: /mnt/tmp/tmpTkBvMW\ndtest: WARNING: Different # of entries. CSV: 1 vs results: 0\n--------------------- >> end captured logging << ---------------------", "skippedMessage": null}, {"skipped": false, "errorStackTrace": null, "duration": 6.628, "name": "test_all_datatypes_write", "age": 0, "failedSince": 0, "status": "PASSED", "testActions": [], "stdout": "(EE)  ", "className": "cqlsh_tests.cqlsh_copy_tests.CqlshCopyTest", "stderr": null, "errorDetails": null, "skippedMessage": null}, {"skipped": false, "errorStackTrace": null, "duration": 57.27, "name": "default_compressed_segment_size_test", "age": 0, "failedSince": 0, "status": "PASSED", "testActions": [], "stdout": null, "className": "commitlog_test.TestCommitLog", "stderr": null, "errorDetails": null, "skippedMessage": null}, {"skipped": false, "errorStackTrace": null, "duration": 19.503, "name": "die_failure_policy_test", "age": 0, "failedSince": 0, "status": "PASSED", "testActions": [], "stdout": null, "className": "commitlog_test.TestCommitLog", "stderr": null, "errorDetails": null, "skippedMessage": null}, {"skipped": false, "errorStackTrace": null, "duration": 49.724, "name": "test_6924_dropping_cf", "age": 0, "failedSince": 0, "status": "PASSED", "testActions": [], "stdout": null, "className": "secondary_indexes_test.TestSecondaryIndexes", "stderr": null, "errorDetails": null, "skippedMessage": null}, {"skipped": false, "errorStackTrace": null, "duration": 46.118, "name": "test_paging_across_multi_wide_rows", "age": 0, "failedSince": 0, "status": "PASSED", "testActions": [], "stdout": null, "className": "paging_test.TestPagingData", "stderr": null, "errorDetails": null, "skippedMessage": null}, {"skipped": false, "errorStackTrace": null, "duration": 38.625, "name": "compaction_strategy_switching_test", "age": 0, "failedSince": 0, "status": "PASSED", "testActions": [], "stdout": null, "className": "compaction_test.TestCompaction_with_DateTieredCompactionStrategy", "stderr": null, "errorDetails": null, "skippedMessage": null}, {"skipped": false, "errorStackTrace": null, "duration": 23.375, "name": "disable_autocompaction_nodetool_test", "age": 0, "failedSince": 0, "status": "PASSED", "testActions": [], "stdout": null, "className": "compaction_test.TestCompaction_with_DateTieredCompactionStrategy", "stderr": null, "errorDetails": null, "skippedMessage": null}, {"skipped": false, "errorStackTrace": null, "duration": 31.414, "name": "putget_test", "age": 0, "failedSince": 0, "status": "PASSED", "testActions": [], "stdout": null, "className": "putget_test.TestPutGet", "stderr": null, "errorDetails": null, "skippedMessage": null}, {"skipped": false, "errorStackTrace": null, "duration": 26.812, "name": "non_local_read_test", "age": 0, "failedSince": 0, "status": "PASSED", "testActions": [], "stdout": null, "className": "putget_test.TestPutGet", "stderr": null, "errorDetails": null, "skippedMessage": null}, {"skipped": false, "errorStackTrace": null, "duration": 27.219, "name": "logged_batch_doesnt_throw_uae_test", "age": 0, "failedSince": 0, "status": "PASSED", "testActions": [], "stdout": null, "className": "batch_test.TestBatch", "stderr": null, "errorDetails": null, "skippedMessage": null}, {"skipped": false, "errorStackTrace": null, "duration": 6.755, "name": "logged_batch_rejects_counter_mutations_test", "age": 0, "failedSince": 0, "status": "PASSED", "testActions": [], "stdout": null, "className": "batch_test.TestBatch", "stderr": null, "errorDetails": null, "skippedMessage": null}, {"skipped": false, "errorStackTrace": null, "duration": 24.961, "name": "test_nested_type_dropping", "age": 0, "failedSince": 0, "status": "PASSED", "testActions": [], "stdout": null, "className": "user_types_test.TestUserTypes", "stderr": null, "errorDetails": null, "skippedMessage": null}, {"skipped": false, "errorStackTrace": null, "duration": 18.291, "name": "collection_list_ttl_test", "age": 0, "failedSince": 0, "status": "PASSED", "testActions": [], "stdout": null, "className": "ttl_test.TestTTL", "stderr": null, "errorDetails": null, "skippedMessage": null}, {"skipped": false, "errorStackTrace": null, "duration": 16.198, "name": "update_column_ttl_with_default_ttl_test", "age": 0, "failedSince": 0, "status": "PASSED", "testActions": [], "stdout": null, "className": "ttl_test.TestTTL", "stderr": null, "errorDetails": null, "skippedMessage": null}, {"skipped": false, "errorStackTrace": null, "duration": 13.796, "name": "ghosts_test", "age": 0, "failedSince": 0, "status": "PASSED", "testActions": [], "stdout": null, "className": "range_ghost_test.TestRangeGhosts", "stderr": null, "errorDetails": null, "skippedMessage": null}, {"skipped": false, "errorStackTrace": null, "duration": 9.483, "name": "test_simple_expiration", "age": 0, "failedSince": 0, "status": "PASSED", "testActions": [], "stdout": null, "className": "thrift_tests.TestMutations", "stderr": null, "errorDetails": null, "skippedMessage": null}, {"skipped": false, "errorStackTrace": null, "duration": 8.067, "name": "test_update_expiring", "age": 0, "failedSince": 0, "status": "PASSED", "testActions": [], "stdout": null, "className": "thrift_tests.TestMutations", "stderr": null, "errorDetails": null, "skippedMessage": null}, {"skipped": false, "errorStackTrace": null, "duration": 7.481, "name": "test_system_column_family_operations", "age": 0, "failedSince": 0, "status": "PASSED", "testActions": [], "stdout": null, "className": "thrift_tests.TestMutations", "stderr": null, "errorDetails": null, "skippedMessage": null}, {"skipped": false, "errorStackTrace": null, "duration": 6.805, "name": "test_create_then_drop_ks", "age": 0, "failedSince": 0, "status": "PASSED", "testActions": [], "stdout": null, "className": "thrift_tests.TestMutations", "stderr": null, "errorDetails": null, "skippedMessage": null}, {"skipped": false, "errorStackTrace": null, "duration": 6.474, "name": "test_long_remove", "age": 0, "failedSince": 0, "status": "PASSED", "testActions": [], "stdout": null, "className": "thrift_tests.TestMutations", "stderr": null, "errorDetails": null, "skippedMessage": null}, {"skipped": false, "errorStackTrace": null, "duration": 6.617, "name": "test_super_reinsert", "age": 0, "failedSince": 0, "status": "PASSED", "testActions": [], "stdout": null, "className": "thrift_tests.TestMutations", "stderr": null, "errorDetails": null, "skippedMessage": null}, {"skipped": false, "errorStackTrace": null, "duration": 6.428, "name": "test_range_deletion", "age": 0, "failedSince": 0, "status": "PASSED", "testActions": [], "stdout": null, "className": "thrift_tests.TestMutations", "stderr": null, "errorDetails": null, "skippedMessage": null}, {"skipped": false, "errorStackTrace": null, "duration": 6.527, "name": "test_get_range_slice", "age": 0, "failedSince": 0, "status": "PASSED", "testActions": [], "stdout": null, "className": "thrift_tests.TestMutations", "stderr": null, "errorDetails": null, "skippedMessage": null}, {"skipped": false, "errorStackTrace": null, "duration": 7.896, "name": "basic_data_types_test", "age": 0, "failedSince": 0, "status": "PASSED", "testActions": [], "stdout": null, "className": "json_test.ToJsonSelectTests", "stderr": null, "errorDetails": null, "skippedMessage": null}, {"skipped": false, "errorStackTrace": null, "duration": 6.481, "name": "dropped_index_test", "age": 0, "failedSince": 0, "status": "PASSED", "testActions": [], "stdout": "Number of matching rows: 10\nExecuting prepared statement with dropped index...\ncode=2200 [Invalid query] message=\"No secondary indexes on the restricted columns support the provided operators: \"\n", "className": "prepared_statements_test.TestPreparedStatements", "stderr": null, "errorDetails": null, "skippedMessage": null}, {"skipped": false, "errorStackTrace": null, "duration": 6.554, "name": "creating_and_dropping_user_types_test", "age": 0, "failedSince": 0, "status": "PASSED", "testActions": [], "stdout": null, "className": "schema_metadata_test.TestSchemaMetadata", "stderr": null, "errorDetails": null, "skippedMessage": null}, {"skipped": false, "errorStackTrace": null, "duration": 6.051, "name": "compact_storage_test", "age": 0, "failedSince": 0, "status": "PASSED", "testActions": [], "stdout": null, "className": "schema_metadata_test.TestSchemaMetadata", "stderr": null, "errorDetails": null, "skippedMessage": null}, {"skipped": false, "errorStackTrace": null, "duration": 180.309, "name": "decommissioned_wiped_node_can_join_test", "age": 0, "failedSince": 0, "status": "PASSED", "testActions": [], "stdout": null, "className": "bootstrap_test.TestBootstrap", "stderr": null, "errorDetails": null, "skippedMessage": null}, {"skipped": false, "errorStackTrace": null, "duration": 194.476, "name": "local_dc_repair_test", "age": 0, "failedSince": 0, "status": "PASSED", "testActions": [], "stdout": null, "className": "repair_test.TestRepair", "stderr": null, "errorDetails": null, "skippedMessage": null}, {"skipped": false, "errorStackTrace": null, "duration": 131.967, "name": "empty_vs_gcable_parallel_repair_test", "age": 0, "failedSince": 0, "status": "PASSED", "testActions": [], "stdout": null, "className": "repair_test.TestRepair", "stderr": null, "errorDetails": null, "skippedMessage": null}, {"skipped": false, "errorStackTrace": null, "duration": 134.392, "name": "replace_stopped_node_test", "age": 0, "failedSince": 0, "status": "PASSED", "testActions": [], "stdout": null, "className": "replace_address_test.TestReplaceAddress", "stderr": null, "errorDetails": null, "skippedMessage": null}, {"skipped": false, "errorStackTrace": null, "duration": 89.452, "name": "test_rf_collapse_gossiping_property_file_snitch_multi_dc", "age": 0, "failedSince": 0, "status": "PASSED", "testActions": [], "stdout": null, "className": "replication_test.SnitchConfigurationUpdateTest", "stderr": null, "errorDetails": null, "skippedMessage": null}, {"skipped": false, "errorStackTrace": null, "duration": 76.476, "name": "test_rf_collapse_property_file_snitch", "age": 0, "failedSince": 0, "status": "PASSED", "testActions": [], "stdout": null, "className": "replication_test.SnitchConfigurationUpdateTest", "stderr": null, "errorDetails": null, "skippedMessage": null}, {"skipped": false, "errorStackTrace": null, "duration": 79.641, "name": "test_archive_commitlog", "age": 0, "failedSince": 0, "status": "PASSED", "testActions": [], "stdout": null, "className": "snapshot_test.TestArchiveCommitlog", "stderr": null, "errorDetails": null, "skippedMessage": null}, {"skipped": false, "errorStackTrace": null, "duration": 56.441, "name": "test_query_isolation", "age": 0, "failedSince": 0, "status": "PASSED", "testActions": [], "stdout": null, "className": "paging_test.TestPagingQueryIsolation", "stderr": null, "errorDetails": null, "skippedMessage": null}, {"skipped": false, "errorStackTrace": null, "duration": 40.019, "name": "test_undefined_page_size_default", "age": 0, "failedSince": 0, "status": "PASSED", "testActions": [], "stdout": null, "className": "paging_test.TestPagingSize", "stderr": null, "errorDetails": null, "skippedMessage": null}, {"skipped": false, "errorStackTrace": null, "duration": 25.272, "name": "test_single_cell_deletions", "age": 0, "failedSince": 0, "status": "PASSED", "testActions": [], "stdout": null, "className": "paging_test.TestPagingWithDeletions", "stderr": null, "errorDetails": null, "skippedMessage": null}, {"skipped": false, "errorStackTrace": null, "duration": 25.645, "name": "test_multiple_cell_deletions", "age": 0, "failedSince": 0, "status": "PASSED", "testActions": [], "stdout": null, "className": "paging_test.TestPagingWithDeletions", "stderr": null, "errorDetails": null, "skippedMessage": null}, {"skipped": false, "errorStackTrace": null, "duration": 21.907, "name": "test_with_order_by", "age": 0, "failedSince": 0, "status": "PASSED", "testActions": [], "stdout": null, "className": "paging_test.TestPagingWithModifiers", "stderr": null, "errorDetails": null, "skippedMessage": null}, {"skipped": false, "errorStackTrace": null, "duration": 55.408, "name": "test_counter", "age": 0, "failedSince": 0, "status": "PASSED", "testActions": [], "stdout": null, "className": "write_failures_test.TestWriteFailures", "stderr": null, "errorDetails": null, "skippedMessage": null}, {"skipped": false, "errorStackTrace": null, "duration": 36.634, "name": "login_test", "age": 0, "failedSince": 0, "status": "PASSED", "testActions": [], "stdout": null, "className": "auth_test.TestAuth", "stderr": null, "errorDetails": null, "skippedMessage": null}, {"skipped": false, "errorStackTrace": null, "duration": 17.1, "name": "drop_cf_auth_test", "age": 0, "failedSince": 0, "status": "PASSED", "testActions": [], "stdout": null, "className": "auth_test.TestAuth", "stderr": null, "errorDetails": null, "skippedMessage": null}, {"skipped": false, "errorStackTrace": null, "duration": 16.325, "name": "grant_revoke_validation_test", "age": 0, "failedSince": 0, "status": "PASSED", "testActions": [], "stdout": null, "className": "auth_test.TestAuth", "stderr": null, "errorDetails": null, "skippedMessage": null}, {"skipped": false, "errorStackTrace": null, "duration": 31.406, "name": "putget_snappy_test", "age": 0, "failedSince": 0, "status": "PASSED", "testActions": [], "stdout": null, "className": "putget_test.TestPutGet", "stderr": null, "errorDetails": null, "skippedMessage": null}, {"skipped": false, "errorStackTrace": null, "duration": 26.456, "name": "test_incr_standard_remove", "age": 0, "failedSince": 0, "status": "PASSED", "testActions": [], "stdout": null, "className": "thrift_tests.TestMutations", "stderr": null, "errorDetails": null, "skippedMessage": null}, {"skipped": false, "errorStackTrace": null, "duration": 6.588, "name": "test_incr_decr_standard_muliget_slice", "age": 0, "failedSince": 0, "status": "PASSED", "testActions": [], "stdout": null, "className": "thrift_tests.TestMutations", "stderr": null, "errorDetails": null, "skippedMessage": null}, {"skipped": false, "errorStackTrace": null, "duration": 6.609, "name": "test_range_collation", "age": 0, "failedSince": 0, "status": "PASSED", "testActions": [], "stdout": null, "className": "thrift_tests.TestMutations", "stderr": null, "errorDetails": null, "skippedMessage": null}, {"skipped": false, "errorStackTrace": null, "duration": 6.796, "name": "test_super_insert", "age": 0, "failedSince": 0, "status": "PASSED", "testActions": [], "stdout": null, "className": "thrift_tests.TestMutations", "stderr": null, "errorDetails": null, "skippedMessage": null}, {"skipped": false, "errorStackTrace": null, "duration": 6.62, "name": "test_batch_insert_super_blocking", "age": 0, "failedSince": 0, "status": "PASSED", "testActions": [], "stdout": null, "className": "thrift_tests.TestMutations", "stderr": null, "errorDetails": null, "skippedMessage": null}, {"skipped": false, "errorStackTrace": null, "duration": 19.977, "name": "force_repair_async_2_test", "age": 0, "failedSince": 0, "status": "PASSED", "testActions": [], "stdout": null, "className": "deprecated_repair_test.TestDeprecatedRepairAPI", "stderr": null, "errorDetails": null, "skippedMessage": null}, {"skipped": false, "errorStackTrace": null, "duration": 18.761, "name": "test_standalone_scrub_essential_files_only", "age": 0, "failedSince": 0, "status": "PASSED", "testActions": [], "stdout": null, "className": "scrub_test.TestScrub", "stderr": null, "errorDetails": null, "skippedMessage": null}, {"skipped": false, "errorStackTrace": null, "duration": 12.68, "name": "sstableexpiredblockers_test", "age": 0, "failedSince": 0, "status": "PASSED", "testActions": [], "stdout": null, "className": "offline_tools_test.TestOfflineTools", "stderr": null, "errorDetails": null, "skippedMessage": null}, {"skipped": false, "errorStackTrace": null, "duration": 9.939, "name": "sstable_deletion_test", "age": 0, "failedSince": 0, "status": "PASSED", "testActions": [], "stdout": null, "className": "compaction_test.TestCompaction_with_SizeTieredCompactionStrategy", "stderr": null, "errorDetails": null, "skippedMessage": null}, {"skipped": false, "errorStackTrace": null, "duration": 8.253, "name": "select_using_secondary_index_test", "age": 0, "failedSince": 0, "status": "PASSED", "testActions": [], "stdout": null, "className": "json_test.FromJsonSelectTests", "stderr": null, "errorDetails": null, "skippedMessage": null}, {"skipped": false, "errorStackTrace": null, "duration": 7.62, "name": "tracing_from_system_traces_test", "age": 0, "failedSince": 0, "status": "PASSED", "testActions": [], "stdout": null, "className": "cqlsh_tests.cqlsh_tests.TestCqlsh", "stderr": null, "errorDetails": null, "skippedMessage": null}, {"skipped": false, "errorStackTrace": null, "duration": 7.052, "name": "test_int_values", "age": 0, "failedSince": 0, "status": "PASSED", "testActions": [], "stdout": null, "className": "cqlsh_tests.cqlsh_tests.TestCqlsh", "stderr": null, "errorDetails": null, "skippedMessage": null}, {"skipped": false, "errorStackTrace": null, "duration": 21.599, "name": "test_colon_delimiter", "age": 0, "failedSince": 0, "status": "PASSED", "testActions": [], "stdout": "(EE)  ", "className": "cqlsh_tests.cqlsh_copy_tests.CqlshCopyTest", "stderr": null, "errorDetails": null, "skippedMessage": null}, {"skipped": false, "errorStackTrace": "  File \"/usr/lib/python2.7/unittest/case.py\", line 329, in run\n    testMethod()\n  File \"/home/automaton/cassandra-dtest/cqlsh_tests/cqlsh_copy_tests.py\", line 648, in test_read_invalid_float\n    self.data_validation_on_read_template(2.14, expect_invalid=True)\n  File \"/home/automaton/cassandra-dtest/cqlsh_tests/cqlsh_copy_tests.py\", line 628, in data_validation_on_read_template\n    self.assertRegexpMatches('Bad [Rr]equest', err)\n  File \"/usr/lib/python2.7/unittest/case.py\", line 1002, in assertRegexpMatches\n    raise self.failureException(msg)\n'Regexp didn\\'t match: \"<stdin>:2:\\\\n\\'QueryMessage\\' object has no attribute \\'to_binary\\'\\\\n<stdin>:2:Aborting import at record #1. Previously inserted records are still present, and some records after that may be present as well.\\\\n\" not found in \\'Bad [Rr]equest\\'\\n-------------------- >> begin captured logging << --------------------\\ndtest: DEBUG: cluster ccm directory: /mnt/tmp/dtest-epzjNJ\\n--------------------- >> end captured logging << ---------------------'", "duration": 6.716, "name": "test_read_invalid_float", "age": 3, "failedSince": 325, "status": "FAILED", "testActions": [], "stdout": "(EE)  <stdin>:2:(EE)  'QueryMessage' object has no attribute 'to_binary'(EE)  <stdin>:2:Aborting import at record #1. Previously inserted records are still present, and some records after that may be present as well.(EE)  ", "className": "cqlsh_tests.cqlsh_copy_tests.CqlshCopyTest", "stderr": null, "errorDetails": "Regexp didn't match: \"<stdin>:2:\\n'QueryMessage' object has no attribute 'to_binary'\\n<stdin>:2:Aborting import at record #1. Previously inserted records are still present, and some records after that may be present as well.\\n\" not found in 'Bad [Rr]equest'\n-------------------- >> begin captured logging << --------------------\ndtest: DEBUG: cluster ccm directory: /mnt/tmp/dtest-epzjNJ\n--------------------- >> end captured logging << ---------------------", "skippedMessage": null}, {"skipped": false, "errorStackTrace": null, "duration": 6.739, "name": "test_drop_keyspace", "age": 0, "failedSince": 0, "status": "PASSED", "testActions": [], "stdout": "(EE)  ", "className": "cqlsh_tests.cqlsh_tests.CqlshSmokeTest", "stderr": null, "errorDetails": null, "skippedMessage": null}, {"skipped": false, "errorStackTrace": null, "duration": 6.79, "name": "test_update", "age": 0, "failedSince": 0, "status": "PASSED", "testActions": [], "stdout": "(EE)  ", "className": "cqlsh_tests.cqlsh_tests.CqlshSmokeTest", "stderr": null, "errorDetails": null, "skippedMessage": null}, {"skipped": false, "errorStackTrace": null, "duration": 6.803, "name": "bug3367_test", "age": 0, "failedSince": 0, "status": "PASSED", "testActions": [], "stdout": null, "className": "secondary_indexes_test.TestSecondaryIndexes", "stderr": null, "errorDetails": null, "skippedMessage": null}, {"skipped": false, "errorStackTrace": null, "duration": 6.189, "name": "compact_storage_composite_test", "age": 0, "failedSince": 0, "status": "PASSED", "testActions": [], "stdout": null, "className": "schema_metadata_test.TestSchemaMetadata", "stderr": null, "errorDetails": null, "skippedMessage": null}, {"skipped": false, "errorStackTrace": null, "duration": 6.108, "name": "test_user_type_isolation", "age": 0, "failedSince": 0, "status": "PASSED", "testActions": [], "stdout": null, "className": "user_types_test.TestUserTypes", "stderr": null, "errorDetails": null, "skippedMessage": null}, {"skipped": false, "errorStackTrace": null, "duration": 6.254, "name": "batch_test", "age": 0, "failedSince": 0, "status": "PASSED", "testActions": [], "stdout": null, "className": "cql_tests.StorageProxyCQLTester", "stderr": null, "errorDetails": null, "skippedMessage": null}, {"skipped": false, "errorStackTrace": null, "duration": 6.157, "name": "batch_preparation_test", "age": 0, "failedSince": 0, "status": "PASSED", "testActions": [], "stdout": null, "className": "cql_prepared_test.TestCQL", "stderr": null, "errorDetails": null, "skippedMessage": null}, {"skipped": false, "errorStackTrace": null, "duration": 464.779, "name": "single_file_split_test", "age": 0, "failedSince": 0, "status": "PASSED", "testActions": [], "stdout": "-- la-53-big-Data.db-----\n-- la-52-big-Data.db-----\n-- la-11-big-Data.db-----\n-- la-25-big-Data.db-----\n-- la-37-big-Data.db-----\n-- la-23-big-Data.db-----\n-- la-38-big-Data.db-----\n-- la-27-big-Data.db-----\n-- la-13-big-Data.db-----\n-- la-17-big-Data.db-----\n-- la-65-big-Data.db-----\n-- la-24-big-Data.db-----\n-- la-62-big-Data.db-----\n-- la-21-big-Data.db-----\n-- la-57-big-Data.db-----\n-- la-42-big-Data.db-----\n-- la-31-big-Data.db-----\n-- la-26-big-Data.db-----\n-- la-35-big-Data.db-----\n-- la-\n...[truncated 14 chars]...\n-----\n-- la-20-big-Data.db-----\n-- la-49-big-Data.db-----\n-- la-16-big-Data.db-----\n-- la-18-big-Data.db-----\n-- la-12-big-Data.db-----\n-- la-33-big-Data.db-----\n-- la-44-big-Data.db-----\n-- la-60-big-Data.db-----\n-- la-58-big-Data.db-----\n-- la-30-big-Data.db-----\n-- la-28-big-Data.db-----\n-- la-48-big-Data.db-----\n-- la-22-big-Data.db-----\n-- la-55-big-Data.db-----\n-- la-19-big-Data.db-----\n-- la-10-big-Data.db-----\n-- la-40-big-Data.db-----\n-- la-14-big-Data.db-----\n-- la-46-big-Data.db-----\n", "className": "sstablesplit_test.TestSSTableSplit", "stderr": null, "errorDetails": null, "skippedMessage": null}, {"skipped": false, "errorStackTrace": null, "duration": 129.355, "name": "simple_parallel_repair_test", "age": 0, "failedSince": 0, "status": "PASSED", "testActions": [], "stdout": null, "className": "repair_test.TestRepair", "stderr": null, "errorDetails": null, "skippedMessage": null}, {"skipped": false, "errorStackTrace": null, "duration": 87.185, "name": "test_archive_commitlog_point_in_time_with_active_commitlog", "age": 0, "failedSince": 0, "status": "PASSED", "testActions": [], "stdout": null, "className": "snapshot_test.TestArchiveCommitlog", "stderr": null, "errorDetails": null, "skippedMessage": null}, {"skipped": false, "errorStackTrace": null, "duration": 84.131, "name": "ignore_failure_policy_test", "age": 0, "failedSince": 0, "status": "PASSED", "testActions": [], "stdout": null, "className": "commitlog_test.TestCommitLog", "stderr": null, "errorDetails": null, "skippedMessage": null}, {"skipped": false, "errorStackTrace": null, "duration": 81.325, "name": "stop_commit_failure_policy_test", "age": 0, "failedSince": 0, "status": "PASSED", "testActions": [], "stdout": null, "className": "commitlog_test.TestCommitLog", "stderr": null, "errorDetails": null, "skippedMessage": null}, {"skipped": false, "errorStackTrace": null, "duration": 56.342, "name": "default_segment_size_test", "age": 0, "failedSince": 0, "status": "PASSED", "testActions": [], "stdout": null, "className": "commitlog_test.TestCommitLog", "stderr": null, "errorDetails": null, "skippedMessage": null}, {"skipped": false, "errorStackTrace": null, "duration": 21.606, "name": "stop_failure_policy_test", "age": 0, "failedSince": 0, "status": "PASSED", "testActions": [], "stdout": null, "className": "commitlog_test.TestCommitLog", "stderr": null, "errorDetails": null, "skippedMessage": null}, {"skipped": false, "errorStackTrace": null, "duration": 60.642, "name": "test_6924_dropping_ks", "age": 0, "failedSince": 0, "status": "PASSED", "testActions": [], "stdout": null, "className": "secondary_indexes_test.TestSecondaryIndexes", "stderr": null, "errorDetails": null, "skippedMessage": null}, {"skipped": false, "errorStackTrace": null, "duration": 51.655, "name": "test_simple_strategy", "age": 0, "failedSince": 0, "status": "PASSED", "testActions": [], "stdout": null, "className": "consistency_test.TestAvailability", "stderr": null, "errorDetails": null, "skippedMessage": null}, {"skipped": false, "errorStackTrace": null, "duration": 26.071, "name": "quorum_available_during_failure_test", "age": 0, "failedSince": 0, "status": "PASSED", "testActions": [], "stdout": null, "className": "consistency_test.TestConsistency", "stderr": null, "errorDetails": null, "skippedMessage": null}, {"skipped": false, "errorStackTrace": null, "duration": 41.651, "name": "rangeputget_test", "age": 0, "failedSince": 0, "status": "PASSED", "testActions": [], "stdout": null, "className": "putget_test.TestPutGet", "stderr": null, "errorDetails": null, "skippedMessage": null}, {"skipped": false, "errorStackTrace": null, "duration": 35.617, "name": "delete_insert_search_test", "age": 0, "failedSince": 0, "status": "PASSED", "testActions": [], "stdout": null, "className": "delete_insert_test.DeleteInsertTest", "stderr": null, "errorDetails": null, "skippedMessage": null}, {"skipped": false, "errorStackTrace": null, "duration": 31.889, "name": "test_standalone_scrub", "age": 0, "failedSince": 0, "status": "PASSED", "testActions": [], "stdout": null, "className": "scrub_test.TestScrubIndexes", "stderr": null, "errorDetails": null, "skippedMessage": null}, {"skipped": false, "errorStackTrace": null, "duration": 25.543, "name": "test_single_row_deletions", "age": 0, "failedSince": 0, "status": "PASSED", "testActions": [], "stdout": null, "className": "paging_test.TestPagingWithDeletions", "stderr": null, "errorDetails": null, "skippedMessage": null}, {"skipped": false, "errorStackTrace": null, "duration": 23.683, "name": "udt_test", "age": 0, "failedSince": 0, "status": "PASSED", "testActions": [], "stdout": null, "className": "udtencoding_test.TestUDTEncoding", "stderr": null, "errorDetails": null, "skippedMessage": null}, {"skipped": false, "errorStackTrace": null, "duration": 22.085, "name": "test_type_as_clustering_col", "age": 0, "failedSince": 0, "status": "PASSED", "testActions": [], "stdout": null, "className": "user_types_test.TestUserTypes", "stderr": null, "errorDetails": null, "skippedMessage": null}, {"skipped": false, "errorStackTrace": null, "duration": 5.851, "name": "test_no_counters_in_user_types", "age": 0, "failedSince": 0, "status": "PASSED", "testActions": [], "stdout": null, "className": "user_types_test.TestUserTypes", "stderr": null, "errorDetails": null, "skippedMessage": null}, {"skipped": false, "errorStackTrace": null, "duration": 17.116, "name": "modify_and_select_auth_test", "age": 0, "failedSince": 0, "status": "PASSED", "testActions": [], "stdout": null, "className": "auth_test.TestAuth", "stderr": null, "errorDetails": null, "skippedMessage": null}, {"skipped": false, "errorStackTrace": null, "duration": 17.476, "name": "grant_revoke_cleanup_test", "age": 0, "failedSince": 0, "status": "PASSED", "testActions": [], "stdout": null, "className": "auth_test.TestAuth", "stderr": null, "errorDetails": null, "skippedMessage": null}, {"skipped": false, "errorStackTrace": null, "duration": 16.183, "name": "users_cant_alter_their_superuser_status_test", "age": 0, "failedSince": 0, "status": "PASSED", "testActions": [], "stdout": null, "className": "auth_test.TestAuth", "stderr": null, "errorDetails": null, "skippedMessage": null}, {"skipped": false, "errorStackTrace": null, "duration": 10.983, "name": "gc_test", "age": 0, "failedSince": 0, "status": "PASSED", "testActions": [], "stdout": null, "className": "deletion_test.TestDeletion", "stderr": null, "errorDetails": null, "skippedMessage": null}, {"skipped": false, "errorStackTrace": null, "duration": 11.061, "name": "update_single_column_ttl_test", "age": 0, "failedSince": 0, "status": "PASSED", "testActions": [], "stdout": null, "className": "ttl_test.TestTTL", "stderr": null, "errorDetails": null, "skippedMessage": null}, {"skipped": false, "errorStackTrace": null, "duration": 8.114, "name": "test_float_formatting", "age": 0, "failedSince": 0, "status": "PASSED", "testActions": [], "stdout": null, "className": "cqlsh_tests.cqlsh_tests.TestCqlsh", "stderr": null, "errorDetails": null, "skippedMessage": null}, {"skipped": false, "errorStackTrace": null, "duration": 6.696, "name": "test_with_empty_values", "age": 0, "failedSince": 0, "status": "PASSED", "testActions": [], "stdout": "(EE)  ", "className": "cqlsh_tests.cqlsh_tests.TestCqlsh", "stderr": null, "errorDetails": null, "skippedMessage": null}, {"skipped": false, "errorStackTrace": null, "duration": 6.495, "name": "test_quoted_column_names_writing_dont_specify_names", "age": 0, "failedSince": 0, "status": "PASSED", "testActions": [], "stdout": "(EE)  ", "className": "cqlsh_tests.cqlsh_copy_tests.CqlshCopyTest", "stderr": null, "errorDetails": null, "skippedMessage": null}, {"skipped": false, "errorStackTrace": null, "duration": 6.684, "name": "test_wrong_number_of_columns", "age": 0, "failedSince": 0, "status": "PASSED", "testActions": [], "stdout": "(EE)  <stdin>:2:(EE)  list index out of range(EE)  <stdin>:2:Aborting import at record #1. Previously inserted records are still present, and some records after that may be present as well.(EE)  ", "className": "cqlsh_tests.cqlsh_copy_tests.CqlshCopyTest", "stderr": null, "errorDetails": null, "skippedMessage": null}, {"skipped": false, "errorStackTrace": null, "duration": 6.506, "name": "test_explicit_column_order_writing", "age": 0, "failedSince": 0, "status": "PASSED", "testActions": [], "stdout": "(EE)  ", "className": "cqlsh_tests.cqlsh_copy_tests.CqlshCopyTest", "stderr": null, "errorDetails": null, "skippedMessage": null}, {"skipped": false, "errorStackTrace": null, "duration": 7.663, "name": "basic_data_types_test", "age": 0, "failedSince": 0, "status": "PASSED", "testActions": [], "stdout": null, "className": "json_test.FromJsonInsertTests", "stderr": null, "errorDetails": null, "skippedMessage": null}, {"skipped": false, "errorStackTrace": null, "duration": 6.873, "name": "pkey_requirement_test", "age": 0, "failedSince": 0, "status": "PASSED", "testActions": [], "stdout": null, "className": "json_test.JsonFullRowInsertSelect", "stderr": null, "errorDetails": null, "skippedMessage": null}, {"skipped": false, "errorStackTrace": null, "duration": 6.854, "name": "test_batch_mutate_remove_super_columns_entire_row", "age": 0, "failedSince": 0, "status": "PASSED", "testActions": [], "stdout": null, "className": "thrift_tests.TestMutations", "stderr": null, "errorDetails": null, "skippedMessage": null}, {"skipped": false, "errorStackTrace": null, "duration": 6.989, "name": "test_batch_mutate_remove_super_columns_with_none_given_underneath", "age": 0, "failedSince": 0, "status": "PASSED", "testActions": [], "stdout": null, "className": "thrift_tests.TestMutations", "stderr": null, "errorDetails": null, "skippedMessage": null}, {"skipped": false, "errorStackTrace": null, "duration": 6.451, "name": "test_missing_super", "age": 0, "failedSince": 0, "status": "PASSED", "testActions": [], "stdout": null, "className": "thrift_tests.TestMutations", "stderr": null, "errorDetails": null, "skippedMessage": null}, {"skipped": false, "errorStackTrace": null, "duration": 6.635, "name": "test_get_slice_range", "age": 0, "failedSince": 0, "status": "PASSED", "testActions": [], "stdout": null, "className": "thrift_tests.TestMutations", "stderr": null, "errorDetails": null, "skippedMessage": null}, {"skipped": false, "errorStackTrace": null, "duration": 6.474, "name": "test_batch_mutate_insertions_and_deletions", "age": 0, "failedSince": 0, "status": "PASSED", "testActions": [], "stdout": null, "className": "thrift_tests.TestMutations", "stderr": null, "errorDetails": null, "skippedMessage": null}, {"skipped": false, "errorStackTrace": null, "duration": 6.37, "name": "test_describe_keyspace", "age": 0, "failedSince": 0, "status": "PASSED", "testActions": [], "stdout": null, "className": "thrift_tests.TestMutations", "stderr": null, "errorDetails": null, "skippedMessage": null}, {"skipped": false, "errorStackTrace": null, "duration": 6.634, "name": "only_one_timestamp_is_valid_test", "age": 0, "failedSince": 0, "status": "PASSED", "testActions": [], "stdout": null, "className": "batch_test.TestBatch", "stderr": null, "errorDetails": null, "skippedMessage": null}, {"skipped": false, "errorStackTrace": null, "duration": 6.171, "name": "sc_with_row_cache_test", "age": 0, "failedSince": 0, "status": "PASSED", "testActions": [], "stdout": null, "className": "super_column_cache_test.TestSCCache", "stderr": null, "errorDetails": null, "skippedMessage": null}, {"skipped": false, "errorStackTrace": null, "duration": 2476.912, "name": "cfhistograms_test", "age": 0, "failedSince": 0, "status": "PASSED", "testActions": [], "stdout": null, "className": "jmx_test.TestJMX", "stderr": null, "errorDetails": null, "skippedMessage": null}], "name": "nosetests"}], "passCount": 371, "duration": 16210.268, "failCount": 15}}
