{"baseurl": "http://cassci.datastax.com/job/cassandra-2.2_dtest/328/testReport/api/python", "_data": {"skipCount": 203, "empty": false, "testActions": [], "suites": [{"timestamp": null, "stderr": null, "stdout": null, "id": null, "duration": 16124.956, "cases": [{"skipped": false, "errorStackTrace": null, "duration": 791.064, "name": "netstats_test", "age": 0, "failedSince": 0, "status": "PASSED", "testActions": [], "stdout": null, "className": "jmx_test.TestJMX", "stderr": null, "errorDetails": null, "skippedMessage": null}, {"skipped": false, "errorStackTrace": null, "duration": 72.825, "name": "sstable_marking_test", "age": 0, "failedSince": 0, "status": "PASSED", "testActions": [], "stdout": null, "className": "incremental_repair_test.TestIncRepair", "stderr": null, "errorDetails": null, "skippedMessage": null}, {"skipped": false, "errorStackTrace": null, "duration": 62.236, "name": "test_set_indexes", "age": 0, "failedSince": 0, "status": "PASSED", "testActions": [], "stdout": null, "className": "secondary_indexes_test.TestSecondaryIndexesOnCollections", "stderr": null, "errorDetails": null, "skippedMessage": null}, {"skipped": false, "errorStackTrace": null, "duration": 54.836, "name": "test_mutation_v4", "age": 0, "failedSince": 0, "status": "PASSED", "testActions": [], "stdout": null, "className": "write_failures_test.TestWriteFailures", "stderr": null, "errorDetails": null, "skippedMessage": null}, {"skipped": false, "errorStackTrace": null, "duration": 41.874, "name": "change_durable_writes_test", "age": 0, "failedSince": 0, "status": "PASSED", "testActions": [], "stdout": null, "className": "configuration_test.TestConfiguration", "stderr": null, "errorDetails": null, "skippedMessage": null}, {"skipped": false, "errorStackTrace": null, "duration": 34.348, "name": "putget_with_internode_ssl_test", "age": 0, "failedSince": 0, "status": "PASSED", "testActions": [], "stdout": null, "className": "internode_ssl_test.TestInternodeSSL", "stderr": null, "errorDetails": null, "skippedMessage": null}, {"skipped": false, "errorStackTrace": null, "duration": 32.647, "name": "putget_with_internode_ssl_without_compression_test", "age": 0, "failedSince": 0, "status": "PASSED", "testActions": [], "stdout": null, "className": "internode_ssl_test.TestInternodeSSL", "stderr": null, "errorDetails": null, "skippedMessage": null}, {"skipped": false, "errorStackTrace": null, "duration": 28.518, "name": "short_read_delete_test", "age": 0, "failedSince": 0, "status": "PASSED", "testActions": [], "stdout": null, "className": "consistency_test.TestConsistency", "stderr": null, "errorDetails": null, "skippedMessage": null}, {"skipped": false, "errorStackTrace": null, "duration": 25.152, "name": "ttl_is_replicated_test", "age": 0, "failedSince": 0, "status": "PASSED", "testActions": [], "stdout": null, "className": "ttl_test.TestDistributedTTL", "stderr": null, "errorDetails": null, "skippedMessage": null}, {"skipped": false, "errorStackTrace": null, "duration": 10.065, "name": "update_multiple_columns_ttl_test", "age": 0, "failedSince": 0, "status": "PASSED", "testActions": [], "stdout": null, "className": "ttl_test.TestTTL", "stderr": null, "errorDetails": null, "skippedMessage": null}, {"skipped": false, "errorStackTrace": "  File \"/usr/lib/python2.7/unittest/case.py\", line 329, in run\n    testMethod()\n  File \"/home/automaton/cassandra-dtest/tools.py\", line 253, in wrapped\n    f(obj)\n  File \"/home/automaton/cassandra-dtest/pushed_notifications_test.py\", line 311, in tombstone_failure_threshold_message_test\n    read_failure_query()\n  File \"/usr/local/lib/python2.7/dist-packages/nose/tools/nontrivial.py\", line 97, in newfunc\n    result = func(*arg, **kw)\n  File \"/home/automaton/cassandra-dtest/pushed_notifications_test.py\", line 308, in read_failure_query\n    expected=ReadTimeout if self.cluster.version() < '3' else ReadFailure,\n  File \"/home/automaton/cassandra-dtest/assertions.py\", line 23, in assert_invalid\n    res = session.execute(query)\n  File \"cassandra/cluster.py\", line 1623, in cassandra.cluster.Session.execute (cassandra/cluster.c:27566)\n    result = future.result()\n  File \"cassandra/cluster.py\", line 3205, in cassandra.cluster.ResponseFuture.result (cassandra/cluster.c:61306)\n    raise self._final_exception\n'code=1300 [Replica(s) failed to execute read] message=\"Operation failed - received 0 responses and 1 failures\" info={\\'failures\\': 1, \\'received_responses\\': 0, \\'required_responses\\': 3, \\'consistency\\': \\'ALL\\'}\\n-------------------- >> begin captured logging << --------------------\\ndtest: DEBUG: cluster ccm directory: /mnt/tmp/dtest-OO6vQj\\n--------------------- >> end captured logging << ---------------------'", "duration": 23.362, "name": "tombstone_failure_threshold_message_test", "age": 27, "failedSince": 302, "status": "FAILED", "testActions": [], "stdout": null, "className": "pushed_notifications_test.TestVariousNotifications", "stderr": null, "errorDetails": "code=1300 [Replica(s) failed to execute read] message=\"Operation failed - received 0 responses and 1 failures\" info={'failures': 1, 'received_responses': 0, 'required_responses': 3, 'consistency': 'ALL'}\n-------------------- >> begin captured logging << --------------------\ndtest: DEBUG: cluster ccm directory: /mnt/tmp/dtest-OO6vQj\n--------------------- >> end captured logging << ---------------------", "skippedMessage": null}, {"skipped": false, "errorStackTrace": null, "duration": 22.696, "name": "disable_autocompaction_alter_test", "age": 0, "failedSince": 0, "status": "PASSED", "testActions": [], "stdout": null, "className": "compaction_test.TestCompaction_with_LeveledCompactionStrategy", "stderr": null, "errorDetails": null, "skippedMessage": null}, {"skipped": false, "errorStackTrace": null, "duration": 20.507, "name": "force_repair_range_async_2_test", "age": 0, "failedSince": 0, "status": "PASSED", "testActions": [], "stdout": null, "className": "deprecated_repair_test.TestDeprecatedRepairAPI", "stderr": null, "errorDetails": null, "skippedMessage": null}, {"skipped": false, "errorStackTrace": null, "duration": 20.097, "name": "force_repair_range_async_3_test", "age": 0, "failedSince": 0, "status": "PASSED", "testActions": [], "stdout": null, "className": "deprecated_repair_test.TestDeprecatedRepairAPI", "stderr": null, "errorDetails": null, "skippedMessage": null}, {"skipped": false, "errorStackTrace": null, "duration": 16.766, "name": "alter_ks_auth_test", "age": 0, "failedSince": 0, "status": "PASSED", "testActions": [], "stdout": null, "className": "auth_test.TestAuth", "stderr": null, "errorDetails": null, "skippedMessage": null}, {"skipped": false, "errorStackTrace": null, "duration": 16.835, "name": "create_ks_auth_test", "age": 0, "failedSince": 0, "status": "PASSED", "testActions": [], "stdout": null, "className": "auth_test.TestAuth", "stderr": null, "errorDetails": null, "skippedMessage": null}, {"skipped": false, "errorStackTrace": null, "duration": 11.661, "name": "test_commitlog_replay_on_startup", "age": 0, "failedSince": 0, "status": "PASSED", "testActions": [], "stdout": null, "className": "commitlog_test.TestCommitLog", "stderr": null, "errorDetails": null, "skippedMessage": null}, {"skipped": false, "errorStackTrace": null, "duration": 6.902, "name": "test_past_and_future_dates", "age": 0, "failedSince": 0, "status": "PASSED", "testActions": [], "stdout": "(EE)  ", "className": "cqlsh_tests.cqlsh_tests.TestCqlsh", "stderr": null, "errorDetails": null, "skippedMessage": null}, {"skipped": false, "errorStackTrace": "  File \"/usr/lib/python2.7/unittest/case.py\", line 329, in run\n    testMethod()\n  File \"/home/automaton/cassandra-dtest/cqlsh_tests/cqlsh_copy_tests.py\", line 641, in test_read_valid_data\n    self.data_validation_on_read_template(2, expect_invalid=False)\n  File \"/home/automaton/cassandra-dtest/cqlsh_tests/cqlsh_copy_tests.py\", line 631, in data_validation_on_read_template\n    self.assertFalse(err)\n  File \"/usr/lib/python2.7/unittest/case.py\", line 416, in assertFalse\n    raise self.failureException(msg)\n'\"<stdin>:2:\\\\n\\'QueryMessage\\' object has no attribute \\'to_binary\\'\\\\n<stdin>:2:Aborting import at record #1. Previously inserted records are still present, and some records after that may be present as well.\\\\n\" is not false\\n-------------------- >> begin captured logging << --------------------\\ndtest: DEBUG: cluster ccm directory: /mnt/tmp/dtest-LLEae3\\n--------------------- >> end captured logging << ---------------------'", "duration": 6.686, "name": "test_read_valid_data", "age": 13, "failedSince": 316, "status": "FAILED", "testActions": [], "stdout": "(EE)  <stdin>:2:(EE)  'QueryMessage' object has no attribute 'to_binary'(EE)  <stdin>:2:Aborting import at record #1. Previously inserted records are still present, and some records after that may be present as well.(EE)  ", "className": "cqlsh_tests.cqlsh_copy_tests.CqlshCopyTest", "stderr": null, "errorDetails": "\"<stdin>:2:\\n'QueryMessage' object has no attribute 'to_binary'\\n<stdin>:2:Aborting import at record #1. Previously inserted records are still present, and some records after that may be present as well.\\n\" is not false\n-------------------- >> begin captured logging << --------------------\ndtest: DEBUG: cluster ccm directory: /mnt/tmp/dtest-LLEae3\n--------------------- >> end captured logging << ---------------------", "skippedMessage": null}, {"skipped": false, "errorStackTrace": null, "duration": 6.688, "name": "test_select", "age": 0, "failedSince": 0, "status": "PASSED", "testActions": [], "stdout": "(EE)  ", "className": "cqlsh_tests.cqlsh_tests.CqlshSmokeTest", "stderr": null, "errorDetails": null, "skippedMessage": null}, {"skipped": false, "errorStackTrace": null, "duration": 7.386, "name": "test_dynamic_indexes_with_system_update_cf", "age": 0, "failedSince": 0, "status": "PASSED", "testActions": [], "stdout": null, "className": "thrift_tests.TestMutations", "stderr": null, "errorDetails": null, "skippedMessage": null}, {"skipped": false, "errorStackTrace": null, "duration": 6.531, "name": "test_cf_remove_column", "age": 0, "failedSince": 0, "status": "PASSED", "testActions": [], "stdout": null, "className": "thrift_tests.TestMutations", "stderr": null, "errorDetails": null, "skippedMessage": null}, {"skipped": false, "errorStackTrace": null, "duration": 6.449, "name": "test_insert_ttl", "age": 0, "failedSince": 0, "status": "PASSED", "testActions": [], "stdout": null, "className": "thrift_tests.TestMutations", "stderr": null, "errorDetails": null, "skippedMessage": null}, {"skipped": false, "errorStackTrace": null, "duration": 6.736, "name": "test_system_keyspace_operations", "age": 0, "failedSince": 0, "status": "PASSED", "testActions": [], "stdout": null, "className": "thrift_tests.TestMutations", "stderr": null, "errorDetails": null, "skippedMessage": null}, {"skipped": false, "errorStackTrace": null, "duration": 6.487, "name": "test_super_cf_resurrect_subcolumn", "age": 0, "failedSince": 0, "status": "PASSED", "testActions": [], "stdout": null, "className": "thrift_tests.TestMutations", "stderr": null, "errorDetails": null, "skippedMessage": null}, {"skipped": false, "errorStackTrace": null, "duration": 6.418, "name": "test_column_name_lengths", "age": 0, "failedSince": 0, "status": "PASSED", "testActions": [], "stdout": null, "className": "thrift_tests.TestMutations", "stderr": null, "errorDetails": null, "skippedMessage": null}, {"skipped": false, "errorStackTrace": null, "duration": 6.33, "name": "test_describe", "age": 0, "failedSince": 0, "status": "PASSED", "testActions": [], "stdout": null, "className": "thrift_tests.TestMutations", "stderr": null, "errorDetails": null, "skippedMessage": null}, {"skipped": false, "errorStackTrace": null, "duration": 7.279, "name": "null_value_test", "age": 0, "failedSince": 0, "status": "PASSED", "testActions": [], "stdout": null, "className": "json_test.JsonFullRowInsertSelect", "stderr": null, "errorDetails": null, "skippedMessage": null}, {"skipped": false, "errorStackTrace": null, "duration": 6.716, "name": "batch_uses_proper_timestamp_test", "age": 0, "failedSince": 0, "status": "PASSED", "testActions": [], "stdout": null, "className": "batch_test.TestBatch", "stderr": null, "errorDetails": null, "skippedMessage": null}, {"skipped": false, "errorStackTrace": null, "duration": 6.602, "name": "prepared_statement_invalidation_test", "age": 0, "failedSince": 0, "status": "PASSED", "testActions": [], "stdout": null, "className": "cql_tests.MiscellaneousCQLTester", "stderr": null, "errorDetails": null, "skippedMessage": null}, {"skipped": false, "errorStackTrace": null, "duration": 6.42, "name": "creating_and_dropping_keyspace_test", "age": 0, "failedSince": 0, "status": "PASSED", "testActions": [], "stdout": null, "className": "schema_metadata_test.TestSchemaMetadata", "stderr": null, "errorDetails": null, "skippedMessage": null}, {"skipped": false, "errorStackTrace": null, "duration": 6.204, "name": "validate_empty_column_name_test", "age": 0, "failedSince": 0, "status": "PASSED", "testActions": [], "stdout": null, "className": "counter_tests.TestCounters", "stderr": null, "errorDetails": null, "skippedMessage": null}, {"skipped": false, "errorStackTrace": "  File \"/usr/lib/python2.7/unittest/case.py\", line 329, in run\n    testMethod()\n  File \"/home/automaton/cassandra-dtest/native_transport_ssl_test.py\", line 64, in use_custom_ssl_port_test\n    cluster.start()\n  File \"/home/automaton/ccm/ccmlib/cluster.py\", line 294, in start\n    raise NodeError(\"Error starting {0}.\".format(node.name), p)\n'Error starting node1.\\n-------------------- >> begin captured logging << --------------------\\ndtest: DEBUG: cluster ccm directory: /mnt/tmp/dtest-8Cpuly\\ndtest: DEBUG: generating keystore.jks in [/mnt/tmp/dtest-8Cpuly]\\ndtest: DEBUG: exporting cert from keystore.jks in [/mnt/tmp/dtest-8Cpuly]\\ndtest: DEBUG: importing cert into truststore.jks in [/mnt/tmp/dtest-8Cpuly]\\n--------------------- >> end captured logging << ---------------------'", "duration": 2.874, "name": "use_custom_ssl_port_test", "age": 53, "failedSince": 276, "status": "FAILED", "testActions": [], "stdout": "[node1 ERROR] org.apache.cassandra.exceptions.ConfigurationException: Invalid yaml. Please remove properties [native_transport_port_ssl] from your cassandra.yaml\n\tat org.apache.cassandra.config.YamlConfigurationLoader$MissingPropertiesChecker.check(YamlConfigurationLoader.java:162)\n\tat org.apache.cassandra.config.YamlConfigurationLoader.loadConfig(YamlConfigurationLoader.java:115)\n\tat org.apache.cassandra.config.YamlConfigurationLoader.loadConfig(YamlConfigurationLoader.java:85)\n\tat org.apache.cassandra.config.DatabaseDescriptor.loadConfig(DatabaseDescriptor.java:135)\n\tat org.apache.cassandra.config.DatabaseDescriptor.<clinit>(DatabaseDescriptor.java:119)\n\tat org.apache.cassandra.service.CassandraDaemon.activate(CassandraDaemon.java:488)\n\tat org.apache.cassandra.service.CassandraDaemon.main(CassandraDaemon.java:622)\n", "className": "native_transport_ssl_test.NativeTransportSSL", "stderr": null, "errorDetails": "Error starting node1.\n-------------------- >> begin captured logging << --------------------\ndtest: DEBUG: cluster ccm directory: /mnt/tmp/dtest-8Cpuly\ndtest: DEBUG: generating keystore.jks in [/mnt/tmp/dtest-8Cpuly]\ndtest: DEBUG: exporting cert from keystore.jks in [/mnt/tmp/dtest-8Cpuly]\ndtest: DEBUG: importing cert into truststore.jks in [/mnt/tmp/dtest-8Cpuly]\n--------------------- >> end captured logging << ---------------------", "skippedMessage": null}, {"skipped": false, "errorStackTrace": "  File \"/usr/lib/python2.7/unittest/case.py\", line 358, in run\n    self.tearDown()\n  File \"/home/automaton/cassandra-dtest/dtest.py\", line 549, in tearDown\n    raise AssertionError('Unexpected error in %s node log: %s' % (node.name, errors))\n\"Unexpected error in node1 node log: ['ERROR [main] 2015-10-13 11:00:36,338 CassandraDaemon.java:635 - Exception encountered during startup org.apache.cassandra.exceptions.ConfigurationException: Invalid yaml. Please remove properties [native_transport_port_ssl] from your cassandra.yaml \\\\tat org.apache.cassandra.config.YamlConfigurationLoader$MissingPropertiesChecker.check(YamlConfigurationLoader.java:162) ~[main/:na] \\\\tat org.apache.cassandra.config.YamlConfigurationLoader.loadConfig(YamlConfigurationLoader.java:115) ~[main/:na] \\\\tat org.apache.cassandra.config.YamlConfigurationLoader.loadConfig(YamlConfigurationLoader.java:85) ~[main/:na] \\\\tat org.apache.cassandra.config.DatabaseDescriptor.loadConfig(DatabaseDescriptor.java:135) ~[main/:na] \\\\tat org.apache.cassandra.config.DatabaseDescriptor.<clinit>(DatabaseDescriptor.java:119) ~[main/:na] \\\\tat org.apache.cassandra.service.CassandraDaemon.activate(CassandraDaemon.java:488) [main/:na] \\\\tat org.apache.cassandra.service.CassandraDaemon.main(CassandraDaemon.java:622) [main/:na]']\\n-------------------- >> begin captured logging << --------------------\\ndtest: DEBUG: cluster ccm directory: /mnt/tmp/dtest-8Cpuly\\ndtest: DEBUG: generating keystore.jks in [/mnt/tmp/dtest-8Cpuly]\\ndtest: DEBUG: exporting cert from keystore.jks in [/mnt/tmp/dtest-8Cpuly]\\ndtest: DEBUG: importing cert into truststore.jks in [/mnt/tmp/dtest-8Cpuly]\\ndtest: DEBUG: removing ccm cluster test at: /mnt/tmp/dtest-8Cpuly\\ndtest: DEBUG: clearing ssl stores from [/mnt/tmp/dtest-8Cpuly] directory\\n--------------------- >> end captured logging << ---------------------\"", "duration": 2.876, "name": "use_custom_ssl_port_test", "age": 53, "failedSince": 276, "status": "FAILED", "testActions": [], "stdout": "[node1 ERROR] org.apache.cassandra.exceptions.ConfigurationException: Invalid yaml. Please remove properties [native_transport_port_ssl] from your cassandra.yaml\n\tat org.apache.cassandra.config.YamlConfigurationLoader$MissingPropertiesChecker.check(YamlConfigurationLoader.java:162)\n\tat org.apache.cassandra.config.YamlConfigurationLoader.loadConfig(YamlConfigurationLoader.java:115)\n\tat org.apache.cassandra.config.YamlConfigurationLoader.loadConfig(YamlConfigurationLoader.java:85)\n\tat org.apache.cassandra.config.DatabaseDescriptor.loadConfig(DatabaseDescriptor.java:135)\n\tat org.apache.cassandra.config.DatabaseDescriptor.<clinit>(DatabaseDescriptor.java:119)\n\tat org.apache.cassandra.service.CassandraDaemon.activate(CassandraDaemon.java:488)\n\tat org.apache.cassandra.service.CassandraDaemon.main(CassandraDaemon.java:622)\n", "className": "native_transport_ssl_test.NativeTransportSSL", "stderr": null, "errorDetails": "Unexpected error in node1 node log: ['ERROR [main] 2015-10-13 11:00:36,338 CassandraDaemon.java:635 - Exception encountered during startup org.apache.cassandra.exceptions.ConfigurationException: Invalid yaml. Please remove properties [native_transport_port_ssl] from your cassandra.yaml \\tat org.apache.cassandra.config.YamlConfigurationLoader$MissingPropertiesChecker.check(YamlConfigurationLoader.java:162) ~[main/:na] \\tat org.apache.cassandra.config.YamlConfigurationLoader.loadConfig(YamlConfigurationLoader.java:115) ~[main/:na] \\tat org.apache.cassandra.config.YamlConfigurationLoader.loadConfig(YamlConfigurationLoader.java:85) ~[main/:na] \\tat org.apache.cassandra.config.DatabaseDescriptor.loadConfig(DatabaseDescriptor.java:135) ~[main/:na] \\tat org.apache.cassandra.config.DatabaseDescriptor.<clinit>(DatabaseDescriptor.java:119) ~[main/:na] \\tat org.apache.cassandra.service.CassandraDaemon.activate(CassandraDaemon.java:488) [main/:na] \\tat org.apache.cassandra.service.CassandraDaemon.main(CassandraDaemon.java:622) [main/:na]']\n-------------------- >> begin captured logging << --------------------\ndtest: DEBUG: cluster ccm directory: /mnt/tmp/dtest-8Cpuly\ndtest: DEBUG: generating keystore.jks in [/mnt/tmp/dtest-8Cpuly]\ndtest: DEBUG: exporting cert from keystore.jks in [/mnt/tmp/dtest-8Cpuly]\ndtest: DEBUG: importing cert into truststore.jks in [/mnt/tmp/dtest-8Cpuly]\ndtest: DEBUG: removing ccm cluster test at: /mnt/tmp/dtest-8Cpuly\ndtest: DEBUG: clearing ssl stores from [/mnt/tmp/dtest-8Cpuly] directory\n--------------------- >> end captured logging << ---------------------", "skippedMessage": null}, {"skipped": true, "errorStackTrace": null, "duration": 0.054, "name": "limit_multiget_test", "age": 52, "failedSince": 277, "status": "SKIPPED", "testActions": [], "stdout": null, "className": "deprecated_cql_tests.TestCQL", "stderr": null, "errorDetails": null, "skippedMessage": "2.2.3 > 2.0.x"}, {"skipped": true, "errorStackTrace": null, "duration": 0.1, "name": "reversed_compact_test", "age": 11, "failedSince": 318, "status": "SKIPPED", "testActions": [], "stdout": null, "className": "deprecated_cql_tests.TestCQL", "stderr": null, "errorDetails": null, "skippedMessage": "2.2.3 > 2.0.x"}, {"skipped": true, "errorStackTrace": null, "duration": 0.099, "name": "bug_6069_test", "age": 11, "failedSince": 318, "status": "SKIPPED", "testActions": [], "stdout": null, "className": "deprecated_cql_tests.TestCQL", "stderr": null, "errorDetails": null, "skippedMessage": "2.2.3 > 2.0.x"}, {"skipped": true, "errorStackTrace": null, "duration": 0.099, "name": "count_test", "age": 11, "failedSince": 318, "status": "SKIPPED", "testActions": [], "stdout": null, "className": "deprecated_cql_tests.TestCQL", "stderr": null, "errorDetails": null, "skippedMessage": "2.2.3 > 2.0.x"}, {"skipped": true, "errorStackTrace": null, "duration": 0.101, "name": "collection_flush_test", "age": 52, "failedSince": 277, "status": "SKIPPED", "testActions": [], "stdout": null, "className": "deprecated_cql_tests.TestCQL", "stderr": null, "errorDetails": null, "skippedMessage": "2.2.3 > 2.0.x"}, {"skipped": true, "errorStackTrace": null, "duration": 0.099, "name": "negative_timestamp_test", "age": 53, "failedSince": 276, "status": "SKIPPED", "testActions": [], "stdout": null, "className": "deprecated_cql_tests.TestCQL", "stderr": null, "errorDetails": null, "skippedMessage": "2.2.3 > 2.0.x"}, {"skipped": true, "errorStackTrace": null, "duration": 0.098, "name": "conditional_update_test", "age": 11, "failedSince": 318, "status": "SKIPPED", "testActions": [], "stdout": null, "className": "deprecated_cql_tests.TestCQL", "stderr": null, "errorDetails": null, "skippedMessage": "2.2.3 > 2.0.x"}, {"skipped": true, "errorStackTrace": null, "duration": 0.098, "name": "range_slice_test", "age": 4, "failedSince": 325, "status": "SKIPPED", "testActions": [], "stdout": null, "className": "deprecated_cql_tests.TestCQL", "stderr": null, "errorDetails": null, "skippedMessage": "2.2.3 > 2.0.x"}, {"skipped": true, "errorStackTrace": null, "duration": 0.051, "name": "range_query_test", "age": 52, "failedSince": 277, "status": "SKIPPED", "testActions": [], "stdout": null, "className": "upgrade_tests.cql_tests.TestCQL", "stderr": null, "errorDetails": null, "skippedMessage": "2.2.3 < 3.0"}, {"skipped": true, "errorStackTrace": null, "duration": 0.098, "name": "timestamp_and_ttl_test", "age": 53, "failedSince": 276, "status": "SKIPPED", "testActions": [], "stdout": null, "className": "upgrade_tests.cql_tests.TestCQL", "stderr": null, "errorDetails": null, "skippedMessage": "2.2.3 < 3.0"}, {"skipped": true, "errorStackTrace": null, "duration": 0.098, "name": "composite_index_collections_test", "age": 52, "failedSince": 277, "status": "SKIPPED", "testActions": [], "stdout": null, "className": "upgrade_tests.cql_tests.TestCQL", "stderr": null, "errorDetails": null, "skippedMessage": "2.2.3 < 3.0"}, {"skipped": true, "errorStackTrace": null, "duration": 0.098, "name": "multi_in_compact_test", "age": 11, "failedSince": 318, "status": "SKIPPED", "testActions": [], "stdout": null, "className": "upgrade_tests.cql_tests.TestCQL", "stderr": null, "errorDetails": null, "skippedMessage": "2.2.3 < 3.0"}, {"skipped": true, "errorStackTrace": null, "duration": 0.108, "name": "bug_6050_test", "age": 52, "failedSince": 277, "status": "SKIPPED", "testActions": [], "stdout": null, "className": "upgrade_tests.cql_tests.TestCQL", "stderr": null, "errorDetails": null, "skippedMessage": "2.2.3 < 3.0"}, {"skipped": true, "errorStackTrace": null, "duration": 0.098, "name": "select_distinct_test", "age": 52, "failedSince": 277, "status": "SKIPPED", "testActions": [], "stdout": null, "className": "upgrade_tests.cql_tests.TestCQL", "stderr": null, "errorDetails": null, "skippedMessage": "2.2.3 < 3.0"}, {"skipped": true, "errorStackTrace": null, "duration": 0.098, "name": "composite_row_key_test", "age": 4, "failedSince": 325, "status": "SKIPPED", "testActions": [], "stdout": null, "className": "upgrade_tests.cql_tests.TestCQL", "stderr": null, "errorDetails": null, "skippedMessage": "2.2.3 < 3.0"}, {"skipped": true, "errorStackTrace": null, "duration": 0.05, "name": "test_single_row_deletions", "age": 1, "failedSince": 328, "status": "SKIPPED", "testActions": [], "stdout": null, "className": "upgrade_tests.paging_test.TestPagingWithDeletions", "stderr": null, "errorDetails": null, "skippedMessage": "2.2.3 < 3.0"}, {"skipped": true, "errorStackTrace": null, "duration": 0.051, "name": "simple_repair_test", "age": 4, "failedSince": 325, "status": "SKIPPED", "testActions": [], "stdout": null, "className": "materialized_views_test.TestMaterializedViews", "stderr": null, "errorDetails": null, "skippedMessage": "2.2.3 < 3.0"}, {"skipped": true, "errorStackTrace": null, "duration": 0.098, "name": "ttl_test", "age": 4, "failedSince": 325, "status": "SKIPPED", "testActions": [], "stdout": null, "className": "materialized_views_test.TestMaterializedViews", "stderr": null, "errorDetails": null, "skippedMessage": "2.2.3 < 3.0"}, {"skipped": false, "errorStackTrace": "  File \"/usr/lib/python2.7/unittest/case.py\", line 329, in run\n    testMethod()\n  File \"/home/automaton/cassandra-dtest/concurrent_schema_changes_test.py\", line 348, in create_lots_of_schema_churn_with_node_down_test\n    self._do_lots_of_schema_actions(session)\n  File \"/home/automaton/cassandra-dtest/concurrent_schema_changes_test.py\", line 290, in _do_lots_of_schema_actions\n    results = execute_concurrent(session, cmds, concurrency=100, raise_on_first_error=True)\n  File \"cassandra/concurrent.py\", line 88, in cassandra.concurrent.execute_concurrent (cassandra/concurrent.c:1453)\n    return executor.execute(concurrency, raise_on_first_error)\n  File \"cassandra/concurrent.py\", line 185, in cassandra.concurrent.ConcurrentExecutorListResults.execute (cassandra/concurrent.c:4829)\n    return super(ConcurrentExecutorListResults, self).execute(concurrency, fail_fast)\n  File \"cassandra/concurrent.py\", line 111, in cassandra.concurrent._ConcurrentExecutor.execute (cassandra/concurrent.c:2118)\n    return self._results()\n  File \"cassandra/concurrent.py\", line 199, in cassandra.concurrent.ConcurrentExecutorListResults._results (cassandra/concurrent.c:5597)\n    with self._condition:\n  File \"cassandra/concurrent.py\", line 203, in cassandra.concurrent.ConcurrentExecutorListResults._results (cassandra/concurrent.c:5529)\n    self._raise(self._exception)\n  File \"cassandra/concurrent.py\", line 151, in cassandra.concurrent._ConcurrentExecutor._raise (cassandra/concurrent.c:3527)\n    raise exc\n'<ErrorMessage code=0000 [Server error] message=\"java.util.ConcurrentModificationException\">\\n-------------------- >> begin captured logging << --------------------\\ndtest: DEBUG: Using jna.jar in CASSANDRA_DIR/lib..\\ndtest: DEBUG: cluster ccm directory: /mnt/tmp/dtest-ueiUwF\\ncassandra.cluster: WARNING: Host 127.0.0.2 has been marked down\\ncassandra.cluster: WARNING: Failed to create connection pool for new host 127.0.0.2:\\nTraceback (most recent call last):\\n  File \"cassandra/cluster.py\", line 1852, in cassandra.cluster.Session.add_or_renew_pool.run_add_or_renew_pool (cassandra/cluster.c:31556)\\n    new_pool = HostConnection(host, distance, self)\\n  File \"cassandra/pool.py\", line 295, in cassandra.pool.HostConnection.__init__ (cassandra/pool.c:6160)\\n    self._connection = session.cluster.connection_factory(host.address)\\n  File \"cassandra/cluster.py\", line 786, in cassandra.cluster.Cluster.connection_factory (cassandra/cluster.c:9141)\\n    return self.connection_class.factory(address, self.connect_timeout, *args, **kwargs)\\n  File \"cassandra/connection.py\", line 306, in cassandra.connection.Connection.factory (cassandra/connection.c:5134)\\n    conn = cls(host, *args, **kwargs)\\n  File \"/home/automaton/python-driver/cassandra/io/libevreactor.py\", line 264, in __init__\\n    self._connect_socket()\\n  File \"cassandra/connection.py\", line 340, in cassandra.connection.Connection._connect_socket (cassandra/connection.c:6266)\\n    raise socket.error(sockerr.errno, \"Tried connecting to %s. Last error: %s\" % ([a[4] for a in addresses], sockerr.strerror or sockerr))\\nerror: [Errno 111] Tried connecting to [(\\'127.0.0.2\\', 9042)]. Last error: Connection refused\\ncassandra.pool: WARNING: Error attempting to reconnect to 127.0.0.2, scheduling retry in 2.0 seconds: [Errno 111] Tried connecting to [(\\'127.0.0.2\\', 9042)]. Last error: Connection refused\\ncassandra.pool: WARNING: Error attempting to reconnect to 127.0.0.2, scheduling retry in 4.0 seconds: [Errno 111] Tried connecting to [(\\'127.0.0.2\\', 9042)]. Last error: Connection refused\\ncassandra.pool: WARNING: Error attempting to reconnect to 127.0.0.2, scheduling retry in 8.0 seconds: [Errno 111] Tried connecting to [(\\'127.0.0.2\\', 9042)]. Last error: Connection refused\\ncassandra.pool: WARNING: Error attempting to reconnect to 127.0.0.2, scheduling retry in 16.0 seconds: [Errno 111] Tried connecting to [(\\'127.0.0.2\\', 9042)]. Last error: Connection refused\\ncassandra.pool: WARNING: Error attempting to reconnect to 127.0.0.2, scheduling retry in 32.0 seconds: [Errno 111] Tried connecting to [(\\'127.0.0.2\\', 9042)]. Last error: Connection refused\\ncassandra.cluster: WARNING: Node 127.0.0.1 is reporting a schema disagreement: {UUID(\\'9bbdbcae-b583-3a94-be30-0e17e1de1d5c\\'): [\\'127.0.0.1\\'], UUID(\\'f63b6bb1-a9c6-3f73-9b27-638fe894927d\\'): [\\'127.0.0.3\\']}\\n--------------------- >> end captured logging << ---------------------'", "duration": 92.612, "name": "create_lots_of_schema_churn_with_node_down_test", "age": 4, "failedSince": 325, "status": "FAILED", "testActions": [], "stdout": null, "className": "concurrent_schema_changes_test.TestConcurrentSchemaChanges", "stderr": null, "errorDetails": "<ErrorMessage code=0000 [Server error] message=\"java.util.ConcurrentModificationException\">\n-------------------- >> begin captured logging << --------------------\ndtest: DEBUG: Using jna.jar in CASSANDRA_DIR/lib..\ndtest: DEBUG: cluster ccm directory: /mnt/tmp/dtest-ueiUwF\ncassandra.cluster: WARNING: Host 127.0.0.2 has been marked down\ncassandra.cluster: WARNING: Failed to create connection pool for new host 127.0.0.2:\nTraceback (most recent call last):\n  File \"cassandra/cluster.py\", line 1852, in cassandra.cluster.Session.add_or_renew_pool.run_add_or_renew_pool (cassandra/cluster.c:31556)\n    new_pool = HostConnection(host, distance, self)\n  File \"cassandra/pool.py\", line 295, in cassandra.pool.HostConnection.__init__ (cassandra/pool.c:6160)\n    self._connection = session.cluster.connection_factory(host.address)\n  File \"cassandra/cluster.py\", line 786, in cassandra.cluster.Cluster.connection_factory (cassandra/cluster.c:9141)\n    return self.connection_class.factory(address, self.connect_timeout, *args, **kwargs)\n  File \"cassandra/connection.py\", line 306, in cassandra.connection.Connection.factory (cassandra/connection.c:5134)\n    conn = cls(host, *args, **kwargs)\n  File \"/home/automaton/python-driver/cassandra/io/libevreactor.py\", line 264, in __init__\n    self._connect_socket()\n  File \"cassandra/connection.py\", line 340, in cassandra.connection.Connection._connect_socket (cassandra/connection.c:6266)\n    raise socket.error(sockerr.errno, \"Tried connecting to %s. Last error: %s\" % ([a[4] for a in addresses], sockerr.strerror or sockerr))\nerror: [Errno 111] Tried connecting to [('127.0.0.2', 9042)]. Last error: Connection refused\ncassandra.pool: WARNING: Error attempting to reconnect to 127.0.0.2, scheduling retry in 2.0 seconds: [Errno 111] Tried connecting to [('127.0.0.2', 9042)]. Last error: Connection refused\ncassandra.pool: WARNING: Error attempting to reconnect to 127.0.0.2, scheduling retry in 4.0 seconds: [Errno 111] Tried connecting to [('127.0.0.2', 9042)]. Last error: Connection refused\ncassandra.pool: WARNING: Error attempting to reconnect to 127.0.0.2, scheduling retry in 8.0 seconds: [Errno 111] Tried connecting to [('127.0.0.2', 9042)]. Last error: Connection refused\ncassandra.pool: WARNING: Error attempting to reconnect to 127.0.0.2, scheduling retry in 16.0 seconds: [Errno 111] Tried connecting to [('127.0.0.2', 9042)]. Last error: Connection refused\ncassandra.pool: WARNING: Error attempting to reconnect to 127.0.0.2, scheduling retry in 32.0 seconds: [Errno 111] Tried connecting to [('127.0.0.2', 9042)]. Last error: Connection refused\ncassandra.cluster: WARNING: Node 127.0.0.1 is reporting a schema disagreement: {UUID('9bbdbcae-b583-3a94-be30-0e17e1de1d5c'): ['127.0.0.1'], UUID('f63b6bb1-a9c6-3f73-9b27-638fe894927d'): ['127.0.0.3']}\n--------------------- >> end captured logging << ---------------------", "skippedMessage": null}, {"skipped": true, "errorStackTrace": null, "duration": 0.054, "name": "create_lots_of_mv_concurrently_test", "age": 4, "failedSince": 325, "status": "SKIPPED", "testActions": [], "stdout": null, "className": "concurrent_schema_changes_test.TestConcurrentSchemaChanges", "stderr": null, "errorDetails": null, "skippedMessage": "2.2.3 < 3.0"}, {"skipped": false, "errorStackTrace": null, "duration": 185.886, "name": "resumable_bootstrap_test", "age": 0, "failedSince": 0, "status": "PASSED", "testActions": [], "stdout": null, "className": "bootstrap_test.TestBootstrap", "stderr": null, "errorDetails": null, "skippedMessage": null}, {"skipped": false, "errorStackTrace": null, "duration": 131.36, "name": "simple_sequential_repair_test", "age": 0, "failedSince": 0, "status": "PASSED", "testActions": [], "stdout": null, "className": "repair_test.TestRepair", "stderr": null, "errorDetails": null, "skippedMessage": null}, {"skipped": false, "errorStackTrace": null, "duration": 86.479, "name": "consistent_reads_after_bootstrap_test", "age": 0, "failedSince": 0, "status": "PASSED", "testActions": [], "stdout": null, "className": "consistent_bootstrap_test.TestBootstrapConsistency", "stderr": null, "errorDetails": null, "skippedMessage": null}, {"skipped": false, "errorStackTrace": null, "duration": 79.283, "name": "sstableloader_compression_none_to_deflate_test", "age": 0, "failedSince": 0, "status": "PASSED", "testActions": [], "stdout": null, "className": "sstable_generation_loading_test.TestSSTableGenerationAndLoading", "stderr": null, "errorDetails": null, "skippedMessage": null}, {"skipped": false, "errorStackTrace": null, "duration": 80.379, "name": "sstableloader_compression_none_to_none_test", "age": 0, "failedSince": 0, "status": "PASSED", "testActions": [], "stdout": null, "className": "sstable_generation_loading_test.TestSSTableGenerationAndLoading", "stderr": null, "errorDetails": null, "skippedMessage": null}, {"skipped": false, "errorStackTrace": null, "duration": 64.625, "name": "test_mutation_one", "age": 0, "failedSince": 0, "status": "PASSED", "testActions": [], "stdout": null, "className": "write_failures_test.TestWriteFailures", "stderr": null, "errorDetails": null, "skippedMessage": null}, {"skipped": false, "errorStackTrace": null, "duration": 62.184, "name": "dtcs_deletion_test", "age": 0, "failedSince": 0, "status": "FIXED", "testActions": [], "stdout": null, "className": "compaction_test.TestCompaction_with_DateTieredCompactionStrategy", "stderr": null, "errorDetails": null, "skippedMessage": null}, {"skipped": false, "errorStackTrace": null, "duration": 23.275, "name": "disable_autocompaction_alter_test", "age": 0, "failedSince": 0, "status": "PASSED", "testActions": [], "stdout": null, "className": "compaction_test.TestCompaction_with_SizeTieredCompactionStrategy", "stderr": null, "errorDetails": null, "skippedMessage": null}, {"skipped": false, "errorStackTrace": null, "duration": 12.215, "name": "compaction_delete_test", "age": 0, "failedSince": 0, "status": "PASSED", "testActions": [], "stdout": "running\n['/mnt/tmp/dtest-g97F3D/test/node1/data/ks/cf-4a55c1d0719811e5868cb3a8a6218d52/la-3-big-Data.db']\n-- la-3-big-Data.db -----\n\n", "className": "compaction_test.TestCompaction_with_LeveledCompactionStrategy", "stderr": null, "errorDetails": null, "skippedMessage": null}, {"skipped": false, "errorStackTrace": null, "duration": 51.195, "name": "ttl_is_respected_on_delayed_replication_test", "age": 0, "failedSince": 0, "status": "PASSED", "testActions": [], "stdout": null, "className": "ttl_test.TestDistributedTTL", "stderr": null, "errorDetails": null, "skippedMessage": null}, {"skipped": false, "errorStackTrace": null, "duration": 10.184, "name": "remove_column_ttl_test", "age": 0, "failedSince": 0, "status": "PASSED", "testActions": [], "stdout": null, "className": "ttl_test.TestTTL", "stderr": null, "errorDetails": null, "skippedMessage": null}, {"skipped": false, "errorStackTrace": null, "duration": 44.216, "name": "test_6285", "age": 0, "failedSince": 0, "status": "PASSED", "testActions": [], "stdout": null, "className": "thrift_hsha_test.ThriftHSHATest", "stderr": null, "errorDetails": null, "skippedMessage": null}, {"skipped": false, "errorStackTrace": null, "duration": 39.765, "name": "putget_2dc_rf2_test", "age": 0, "failedSince": 0, "status": "PASSED", "testActions": [], "stdout": null, "className": "multidc_putget_test.TestMultiDCPutGet", "stderr": null, "errorDetails": null, "skippedMessage": null}, {"skipped": false, "errorStackTrace": null, "duration": 30.393, "name": "test_ttl_deletions", "age": 0, "failedSince": 0, "status": "PASSED", "testActions": [], "stdout": null, "className": "paging_test.TestPagingWithDeletions", "stderr": null, "errorDetails": null, "skippedMessage": null}, {"skipped": false, "errorStackTrace": null, "duration": 24.564, "name": "test_multiple_partition_deletions", "age": 0, "failedSince": 0, "status": "FIXED", "testActions": [], "stdout": null, "className": "paging_test.TestPagingWithDeletions", "stderr": null, "errorDetails": null, "skippedMessage": null}, {"skipped": false, "errorStackTrace": null, "duration": 30.828, "name": "logged_batch_throws_uae_test", "age": 0, "failedSince": 0, "status": "PASSED", "testActions": [], "stdout": null, "className": "batch_test.TestBatch", "stderr": null, "errorDetails": null, "skippedMessage": null}, {"skipped": false, "errorStackTrace": null, "duration": 6.865, "name": "unlogged_batch_accepts_regular_mutations_test", "age": 0, "failedSince": 0, "status": "PASSED", "testActions": [], "stdout": null, "className": "batch_test.TestBatch", "stderr": null, "errorDetails": null, "skippedMessage": null}, {"skipped": false, "errorStackTrace": null, "duration": 6.959, "name": "counter_batch_rejects_regular_mutations_test", "age": 0, "failedSince": 0, "status": "PASSED", "testActions": [], "stdout": null, "className": "batch_test.TestBatch", "stderr": null, "errorDetails": null, "skippedMessage": null}, {"skipped": true, "errorStackTrace": null, "duration": 0.106, "name": "unlogged_batch_gcgs_below_threshold_should_not_print_warning_test", "age": 4, "failedSince": 325, "status": "SKIPPED", "testActions": [], "stdout": null, "className": "batch_test.TestBatch", "stderr": null, "errorDetails": null, "skippedMessage": "2.2.3 < 3.0"}, {"skipped": true, "errorStackTrace": null, "duration": 0.053, "name": "logged_batch_compatibility_2_test", "age": 4, "failedSince": 325, "status": "SKIPPED", "testActions": [], "stdout": null, "className": "batch_test.TestBatch", "stderr": null, "errorDetails": null, "skippedMessage": "2.2.3 < 3.0"}, {"skipped": true, "errorStackTrace": null, "duration": 0.052, "name": "logged_batch_compatibility_5_test", "age": 4, "failedSince": 325, "status": "SKIPPED", "testActions": [], "stdout": null, "className": "batch_test.TestBatch", "stderr": null, "errorDetails": null, "skippedMessage": "2.2.3 < 3.0"}, {"skipped": false, "errorStackTrace": null, "duration": 25.423, "name": "replace_nonexistent_node_test", "age": 0, "failedSince": 0, "status": "PASSED", "testActions": [], "stdout": null, "className": "replace_address_test.TestReplaceAddress", "stderr": null, "errorDetails": null, "skippedMessage": null}, {"skipped": false, "errorStackTrace": null, "duration": 19.817, "name": "force_repair_range_async_1_test", "age": 0, "failedSince": 0, "status": "PASSED", "testActions": [], "stdout": null, "className": "deprecated_repair_test.TestDeprecatedRepairAPI", "stderr": null, "errorDetails": null, "skippedMessage": null}, {"skipped": false, "errorStackTrace": null, "duration": 18.947, "name": "test_standalone_scrub", "age": 0, "failedSince": 0, "status": "PASSED", "testActions": [], "stdout": null, "className": "scrub_test.TestScrub", "stderr": null, "errorDetails": null, "skippedMessage": null}, {"skipped": false, "errorStackTrace": null, "duration": 16.989, "name": "create_cf_auth_test", "age": 0, "failedSince": 0, "status": "PASSED", "testActions": [], "stdout": null, "className": "auth_test.TestAuth", "stderr": null, "errorDetails": null, "skippedMessage": null}, {"skipped": false, "errorStackTrace": null, "duration": 16.313, "name": "user_test", "age": 0, "failedSince": 0, "status": "PASSED", "testActions": [], "stdout": null, "className": "cql_tests.StorageProxyCQLTester", "stderr": null, "errorDetails": null, "skippedMessage": null}, {"skipped": false, "errorStackTrace": null, "duration": 8.493, "name": "test_count_around_page_size", "age": 0, "failedSince": 0, "status": "PASSED", "testActions": [], "stdout": null, "className": "thrift_tests.TestMutations", "stderr": null, "errorDetails": null, "skippedMessage": null}, {"skipped": false, "errorStackTrace": null, "duration": 8.025, "name": "test_dynamic_indexes_creation_deletion", "age": 0, "failedSince": 0, "status": "PASSED", "testActions": [], "stdout": null, "className": "thrift_tests.TestMutations", "stderr": null, "errorDetails": null, "skippedMessage": null}, {"skipped": false, "errorStackTrace": null, "duration": 6.713, "name": "test_range_partial", "age": 0, "failedSince": 0, "status": "PASSED", "testActions": [], "stdout": null, "className": "thrift_tests.TestMutations", "stderr": null, "errorDetails": null, "skippedMessage": null}, {"skipped": false, "errorStackTrace": null, "duration": 6.795, "name": "test_get_slice_by_names", "age": 0, "failedSince": 0, "status": "PASSED", "testActions": [], "stdout": null, "className": "thrift_tests.TestMutations", "stderr": null, "errorDetails": null, "skippedMessage": null}, {"skipped": false, "errorStackTrace": null, "duration": 6.816, "name": "test_count_paging", "age": 0, "failedSince": 0, "status": "PASSED", "testActions": [], "stdout": null, "className": "thrift_tests.TestMutations", "stderr": null, "errorDetails": null, "skippedMessage": null}, {"skipped": false, "errorStackTrace": null, "duration": 6.671, "name": "test_column_not_found_quorum", "age": 0, "failedSince": 0, "status": "PASSED", "testActions": [], "stdout": null, "className": "thrift_tests.TestMutations", "stderr": null, "errorDetails": null, "skippedMessage": null}, {"skipped": false, "errorStackTrace": null, "duration": 6.514, "name": "test_get_range_slice_after_deletion", "age": 0, "failedSince": 0, "status": "PASSED", "testActions": [], "stdout": null, "className": "thrift_tests.TestMutations", "stderr": null, "errorDetails": null, "skippedMessage": null}, {"skipped": false, "errorStackTrace": null, "duration": 6.457, "name": "test_describe_ring_on_invalid_keyspace", "age": 0, "failedSince": 0, "status": "PASSED", "testActions": [], "stdout": null, "className": "thrift_tests.TestMutations", "stderr": null, "errorDetails": null, "skippedMessage": null}, {"skipped": false, "errorStackTrace": null, "duration": 7.055, "name": "test_drop_index", "age": 0, "failedSince": 0, "status": "PASSED", "testActions": [], "stdout": "(EE)  ", "className": "cqlsh_tests.cqlsh_tests.CqlshSmokeTest", "stderr": null, "errorDetails": null, "skippedMessage": null}, {"skipped": false, "errorStackTrace": null, "duration": 7.048, "name": "test_drop_table", "age": 0, "failedSince": 0, "status": "PASSED", "testActions": [], "stdout": "(EE)  ", "className": "cqlsh_tests.cqlsh_tests.CqlshSmokeTest", "stderr": null, "errorDetails": null, "skippedMessage": null}, {"skipped": false, "errorStackTrace": null, "duration": 7.296, "name": "test_datetime_values", "age": 0, "failedSince": 0, "status": "PASSED", "testActions": [], "stdout": null, "className": "cqlsh_tests.cqlsh_tests.TestCqlsh", "stderr": null, "errorDetails": null, "skippedMessage": null}, {"skipped": true, "errorStackTrace": null, "duration": 0.053, "name": "test_materialized_view", "age": 4, "failedSince": 325, "status": "SKIPPED", "testActions": [], "stdout": null, "className": "cqlsh_tests.cqlsh_tests.TestCqlsh", "stderr": null, "errorDetails": null, "skippedMessage": "2.2.3 < 3.0"}, {"skipped": false, "errorStackTrace": null, "duration": 6.77, "name": "test_null_as_null_indicator", "age": 0, "failedSince": 0, "status": "PASSED", "testActions": [], "stdout": "(EE)  ", "className": "cqlsh_tests.cqlsh_copy_tests.CqlshCopyTest", "stderr": null, "errorDetails": null, "skippedMessage": null}, {"skipped": false, "errorStackTrace": null, "duration": 6.167, "name": "nondefault_table_settings_test", "age": 0, "failedSince": 0, "status": "PASSED", "testActions": [], "stdout": null, "className": "schema_metadata_test.TestSchemaMetadata", "stderr": null, "errorDetails": null, "skippedMessage": null}, {"skipped": true, "errorStackTrace": null, "duration": 0.052, "name": "compaction_test", "age": 11, "failedSince": 318, "status": "SKIPPED", "testActions": [], "stdout": null, "className": "sstableutil_test.SSTableUtilTest", "stderr": null, "errorDetails": null, "skippedMessage": "2.2.3 < 3.0"}, {"skipped": true, "errorStackTrace": null, "duration": 0.051, "name": "composite_row_key_test", "age": 4, "failedSince": 325, "status": "SKIPPED", "testActions": [], "stdout": null, "className": "deprecated_cql_tests.TestCQL", "stderr": null, "errorDetails": null, "skippedMessage": "2.2.3 > 2.0.x"}, {"skipped": true, "errorStackTrace": null, "duration": 0.099, "name": "more_order_by_test", "age": 4, "failedSince": 325, "status": "SKIPPED", "testActions": [], "stdout": null, "className": "deprecated_cql_tests.TestCQL", "stderr": null, "errorDetails": null, "skippedMessage": "2.2.3 > 2.0.x"}, {"skipped": true, "errorStackTrace": null, "duration": 0.099, "name": "invalid_string_literals_test", "age": 4, "failedSince": 325, "status": "SKIPPED", "testActions": [], "stdout": null, "className": "deprecated_cql_tests.TestCQL", "stderr": null, "errorDetails": null, "skippedMessage": "2.2.3 > 2.0.x"}, {"skipped": true, "errorStackTrace": null, "duration": 0.098, "name": "invalid_old_property_test", "age": 4, "failedSince": 325, "status": "SKIPPED", "testActions": [], "stdout": null, "className": "deprecated_cql_tests.TestCQL", "stderr": null, "errorDetails": null, "skippedMessage": "2.2.3 > 2.0.x"}, {"skipped": true, "errorStackTrace": null, "duration": 0.098, "name": "cql3_insert_thrift_test", "age": 1, "failedSince": 328, "status": "SKIPPED", "testActions": [], "stdout": null, "className": "deprecated_cql_tests.TestCQL", "stderr": null, "errorDetails": null, "skippedMessage": "2.2.3 > 2.0.x"}, {"skipped": true, "errorStackTrace": null, "duration": 0.098, "name": "multi_list_set_test", "age": 52, "failedSince": 277, "status": "SKIPPED", "testActions": [], "stdout": null, "className": "deprecated_cql_tests.TestCQL", "stderr": null, "errorDetails": null, "skippedMessage": "2.2.3 > 2.0.x"}, {"skipped": true, "errorStackTrace": null, "duration": 0.1, "name": "update_type_test", "age": 11, "failedSince": 318, "status": "SKIPPED", "testActions": [], "stdout": null, "className": "deprecated_cql_tests.TestCQL", "stderr": null, "errorDetails": null, "skippedMessage": "2.2.3 > 2.0.x"}, {"skipped": true, "errorStackTrace": null, "duration": 0.098, "name": "static_columns_with_distinct_test", "age": 63, "failedSince": 266, "status": "SKIPPED", "testActions": [], "stdout": null, "className": "deprecated_cql_tests.TestCQL", "stderr": null, "errorDetails": null, "skippedMessage": "2.2.3 > 2.0.x"}, {"skipped": true, "errorStackTrace": null, "duration": 0.098, "name": "static_columns_with_2i_test", "age": 52, "failedSince": 277, "status": "SKIPPED", "testActions": [], "stdout": null, "className": "deprecated_cql_tests.TestCQL", "stderr": null, "errorDetails": null, "skippedMessage": "2.2.3 > 2.0.x"}, {"skipped": true, "errorStackTrace": null, "duration": 0.099, "name": "ticket_5230_test", "age": 52, "failedSince": 277, "status": "SKIPPED", "testActions": [], "stdout": null, "className": "deprecated_cql_tests.TestCQL", "stderr": null, "errorDetails": null, "skippedMessage": "2.2.3 > 2.0.x"}, {"skipped": true, "errorStackTrace": null, "duration": 0.099, "name": "limit_bugs_test", "age": 4, "failedSince": 325, "status": "SKIPPED", "testActions": [], "stdout": null, "className": "deprecated_cql_tests.TestCQL", "stderr": null, "errorDetails": null, "skippedMessage": "2.2.3 > 2.0.x"}, {"skipped": true, "errorStackTrace": null, "duration": 0.1, "name": "collection_compact_test", "age": 4, "failedSince": 325, "status": "SKIPPED", "testActions": [], "stdout": null, "className": "deprecated_cql_tests.TestCQL", "stderr": null, "errorDetails": null, "skippedMessage": "2.2.3 > 2.0.x"}, {"skipped": true, "errorStackTrace": null, "duration": 0.098, "name": "in_clause_wide_rows_test", "age": 11, "failedSince": 318, "status": "SKIPPED", "testActions": [], "stdout": null, "className": "deprecated_cql_tests.TestCQL", "stderr": null, "errorDetails": null, "skippedMessage": "2.2.3 > 2.0.x"}, {"skipped": true, "errorStackTrace": null, "duration": 0.098, "name": "large_clustering_in_test", "age": 53, "failedSince": 276, "status": "SKIPPED", "testActions": [], "stdout": null, "className": "deprecated_cql_tests.TestCQL", "stderr": null, "errorDetails": null, "skippedMessage": "2.2.3 > 2.0.x"}, {"skipped": true, "errorStackTrace": null, "duration": 0.097, "name": "dense_cf_test", "age": 4, "failedSince": 325, "status": "SKIPPED", "testActions": [], "stdout": null, "className": "deprecated_cql_tests.TestCQL", "stderr": null, "errorDetails": null, "skippedMessage": "2.2.3 > 2.0.x"}, {"skipped": true, "errorStackTrace": null, "duration": 0.097, "name": "conditional_delete_test", "age": 11, "failedSince": 318, "status": "SKIPPED", "testActions": [], "stdout": null, "className": "deprecated_cql_tests.TestCQL", "stderr": null, "errorDetails": null, "skippedMessage": "2.2.3 > 2.0.x"}, {"skipped": true, "errorStackTrace": null, "duration": 0.098, "name": "indexed_with_eq_test", "age": 53, "failedSince": 276, "status": "SKIPPED", "testActions": [], "stdout": null, "className": "deprecated_cql_tests.TestCQL", "stderr": null, "errorDetails": null, "skippedMessage": "2.2.3 > 2.0.x"}, {"skipped": true, "errorStackTrace": null, "duration": 0.098, "name": "bug_5732_test", "age": 52, "failedSince": 277, "status": "SKIPPED", "testActions": [], "stdout": null, "className": "deprecated_cql_tests.TestCQL", "stderr": null, "errorDetails": null, "skippedMessage": "2.2.3 > 2.0.x"}, {"skipped": true, "errorStackTrace": null, "duration": 0.098, "name": "null_support_test", "age": 52, "failedSince": 277, "status": "SKIPPED", "testActions": [], "stdout": null, "className": "deprecated_cql_tests.TestCQL", "stderr": null, "errorDetails": null, "skippedMessage": "2.2.3 > 2.0.x"}, {"skipped": true, "errorStackTrace": null, "duration": 0.099, "name": "static_columns_test", "age": 54, "failedSince": 275, "status": "SKIPPED", "testActions": [], "stdout": null, "className": "deprecated_cql_tests.TestCQL", "stderr": null, "errorDetails": null, "skippedMessage": "2.2.3 > 2.0.x"}, {"skipped": true, "errorStackTrace": null, "duration": 0.099, "name": "collection_and_regular_test", "age": 4, "failedSince": 325, "status": "SKIPPED", "testActions": [], "stdout": null, "className": "deprecated_cql_tests.TestCQL", "stderr": null, "errorDetails": null, "skippedMessage": "2.2.3 > 2.0.x"}, {"skipped": true, "errorStackTrace": null, "duration": 0.098, "name": "sparse_cf_test", "age": 52, "failedSince": 277, "status": "SKIPPED", "testActions": [], "stdout": null, "className": "deprecated_cql_tests.TestCQL", "stderr": null, "errorDetails": null, "skippedMessage": "2.2.3 > 2.0.x"}, {"skipped": true, "errorStackTrace": null, "duration": 0.098, "name": "bug_4532_test", "age": 4, "failedSince": 325, "status": "SKIPPED", "testActions": [], "stdout": null, "className": "deprecated_cql_tests.TestCQL", "stderr": null, "errorDetails": null, "skippedMessage": "2.2.3 > 2.0.x"}, {"skipped": true, "errorStackTrace": null, "duration": 0.05, "name": "empty_blob_test", "age": 4, "failedSince": 325, "status": "SKIPPED", "testActions": [], "stdout": null, "className": "upgrade_tests.cql_tests.TestCQL", "stderr": null, "errorDetails": null, "skippedMessage": "2.2.3 < 3.0"}, {"skipped": true, "errorStackTrace": null, "duration": 0.105, "name": "range_tombstones_compaction_test", "age": 4, "failedSince": 325, "status": "SKIPPED", "testActions": [], "stdout": null, "className": "upgrade_tests.cql_tests.TestCQL", "stderr": null, "errorDetails": null, "skippedMessage": "2.2.3 < 3.0"}, {"skipped": true, "errorStackTrace": null, "duration": 0.1, "name": "bug_8558_test", "age": 4, "failedSince": 325, "status": "SKIPPED", "testActions": [], "stdout": null, "className": "upgrade_tests.cql_tests.TestCQL", "stderr": null, "errorDetails": null, "skippedMessage": "2.2.3 < 3.0"}, {"skipped": true, "errorStackTrace": null, "duration": 0.098, "name": "map_test", "age": 52, "failedSince": 277, "status": "SKIPPED", "testActions": [], "stdout": null, "className": "upgrade_tests.cql_tests.TestCQL", "stderr": null, "errorDetails": null, "skippedMessage": "2.2.3 < 3.0"}, {"skipped": true, "errorStackTrace": null, "duration": 0.097, "name": "negative_timestamp_test", "age": 53, "failedSince": 276, "status": "SKIPPED", "testActions": [], "stdout": null, "className": "upgrade_tests.cql_tests.TestCQL", "stderr": null, "errorDetails": null, "skippedMessage": "2.2.3 < 3.0"}, {"skipped": true, "errorStackTrace": null, "duration": 0.097, "name": "limit_ranges_test", "age": 11, "failedSince": 318, "status": "SKIPPED", "testActions": [], "stdout": null, "className": "upgrade_tests.cql_tests.TestCQL", "stderr": null, "errorDetails": null, "skippedMessage": "2.2.3 < 3.0"}, {"skipped": true, "errorStackTrace": null, "duration": 0.097, "name": "user_types_test", "age": 4, "failedSince": 325, "status": "SKIPPED", "testActions": [], "stdout": null, "className": "upgrade_tests.cql_tests.TestCQL", "stderr": null, "errorDetails": null, "skippedMessage": "2.2.3 < 3.0"}, {"skipped": true, "errorStackTrace": null, "duration": 0.1, "name": "compact_metadata_test", "age": 4, "failedSince": 325, "status": "SKIPPED", "testActions": [], "stdout": null, "className": "upgrade_tests.cql_tests.TestCQL", "stderr": null, "errorDetails": null, "skippedMessage": "2.2.3 < 3.0"}, {"skipped": true, "errorStackTrace": null, "duration": 0.102, "name": "order_by_with_in_test", "age": 4, "failedSince": 325, "status": "SKIPPED", "testActions": [], "stdout": null, "className": "upgrade_tests.cql_tests.TestCQL", "stderr": null, "errorDetails": null, "skippedMessage": "2.2.3 < 3.0"}, {"skipped": true, "errorStackTrace": null, "duration": 0.217, "name": "multi_in_compact_non_composite_test", "age": 4, "failedSince": 325, "status": "SKIPPED", "testActions": [], "stdout": null, "className": "upgrade_tests.cql_tests.TestCQL", "stderr": null, "errorDetails": null, "skippedMessage": "2.2.3 < 3.0"}, {"skipped": true, "errorStackTrace": null, "duration": 0.103, "name": "in_clause_wide_rows_test", "age": 11, "failedSince": 318, "status": "SKIPPED", "testActions": [], "stdout": null, "className": "upgrade_tests.cql_tests.TestCQL", "stderr": null, "errorDetails": null, "skippedMessage": "2.2.3 < 3.0"}, {"skipped": true, "errorStackTrace": null, "duration": 0.102, "name": "order_by_validation_test", "age": 52, "failedSince": 277, "status": "SKIPPED", "testActions": [], "stdout": null, "className": "upgrade_tests.cql_tests.TestCQL", "stderr": null, "errorDetails": null, "skippedMessage": "2.2.3 < 3.0"}, {"skipped": true, "errorStackTrace": null, "duration": 0.101, "name": "bug_6612_test", "age": 52, "failedSince": 277, "status": "SKIPPED", "testActions": [], "stdout": null, "className": "upgrade_tests.cql_tests.TestCQL", "stderr": null, "errorDetails": null, "skippedMessage": "2.2.3 < 3.0"}, {"skipped": true, "errorStackTrace": null, "duration": 0.101, "name": "in_order_by_without_selecting_test", "age": 4, "failedSince": 325, "status": "SKIPPED", "testActions": [], "stdout": null, "className": "upgrade_tests.cql_tests.TestCQL", "stderr": null, "errorDetails": null, "skippedMessage": "2.2.3 < 3.0"}, {"skipped": true, "errorStackTrace": null, "duration": 0.1, "name": "refuse_in_with_indexes_test", "age": 4, "failedSince": 325, "status": "SKIPPED", "testActions": [], "stdout": null, "className": "upgrade_tests.cql_tests.TestCQL", "stderr": null, "errorDetails": null, "skippedMessage": "2.2.3 < 3.0"}, {"skipped": true, "errorStackTrace": null, "duration": 0.051, "name": "test_paging_using_secondary_indexes", "age": 1, "failedSince": 328, "status": "SKIPPED", "testActions": [], "stdout": null, "className": "upgrade_tests.paging_test.TestPagingData", "stderr": null, "errorDetails": null, "skippedMessage": "2.2.3 < 3.0"}, {"skipped": true, "errorStackTrace": null, "duration": 0.1, "name": "test_paging_across_multi_wide_rows", "age": 1, "failedSince": 328, "status": "SKIPPED", "testActions": [], "stdout": null, "className": "upgrade_tests.paging_test.TestPagingData", "stderr": null, "errorDetails": null, "skippedMessage": "2.2.3 < 3.0"}, {"skipped": true, "errorStackTrace": null, "duration": 0.052, "name": "test_with_order_by", "age": 1, "failedSince": 328, "status": "SKIPPED", "testActions": [], "stdout": null, "className": "upgrade_tests.paging_test.TestPagingWithModifiers", "stderr": null, "errorDetails": null, "skippedMessage": "2.2.3 < 3.0"}, {"skipped": true, "errorStackTrace": null, "duration": 0.052, "name": "test_query_isolation", "age": 1, "failedSince": 328, "status": "SKIPPED", "testActions": [], "stdout": null, "className": "upgrade_tests.paging_test.TestPagingQueryIsolation", "stderr": null, "errorDetails": null, "skippedMessage": "2.2.3 < 3.0"}, {"skipped": true, "errorStackTrace": null, "duration": 0.052, "name": "test_row_TTL_expiry_during_paging", "age": 1, "failedSince": 328, "status": "SKIPPED", "testActions": [], "stdout": null, "className": "upgrade_tests.paging_test.TestPagingDatasetChanges", "stderr": null, "errorDetails": null, "skippedMessage": "2.2.3 < 3.0"}, {"skipped": true, "errorStackTrace": null, "duration": 0.052, "name": "test_multiple_partition_deletions", "age": 4, "failedSince": 325, "status": "SKIPPED", "testActions": [], "stdout": null, "className": "upgrade_tests.paging_test.TestPagingWithDeletions", "stderr": null, "errorDetails": null, "skippedMessage": "2.2.3 < 3.0"}, {"skipped": true, "errorStackTrace": null, "duration": 0.052, "name": "consistent_reads_after_write_test", "age": 4, "failedSince": 325, "status": "SKIPPED", "testActions": [], "stdout": null, "className": "materialized_views_test.TestMaterializedViewsConsistency", "stderr": null, "errorDetails": null, "skippedMessage": "2.2.3 < 3.0"}, {"skipped": true, "errorStackTrace": null, "duration": 0.052, "name": "base_replica_repair_test", "age": 4, "failedSince": 325, "status": "SKIPPED", "testActions": [], "stdout": null, "className": "materialized_views_test.TestMaterializedViews", "stderr": null, "errorDetails": null, "skippedMessage": "2.2.3 < 3.0"}, {"skipped": true, "errorStackTrace": null, "duration": 0.052, "name": "uniform_ratio_test", "age": 4, "failedSince": 325, "status": "SKIPPED", "testActions": [], "stdout": null, "className": "stress_tool_test.TestStressSparsenessRatio", "stderr": null, "errorDetails": null, "skippedMessage": "2.2.3 < 3.0"}, {"skipped": true, "errorStackTrace": null, "duration": 0.052, "name": "hintedhandoff_dc_reenabled_test", "age": 4, "failedSince": 325, "status": "SKIPPED", "testActions": [], "stdout": null, "className": "hintedhandoff_test.TestHintedHandoffConfig", "stderr": null, "errorDetails": null, "skippedMessage": "2.2.3 < 3.0"}, {"skipped": true, "errorStackTrace": null, "duration": 0.051, "name": "metadata_reset_while_compact_test", "age": 4, "failedSince": 325, "status": "SKIPPED", "testActions": [], "stdout": null, "className": "metadata_tests.TestMetadata", "stderr": null, "errorDetails": null, "skippedMessage": "2.2.3 > 2.0"}, {"skipped": true, "errorStackTrace": null, "duration": 0.051, "name": "disable_compression_cql_test", "age": 4, "failedSince": 325, "status": "SKIPPED", "testActions": [], "stdout": null, "className": "compression_test.TestCompression", "stderr": null, "errorDetails": null, "skippedMessage": "2.2.3 < 3.0"}, {"skipped": true, "errorStackTrace": null, "duration": 0.051, "name": "test_multiple_indexes_on_single_map_column", "age": 4, "failedSince": 325, "status": "SKIPPED", "testActions": [], "stdout": null, "className": "secondary_indexes_test.TestSecondaryIndexesOnCollections", "stderr": null, "errorDetails": null, "skippedMessage": "2.2.3 < 3.0"}, {"skipped": false, "errorStackTrace": null, "duration": 248.494, "name": "functional_test", "age": 0, "failedSince": 0, "status": "PASSED", "testActions": [], "stdout": null, "className": "global_row_key_cache_test.TestGlobalRowKeyCache", "stderr": null, "errorDetails": null, "skippedMessage": null}, {"skipped": false, "errorStackTrace": null, "duration": 304.175, "name": "upgrade_to_22_test", "age": 0, "failedSince": 0, "status": "PASSED", "testActions": [], "stdout": "http://git-wip-us.apache.org/repos/asf/cassandra.git git:cassandra-2.1\nhttp://git-wip-us.apache.org/repos/asf/cassandra.git git:cassandra-2.2\nFetching Cassandra updates...\nCloning Cassandra (from local cache)\nChecking out requested branch (cassandra-2.2)\nCompiling Cassandra cassandra-2.2 ...\nhttp://git-wip-us.apache.org/repos/asf/cassandra.git git:cassandra-2.2\nFetching Cassandra updates...\nhttp://git-wip-us.apache.org/repos/asf/cassandra.git git:cassandra-2.2\nFetching Cassandra updates...\n", "className": "upgrade_internal_auth_test.TestAuthUpgrade", "stderr": null, "errorDetails": null, "skippedMessage": null}, {"skipped": false, "errorStackTrace": null, "duration": 116.272, "name": "create_lots_of_tables_concurrently_test", "age": 0, "failedSince": 0, "status": "PASSED", "testActions": [], "stdout": null, "className": "concurrent_schema_changes_test.TestConcurrentSchemaChanges", "stderr": null, "errorDetails": null, "skippedMessage": null}, {"skipped": false, "errorStackTrace": null, "duration": 72.945, "name": "changes_to_different_nodes_test", "age": 0, "failedSince": 0, "status": "PASSED", "testActions": [], "stdout": null, "className": "concurrent_schema_changes_test.TestConcurrentSchemaChanges", "stderr": null, "errorDetails": null, "skippedMessage": null}, {"skipped": false, "errorStackTrace": null, "duration": 34.296, "name": "basic_test", "age": 0, "failedSince": 0, "status": "PASSED", "testActions": [], "stdout": null, "className": "concurrent_schema_changes_test.TestConcurrentSchemaChanges", "stderr": null, "errorDetails": null, "skippedMessage": null}, {"skipped": false, "errorStackTrace": null, "duration": 90.643, "name": "test_archive_commitlog_with_active_commitlog", "age": 0, "failedSince": 0, "status": "PASSED", "testActions": [], "stdout": null, "className": "snapshot_test.TestArchiveCommitlog", "stderr": null, "errorDetails": null, "skippedMessage": null}, {"skipped": false, "errorStackTrace": null, "duration": 80.331, "name": "sstableloader_compression_snappy_to_snappy_test", "age": 0, "failedSince": 0, "status": "PASSED", "testActions": [], "stdout": null, "className": "sstable_generation_loading_test.TestSSTableGenerationAndLoading", "stderr": null, "errorDetails": null, "skippedMessage": null}, {"skipped": false, "errorStackTrace": null, "duration": 62.781, "name": "test_list_indexes", "age": 0, "failedSince": 0, "status": "PASSED", "testActions": [], "stdout": null, "className": "secondary_indexes_test.TestSecondaryIndexesOnCollections", "stderr": null, "errorDetails": null, "skippedMessage": null}, {"skipped": false, "errorStackTrace": null, "duration": 25.983, "name": "test_tuple_indexes", "age": 0, "failedSince": 0, "status": "PASSED", "testActions": [], "stdout": null, "className": "secondary_indexes_test.TestSecondaryIndexesOnCollections", "stderr": null, "errorDetails": null, "skippedMessage": null}, {"skipped": false, "errorStackTrace": null, "duration": 61.618, "name": "repair_table_test", "age": 0, "failedSince": 0, "status": "PASSED", "testActions": [], "stdout": null, "className": "repair_test.TestRepairDataSystemTable", "stderr": null, "errorDetails": null, "skippedMessage": null}, {"skipped": false, "errorStackTrace": null, "duration": 55.088, "name": "test_mutation_v2", "age": 0, "failedSince": 0, "status": "PASSED", "testActions": [], "stdout": null, "className": "write_failures_test.TestWriteFailures", "stderr": null, "errorDetails": null, "skippedMessage": null}, {"skipped": false, "errorStackTrace": null, "duration": 42.864, "name": "acknowledged_by_batchlog_set_when_batchlog_write_succeeds_test", "age": 0, "failedSince": 0, "status": "PASSED", "testActions": [], "stdout": null, "className": "batch_test.TestBatch", "stderr": null, "errorDetails": null, "skippedMessage": null}, {"skipped": true, "errorStackTrace": null, "duration": 0.054, "name": "logged_batch_compatibility_3_test", "age": 11, "failedSince": 318, "status": "SKIPPED", "testActions": [], "stdout": null, "className": "batch_test.TestBatch", "stderr": null, "errorDetails": null, "skippedMessage": "2.2.3 < 3.0"}, {"skipped": false, "errorStackTrace": null, "duration": 33.472, "name": "disable_autocompaction_schema_test", "age": 0, "failedSince": 0, "status": "PASSED", "testActions": [], "stdout": null, "className": "compaction_test.TestCompaction_with_DateTieredCompactionStrategy", "stderr": null, "errorDetails": null, "skippedMessage": null}, {"skipped": false, "errorStackTrace": null, "duration": 17.801, "name": "large_compaction_warning_test", "age": 0, "failedSince": 0, "status": "PASSED", "testActions": [], "stdout": null, "className": "compaction_test.TestCompaction_with_DateTieredCompactionStrategy", "stderr": null, "errorDetails": null, "skippedMessage": null}, {"skipped": false, "errorStackTrace": null, "duration": 26.697, "name": "test_incr_decr_super_remove", "age": 0, "failedSince": 0, "status": "PASSED", "testActions": [], "stdout": null, "className": "thrift_tests.TestMutations", "stderr": null, "errorDetails": null, "skippedMessage": null}, {"skipped": false, "errorStackTrace": null, "duration": 26.555, "name": "test_incr_decr_standard_remove", "age": 0, "failedSince": 0, "status": "PASSED", "testActions": [], "stdout": null, "className": "thrift_tests.TestMutations", "stderr": null, "errorDetails": null, "skippedMessage": null}, {"skipped": false, "errorStackTrace": null, "duration": 6.702, "name": "test_incr_decr_standard_slice", "age": 0, "failedSince": 0, "status": "PASSED", "testActions": [], "stdout": null, "className": "thrift_tests.TestMutations", "stderr": null, "errorDetails": null, "skippedMessage": null}, {"skipped": false, "errorStackTrace": null, "duration": 7.039, "name": "test_system_super_column_family_operations", "age": 0, "failedSince": 0, "status": "PASSED", "testActions": [], "stdout": null, "className": "thrift_tests.TestMutations", "stderr": null, "errorDetails": null, "skippedMessage": null}, {"skipped": false, "errorStackTrace": null, "duration": 6.733, "name": "test_super_get", "age": 0, "failedSince": 0, "status": "PASSED", "testActions": [], "stdout": null, "className": "thrift_tests.TestMutations", "stderr": null, "errorDetails": null, "skippedMessage": null}, {"skipped": false, "errorStackTrace": null, "duration": 6.989, "name": "test_incr_decr_standard_add", "age": 0, "failedSince": 0, "status": "PASSED", "testActions": [], "stdout": null, "className": "thrift_tests.TestMutations", "stderr": null, "errorDetails": null, "skippedMessage": null}, {"skipped": false, "errorStackTrace": null, "duration": 6.658, "name": "test_bad_batch_calls", "age": 0, "failedSince": 0, "status": "PASSED", "testActions": [], "stdout": null, "className": "thrift_tests.TestMutations", "stderr": null, "errorDetails": null, "skippedMessage": null}, {"skipped": false, "errorStackTrace": null, "duration": 6.6, "name": "test_integer_remove", "age": 0, "failedSince": 0, "status": "PASSED", "testActions": [], "stdout": null, "className": "thrift_tests.TestMutations", "stderr": null, "errorDetails": null, "skippedMessage": null}, {"skipped": false, "errorStackTrace": null, "duration": 21.908, "name": "test_with_no_results", "age": 0, "failedSince": 0, "status": "PASSED", "testActions": [], "stdout": null, "className": "paging_test.TestPagingSize", "stderr": null, "errorDetails": null, "skippedMessage": null}, {"skipped": false, "errorStackTrace": null, "duration": 21.601, "name": "connect_to_ssl_test", "age": 0, "failedSince": 0, "status": "PASSED", "testActions": [], "stdout": null, "className": "native_transport_ssl_test.NativeTransportSSL", "stderr": null, "errorDetails": null, "skippedMessage": null}, {"skipped": false, "errorStackTrace": null, "duration": 17.573, "name": "test_login_allows_bad_pass_and_continued_use", "age": 0, "failedSince": 0, "status": "PASSED", "testActions": [], "stdout": "(EE)  <stdin>:2:('Unable to connect to any servers', {'127.0.0.1': AuthenticationFailed(u'Failed to authenticate to 127.0.0.1: code=0100 [Bad credentials] message=\"Username and/or password are incorrect\"',)})(EE)  ", "className": "cqlsh_tests.cqlsh_tests.CqlLoginTest", "stderr": null, "errorDetails": null, "skippedMessage": null}, {"skipped": false, "errorStackTrace": "  File \"/usr/lib/python2.7/unittest/case.py\", line 329, in run\n    testMethod()\n  File \"/home/automaton/cassandra-dtest/cqlsh_tests/cqlsh_copy_tests.py\", line 540, in test_quoted_column_names_reading_specify_names\n    self.quoted_column_names_reading_template(specify_column_names=True)\n  File \"/home/automaton/cassandra-dtest/cqlsh_tests/cqlsh_copy_tests.py\", line 532, in quoted_column_names_reading_template\n    self.assertCsvResultEqual(self.tempfile.name, results)\n  File \"/home/automaton/cassandra-dtest/cqlsh_tests/cqlsh_copy_tests.py\", line 167, in assertCsvResultEqual\n    raise e\n\"Element counts were not equal:\\nFirst has 1, Second has 0:  ['1', 'no']\\nFirst has 1, Second has 0:  ['2', 'Yes']\\nFirst has 1, Second has 0:  ['3', 'True']\\nFirst has 1, Second has 0:  ['4', 'false']\\n-------------------- >> begin captured logging << --------------------\\ndtest: DEBUG: cluster ccm directory: /mnt/tmp/dtest-ZbG10K\\ndtest: WARNING: Different # of entries. CSV: 4 vs results: 0\\n--------------------- >> end captured logging << ---------------------\"", "duration": 6.883, "name": "test_quoted_column_names_reading_specify_names", "age": 13, "failedSince": 316, "status": "FAILED", "testActions": [], "stdout": "(EE)  <stdin>:2:(EE)  'QueryMessage' object has no attribute 'to_binary'(EE)  <stdin>:2:Aborting import at record #3. Previously inserted records are still present, and some records after that may be present as well.(EE)  ", "className": "cqlsh_tests.cqlsh_copy_tests.CqlshCopyTest", "stderr": null, "errorDetails": "Element counts were not equal:\nFirst has 1, Second has 0:  ['1', 'no']\nFirst has 1, Second has 0:  ['2', 'Yes']\nFirst has 1, Second has 0:  ['3', 'True']\nFirst has 1, Second has 0:  ['4', 'false']\n-------------------- >> begin captured logging << --------------------\ndtest: DEBUG: cluster ccm directory: /mnt/tmp/dtest-ZbG10K\ndtest: WARNING: Different # of entries. CSV: 4 vs results: 0\n--------------------- >> end captured logging << ---------------------", "skippedMessage": null}, {"skipped": false, "errorStackTrace": null, "duration": 7.292, "name": "test_uuid", "age": 0, "failedSince": 0, "status": "PASSED", "testActions": [], "stdout": "(EE)  (EE)  ", "className": "cqlsh_tests.cqlsh_tests.CqlshSmokeTest", "stderr": null, "errorDetails": null, "skippedMessage": null}, {"skipped": false, "errorStackTrace": null, "duration": 6.806, "name": "test_tracing", "age": 0, "failedSince": 0, "status": "PASSED", "testActions": [], "stdout": null, "className": "cqlsh_tests.cqlsh_tests.TestCqlsh", "stderr": null, "errorDetails": null, "skippedMessage": null}, {"skipped": false, "errorStackTrace": null, "duration": 0.055, "name": "get_test_table_output", "age": 0, "failedSince": 0, "status": "PASSED", "testActions": [], "stdout": null, "className": "cqlsh_tests.cqlsh_tests.TestCqlsh", "stderr": null, "errorDetails": null, "skippedMessage": null}, {"skipped": false, "errorStackTrace": null, "duration": 16.138, "name": "altering_nonexistent_user_throws_exception_test", "age": 0, "failedSince": 0, "status": "PASSED", "testActions": [], "stdout": null, "className": "auth_test.TestAuth", "stderr": null, "errorDetails": null, "skippedMessage": null}, {"skipped": true, "errorStackTrace": null, "duration": 0.054, "name": "materialized_views_auth_test", "age": 4, "failedSince": 325, "status": "SKIPPED", "testActions": [], "stdout": null, "className": "auth_test.TestAuth", "stderr": null, "errorDetails": null, "skippedMessage": "2.2.3 < 3.0"}, {"skipped": false, "errorStackTrace": null, "duration": 11.487, "name": "complex_data_types_test", "age": 0, "failedSince": 0, "status": "PASSED", "testActions": [], "stdout": null, "className": "json_test.ToJsonSelectTests", "stderr": null, "errorDetails": null, "skippedMessage": null}, {"skipped": false, "errorStackTrace": null, "duration": 11.387, "name": "complex_data_types_test", "age": 0, "failedSince": 0, "status": "PASSED", "testActions": [], "stdout": null, "className": "json_test.FromJsonUpdateTests", "stderr": null, "errorDetails": null, "skippedMessage": null}, {"skipped": false, "errorStackTrace": null, "duration": 9.027, "name": "collection_update_test", "age": 0, "failedSince": 0, "status": "PASSED", "testActions": [], "stdout": null, "className": "json_test.FromJsonUpdateTests", "stderr": null, "errorDetails": null, "skippedMessage": null}, {"skipped": false, "errorStackTrace": null, "duration": 7.481, "name": "rename_test", "age": 0, "failedSince": 0, "status": "FIXED", "testActions": [], "stdout": null, "className": "cql_tests.MiscellaneousCQLTester", "stderr": null, "errorDetails": null, "skippedMessage": null}, {"skipped": false, "errorStackTrace": null, "duration": 6.53, "name": "statements_test", "age": 0, "failedSince": 0, "status": "PASSED", "testActions": [], "stdout": null, "className": "cql_tests.StorageProxyCQLTester", "stderr": null, "errorDetails": null, "skippedMessage": null}, {"skipped": false, "errorStackTrace": null, "duration": 6.547, "name": "drop_column_compact_test", "age": 0, "failedSince": 0, "status": "PASSED", "testActions": [], "stdout": null, "className": "schema_test.TestSchema", "stderr": null, "errorDetails": null, "skippedMessage": null}, {"skipped": false, "errorStackTrace": null, "duration": 6.164, "name": "static_column_test", "age": 0, "failedSince": 0, "status": "PASSED", "testActions": [], "stdout": null, "className": "schema_metadata_test.TestSchemaMetadata", "stderr": null, "errorDetails": null, "skippedMessage": null}, {"skipped": false, "errorStackTrace": null, "duration": 6.336, "name": "drop_counter_column_test", "age": 0, "failedSince": 0, "status": "PASSED", "testActions": [], "stdout": null, "className": "counter_tests.TestCounters", "stderr": null, "errorDetails": null, "skippedMessage": null}, {"skipped": false, "errorStackTrace": null, "duration": 7.304, "name": "aggregate_udf_test", "age": 0, "failedSince": 0, "status": "PASSED", "testActions": [], "stdout": null, "className": "user_functions_test.TestUserFunctions", "stderr": null, "errorDetails": null, "skippedMessage": null}, {"skipped": false, "errorStackTrace": null, "duration": 6.333, "name": "aggregate_with_udt_keyspace_isolation_test", "age": 0, "failedSince": 0, "status": "PASSED", "testActions": [], "stdout": null, "className": "user_functions_test.TestUserFunctions", "stderr": null, "errorDetails": null, "skippedMessage": null}, {"skipped": false, "errorStackTrace": null, "duration": 6.289, "name": "default_aggregate_test", "age": 0, "failedSince": 0, "status": "PASSED", "testActions": [], "stdout": null, "className": "user_functions_test.TestUserFunctions", "stderr": null, "errorDetails": null, "skippedMessage": null}, {"skipped": false, "errorStackTrace": null, "duration": 32.126, "name": "test_migration", "age": 0, "failedSince": 0, "status": "PASSED", "testActions": [], "stdout": null, "className": "user_functions_test.TestUserFunctions", "stderr": null, "errorDetails": null, "skippedMessage": null}, {"skipped": false, "errorStackTrace": null, "duration": 30.84, "name": "udf_overload_test", "age": 0, "failedSince": 0, "status": "PASSED", "testActions": [], "stdout": null, "className": "user_functions_test.TestUserFunctions", "stderr": null, "errorDetails": null, "skippedMessage": null}, {"skipped": false, "errorStackTrace": null, "duration": 6.587, "name": "udf_scripting_test", "age": 0, "failedSince": 0, "status": "PASSED", "testActions": [], "stdout": null, "className": "user_functions_test.TestUserFunctions", "stderr": null, "errorDetails": null, "skippedMessage": null}, {"skipped": false, "errorStackTrace": null, "duration": 6.233, "name": "udf_with_udt_keyspace_isolation_test", "age": 0, "failedSince": 0, "status": "PASSED", "testActions": [], "stdout": null, "className": "user_functions_test.TestUserFunctions", "stderr": null, "errorDetails": null, "skippedMessage": null}, {"skipped": false, "errorStackTrace": null, "duration": 6.849, "name": "udf_with_udt_test", "age": 0, "failedSince": 0, "status": "PASSED", "testActions": [], "stdout": null, "className": "user_functions_test.TestUserFunctions", "stderr": null, "errorDetails": null, "skippedMessage": null}, {"skipped": true, "errorStackTrace": null, "duration": 0.053, "name": "in_with_desc_order_test", "age": 56, "failedSince": 273, "status": "SKIPPED", "testActions": [], "stdout": null, "className": "upgrade_tests.cql_tests.TestCQL", "stderr": null, "errorDetails": null, "skippedMessage": "2.2.3 < 3.0"}, {"skipped": true, "errorStackTrace": null, "duration": 0.097, "name": "column_name_validation_test", "age": 4, "failedSince": 325, "status": "SKIPPED", "testActions": [], "stdout": null, "className": "upgrade_tests.cql_tests.TestCQL", "stderr": null, "errorDetails": null, "skippedMessage": "2.2.3 < 3.0"}, {"skipped": true, "errorStackTrace": null, "duration": 0.097, "name": "cas_simple_test", "age": 52, "failedSince": 277, "status": "SKIPPED", "testActions": [], "stdout": null, "className": "upgrade_tests.cql_tests.TestCQL", "stderr": null, "errorDetails": null, "skippedMessage": "2.2.3 < 3.0"}, {"skipped": true, "errorStackTrace": null, "duration": 0.098, "name": "bug_6327_test", "age": 4, "failedSince": 325, "status": "SKIPPED", "testActions": [], "stdout": null, "className": "upgrade_tests.cql_tests.TestCQL", "stderr": null, "errorDetails": null, "skippedMessage": "2.2.3 < 3.0"}, {"skipped": true, "errorStackTrace": null, "duration": 0.097, "name": "more_order_by_test", "age": 4, "failedSince": 325, "status": "SKIPPED", "testActions": [], "stdout": null, "className": "upgrade_tests.cql_tests.TestCQL", "stderr": null, "errorDetails": null, "skippedMessage": "2.2.3 < 3.0"}, {"skipped": true, "errorStackTrace": null, "duration": 0.098, "name": "nan_infinity_test", "age": 11, "failedSince": 318, "status": "SKIPPED", "testActions": [], "stdout": null, "className": "upgrade_tests.cql_tests.TestCQL", "stderr": null, "errorDetails": null, "skippedMessage": "2.2.3 < 3.0"}, {"skipped": true, "errorStackTrace": null, "duration": 0.097, "name": "order_by_test", "age": 4, "failedSince": 325, "status": "SKIPPED", "testActions": [], "stdout": null, "className": "upgrade_tests.cql_tests.TestCQL", "stderr": null, "errorDetails": null, "skippedMessage": "2.2.3 < 3.0"}, {"skipped": true, "errorStackTrace": null, "duration": 0.097, "name": "empty_in_test", "age": 4, "failedSince": 325, "status": "SKIPPED", "testActions": [], "stdout": null, "className": "upgrade_tests.cql_tests.TestCQL", "stderr": null, "errorDetails": null, "skippedMessage": "2.2.3 < 3.0"}, {"skipped": true, "errorStackTrace": null, "duration": 0.098, "name": "date_test", "age": 4, "failedSince": 325, "status": "SKIPPED", "testActions": [], "stdout": null, "className": "upgrade_tests.cql_tests.TestCQL", "stderr": null, "errorDetails": null, "skippedMessage": "2.2.3 < 3.0"}, {"skipped": true, "errorStackTrace": null, "duration": 0.097, "name": "reversed_comparator_test", "age": 52, "failedSince": 277, "status": "SKIPPED", "testActions": [], "stdout": null, "className": "upgrade_tests.cql_tests.TestCQL", "stderr": null, "errorDetails": null, "skippedMessage": "2.2.3 < 3.0"}, {"skipped": true, "errorStackTrace": null, "duration": 0.097, "name": "blobAs_functions_test", "age": 52, "failedSince": 277, "status": "SKIPPED", "testActions": [], "stdout": null, "className": "upgrade_tests.cql_tests.TestCQL", "stderr": null, "errorDetails": null, "skippedMessage": "2.2.3 < 3.0"}, {"skipped": true, "errorStackTrace": null, "duration": 0.097, "name": "multi_list_set_test", "age": 52, "failedSince": 277, "status": "SKIPPED", "testActions": [], "stdout": null, "className": "upgrade_tests.cql_tests.TestCQL", "stderr": null, "errorDetails": null, "skippedMessage": "2.2.3 < 3.0"}, {"skipped": true, "errorStackTrace": null, "duration": 0.096, "name": "timeuuid_test", "age": 52, "failedSince": 277, "status": "SKIPPED", "testActions": [], "stdout": null, "className": "upgrade_tests.cql_tests.TestCQL", "stderr": null, "errorDetails": null, "skippedMessage": "2.2.3 < 3.0"}, {"skipped": true, "errorStackTrace": null, "duration": 0.097, "name": "collection_indexing_test", "age": 11, "failedSince": 318, "status": "SKIPPED", "testActions": [], "stdout": null, "className": "upgrade_tests.cql_tests.TestCQL", "stderr": null, "errorDetails": null, "skippedMessage": "2.2.3 < 3.0"}, {"skipped": true, "errorStackTrace": null, "duration": 0.096, "name": "count_test", "age": 11, "failedSince": 318, "status": "SKIPPED", "testActions": [], "stdout": null, "className": "upgrade_tests.cql_tests.TestCQL", "stderr": null, "errorDetails": null, "skippedMessage": "2.2.3 < 3.0"}, {"skipped": true, "errorStackTrace": null, "duration": 0.05, "name": "test_undefined_page_size_default", "age": 1, "failedSince": 328, "status": "SKIPPED", "testActions": [], "stdout": null, "className": "upgrade_tests.paging_test.TestPagingSize", "stderr": null, "errorDetails": null, "skippedMessage": "2.2.3 < 3.0"}, {"skipped": true, "errorStackTrace": null, "duration": 0.096, "name": "test_with_more_results_than_page_size", "age": 1, "failedSince": 328, "status": "SKIPPED", "testActions": [], "stdout": null, "className": "upgrade_tests.paging_test.TestPagingSize", "stderr": null, "errorDetails": null, "skippedMessage": "2.2.3 < 3.0"}, {"skipped": true, "errorStackTrace": null, "duration": 0.096, "name": "test_with_less_results_than_page_size", "age": 1, "failedSince": 328, "status": "SKIPPED", "testActions": [], "stdout": null, "className": "upgrade_tests.paging_test.TestPagingSize", "stderr": null, "errorDetails": null, "skippedMessage": "2.2.3 < 3.0"}, {"skipped": true, "errorStackTrace": null, "duration": 0.05, "name": "basic_paging_test", "age": 52, "failedSince": 277, "status": "SKIPPED", "testActions": [], "stdout": null, "className": "upgrade_tests.paging_test.TestPagingData", "stderr": null, "errorDetails": null, "skippedMessage": "2.2.3 < 3.0"}, {"skipped": true, "errorStackTrace": null, "duration": 0.096, "name": "basic_compound_paging_test", "age": 11, "failedSince": 318, "status": "SKIPPED", "testActions": [], "stdout": null, "className": "upgrade_tests.paging_test.TestPagingData", "stderr": null, "errorDetails": null, "skippedMessage": "2.2.3 < 3.0"}, {"skipped": true, "errorStackTrace": null, "duration": 0.05, "name": "test_with_limit", "age": 11, "failedSince": 318, "status": "SKIPPED", "testActions": [], "stdout": null, "className": "upgrade_tests.paging_test.TestPagingWithModifiers", "stderr": null, "errorDetails": null, "skippedMessage": "2.2.3 < 3.0"}, {"skipped": true, "errorStackTrace": null, "duration": 0.05, "name": "test_data_change_impacting_earlier_page", "age": 11, "failedSince": 318, "status": "SKIPPED", "testActions": [], "stdout": null, "className": "upgrade_tests.paging_test.TestPagingDatasetChanges", "stderr": null, "errorDetails": null, "skippedMessage": "2.2.3 < 3.0"}, {"skipped": true, "errorStackTrace": null, "duration": 0.097, "name": "test_data_change_impacting_later_page", "age": 1, "failedSince": 328, "status": "SKIPPED", "testActions": [], "stdout": null, "className": "upgrade_tests.paging_test.TestPagingDatasetChanges", "stderr": null, "errorDetails": null, "skippedMessage": "2.2.3 < 3.0"}, {"skipped": true, "errorStackTrace": null, "duration": 0.05, "name": "test_failure_threshold_deletions", "age": 4, "failedSince": 325, "status": "SKIPPED", "testActions": [], "stdout": null, "className": "upgrade_tests.paging_test.TestPagingWithDeletions", "stderr": null, "errorDetails": null, "skippedMessage": "2.2.3 < 3.0"}, {"skipped": true, "errorStackTrace": null, "duration": 0.05, "name": "create_test", "age": 88, "failedSince": 241, "status": "SKIPPED", "testActions": [], "stdout": null, "className": "materialized_views_test.TestMaterializedViews", "stderr": null, "errorDetails": null, "skippedMessage": "2.2.3 < 3.0"}, {"skipped": true, "errorStackTrace": null, "duration": 0.097, "name": "crc_check_chance_test", "age": 25, "failedSince": 304, "status": "SKIPPED", "testActions": [], "stdout": null, "className": "materialized_views_test.TestMaterializedViews", "stderr": null, "errorDetails": null, "skippedMessage": "2.2.3 < 3.0"}, {"skipped": true, "errorStackTrace": null, "duration": 0.097, "name": "add_node_after_mv_test", "age": 82, "failedSince": 247, "status": "SKIPPED", "testActions": [], "stdout": null, "className": "materialized_views_test.TestMaterializedViews", "stderr": null, "errorDetails": null, "skippedMessage": "2.2.3 < 3.0"}, {"skipped": true, "errorStackTrace": null, "duration": 0.097, "name": "really_complex_repair_test", "age": 82, "failedSince": 247, "status": "SKIPPED", "testActions": [], "stdout": null, "className": "materialized_views_test.TestMaterializedViews", "stderr": null, "errorDetails": null, "skippedMessage": "2.2.3 < 3.0"}, {"skipped": true, "errorStackTrace": null, "duration": 0.097, "name": "lwt_test", "age": 4, "failedSince": 325, "status": "SKIPPED", "testActions": [], "stdout": null, "className": "materialized_views_test.TestMaterializedViews", "stderr": null, "errorDetails": null, "skippedMessage": "2.2.3 < 3.0"}, {"skipped": true, "errorStackTrace": null, "duration": 0.097, "name": "immutable_test", "age": 11, "failedSince": 318, "status": "SKIPPED", "testActions": [], "stdout": null, "className": "materialized_views_test.TestMaterializedViews", "stderr": null, "errorDetails": null, "skippedMessage": "2.2.3 < 3.0"}, {"skipped": true, "errorStackTrace": null, "duration": 0.096, "name": "complex_repair_test", "age": 4, "failedSince": 325, "status": "SKIPPED", "testActions": [], "stdout": null, "className": "materialized_views_test.TestMaterializedViews", "stderr": null, "errorDetails": null, "skippedMessage": "2.2.3 < 3.0"}, {"skipped": true, "errorStackTrace": null, "duration": 0.05, "name": "bug_6050_test", "age": 52, "failedSince": 277, "status": "SKIPPED", "testActions": [], "stdout": null, "className": "deprecated_cql_tests.TestCQL", "stderr": null, "errorDetails": null, "skippedMessage": "2.2.3 > 2.0.x"}, {"skipped": true, "errorStackTrace": null, "duration": 0.097, "name": "downgrade_to_compact_bug_test", "age": 63, "failedSince": 266, "status": "SKIPPED", "testActions": [], "stdout": null, "className": "deprecated_cql_tests.TestCQL", "stderr": null, "errorDetails": null, "skippedMessage": "2.2.3 > 2.0.x"}, {"skipped": true, "errorStackTrace": null, "duration": 0.096, "name": "bug_8558_test", "age": 4, "failedSince": 325, "status": "SKIPPED", "testActions": [], "stdout": null, "className": "deprecated_cql_tests.TestCQL", "stderr": null, "errorDetails": null, "skippedMessage": "2.2.3 > 2.0.x"}, {"skipped": true, "errorStackTrace": null, "duration": 0.096, "name": "list_item_conditional_test", "age": 53, "failedSince": 276, "status": "SKIPPED", "testActions": [], "stdout": null, "className": "deprecated_cql_tests.TestCQL", "stderr": null, "errorDetails": null, "skippedMessage": "2.2.3 > 2.0.x"}, {"skipped": true, "errorStackTrace": null, "duration": 0.096, "name": "undefined_column_handling_test", "age": 27, "failedSince": 302, "status": "SKIPPED", "testActions": [], "stdout": null, "className": "deprecated_cql_tests.TestCQL", "stderr": null, "errorDetails": null, "skippedMessage": "2.2.3 > 2.0.x"}, {"skipped": true, "errorStackTrace": null, "duration": 0.097, "name": "indexes_composite_test", "age": 52, "failedSince": 277, "status": "SKIPPED", "testActions": [], "stdout": null, "className": "deprecated_cql_tests.TestCQL", "stderr": null, "errorDetails": null, "skippedMessage": "2.2.3 > 2.0.x"}, {"skipped": true, "errorStackTrace": null, "duration": 0.097, "name": "static_columns_cas_test", "age": 53, "failedSince": 276, "status": "SKIPPED", "testActions": [], "stdout": null, "className": "deprecated_cql_tests.TestCQL", "stderr": null, "errorDetails": null, "skippedMessage": "2.2.3 > 2.0.x"}, {"skipped": true, "errorStackTrace": null, "duration": 0.097, "name": "select_key_in_test", "age": 53, "failedSince": 276, "status": "SKIPPED", "testActions": [], "stdout": null, "className": "deprecated_cql_tests.TestCQL", "stderr": null, "errorDetails": null, "skippedMessage": "2.2.3 > 2.0.x"}, {"skipped": true, "errorStackTrace": null, "duration": 0.097, "name": "bug_6327_test", "age": 4, "failedSince": 325, "status": "SKIPPED", "testActions": [], "stdout": null, "className": "deprecated_cql_tests.TestCQL", "stderr": null, "errorDetails": null, "skippedMessage": "2.2.3 > 2.0.x"}, {"skipped": true, "errorStackTrace": null, "duration": 0.097, "name": "set_test", "age": 4, "failedSince": 325, "status": "SKIPPED", "testActions": [], "stdout": null, "className": "deprecated_cql_tests.TestCQL", "stderr": null, "errorDetails": null, "skippedMessage": "2.2.3 > 2.0.x"}, {"skipped": true, "errorStackTrace": null, "duration": 0.097, "name": "clustering_order_in_test", "age": 52, "failedSince": 277, "status": "SKIPPED", "testActions": [], "stdout": null, "className": "deprecated_cql_tests.TestCQL", "stderr": null, "errorDetails": null, "skippedMessage": "2.2.3 > 2.0.x"}, {"skipped": true, "errorStackTrace": null, "duration": 0.103, "name": "select_count_paging_test", "age": 4, "failedSince": 325, "status": "SKIPPED", "testActions": [], "stdout": null, "className": "deprecated_cql_tests.TestCQL", "stderr": null, "errorDetails": null, "skippedMessage": "2.2.3 > 2.0.x"}, {"skipped": true, "errorStackTrace": null, "duration": 0.103, "name": "composite_index_collections_test", "age": 52, "failedSince": 277, "status": "SKIPPED", "testActions": [], "stdout": null, "className": "deprecated_cql_tests.TestCQL", "stderr": null, "errorDetails": null, "skippedMessage": "2.2.3 > 2.0.x"}, {"skipped": true, "errorStackTrace": null, "duration": 0.1, "name": "in_with_desc_order_test", "age": 56, "failedSince": 273, "status": "SKIPPED", "testActions": [], "stdout": null, "className": "deprecated_cql_tests.TestCQL", "stderr": null, "errorDetails": null, "skippedMessage": "2.2.3 > 2.0.x"}, {"skipped": true, "errorStackTrace": null, "duration": 0.098, "name": "empty_in_test", "age": 4, "failedSince": 325, "status": "SKIPPED", "testActions": [], "stdout": null, "className": "deprecated_cql_tests.TestCQL", "stderr": null, "errorDetails": null, "skippedMessage": "2.2.3 > 2.0.x"}, {"skipped": true, "errorStackTrace": null, "duration": 0.102, "name": "multiordering_validation_test", "age": 11, "failedSince": 318, "status": "SKIPPED", "testActions": [], "stdout": null, "className": "deprecated_cql_tests.TestCQL", "stderr": null, "errorDetails": null, "skippedMessage": "2.2.3 > 2.0.x"}, {"skipped": true, "errorStackTrace": null, "duration": 0.101, "name": "static_with_limit_test", "age": 11, "failedSince": 318, "status": "SKIPPED", "testActions": [], "stdout": null, "className": "deprecated_cql_tests.TestCQL", "stderr": null, "errorDetails": null, "skippedMessage": "2.2.3 > 2.0.x"}, {"skipped": true, "errorStackTrace": null, "duration": 0.1, "name": "remove_range_slice_test", "age": 54, "failedSince": 275, "status": "SKIPPED", "testActions": [], "stdout": null, "className": "deprecated_cql_tests.TestCQL", "stderr": null, "errorDetails": null, "skippedMessage": "2.2.3 > 2.0.x"}, {"skipped": true, "errorStackTrace": null, "duration": 0.051, "name": "nodetool_test", "age": 4, "failedSince": 325, "status": "SKIPPED", "testActions": [], "stdout": null, "className": "hintedhandoff_test.TestHintedHandoffConfig", "stderr": null, "errorDetails": null, "skippedMessage": "2.2.3 < 3.0"}, {"skipped": true, "errorStackTrace": null, "duration": 0.05, "name": "contention_test_multi_iterations", "age": 4, "failedSince": 325, "status": "SKIPPED", "testActions": [], "stdout": null, "className": "paxos_tests.TestPaxos", "stderr": null, "errorDetails": null, "skippedMessage": "Hanging the build"}, {"skipped": true, "errorStackTrace": null, "duration": 0.05, "name": "test_rf_collapse_yaml_file_snitch", "age": 4, "failedSince": 325, "status": "SKIPPED", "testActions": [], "stdout": null, "className": "replication_test.SnitchConfigurationUpdateTest", "stderr": null, "errorDetails": null, "skippedMessage": "2.2.3 > 2.1.x"}, {"skipped": false, "errorStackTrace": "  File \"/usr/lib/python2.7/unittest/case.py\", line 329, in run\n    testMethod()\n  File \"/home/automaton/cassandra-dtest/concurrent_schema_changes_test.py\", line 334, in create_lots_of_schema_churn_test\n    self._verify_lots_of_schema_actions(session)\n  File \"/home/automaton/cassandra-dtest/concurrent_schema_changes_test.py\", line 318, in _verify_lots_of_schema_actions\n    self.assertTrue(0 == len(errors), \"\\n\".join(errors))\n  File \"/usr/lib/python2.7/unittest/case.py\", line 422, in assertTrue\n    raise self.failureException(msg)\n\"alter_me_18 column[s3] does not start with c and should have been dropped: [u'c1', u'c2', u'c3', u'c4', u'c5', u'c6', u'c7', u'id', u's3']\\nalter_me_18 expected c1 -> c7, id, got: [u'c1', u'c2', u'c3', u'c4', u'c5', u'c6', u'c7', u'id', u's3']\\n-------------------- >> begin captured logging << --------------------\\ndtest: DEBUG: cluster ccm directory: /mnt/tmp/dtest-vNkFtc\\ncassandra.cluster: WARNING: Node 127.0.0.3 is reporting a schema disagreement: {UUID('37bf603d-59e6-38c0-831d-781535395250'): ['127.0.0.3'], UUID('4072fb82-0a14-3570-b835-2eb91edc5e13'): ['127.0.0.1'], UUID('5980806a-069f-3e64-a5b5-7f8e63047933'): ['127.0.0.2']}\\ndtest: DEBUG: waiting for things to settle and sync\\ndtest: DEBUG: validate_schema_consistent() node1\\ndtest: DEBUG: validate_schema_consistent() node2\\ndtest: DEBUG: validate_schema_consistent() node3\\n--------------------- >> end captured logging << ---------------------\"", "duration": 262.751, "name": "create_lots_of_schema_churn_test", "age": 3, "failedSince": 326, "status": "FAILED", "testActions": [], "stdout": null, "className": "concurrent_schema_changes_test.TestConcurrentSchemaChanges", "stderr": null, "errorDetails": "alter_me_18 column[s3] does not start with c and should have been dropped: [u'c1', u'c2', u'c3', u'c4', u'c5', u'c6', u'c7', u'id', u's3']\nalter_me_18 expected c1 -> c7, id, got: [u'c1', u'c2', u'c3', u'c4', u'c5', u'c6', u'c7', u'id', u's3']\n-------------------- >> begin captured logging << --------------------\ndtest: DEBUG: cluster ccm directory: /mnt/tmp/dtest-vNkFtc\ncassandra.cluster: WARNING: Node 127.0.0.3 is reporting a schema disagreement: {UUID('37bf603d-59e6-38c0-831d-781535395250'): ['127.0.0.3'], UUID('4072fb82-0a14-3570-b835-2eb91edc5e13'): ['127.0.0.1'], UUID('5980806a-069f-3e64-a5b5-7f8e63047933'): ['127.0.0.2']}\ndtest: DEBUG: waiting for things to settle and sync\ndtest: DEBUG: validate_schema_consistent() node1\ndtest: DEBUG: validate_schema_consistent() node2\ndtest: DEBUG: validate_schema_consistent() node3\n--------------------- >> end captured logging << ---------------------", "skippedMessage": null}, {"skipped": false, "errorStackTrace": "  File \"/usr/lib/python2.7/unittest/case.py\", line 329, in run\n    testMethod()\n  File \"/home/automaton/cassandra-dtest/concurrent_schema_changes_test.py\", line 475, in decommission_node_test\n    self.validate_schema_consistent(node1)\n  File \"/home/automaton/cassandra-dtest/concurrent_schema_changes_test.py\", line 127, in validate_schema_consistent\n    assert num_schemas == 1, \"There were multiple schema versions: \" + pprint.pformat(schemas)\n\"There were multiple schema versions: '5e14e9e1-6b90-323c-9937-f2c7b9e86f21: [127.0.0.1]\\\\n\\\\n\\\\t\\\\tUNREACHABLE: [127.0.0.2]'\\n-------------------- >> begin captured logging << --------------------\\ndtest: DEBUG: cluster ccm directory: /mnt/tmp/dtest-UnQPnL\\ndtest: DEBUG: decommission_node_test()\\ndtest: DEBUG: prepare_for_changes() ns1\\ndtest: DEBUG: validate_schema_consistent() node1\\n--------------------- >> end captured logging << ---------------------\"", "duration": 152.373, "name": "decommission_node_test", "age": 4, "failedSince": 325, "status": "FAILED", "testActions": [], "stdout": null, "className": "concurrent_schema_changes_test.TestConcurrentSchemaChanges", "stderr": null, "errorDetails": "There were multiple schema versions: '5e14e9e1-6b90-323c-9937-f2c7b9e86f21: [127.0.0.1]\\n\\n\\t\\tUNREACHABLE: [127.0.0.2]'\n-------------------- >> begin captured logging << --------------------\ndtest: DEBUG: cluster ccm directory: /mnt/tmp/dtest-UnQPnL\ndtest: DEBUG: decommission_node_test()\ndtest: DEBUG: prepare_for_changes() ns1\ndtest: DEBUG: validate_schema_consistent() node1\n--------------------- >> end captured logging << ---------------------", "skippedMessage": null}, {"skipped": false, "errorStackTrace": null, "duration": 81.672, "name": "empty_vs_gcable_sequential_repair_test", "age": 0, "failedSince": 0, "status": "PASSED", "testActions": [], "stdout": null, "className": "repair_test.TestRepair", "stderr": null, "errorDetails": null, "skippedMessage": null}, {"skipped": false, "errorStackTrace": null, "duration": 84.836, "name": "readrepair_test", "age": 0, "failedSince": 0, "status": "PASSED", "testActions": [], "stdout": null, "className": "consistency_test.TestConsistency", "stderr": null, "errorDetails": null, "skippedMessage": null}, {"skipped": false, "errorStackTrace": null, "duration": 78.793, "name": "sstableloader_compression_deflate_to_snappy_test", "age": 0, "failedSince": 0, "status": "PASSED", "testActions": [], "stdout": null, "className": "sstable_generation_loading_test.TestSSTableGenerationAndLoading", "stderr": null, "errorDetails": null, "skippedMessage": null}, {"skipped": false, "errorStackTrace": null, "duration": 77.731, "name": "test_map_indexes", "age": 0, "failedSince": 0, "status": "PASSED", "testActions": [], "stdout": null, "className": "secondary_indexes_test.TestSecondaryIndexesOnCollections", "stderr": null, "errorDetails": null, "skippedMessage": null}, {"skipped": false, "errorStackTrace": null, "duration": 69.964, "name": "sstable_deletion_test", "age": 0, "failedSince": 0, "status": "PASSED", "testActions": [], "stdout": null, "className": "compaction_test.TestCompaction_with_DateTieredCompactionStrategy", "stderr": null, "errorDetails": null, "skippedMessage": null}, {"skipped": false, "errorStackTrace": null, "duration": 15.548, "name": "compaction_delete_test", "age": 0, "failedSince": 0, "status": "PASSED", "testActions": [], "stdout": "running\n['/mnt/tmp/dtest-vE0sWn/test/node1/data/ks/cf-4c18ce90719811e5a2d26b7abec0c266/la-1-big-Data.db', '/mnt/tmp/dtest-vE0sWn/test/node1/data/ks/cf-4c18ce90719811e5a2d26b7abec0c266/la-2-big-Data.db']\n-- la-1-big-Data.db -----\n\n-- la-2-big-Data.db -----\n\n", "className": "compaction_test.TestCompaction_with_DateTieredCompactionStrategy", "stderr": null, "errorDetails": null, "skippedMessage": null}, {"skipped": false, "errorStackTrace": null, "duration": 59.828, "name": "data_size_test", "age": 0, "failedSince": 0, "status": "PASSED", "testActions": [], "stdout": null, "className": "compaction_test.TestCompaction_with_LeveledCompactionStrategy", "stderr": null, "errorDetails": null, "skippedMessage": null}, {"skipped": true, "errorStackTrace": null, "duration": 0.054, "name": "dtcs_deletion_test", "age": 4, "failedSince": 325, "status": "SKIPPED", "testActions": [], "stdout": null, "className": "compaction_test.TestCompaction_with_LeveledCompactionStrategy", "stderr": null, "errorDetails": null, "skippedMessage": "Not implemented unless DateTieredCompactionStrategy is used"}, {"skipped": false, "errorStackTrace": null, "duration": 26.421, "name": "disable_autocompaction_alter_and_nodetool_test", "age": 0, "failedSince": 0, "status": "PASSED", "testActions": [], "stdout": null, "className": "compaction_test.TestCompaction_with_SizeTieredCompactionStrategy", "stderr": null, "errorDetails": null, "skippedMessage": null}, {"skipped": true, "errorStackTrace": null, "duration": 0.054, "name": "dtcs_deletion_test", "age": 4, "failedSince": 325, "status": "SKIPPED", "testActions": [], "stdout": null, "className": "compaction_test.TestCompaction_with_SizeTieredCompactionStrategy", "stderr": null, "errorDetails": null, "skippedMessage": "Not implemented unless DateTieredCompactionStrategy is used"}, {"skipped": false, "errorStackTrace": null, "duration": 54.685, "name": "test_batch", "age": 0, "failedSince": 0, "status": "PASSED", "testActions": [], "stdout": null, "className": "write_failures_test.TestWriteFailures", "stderr": null, "errorDetails": null, "skippedMessage": null}, {"skipped": false, "errorStackTrace": null, "duration": 40.021, "name": "test_cell_TTL_expiry_during_paging", "age": 0, "failedSince": 0, "status": "PASSED", "testActions": [], "stdout": null, "className": "paging_test.TestPagingDatasetChanges", "stderr": null, "errorDetails": null, "skippedMessage": null}, {"skipped": false, "errorStackTrace": null, "duration": 38.309, "name": "test_row_TTL_expiry_during_paging", "age": 0, "failedSince": 0, "status": "PASSED", "testActions": [], "stdout": null, "className": "paging_test.TestPagingDatasetChanges", "stderr": null, "errorDetails": null, "skippedMessage": null}, {"skipped": false, "errorStackTrace": null, "duration": 21.67, "name": "test_with_less_results_than_page_size", "age": 0, "failedSince": 0, "status": "PASSED", "testActions": [], "stdout": null, "className": "paging_test.TestPagingSize", "stderr": null, "errorDetails": null, "skippedMessage": null}, {"skipped": false, "errorStackTrace": null, "duration": 21.845, "name": "test_with_more_results_than_page_size", "age": 0, "failedSince": 0, "status": "PASSED", "testActions": [], "stdout": null, "className": "paging_test.TestPagingSize", "stderr": null, "errorDetails": null, "skippedMessage": null}, {"skipped": false, "errorStackTrace": null, "duration": 31.385, "name": "test_nested_user_types", "age": 0, "failedSince": 0, "status": "PASSED", "testActions": [], "stdout": null, "className": "user_types_test.TestUserTypes", "stderr": null, "errorDetails": null, "skippedMessage": null}, {"skipped": false, "errorStackTrace": null, "duration": 26.012, "name": "test_type_secondary_indexing", "age": 0, "failedSince": 0, "status": "PASSED", "testActions": [], "stdout": null, "className": "user_types_test.TestUserTypes", "stderr": null, "errorDetails": null, "skippedMessage": null}, {"skipped": false, "errorStackTrace": null, "duration": 25.543, "name": "putget_2dc_rf1_test", "age": 0, "failedSince": 0, "status": "PASSED", "testActions": [], "stdout": null, "className": "multidc_putget_test.TestMultiDCPutGet", "stderr": null, "errorDetails": null, "skippedMessage": null}, {"skipped": false, "errorStackTrace": null, "duration": 16.835, "name": "grant_revoke_auth_test", "age": 0, "failedSince": 0, "status": "PASSED", "testActions": [], "stdout": null, "className": "auth_test.TestAuth", "stderr": null, "errorDetails": null, "skippedMessage": null}, {"skipped": true, "errorStackTrace": null, "duration": 0.053, "name": "only_superusers_can_drop_users_test", "age": 88, "failedSince": 241, "status": "SKIPPED", "testActions": [], "stdout": null, "className": "auth_test.TestAuth", "stderr": null, "errorDetails": null, "skippedMessage": "2.2.3 > 2.1.x"}, {"skipped": false, "errorStackTrace": null, "duration": 17.489, "name": "test_login_authenticates_correct_user", "age": 0, "failedSince": 0, "status": "PASSED", "testActions": [], "stdout": "(EE)  <stdin>:3:Unauthorized: code=2100 [Unauthorized] message=\"Only superusers can create a role with superuser status\"(EE)  ", "className": "cqlsh_tests.cqlsh_tests.CqlLoginTest", "stderr": null, "errorDetails": null, "skippedMessage": null}, {"skipped": false, "errorStackTrace": null, "duration": 6.301, "name": "test_describe_describes_non_default_compaction_parameters", "age": 0, "failedSince": 0, "status": "PASSED", "testActions": [], "stdout": null, "className": "cqlsh_tests.cqlsh_tests.TestCqlsh", "stderr": null, "errorDetails": null, "skippedMessage": null}, {"skipped": false, "errorStackTrace": "  File \"/usr/lib/python2.7/unittest/case.py\", line 329, in run\n    testMethod()\n  File \"/home/automaton/cassandra-dtest/tools.py\", line 253, in wrapped\n    f(obj)\n  File \"/home/automaton/cassandra-dtest/cqlsh_tests/cqlsh_tests.py\", line 68, in test_pep8_compliance\n    self.assertEqual(len(stdout), 0, stdout)\n  File \"/usr/lib/python2.7/unittest/case.py\", line 513, in assertEqual\n    assertion_func(first, second, msg=msg)\n  File \"/usr/lib/python2.7/unittest/case.py\", line 506, in _baseAssertEqual\n    raise self.failureException(msg)\n\"/home/automaton/cassandra/bin/cqlsh.py:2493:1: E302 expected 2 blank lines, found 1\\n/home/automaton/cassandra/bin/cqlsh.py:2495:1: W293 blank line contains whitespace\\n/home/automaton/cassandra/bin/cqlsh.py:2506:1: W293 blank line contains whitespace\\n/home/automaton/cassandra/bin/cqlsh.py:2517:1: E302 expected 2 blank lines, found 1\\n\\n-------------------- >> begin captured logging << --------------------\\ndtest: DEBUG: cluster ccm directory: /mnt/tmp/dtest-PFouJV\\ndtest: DEBUG: ['pep8', '--ignore', 'E501,E402,E731', '/home/automaton/cassandra/bin/cqlsh.py', '/home/automaton/cassandra/pylib/cqlshlib/helptopics.py', '/home/automaton/cassandra/pylib/cqlshlib/cqlhandling.py', '/home/automaton/cassandra/pylib/cqlshlib/wcwidth.py', '/home/automaton/cassandra/pylib/cqlshlib/displaying.py', '/home/automaton/cassandra/pylib/cqlshlib/pylexotron.py', '/home/automaton/cassandra/pylib/cqlshlib/cql3handling.py', '/home/automaton/cassandra/pylib/cqlshlib/saferscanner.py', '/home/automaton/cassandra/pylib/cqlshlib/__init__.py', '/home/automaton/cassandra/pylib/cqlshlib/tracing.py', '/home/automaton/cassandra/pylib/cqlshlib/formatting.py', '/home/automaton/cassandra/pylib/cqlshlib/sslhandling.py', '/home/automaton/cassandra/pylib/cqlshlib/util.py']\\n--------------------- >> end captured logging << ---------------------\"", "duration": 0.783, "name": "test_pep8_compliance", "age": 23, "failedSince": 306, "status": "FAILED", "testActions": [], "stdout": null, "className": "cqlsh_tests.cqlsh_tests.TestCqlsh", "stderr": null, "errorDetails": "/home/automaton/cassandra/bin/cqlsh.py:2493:1: E302 expected 2 blank lines, found 1\n/home/automaton/cassandra/bin/cqlsh.py:2495:1: W293 blank line contains whitespace\n/home/automaton/cassandra/bin/cqlsh.py:2506:1: W293 blank line contains whitespace\n/home/automaton/cassandra/bin/cqlsh.py:2517:1: E302 expected 2 blank lines, found 1\n\n-------------------- >> begin captured logging << --------------------\ndtest: DEBUG: cluster ccm directory: /mnt/tmp/dtest-PFouJV\ndtest: DEBUG: ['pep8', '--ignore', 'E501,E402,E731', '/home/automaton/cassandra/bin/cqlsh.py', '/home/automaton/cassandra/pylib/cqlshlib/helptopics.py', '/home/automaton/cassandra/pylib/cqlshlib/cqlhandling.py', '/home/automaton/cassandra/pylib/cqlshlib/wcwidth.py', '/home/automaton/cassandra/pylib/cqlshlib/displaying.py', '/home/automaton/cassandra/pylib/cqlshlib/pylexotron.py', '/home/automaton/cassandra/pylib/cqlshlib/cql3handling.py', '/home/automaton/cassandra/pylib/cqlshlib/saferscanner.py', '/home/automaton/cassandra/pylib/cqlshlib/__init__.py', '/home/automaton/cassandra/pylib/cqlshlib/tracing.py', '/home/automaton/cassandra/pylib/cqlshlib/formatting.py', '/home/automaton/cassandra/pylib/cqlshlib/sslhandling.py', '/home/automaton/cassandra/pylib/cqlshlib/util.py']\n--------------------- >> end captured logging << ---------------------", "skippedMessage": null}, {"skipped": false, "errorStackTrace": null, "duration": 6.527, "name": "test_writing_use_header", "age": 0, "failedSince": 0, "status": "PASSED", "testActions": [], "stdout": "(EE)  ", "className": "cqlsh_tests.cqlsh_copy_tests.CqlshCopyTest", "stderr": null, "errorDetails": null, "skippedMessage": null}, {"skipped": false, "errorStackTrace": "  File \"/usr/lib/python2.7/unittest/case.py\", line 329, in run\n    testMethod()\n  File \"/home/automaton/cassandra-dtest/cqlsh_tests/cqlsh_copy_tests.py\", line 548, in test_quoted_column_names_reading_dont_specify_names\n    self.quoted_column_names_reading_template(specify_column_names=False)\n  File \"/home/automaton/cassandra-dtest/cqlsh_tests/cqlsh_copy_tests.py\", line 532, in quoted_column_names_reading_template\n    self.assertCsvResultEqual(self.tempfile.name, results)\n  File \"/home/automaton/cassandra-dtest/cqlsh_tests/cqlsh_copy_tests.py\", line 167, in assertCsvResultEqual\n    raise e\n\"Element counts were not equal:\\nFirst has 1, Second has 0:  ['1', 'no']\\nFirst has 1, Second has 0:  ['2', 'Yes']\\nFirst has 1, Second has 0:  ['3', 'True']\\nFirst has 1, Second has 0:  ['4', 'false']\\n-------------------- >> begin captured logging << --------------------\\ndtest: DEBUG: cluster ccm directory: /mnt/tmp/dtest-QBOyQt\\ndtest: WARNING: Different # of entries. CSV: 4 vs results: 0\\n--------------------- >> end captured logging << ---------------------\"", "duration": 6.619, "name": "test_quoted_column_names_reading_dont_specify_names", "age": 13, "failedSince": 316, "status": "FAILED", "testActions": [], "stdout": "(EE)  <stdin>:2:(EE)  'QueryMessage' object has no attribute 'to_binary'(EE)  <stdin>:2:Aborting import at record #3. Previously inserted records are still present, and some records after that may be present as well.(EE)  ", "className": "cqlsh_tests.cqlsh_copy_tests.CqlshCopyTest", "stderr": null, "errorDetails": "Element counts were not equal:\nFirst has 1, Second has 0:  ['1', 'no']\nFirst has 1, Second has 0:  ['2', 'Yes']\nFirst has 1, Second has 0:  ['3', 'True']\nFirst has 1, Second has 0:  ['4', 'false']\n-------------------- >> begin captured logging << --------------------\ndtest: DEBUG: cluster ccm directory: /mnt/tmp/dtest-QBOyQt\ndtest: WARNING: Different # of entries. CSV: 4 vs results: 0\n--------------------- >> end captured logging << ---------------------", "skippedMessage": null}, {"skipped": false, "errorStackTrace": null, "duration": 6.572, "name": "test_colons_in_string_literals", "age": 0, "failedSince": 0, "status": "PASSED", "testActions": [], "stdout": "(EE)  ", "className": "cqlsh_tests.cqlsh_tests.CqlshSmokeTest", "stderr": null, "errorDetails": null, "skippedMessage": null}, {"skipped": false, "errorStackTrace": null, "duration": 6.797, "name": "test_truncate", "age": 0, "failedSince": 0, "status": "PASSED", "testActions": [], "stdout": "(EE)  ", "className": "cqlsh_tests.cqlsh_tests.CqlshSmokeTest", "stderr": null, "errorDetails": null, "skippedMessage": null}, {"skipped": false, "errorStackTrace": null, "duration": 13.655, "name": "test_scrub_collections_table", "age": 0, "failedSince": 0, "status": "PASSED", "testActions": [], "stdout": null, "className": "scrub_test.TestScrubIndexes", "stderr": null, "errorDetails": null, "skippedMessage": null}, {"skipped": false, "errorStackTrace": null, "duration": 9.186, "name": "test_scrub_with_UDT", "age": 0, "failedSince": 0, "status": "PASSED", "testActions": [], "stdout": null, "className": "scrub_test.TestScrub", "stderr": null, "errorDetails": null, "skippedMessage": null}, {"skipped": false, "errorStackTrace": null, "duration": 7.467, "name": "test_system_cf_recreate", "age": 0, "failedSince": 0, "status": "PASSED", "testActions": [], "stdout": null, "className": "thrift_tests.TestMutations", "stderr": null, "errorDetails": null, "skippedMessage": null}, {"skipped": false, "errorStackTrace": null, "duration": 6.498, "name": "test_super_subcolumn_limit", "age": 0, "failedSince": 0, "status": "PASSED", "testActions": [], "stdout": null, "className": "thrift_tests.TestMutations", "stderr": null, "errorDetails": null, "skippedMessage": null}, {"skipped": true, "errorStackTrace": null, "duration": 6.198, "name": "test_batch_mutate_remove_slice_part_of_supercolumns", "age": 88, "failedSince": 241, "status": "SKIPPED", "testActions": [], "stdout": null, "className": "thrift_tests.TestMutations", "stderr": null, "errorDetails": null, "skippedMessage": "2.2.3 > 2.2"}, {"skipped": false, "errorStackTrace": null, "duration": 6.315, "name": "test_describe_snitch", "age": 0, "failedSince": 0, "status": "PASSED", "testActions": [], "stdout": null, "className": "thrift_tests.TestMutations", "stderr": null, "errorDetails": null, "skippedMessage": null}, {"skipped": false, "errorStackTrace": null, "duration": 7.58, "name": "default_ttl_can_be_removed_test", "age": 0, "failedSince": 0, "status": "PASSED", "testActions": [], "stdout": null, "className": "ttl_test.TestTTL", "stderr": null, "errorDetails": null, "skippedMessage": null}, {"skipped": false, "errorStackTrace": null, "duration": 49.049, "name": "begin_test", "age": 0, "failedSince": 0, "status": "PASSED", "testActions": [], "stdout": null, "className": "jmxmetrics_test.TestJMXMetrics", "stderr": null, "errorDetails": null, "skippedMessage": null}, {"skipped": false, "errorStackTrace": null, "duration": 6.037, "name": "collection_table_datatype_test", "age": 0, "failedSince": 0, "status": "PASSED", "testActions": [], "stdout": null, "className": "schema_metadata_test.TestSchemaMetadata", "stderr": null, "errorDetails": null, "skippedMessage": null}, {"skipped": false, "errorStackTrace": null, "duration": 6.331, "name": "creating_and_dropping_table_test", "age": 0, "failedSince": 0, "status": "PASSED", "testActions": [], "stdout": null, "className": "schema_metadata_test.TestSchemaMetadata", "stderr": null, "errorDetails": null, "skippedMessage": null}, {"skipped": false, "errorStackTrace": null, "duration": 6.266, "name": "keyspace_test", "age": 0, "failedSince": 0, "status": "PASSED", "testActions": [], "stdout": null, "className": "cql_tests.StorageProxyCQLTester", "stderr": null, "errorDetails": null, "skippedMessage": null}, {"skipped": false, "errorStackTrace": null, "duration": 6.105, "name": "invalid_string_literals_test", "age": 0, "failedSince": 0, "status": "FIXED", "testActions": [], "stdout": null, "className": "cql_tests.MiscellaneousCQLTester", "stderr": null, "errorDetails": null, "skippedMessage": null}, {"skipped": false, "errorStackTrace": null, "duration": 32.721, "name": "test_compression_error", "age": 0, "failedSince": 0, "status": "PASSED", "testActions": [], "stdout": null, "className": "commitlog_test.TestCommitLog", "stderr": null, "errorDetails": null, "skippedMessage": null}, {"skipped": true, "errorStackTrace": null, "duration": 0.055, "name": "non_eq_conditional_update_test", "age": 4, "failedSince": 325, "status": "SKIPPED", "testActions": [], "stdout": null, "className": "upgrade_tests.cql_tests.TestCQL", "stderr": null, "errorDetails": null, "skippedMessage": "2.2.3 < 3.0"}, {"skipped": true, "errorStackTrace": null, "duration": 0.101, "name": "null_support_test", "age": 52, "failedSince": 277, "status": "SKIPPED", "testActions": [], "stdout": null, "className": "upgrade_tests.cql_tests.TestCQL", "stderr": null, "errorDetails": null, "skippedMessage": "2.2.3 < 3.0"}, {"skipped": true, "errorStackTrace": null, "duration": 0.105, "name": "large_count_test", "age": 54, "failedSince": 275, "status": "SKIPPED", "testActions": [], "stdout": null, "className": "upgrade_tests.cql_tests.TestCQL", "stderr": null, "errorDetails": null, "skippedMessage": "2.2.3 < 3.0"}, {"skipped": true, "errorStackTrace": null, "duration": 0.101, "name": "bug_5732_test", "age": 52, "failedSince": 277, "status": "SKIPPED", "testActions": [], "stdout": null, "className": "upgrade_tests.cql_tests.TestCQL", "stderr": null, "errorDetails": null, "skippedMessage": "2.2.3 < 3.0"}, {"skipped": true, "errorStackTrace": null, "duration": 0.101, "name": "bug_5240_test", "age": 53, "failedSince": 276, "status": "SKIPPED", "testActions": [], "stdout": null, "className": "upgrade_tests.cql_tests.TestCQL", "stderr": null, "errorDetails": null, "skippedMessage": "2.2.3 < 3.0"}, {"skipped": true, "errorStackTrace": null, "duration": 0.102, "name": "simple_tuple_query_test", "age": 52, "failedSince": 277, "status": "SKIPPED", "testActions": [], "stdout": null, "className": "upgrade_tests.cql_tests.TestCQL", "stderr": null, "errorDetails": null, "skippedMessage": "2.2.3 < 3.0"}, {"skipped": true, "errorStackTrace": null, "duration": 0.1, "name": "exclusive_slice_test", "age": 52, "failedSince": 277, "status": "SKIPPED", "testActions": [], "stdout": null, "className": "upgrade_tests.cql_tests.TestCQL", "stderr": null, "errorDetails": null, "skippedMessage": "2.2.3 < 3.0"}, {"skipped": true, "errorStackTrace": null, "duration": 0.1, "name": "static_cf_test", "age": 52, "failedSince": 277, "status": "SKIPPED", "testActions": [], "stdout": null, "className": "upgrade_tests.cql_tests.TestCQL", "stderr": null, "errorDetails": null, "skippedMessage": "2.2.3 < 3.0"}, {"skipped": true, "errorStackTrace": null, "duration": 0.1, "name": "limit_multiget_test", "age": 52, "failedSince": 277, "status": "SKIPPED", "testActions": [], "stdout": null, "className": "upgrade_tests.cql_tests.TestCQL", "stderr": null, "errorDetails": null, "skippedMessage": "2.2.3 < 3.0"}, {"skipped": true, "errorStackTrace": null, "duration": 0.1, "name": "tuple_notation_test", "age": 4, "failedSince": 325, "status": "SKIPPED", "testActions": [], "stdout": null, "className": "upgrade_tests.cql_tests.TestCQL", "stderr": null, "errorDetails": null, "skippedMessage": "2.2.3 < 3.0"}, {"skipped": true, "errorStackTrace": null, "duration": 0.1, "name": "cas_and_ttl_test", "age": 4, "failedSince": 325, "status": "SKIPPED", "testActions": [], "stdout": null, "className": "upgrade_tests.cql_tests.TestCQL", "stderr": null, "errorDetails": null, "skippedMessage": "2.2.3 < 3.0"}, {"skipped": true, "errorStackTrace": null, "duration": 0.1, "name": "cas_and_compact_test", "age": 4, "failedSince": 325, "status": "SKIPPED", "testActions": [], "stdout": null, "className": "upgrade_tests.cql_tests.TestCQL", "stderr": null, "errorDetails": null, "skippedMessage": "2.2.3 < 3.0"}, {"skipped": true, "errorStackTrace": null, "duration": 0.1, "name": "token_range_test", "age": 53, "failedSince": 276, "status": "SKIPPED", "testActions": [], "stdout": null, "className": "upgrade_tests.cql_tests.TestCQL", "stderr": null, "errorDetails": null, "skippedMessage": "2.2.3 < 3.0"}, {"skipped": true, "errorStackTrace": null, "duration": 0.099, "name": "nameless_index_test", "age": 53, "failedSince": 276, "status": "SKIPPED", "testActions": [], "stdout": null, "className": "upgrade_tests.cql_tests.TestCQL", "stderr": null, "errorDetails": null, "skippedMessage": "2.2.3 < 3.0"}, {"skipped": true, "errorStackTrace": null, "duration": 0.051, "name": "static_columns_paging_test", "age": 13, "failedSince": 316, "status": "SKIPPED", "testActions": [], "stdout": null, "className": "upgrade_tests.paging_test.TestPagingData", "stderr": null, "errorDetails": null, "skippedMessage": "2.2.3 < 3.0"}, {"skipped": true, "errorStackTrace": null, "duration": 0.099, "name": "test_paging_a_single_wide_row", "age": 15, "failedSince": 314, "status": "SKIPPED", "testActions": [], "stdout": null, "className": "upgrade_tests.paging_test.TestPagingData", "stderr": null, "errorDetails": null, "skippedMessage": "2.2.3 < 3.0"}, {"skipped": true, "errorStackTrace": null, "duration": 0.052, "name": "test_with_equal_results_to_page_size", "age": 1, "failedSince": 328, "status": "SKIPPED", "testActions": [], "stdout": null, "className": "upgrade_tests.paging_test.TestPagingSize", "stderr": null, "errorDetails": null, "skippedMessage": "2.2.3 < 3.0"}, {"skipped": true, "errorStackTrace": null, "duration": 0.051, "name": "test_with_allow_filtering", "age": 13, "failedSince": 316, "status": "SKIPPED", "testActions": [], "stdout": null, "className": "upgrade_tests.paging_test.TestPagingWithModifiers", "stderr": null, "errorDetails": null, "skippedMessage": "2.2.3 < 3.0"}, {"skipped": true, "errorStackTrace": null, "duration": 0.051, "name": "static_with_empty_clustering_test", "age": 53, "failedSince": 276, "status": "SKIPPED", "testActions": [], "stdout": null, "className": "deprecated_cql_tests.TestCQL", "stderr": null, "errorDetails": null, "skippedMessage": "2.2.3 > 2.0.x"}, {"skipped": true, "errorStackTrace": null, "duration": 0.1, "name": "conversion_functions_test", "age": 52, "failedSince": 277, "status": "SKIPPED", "testActions": [], "stdout": null, "className": "deprecated_cql_tests.TestCQL", "stderr": null, "errorDetails": null, "skippedMessage": "2.2.3 > 2.0.x"}, {"skipped": true, "errorStackTrace": null, "duration": 0.1, "name": "table_options_test", "age": 53, "failedSince": 276, "status": "SKIPPED", "testActions": [], "stdout": null, "className": "deprecated_cql_tests.TestCQL", "stderr": null, "errorDetails": null, "skippedMessage": "2.2.3 > 2.0.x"}, {"skipped": true, "errorStackTrace": null, "duration": 0.099, "name": "keyspace_creation_options_test", "age": 27, "failedSince": 302, "status": "SKIPPED", "testActions": [], "stdout": null, "className": "deprecated_cql_tests.TestCQL", "stderr": null, "errorDetails": null, "skippedMessage": "2.2.3 > 2.0.x"}, {"skipped": true, "errorStackTrace": null, "duration": 0.099, "name": "invalid_clustering_indexing_test", "age": 63, "failedSince": 266, "status": "SKIPPED", "testActions": [], "stdout": null, "className": "deprecated_cql_tests.TestCQL", "stderr": null, "errorDetails": null, "skippedMessage": "2.2.3 > 2.0.x"}, {"skipped": true, "errorStackTrace": null, "duration": 0.099, "name": "clustering_order_and_functions_test", "age": 52, "failedSince": 277, "status": "SKIPPED", "testActions": [], "stdout": null, "className": "deprecated_cql_tests.TestCQL", "stderr": null, "errorDetails": null, "skippedMessage": "2.2.3 > 2.0.x"}, {"skipped": true, "errorStackTrace": null, "duration": 0.1, "name": "map_test", "age": 52, "failedSince": 277, "status": "SKIPPED", "testActions": [], "stdout": null, "className": "deprecated_cql_tests.TestCQL", "stderr": null, "errorDetails": null, "skippedMessage": "2.2.3 > 2.0.x"}, {"skipped": true, "errorStackTrace": null, "duration": 0.1, "name": "range_with_deletes_test", "age": 53, "failedSince": 276, "status": "SKIPPED", "testActions": [], "stdout": null, "className": "deprecated_cql_tests.TestCQL", "stderr": null, "errorDetails": null, "skippedMessage": "2.2.3 > 2.0.x"}, {"skipped": true, "errorStackTrace": null, "duration": 0.1, "name": "bug7105_test", "age": 11, "failedSince": 318, "status": "SKIPPED", "testActions": [], "stdout": null, "className": "deprecated_cql_tests.TestCQL", "stderr": null, "errorDetails": null, "skippedMessage": "2.2.3 > 2.0.x"}, {"skipped": true, "errorStackTrace": null, "duration": 0.1, "name": "bug_5240_test", "age": 53, "failedSince": 276, "status": "SKIPPED", "testActions": [], "stdout": null, "className": "deprecated_cql_tests.TestCQL", "stderr": null, "errorDetails": null, "skippedMessage": "2.2.3 > 2.0.x"}, {"skipped": true, "errorStackTrace": null, "duration": 0.099, "name": "deletion_test", "age": 52, "failedSince": 277, "status": "SKIPPED", "testActions": [], "stdout": null, "className": "deprecated_cql_tests.TestCQL", "stderr": null, "errorDetails": null, "skippedMessage": "2.2.3 > 2.0.x"}, {"skipped": true, "errorStackTrace": null, "duration": 0.099, "name": "rename_test", "age": 4, "failedSince": 325, "status": "SKIPPED", "testActions": [], "stdout": null, "className": "deprecated_cql_tests.TestCQL", "stderr": null, "errorDetails": null, "skippedMessage": "2.2.3 > 2.0.x"}, {"skipped": true, "errorStackTrace": null, "duration": 0.099, "name": "list_test", "age": 4, "failedSince": 325, "status": "SKIPPED", "testActions": [], "stdout": null, "className": "deprecated_cql_tests.TestCQL", "stderr": null, "errorDetails": null, "skippedMessage": "2.2.3 > 2.0.x"}, {"skipped": true, "errorStackTrace": null, "duration": 0.052, "name": "populate_mv_after_insert_test", "age": 53, "failedSince": 276, "status": "SKIPPED", "testActions": [], "stdout": null, "className": "materialized_views_test.TestMaterializedViews", "stderr": null, "errorDetails": null, "skippedMessage": "2.2.3 < 3.0"}, {"skipped": true, "errorStackTrace": null, "duration": 0.1, "name": "prepared_statement_test", "age": 4, "failedSince": 325, "status": "SKIPPED", "testActions": [], "stdout": null, "className": "materialized_views_test.TestMaterializedViews", "stderr": null, "errorDetails": null, "skippedMessage": "2.2.3 < 3.0"}, {"skipped": true, "errorStackTrace": null, "duration": 0.101, "name": "add_dc_after_mv_test", "age": 4, "failedSince": 325, "status": "SKIPPED", "testActions": [], "stdout": null, "className": "materialized_views_test.TestMaterializedViews", "stderr": null, "errorDetails": null, "skippedMessage": "2.2.3 < 3.0"}, {"skipped": true, "errorStackTrace": null, "duration": 0.099, "name": "query_all_new_column_test", "age": 27, "failedSince": 302, "status": "SKIPPED", "testActions": [], "stdout": null, "className": "materialized_views_test.TestMaterializedViews", "stderr": null, "errorDetails": null, "skippedMessage": "2.2.3 < 3.0"}, {"skipped": true, "errorStackTrace": null, "duration": 0.099, "name": "test_gcgs_validation", "age": 75, "failedSince": 254, "status": "SKIPPED", "testActions": [], "stdout": null, "className": "materialized_views_test.TestMaterializedViews", "stderr": null, "errorDetails": null, "skippedMessage": "2.2.3 < 3.0"}, {"skipped": true, "errorStackTrace": null, "duration": 0.052, "name": "logged_batch_gcgs_below_threshold_single_table_test", "age": 4, "failedSince": 325, "status": "SKIPPED", "testActions": [], "stdout": null, "className": "batch_test.TestBatch", "stderr": null, "errorDetails": null, "skippedMessage": "2.2.3 < 3.0"}, {"skipped": true, "errorStackTrace": null, "duration": 0.051, "name": "logged_batch_gcgs_below_threshold_multi_table_test", "age": 4, "failedSince": 325, "status": "SKIPPED", "testActions": [], "stdout": null, "className": "batch_test.TestBatch", "stderr": null, "errorDetails": null, "skippedMessage": "2.2.3 < 3.0"}, {"skipped": false, "errorStackTrace": null, "duration": 403.599, "name": "short_read_reversed_test", "age": 0, "failedSince": 0, "status": "PASSED", "testActions": [], "stdout": null, "className": "consistency_test.TestConsistency", "stderr": null, "errorDetails": null, "skippedMessage": null}, {"skipped": false, "errorStackTrace": null, "duration": 169.072, "name": "test_network_topology_strategy", "age": 0, "failedSince": 0, "status": "PASSED", "testActions": [], "stdout": null, "className": "consistency_test.TestAvailability", "stderr": null, "errorDetails": null, "skippedMessage": null}, {"skipped": false, "errorStackTrace": null, "duration": 93.938, "name": "shutdown_wiped_node_cannot_join_test", "age": 0, "failedSince": 0, "status": "PASSED", "testActions": [], "stdout": null, "className": "bootstrap_test.TestBootstrap", "stderr": null, "errorDetails": null, "skippedMessage": null}, {"skipped": false, "errorStackTrace": null, "duration": 46.155, "name": "manual_bootstrap_test", "age": 0, "failedSince": 0, "status": "PASSED", "testActions": [], "stdout": null, "className": "bootstrap_test.TestBootstrap", "stderr": null, "errorDetails": null, "skippedMessage": null}, {"skipped": false, "errorStackTrace": null, "duration": 84.947, "name": "functional_test", "age": 0, "failedSince": 0, "status": "PASSED", "testActions": [], "stdout": null, "className": "super_counter_test.TestSuperCounterClusterRestart", "stderr": null, "errorDetails": null, "skippedMessage": null}, {"skipped": false, "errorStackTrace": null, "duration": 76.152, "name": "compaction_throughput_test", "age": 0, "failedSince": 0, "status": "PASSED", "testActions": [], "stdout": null, "className": "compaction_test.TestCompaction_with_DateTieredCompactionStrategy", "stderr": null, "errorDetails": null, "skippedMessage": null}, {"skipped": false, "errorStackTrace": null, "duration": 75.226, "name": "compaction_throughput_test", "age": 0, "failedSince": 0, "status": "PASSED", "testActions": [], "stdout": null, "className": "compaction_test.TestCompaction_with_SizeTieredCompactionStrategy", "stderr": null, "errorDetails": null, "skippedMessage": null}, {"skipped": false, "errorStackTrace": null, "duration": 58.001, "name": "data_size_test", "age": 0, "failedSince": 0, "status": "PASSED", "testActions": [], "stdout": null, "className": "compaction_test.TestCompaction_with_SizeTieredCompactionStrategy", "stderr": null, "errorDetails": null, "skippedMessage": null}, {"skipped": false, "errorStackTrace": null, "duration": 33.152, "name": "disable_autocompaction_schema_test", "age": 0, "failedSince": 0, "status": "PASSED", "testActions": [], "stdout": null, "className": "compaction_test.TestCompaction_with_LeveledCompactionStrategy", "stderr": null, "errorDetails": null, "skippedMessage": null}, {"skipped": false, "errorStackTrace": null, "duration": 10.004, "name": "sstable_deletion_test", "age": 0, "failedSince": 0, "status": "PASSED", "testActions": [], "stdout": null, "className": "compaction_test.TestCompaction_with_LeveledCompactionStrategy", "stderr": null, "errorDetails": null, "skippedMessage": null}, {"skipped": false, "errorStackTrace": null, "duration": 55.305, "name": "test_paxos_any", "age": 0, "failedSince": 0, "status": "PASSED", "testActions": [], "stdout": null, "className": "write_failures_test.TestWriteFailures", "stderr": null, "errorDetails": null, "skippedMessage": null}, {"skipped": false, "errorStackTrace": null, "duration": 33.45, "name": "load_test", "age": 0, "failedSince": 0, "status": "PASSED", "testActions": [], "stdout": null, "className": "concurrent_schema_changes_test.TestConcurrentSchemaChanges", "stderr": null, "errorDetails": null, "skippedMessage": null}, {"skipped": false, "errorStackTrace": null, "duration": 28.754, "name": "test_scrub_static_table", "age": 0, "failedSince": 0, "status": "PASSED", "testActions": [], "stdout": null, "className": "scrub_test.TestScrubIndexes", "stderr": null, "errorDetails": null, "skippedMessage": null}, {"skipped": false, "errorStackTrace": null, "duration": 23.917, "name": "test_paging_using_secondary_indexes", "age": 0, "failedSince": 0, "status": "PASSED", "testActions": [], "stdout": null, "className": "paging_test.TestPagingData", "stderr": null, "errorDetails": null, "skippedMessage": null}, {"skipped": false, "errorStackTrace": null, "duration": 22.217, "name": "test_with_order_by_reversed", "age": 0, "failedSince": 0, "status": "PASSED", "testActions": [], "stdout": null, "className": "paging_test.TestPagingWithModifiers", "stderr": null, "errorDetails": null, "skippedMessage": null}, {"skipped": false, "errorStackTrace": null, "duration": 24.675, "name": "test_type_enforcement", "age": 0, "failedSince": 0, "status": "PASSED", "testActions": [], "stdout": null, "className": "user_types_test.TestUserTypes", "stderr": null, "errorDetails": null, "skippedMessage": null}, {"skipped": false, "errorStackTrace": null, "duration": 19.81, "name": "force_repair_async_3_test", "age": 0, "failedSince": 0, "status": "PASSED", "testActions": [], "stdout": null, "className": "deprecated_repair_test.TestDeprecatedRepairAPI", "stderr": null, "errorDetails": null, "skippedMessage": null}, {"skipped": false, "errorStackTrace": null, "duration": 18.29, "name": "collection_set_ttl_test", "age": 0, "failedSince": 0, "status": "PASSED", "testActions": [], "stdout": null, "className": "ttl_test.TestTTL", "stderr": null, "errorDetails": null, "skippedMessage": null}, {"skipped": false, "errorStackTrace": null, "duration": 13.062, "name": "insert_ttl_has_priority_on_defaut_ttl_test", "age": 0, "failedSince": 0, "status": "PASSED", "testActions": [], "stdout": null, "className": "ttl_test.TestTTL", "stderr": null, "errorDetails": null, "skippedMessage": null}, {"skipped": false, "errorStackTrace": null, "duration": 9.108, "name": "insert_ttl_works_without_default_ttl_test", "age": 0, "failedSince": 0, "status": "PASSED", "testActions": [], "stdout": null, "className": "ttl_test.TestTTL", "stderr": null, "errorDetails": null, "skippedMessage": null}, {"skipped": false, "errorStackTrace": null, "duration": 17.405, "name": "list_permissions_test", "age": 0, "failedSince": 0, "status": "PASSED", "testActions": [], "stdout": null, "className": "auth_test.TestAuth", "stderr": null, "errorDetails": null, "skippedMessage": null}, {"skipped": false, "errorStackTrace": null, "duration": 16.288, "name": "cant_create_existing_user_test", "age": 0, "failedSince": 0, "status": "PASSED", "testActions": [], "stdout": null, "className": "auth_test.TestAuth", "stderr": null, "errorDetails": null, "skippedMessage": null}, {"skipped": false, "errorStackTrace": null, "duration": 7.249, "name": "test_use_keyspace", "age": 0, "failedSince": 0, "status": "PASSED", "testActions": [], "stdout": "(EE)  (EE)  ", "className": "cqlsh_tests.cqlsh_tests.CqlshSmokeTest", "stderr": null, "errorDetails": null, "skippedMessage": null}, {"skipped": false, "errorStackTrace": null, "duration": 21.851, "name": "test_letter_delimiter", "age": 0, "failedSince": 0, "status": "PASSED", "testActions": [], "stdout": "(EE)  ", "className": "cqlsh_tests.cqlsh_copy_tests.CqlshCopyTest", "stderr": null, "errorDetails": null, "skippedMessage": null}, {"skipped": false, "errorStackTrace": null, "duration": 6.4, "name": "test_describe_on_non_reserved_keywords", "age": 0, "failedSince": 0, "status": "PASSED", "testActions": [], "stdout": null, "className": "cqlsh_tests.cqlsh_tests.TestCqlsh", "stderr": null, "errorDetails": null, "skippedMessage": null}, {"skipped": false, "errorStackTrace": null, "duration": 6.306, "name": "test_batch", "age": 0, "failedSince": 0, "status": "PASSED", "testActions": [], "stdout": null, "className": "cqlsh_tests.cqlsh_tests.TestCqlsh", "stderr": null, "errorDetails": null, "skippedMessage": null}, {"skipped": false, "errorStackTrace": null, "duration": 6.837, "name": "drop_column_queries_test", "age": 0, "failedSince": 0, "status": "PASSED", "testActions": [], "stdout": null, "className": "schema_test.TestSchema", "stderr": null, "errorDetails": null, "skippedMessage": null}, {"skipped": false, "errorStackTrace": null, "duration": 6.54, "name": "test_get_slice_super_range", "age": 0, "failedSince": 0, "status": "PASSED", "testActions": [], "stdout": null, "className": "thrift_tests.TestMutations", "stderr": null, "errorDetails": null, "skippedMessage": null}, {"skipped": false, "errorStackTrace": null, "duration": 6.337, "name": "test_wrapped_range_slices", "age": 0, "failedSince": 0, "status": "PASSED", "testActions": [], "stdout": null, "className": "thrift_tests.TestMutations", "stderr": null, "errorDetails": null, "skippedMessage": null}, {"skipped": false, "errorStackTrace": null, "duration": 6.45, "name": "test_counter_get_slice_super_range", "age": 0, "failedSince": 0, "status": "PASSED", "testActions": [], "stdout": null, "className": "thrift_tests.TestMutations", "stderr": null, "errorDetails": null, "skippedMessage": null}, {"skipped": false, "errorStackTrace": null, "duration": 6.331, "name": "test_count", "age": 0, "failedSince": 0, "status": "PASSED", "testActions": [], "stdout": null, "className": "thrift_tests.TestMutations", "stderr": null, "errorDetails": null, "skippedMessage": null}, {"skipped": false, "errorStackTrace": null, "duration": 6.494, "name": "test_bad_system_calls", "age": 0, "failedSince": 0, "status": "PASSED", "testActions": [], "stdout": null, "className": "thrift_tests.TestMutations", "stderr": null, "errorDetails": null, "skippedMessage": null}, {"skipped": false, "errorStackTrace": null, "duration": 6.657, "name": "test_counter_get_slice_range", "age": 0, "failedSince": 0, "status": "PASSED", "testActions": [], "stdout": null, "className": "thrift_tests.TestMutations", "stderr": null, "errorDetails": null, "skippedMessage": null}, {"skipped": false, "errorStackTrace": null, "duration": 6.61, "name": "test_truncate", "age": 0, "failedSince": 0, "status": "PASSED", "testActions": [], "stdout": null, "className": "thrift_tests.TestTruncate", "stderr": null, "errorDetails": null, "skippedMessage": null}, {"skipped": false, "errorStackTrace": null, "duration": 6.919, "name": "creating_and_dropping_udf_test", "age": 0, "failedSince": 0, "status": "PASSED", "testActions": [], "stdout": null, "className": "schema_metadata_test.TestSchemaMetadata", "stderr": null, "errorDetails": null, "skippedMessage": null}, {"skipped": false, "errorStackTrace": "  File \"/usr/lib/python2.7/unittest/case.py\", line 329, in run\n    testMethod()\n  File \"/home/automaton/cassandra-dtest/schema_metadata_test.py\", line 669, in indexes_test\n    verify_indexes_table(self.cluster.version(), self.cluster.version(), 'ks', self.session)\n  File \"/home/automaton/cassandra-dtest/schema_metadata_test.py\", line 35, in verify_indexes_table\n    assert_equal(1, len(meta.columns))\n\"'IndexMetadata' object has no attribute 'columns'\\n-------------------- >> begin captured logging << --------------------\\ndtest: DEBUG: cluster ccm directory: /mnt/tmp/dtest-xfhHNl\\n--------------------- >> end captured logging << ---------------------\"", "duration": 6.082, "name": "indexes_test", "age": 4, "failedSince": 325, "status": "FAILED", "testActions": [], "stdout": null, "className": "schema_metadata_test.TestSchemaMetadata", "stderr": null, "errorDetails": "'IndexMetadata' object has no attribute 'columns'\n-------------------- >> begin captured logging << --------------------\ndtest: DEBUG: cluster ccm directory: /mnt/tmp/dtest-xfhHNl\n--------------------- >> end captured logging << ---------------------", "skippedMessage": null}, {"skipped": false, "errorStackTrace": null, "duration": 32.938, "name": "test_bad_crc", "age": 0, "failedSince": 0, "status": "PASSED", "testActions": [], "stdout": null, "className": "commitlog_test.TestCommitLog", "stderr": null, "errorDetails": null, "skippedMessage": null}, {"skipped": false, "errorStackTrace": null, "duration": 17.695, "name": "aggregate_function_permissions_test", "age": 0, "failedSince": 0, "status": "PASSED", "testActions": [], "stdout": null, "className": "auth_roles_test.TestAuthRoles", "stderr": null, "errorDetails": null, "skippedMessage": null}, {"skipped": false, "errorStackTrace": null, "duration": 16.845, "name": "builtin_functions_require_no_special_permissions_test", "age": 0, "failedSince": 0, "status": "PASSED", "testActions": [], "stdout": null, "className": "auth_roles_test.TestAuthRoles", "stderr": null, "errorDetails": null, "skippedMessage": null}, {"skipped": false, "errorStackTrace": null, "duration": 16.181, "name": "conditional_create_drop_role_test", "age": 0, "failedSince": 0, "status": "PASSED", "testActions": [], "stdout": null, "className": "auth_roles_test.TestAuthRoles", "stderr": null, "errorDetails": null, "skippedMessage": null}, {"skipped": false, "errorStackTrace": null, "duration": 16.774, "name": "create_and_grant_roles_with_superuser_status_test", "age": 0, "failedSince": 0, "status": "PASSED", "testActions": [], "stdout": null, "className": "auth_roles_test.TestAuthRoles", "stderr": null, "errorDetails": null, "skippedMessage": null}, {"skipped": false, "errorStackTrace": null, "duration": 16.235, "name": "create_drop_role_test", "age": 0, "failedSince": 0, "status": "PASSED", "testActions": [], "stdout": null, "className": "auth_roles_test.TestAuthRoles", "stderr": null, "errorDetails": null, "skippedMessage": null}, {"skipped": false, "errorStackTrace": null, "duration": 16.724, "name": "create_drop_role_validation_test", "age": 0, "failedSince": 0, "status": "PASSED", "testActions": [], "stdout": null, "className": "auth_roles_test.TestAuthRoles", "stderr": null, "errorDetails": null, "skippedMessage": null}, {"skipped": false, "errorStackTrace": null, "duration": 16.386, "name": "create_user_as_alias_for_create_role_test", "age": 0, "failedSince": 0, "status": "PASSED", "testActions": [], "stdout": null, "className": "auth_roles_test.TestAuthRoles", "stderr": null, "errorDetails": null, "skippedMessage": null}, {"skipped": false, "errorStackTrace": null, "duration": 17.34, "name": "creator_of_db_resource_granted_all_permissions_test", "age": 0, "failedSince": 0, "status": "PASSED", "testActions": [], "stdout": null, "className": "auth_roles_test.TestAuthRoles", "stderr": null, "errorDetails": null, "skippedMessage": null}, {"skipped": false, "errorStackTrace": null, "duration": 16.354, "name": "disallow_grant_execute_on_non_function_resources_test", "age": 0, "failedSince": 0, "status": "PASSED", "testActions": [], "stdout": null, "className": "auth_roles_test.TestAuthRoles", "stderr": null, "errorDetails": null, "skippedMessage": null}, {"skipped": false, "errorStackTrace": null, "duration": 16.488, "name": "disallow_grant_revoke_on_builtin_functions_test", "age": 0, "failedSince": 0, "status": "PASSED", "testActions": [], "stdout": null, "className": "auth_roles_test.TestAuthRoles", "stderr": null, "errorDetails": null, "skippedMessage": null}, {"skipped": false, "errorStackTrace": null, "duration": 16.776, "name": "drop_and_revoke_roles_with_superuser_status_test", "age": 0, "failedSince": 0, "status": "PASSED", "testActions": [], "stdout": null, "className": "auth_roles_test.TestAuthRoles", "stderr": null, "errorDetails": null, "skippedMessage": null}, {"skipped": false, "errorStackTrace": null, "duration": 16.992, "name": "drop_function_and_keyspace_cleans_up_udf_permissions_test", "age": 0, "failedSince": 0, "status": "PASSED", "testActions": [], "stdout": null, "className": "auth_roles_test.TestAuthRoles", "stderr": null, "errorDetails": null, "skippedMessage": null}, {"skipped": false, "errorStackTrace": null, "duration": 16.895, "name": "drop_keyspace_cleans_up_function_level_permissions_test", "age": 0, "failedSince": 0, "status": "PASSED", "testActions": [], "stdout": null, "className": "auth_roles_test.TestAuthRoles", "stderr": null, "errorDetails": null, "skippedMessage": null}, {"skipped": false, "errorStackTrace": null, "duration": 16.88, "name": "drop_role_cleans_up_udf_permissions_test", "age": 0, "failedSince": 0, "status": "PASSED", "testActions": [], "stdout": null, "className": "auth_roles_test.TestAuthRoles", "stderr": null, "errorDetails": null, "skippedMessage": null}, {"skipped": false, "errorStackTrace": null, "duration": 16.391, "name": "drop_role_removes_memberships_test", "age": 0, "failedSince": 0, "status": "PASSED", "testActions": [], "stdout": null, "className": "auth_roles_test.TestAuthRoles", "stderr": null, "errorDetails": null, "skippedMessage": null}, {"skipped": false, "errorStackTrace": null, "duration": 16.302, "name": "drop_role_revokes_permissions_granted_on_it_test", "age": 0, "failedSince": 0, "status": "PASSED", "testActions": [], "stdout": null, "className": "auth_roles_test.TestAuthRoles", "stderr": null, "errorDetails": null, "skippedMessage": null}, {"skipped": false, "errorStackTrace": null, "duration": 17.052, "name": "filter_granted_permissions_by_resource_type_test", "age": 0, "failedSince": 0, "status": "PASSED", "testActions": [], "stdout": null, "className": "auth_roles_test.TestAuthRoles", "stderr": null, "errorDetails": null, "skippedMessage": null}, {"skipped": false, "errorStackTrace": null, "duration": 17.423, "name": "function_resource_hierarchy_permissions_test", "age": 0, "failedSince": 0, "status": "PASSED", "testActions": [], "stdout": null, "className": "auth_roles_test.TestAuthRoles", "stderr": null, "errorDetails": null, "skippedMessage": null}, {"skipped": false, "errorStackTrace": null, "duration": 16.591, "name": "grant_revoke_are_idempotent_test", "age": 0, "failedSince": 0, "status": "PASSED", "testActions": [], "stdout": null, "className": "auth_roles_test.TestAuthRoles", "stderr": null, "errorDetails": null, "skippedMessage": null}, {"skipped": false, "errorStackTrace": null, "duration": 16.943, "name": "grant_revoke_permissions_test", "age": 0, "failedSince": 0, "status": "PASSED", "testActions": [], "stdout": null, "className": "auth_roles_test.TestAuthRoles", "stderr": null, "errorDetails": null, "skippedMessage": null}, {"skipped": false, "errorStackTrace": null, "duration": 16.919, "name": "grant_revoke_role_validation_test", "age": 0, "failedSince": 0, "status": "PASSED", "testActions": [], "stdout": null, "className": "auth_roles_test.TestAuthRoles", "stderr": null, "errorDetails": null, "skippedMessage": null}, {"skipped": false, "errorStackTrace": null, "duration": 16.305, "name": "grant_revoke_roles_test", "age": 0, "failedSince": 0, "status": "PASSED", "testActions": [], "stdout": null, "className": "auth_roles_test.TestAuthRoles", "stderr": null, "errorDetails": null, "skippedMessage": null}, {"skipped": false, "errorStackTrace": null, "duration": 16.885, "name": "grant_revoke_udf_permissions_test", "age": 0, "failedSince": 0, "status": "PASSED", "testActions": [], "stdout": null, "className": "auth_roles_test.TestAuthRoles", "stderr": null, "errorDetails": null, "skippedMessage": null}, {"skipped": false, "errorStackTrace": null, "duration": 16.127, "name": "ignore_invalid_roles_test", "age": 0, "failedSince": 0, "status": "PASSED", "testActions": [], "stdout": null, "className": "auth_roles_test.TestAuthRoles", "stderr": null, "errorDetails": null, "skippedMessage": null}, {"skipped": false, "errorStackTrace": null, "duration": 17.198, "name": "inheritence_of_udf_permissions_test", "age": 0, "failedSince": 0, "status": "PASSED", "testActions": [], "stdout": null, "className": "auth_roles_test.TestAuthRoles", "stderr": null, "errorDetails": null, "skippedMessage": null}, {"skipped": false, "errorStackTrace": null, "duration": 17.177, "name": "list_permissions_test", "age": 0, "failedSince": 0, "status": "PASSED", "testActions": [], "stdout": null, "className": "auth_roles_test.TestAuthRoles", "stderr": null, "errorDetails": null, "skippedMessage": null}, {"skipped": false, "errorStackTrace": null, "duration": 17.098, "name": "list_permissions_validation_test", "age": 0, "failedSince": 0, "status": "PASSED", "testActions": [], "stdout": null, "className": "auth_roles_test.TestAuthRoles", "stderr": null, "errorDetails": null, "skippedMessage": null}, {"skipped": false, "errorStackTrace": null, "duration": 16.888, "name": "list_roles_test", "age": 0, "failedSince": 0, "status": "PASSED", "testActions": [], "stdout": null, "className": "auth_roles_test.TestAuthRoles", "stderr": null, "errorDetails": null, "skippedMessage": null}, {"skipped": false, "errorStackTrace": null, "duration": 16.24, "name": "list_users_considers_inherited_superuser_status_test", "age": 0, "failedSince": 0, "status": "PASSED", "testActions": [], "stdout": null, "className": "auth_roles_test.TestAuthRoles", "stderr": null, "errorDetails": null, "skippedMessage": null}, {"skipped": false, "errorStackTrace": null, "duration": 16.242, "name": "prevent_circular_grants_test", "age": 0, "failedSince": 0, "status": "PASSED", "testActions": [], "stdout": null, "className": "auth_roles_test.TestAuthRoles", "stderr": null, "errorDetails": null, "skippedMessage": null}, {"skipped": false, "errorStackTrace": null, "duration": 18.022, "name": "role_admin_validation_test", "age": 0, "failedSince": 0, "status": "PASSED", "testActions": [], "stdout": null, "className": "auth_roles_test.TestAuthRoles", "stderr": null, "errorDetails": null, "skippedMessage": null}, {"skipped": false, "errorStackTrace": null, "duration": 18.968, "name": "role_caching_authenticated_user_test", "age": 0, "failedSince": 0, "status": "PASSED", "testActions": [], "stdout": null, "className": "auth_roles_test.TestAuthRoles", "stderr": null, "errorDetails": null, "skippedMessage": null}, {"skipped": false, "errorStackTrace": null, "duration": 18.841, "name": "role_name_test", "age": 0, "failedSince": 0, "status": "PASSED", "testActions": [], "stdout": null, "className": "auth_roles_test.TestAuthRoles", "stderr": null, "errorDetails": null, "skippedMessage": null}, {"skipped": false, "errorStackTrace": null, "duration": 17.144, "name": "role_requires_login_privilege_to_authenticate_test", "age": 0, "failedSince": 0, "status": "PASSED", "testActions": [], "stdout": null, "className": "auth_roles_test.TestAuthRoles", "stderr": null, "errorDetails": null, "skippedMessage": null}, {"skipped": false, "errorStackTrace": null, "duration": 16.742, "name": "role_requires_password_to_login_test", "age": 0, "failedSince": 0, "status": "PASSED", "testActions": [], "stdout": null, "className": "auth_roles_test.TestAuthRoles", "stderr": null, "errorDetails": null, "skippedMessage": null}, {"skipped": false, "errorStackTrace": null, "duration": 16.541, "name": "roles_do_not_inherit_login_privilege_test", "age": 0, "failedSince": 0, "status": "PASSED", "testActions": [], "stdout": null, "className": "auth_roles_test.TestAuthRoles", "stderr": null, "errorDetails": null, "skippedMessage": null}, {"skipped": false, "errorStackTrace": null, "duration": 16.865, "name": "superuser_status_is_inherited_test", "age": 0, "failedSince": 0, "status": "PASSED", "testActions": [], "stdout": null, "className": "auth_roles_test.TestAuthRoles", "stderr": null, "errorDetails": null, "skippedMessage": null}, {"skipped": false, "errorStackTrace": null, "duration": 17.044, "name": "udf_permissions_in_delete_test", "age": 0, "failedSince": 0, "status": "PASSED", "testActions": [], "stdout": null, "className": "auth_roles_test.TestAuthRoles", "stderr": null, "errorDetails": null, "skippedMessage": null}, {"skipped": false, "errorStackTrace": null, "duration": 17.122, "name": "udf_permissions_in_insert_test", "age": 0, "failedSince": 0, "status": "PASSED", "testActions": [], "stdout": null, "className": "auth_roles_test.TestAuthRoles", "stderr": null, "errorDetails": null, "skippedMessage": null}, {"skipped": false, "errorStackTrace": null, "duration": 17.159, "name": "udf_permissions_in_select_where_clause_test", "age": 0, "failedSince": 0, "status": "PASSED", "testActions": [], "stdout": null, "className": "auth_roles_test.TestAuthRoles", "stderr": null, "errorDetails": null, "skippedMessage": null}, {"skipped": false, "errorStackTrace": null, "duration": 17.081, "name": "udf_permissions_in_selection_test", "age": 0, "failedSince": 0, "status": "PASSED", "testActions": [], "stdout": null, "className": "auth_roles_test.TestAuthRoles", "stderr": null, "errorDetails": null, "skippedMessage": null}, {"skipped": false, "errorStackTrace": null, "duration": 17.181, "name": "udf_permissions_in_update_test", "age": 0, "failedSince": 0, "status": "PASSED", "testActions": [], "stdout": null, "className": "auth_roles_test.TestAuthRoles", "stderr": null, "errorDetails": null, "skippedMessage": null}, {"skipped": false, "errorStackTrace": null, "duration": 17.317, "name": "udf_permissions_validation_test", "age": 0, "failedSince": 0, "status": "PASSED", "testActions": [], "stdout": null, "className": "auth_roles_test.TestAuthRoles", "stderr": null, "errorDetails": null, "skippedMessage": null}, {"skipped": false, "errorStackTrace": null, "duration": 16.946, "name": "udf_with_overloads_permissions_test", "age": 0, "failedSince": 0, "status": "PASSED", "testActions": [], "stdout": null, "className": "auth_roles_test.TestAuthRoles", "stderr": null, "errorDetails": null, "skippedMessage": null}, {"skipped": true, "errorStackTrace": null, "duration": 0.053, "name": "limit_bugs_test", "age": 4, "failedSince": 325, "status": "SKIPPED", "testActions": [], "stdout": null, "className": "upgrade_tests.cql_tests.TestCQL", "stderr": null, "errorDetails": null, "skippedMessage": "2.2.3 < 3.0"}, {"skipped": true, "errorStackTrace": null, "duration": 0.1, "name": "static_columns_with_2i_test", "age": 52, "failedSince": 277, "status": "SKIPPED", "testActions": [], "stdout": null, "className": "upgrade_tests.cql_tests.TestCQL", "stderr": null, "errorDetails": null, "skippedMessage": "2.2.3 < 3.0"}, {"skipped": true, "errorStackTrace": null, "duration": 0.099, "name": "dynamic_cf_test", "age": 4, "failedSince": 325, "status": "SKIPPED", "testActions": [], "stdout": null, "className": "upgrade_tests.cql_tests.TestCQL", "stderr": null, "errorDetails": null, "skippedMessage": "2.2.3 < 3.0"}, {"skipped": true, "errorStackTrace": null, "duration": 0.1, "name": "expanded_list_item_conditional_test", "age": 4, "failedSince": 325, "status": "SKIPPED", "testActions": [], "stdout": null, "className": "upgrade_tests.cql_tests.TestCQL", "stderr": null, "errorDetails": null, "skippedMessage": "2.2.3 < 3.0"}, {"skipped": true, "errorStackTrace": null, "duration": 0.099, "name": "range_tombstones_test", "age": 52, "failedSince": 277, "status": "SKIPPED", "testActions": [], "stdout": null, "className": "upgrade_tests.cql_tests.TestCQL", "stderr": null, "errorDetails": null, "skippedMessage": "2.2.3 < 3.0"}, {"skipped": true, "errorStackTrace": null, "duration": 0.099, "name": "rename_test", "age": 4, "failedSince": 325, "status": "SKIPPED", "testActions": [], "stdout": null, "className": "upgrade_tests.cql_tests.TestCQL", "stderr": null, "errorDetails": null, "skippedMessage": "2.2.3 < 3.0"}, {"skipped": true, "errorStackTrace": null, "duration": 0.099, "name": "edge_2i_on_complex_pk_test", "age": 52, "failedSince": 277, "status": "SKIPPED", "testActions": [], "stdout": null, "className": "upgrade_tests.cql_tests.TestCQL", "stderr": null, "errorDetails": null, "skippedMessage": "2.2.3 < 3.0"}, {"skipped": true, "errorStackTrace": null, "duration": 0.102, "name": "collection_flush_test", "age": 52, "failedSince": 277, "status": "SKIPPED", "testActions": [], "stdout": null, "className": "upgrade_tests.cql_tests.TestCQL", "stderr": null, "errorDetails": null, "skippedMessage": "2.2.3 < 3.0"}, {"skipped": true, "errorStackTrace": null, "duration": 0.1, "name": "batch_test", "age": 1, "failedSince": 328, "status": "SKIPPED", "testActions": [], "stdout": null, "className": "upgrade_tests.cql_tests.TestCQL", "stderr": null, "errorDetails": null, "skippedMessage": "2.2.3 < 3.0"}, {"skipped": true, "errorStackTrace": null, "duration": 0.099, "name": "whole_list_conditional_test", "age": 4, "failedSince": 325, "status": "SKIPPED", "testActions": [], "stdout": null, "className": "upgrade_tests.cql_tests.TestCQL", "stderr": null, "errorDetails": null, "skippedMessage": "2.2.3 < 3.0"}, {"skipped": true, "errorStackTrace": null, "duration": 0.099, "name": "reversed_compact_test", "age": 11, "failedSince": 318, "status": "SKIPPED", "testActions": [], "stdout": null, "className": "upgrade_tests.cql_tests.TestCQL", "stderr": null, "errorDetails": null, "skippedMessage": "2.2.3 < 3.0"}, {"skipped": true, "errorStackTrace": null, "duration": 0.101, "name": "invalid_string_literals_test", "age": 4, "failedSince": 325, "status": "SKIPPED", "testActions": [], "stdout": null, "className": "upgrade_tests.cql_tests.TestCQL", "stderr": null, "errorDetails": null, "skippedMessage": "2.2.3 < 3.0"}, {"skipped": true, "errorStackTrace": null, "duration": 0.101, "name": "only_pk_test", "age": 63, "failedSince": 266, "status": "SKIPPED", "testActions": [], "stdout": null, "className": "upgrade_tests.cql_tests.TestCQL", "stderr": null, "errorDetails": null, "skippedMessage": "2.2.3 < 3.0"}, {"skipped": true, "errorStackTrace": null, "duration": 0.101, "name": "large_clustering_in_test", "age": 53, "failedSince": 276, "status": "SKIPPED", "testActions": [], "stdout": null, "className": "upgrade_tests.cql_tests.TestCQL", "stderr": null, "errorDetails": null, "skippedMessage": "2.2.3 < 3.0"}, {"skipped": true, "errorStackTrace": null, "duration": 0.052, "name": "function_with_null_test", "age": 52, "failedSince": 277, "status": "SKIPPED", "testActions": [], "stdout": null, "className": "deprecated_cql_tests.TestCQL", "stderr": null, "errorDetails": null, "skippedMessage": "2.2.3 > 2.0.x"}, {"skipped": true, "errorStackTrace": null, "duration": 0.102, "name": "tuple_notation_test", "age": 4, "failedSince": 325, "status": "SKIPPED", "testActions": [], "stdout": null, "className": "deprecated_cql_tests.TestCQL", "stderr": null, "errorDetails": null, "skippedMessage": "2.2.3 > 2.0.x"}, {"skipped": true, "errorStackTrace": null, "duration": 0.102, "name": "date_test", "age": 4, "failedSince": 325, "status": "SKIPPED", "testActions": [], "stdout": null, "className": "deprecated_cql_tests.TestCQL", "stderr": null, "errorDetails": null, "skippedMessage": "2.2.3 > 2.0.x"}, {"skipped": true, "errorStackTrace": null, "duration": 0.102, "name": "range_tombstones_compaction_test", "age": 4, "failedSince": 325, "status": "SKIPPED", "testActions": [], "stdout": null, "className": "deprecated_cql_tests.TestCQL", "stderr": null, "errorDetails": null, "skippedMessage": "2.2.3 > 2.0.x"}, {"skipped": true, "errorStackTrace": null, "duration": 0.101, "name": "large_count_test", "age": 54, "failedSince": 275, "status": "SKIPPED", "testActions": [], "stdout": null, "className": "deprecated_cql_tests.TestCQL", "stderr": null, "errorDetails": null, "skippedMessage": "2.2.3 > 2.0.x"}, {"skipped": true, "errorStackTrace": null, "duration": 0.101, "name": "select_with_alias_test", "age": 55, "failedSince": 274, "status": "SKIPPED", "testActions": [], "stdout": null, "className": "deprecated_cql_tests.TestCQL", "stderr": null, "errorDetails": null, "skippedMessage": "2.2.3 > 2.0.x"}, {"skipped": true, "errorStackTrace": null, "duration": 0.101, "name": "range_key_ordered_test", "age": 11, "failedSince": 318, "status": "SKIPPED", "testActions": [], "stdout": null, "className": "deprecated_cql_tests.TestCQL", "stderr": null, "errorDetails": null, "skippedMessage": "2.2.3 > 2.0.x"}, {"skipped": true, "errorStackTrace": null, "duration": 0.101, "name": "compact_metadata_test", "age": 4, "failedSince": 325, "status": "SKIPPED", "testActions": [], "stdout": null, "className": "deprecated_cql_tests.TestCQL", "stderr": null, "errorDetails": null, "skippedMessage": "2.2.3 > 2.0.x"}, {"skipped": true, "errorStackTrace": null, "duration": 0.101, "name": "reversed_comparator_test", "age": 52, "failedSince": 277, "status": "SKIPPED", "testActions": [], "stdout": null, "className": "deprecated_cql_tests.TestCQL", "stderr": null, "errorDetails": null, "skippedMessage": "2.2.3 > 2.0.x"}, {"skipped": true, "errorStackTrace": null, "duration": 0.102, "name": "reversed_compact_multikey_test", "age": 52, "failedSince": 277, "status": "SKIPPED", "testActions": [], "stdout": null, "className": "deprecated_cql_tests.TestCQL", "stderr": null, "errorDetails": null, "skippedMessage": "2.2.3 > 2.0.x"}, {"skipped": true, "errorStackTrace": null, "duration": 0.102, "name": "map_item_conditional_test", "age": 4, "failedSince": 325, "status": "SKIPPED", "testActions": [], "stdout": null, "className": "deprecated_cql_tests.TestCQL", "stderr": null, "errorDetails": null, "skippedMessage": "2.2.3 > 2.0.x"}, {"skipped": true, "errorStackTrace": null, "duration": 0.099, "name": "empty_blob_test", "age": 4, "failedSince": 325, "status": "SKIPPED", "testActions": [], "stdout": null, "className": "deprecated_cql_tests.TestCQL", "stderr": null, "errorDetails": null, "skippedMessage": "2.2.3 > 2.0.x"}, {"skipped": true, "errorStackTrace": null, "duration": 0.1, "name": "reserved_keyword_test", "age": 4, "failedSince": 325, "status": "SKIPPED", "testActions": [], "stdout": null, "className": "deprecated_cql_tests.TestCQL", "stderr": null, "errorDetails": null, "skippedMessage": "2.2.3 > 2.0.x"}, {"skipped": true, "errorStackTrace": null, "duration": 0.1, "name": "table_test", "age": 4, "failedSince": 325, "status": "SKIPPED", "testActions": [], "stdout": null, "className": "deprecated_cql_tests.TestCQL", "stderr": null, "errorDetails": null, "skippedMessage": "2.2.3 > 2.0.x"}, {"skipped": true, "errorStackTrace": null, "duration": 0.099, "name": "exclusive_slice_test", "age": 52, "failedSince": 277, "status": "SKIPPED", "testActions": [], "stdout": null, "className": "deprecated_cql_tests.TestCQL", "stderr": null, "errorDetails": null, "skippedMessage": "2.2.3 > 2.0.x"}, {"skipped": true, "errorStackTrace": null, "duration": 0.098, "name": "nameless_index_test", "age": 53, "failedSince": 276, "status": "SKIPPED", "testActions": [], "stdout": null, "className": "deprecated_cql_tests.TestCQL", "stderr": null, "errorDetails": null, "skippedMessage": "2.2.3 > 2.0.x"}, {"skipped": true, "errorStackTrace": null, "duration": 0.1, "name": "float_with_exponent_test", "age": 52, "failedSince": 277, "status": "SKIPPED", "testActions": [], "stdout": null, "className": "deprecated_cql_tests.TestCQL", "stderr": null, "errorDetails": null, "skippedMessage": "2.2.3 > 2.0.x"}, {"skipped": true, "errorStackTrace": null, "duration": 0.1, "name": "range_tombstones_test", "age": 52, "failedSince": 277, "status": "SKIPPED", "testActions": [], "stdout": null, "className": "deprecated_cql_tests.TestCQL", "stderr": null, "errorDetails": null, "skippedMessage": "2.2.3 > 2.0.x"}, {"skipped": false, "errorStackTrace": null, "duration": 469.343, "name": "sstableverify_test", "age": 0, "failedSince": 0, "status": "PASSED", "testActions": [], "stdout": null, "className": "offline_tools_test.TestOfflineTools", "stderr": null, "errorDetails": null, "skippedMessage": null}, {"skipped": false, "errorStackTrace": null, "duration": 138.974, "name": "multiple_repair_test", "age": 0, "failedSince": 0, "status": "PASSED", "testActions": [], "stdout": null, "className": "incremental_repair_test.TestIncRepair", "stderr": null, "errorDetails": null, "skippedMessage": null}, {"skipped": false, "errorStackTrace": null, "duration": 91.273, "name": "simple_rebuild_test", "age": 0, "failedSince": 0, "status": "PASSED", "testActions": [], "stdout": null, "className": "rebuild_test.TestRebuild", "stderr": null, "errorDetails": null, "skippedMessage": null}, {"skipped": false, "errorStackTrace": null, "duration": 85.965, "name": "test_column_index_stress", "age": 0, "failedSince": 0, "status": "PASSED", "testActions": [], "stdout": null, "className": "wide_rows_test.TestWideRows", "stderr": null, "errorDetails": null, "skippedMessage": null}, {"skipped": false, "errorStackTrace": null, "duration": 32.107, "name": "test_wide_rows", "age": 0, "failedSince": 0, "status": "PASSED", "testActions": [], "stdout": null, "className": "wide_rows_test.TestWideRows", "stderr": null, "errorDetails": null, "skippedMessage": null}, {"skipped": false, "errorStackTrace": null, "duration": 84.569, "name": "counter_consistency_test", "age": 0, "failedSince": 0, "status": "PASSED", "testActions": [], "stdout": null, "className": "counter_tests.TestCounters", "stderr": null, "errorDetails": null, "skippedMessage": null}, {"skipped": false, "errorStackTrace": null, "duration": 72.757, "name": "snapshot_test", "age": 0, "failedSince": 0, "status": "PASSED", "testActions": [], "stdout": null, "className": "concurrent_schema_changes_test.TestConcurrentSchemaChanges", "stderr": null, "errorDetails": null, "skippedMessage": null}, {"skipped": false, "errorStackTrace": null, "duration": 58.698, "name": "test_thrift", "age": 0, "failedSince": 0, "status": "PASSED", "testActions": [], "stdout": null, "className": "write_failures_test.TestWriteFailures", "stderr": null, "errorDetails": null, "skippedMessage": null}, {"skipped": false, "errorStackTrace": null, "duration": 54.975, "name": "test_paxos", "age": 0, "failedSince": 0, "status": "PASSED", "testActions": [], "stdout": null, "className": "write_failures_test.TestWriteFailures", "stderr": null, "errorDetails": null, "skippedMessage": null}, {"skipped": false, "errorStackTrace": null, "duration": 38.357, "name": "test_simple_strategy_counters", "age": 0, "failedSince": 0, "status": "PASSED", "testActions": [], "stdout": null, "className": "consistency_test.TestAccuracy", "stderr": null, "errorDetails": null, "skippedMessage": null}, {"skipped": false, "errorStackTrace": null, "duration": 39.058, "name": "compaction_strategy_switching_test", "age": 0, "failedSince": 0, "status": "PASSED", "testActions": [], "stdout": null, "className": "compaction_test.TestCompaction_with_SizeTieredCompactionStrategy", "stderr": null, "errorDetails": null, "skippedMessage": null}, {"skipped": false, "errorStackTrace": null, "duration": 18.573, "name": "large_compaction_warning_test", "age": 0, "failedSince": 0, "status": "PASSED", "testActions": [], "stdout": null, "className": "compaction_test.TestCompaction_with_LeveledCompactionStrategy", "stderr": null, "errorDetails": null, "skippedMessage": null}, {"skipped": false, "errorStackTrace": null, "duration": 26.88, "name": "test_incr_decr_standard_batch_remove", "age": 0, "failedSince": 0, "status": "PASSED", "testActions": [], "stdout": null, "className": "thrift_tests.TestMutations", "stderr": null, "errorDetails": null, "skippedMessage": null}, {"skipped": false, "errorStackTrace": null, "duration": 7.098, "name": "test_time_uuid", "age": 0, "failedSince": 0, "status": "PASSED", "testActions": [], "stdout": null, "className": "thrift_tests.TestMutations", "stderr": null, "errorDetails": null, "skippedMessage": null}, {"skipped": false, "errorStackTrace": null, "duration": 6.832, "name": "test_incr_decr_standard_batch_add", "age": 0, "failedSince": 0, "status": "PASSED", "testActions": [], "stdout": null, "className": "thrift_tests.TestMutations", "stderr": null, "errorDetails": null, "skippedMessage": null}, {"skipped": false, "errorStackTrace": null, "duration": 6.731, "name": "test_batch_mutate_standard_columns", "age": 0, "failedSince": 0, "status": "PASSED", "testActions": [], "stdout": null, "className": "thrift_tests.TestMutations", "stderr": null, "errorDetails": null, "skippedMessage": null}, {"skipped": false, "errorStackTrace": null, "duration": 6.852, "name": "test_super_cf_remove_column", "age": 0, "failedSince": 0, "status": "PASSED", "testActions": [], "stdout": null, "className": "thrift_tests.TestMutations", "stderr": null, "errorDetails": null, "skippedMessage": null}, {"skipped": false, "errorStackTrace": null, "duration": 6.773, "name": "test_integer_order", "age": 0, "failedSince": 0, "status": "PASSED", "testActions": [], "stdout": null, "className": "thrift_tests.TestMutations", "stderr": null, "errorDetails": null, "skippedMessage": null}, {"skipped": false, "errorStackTrace": null, "duration": 6.665, "name": "test_invalid_strategy_class", "age": 0, "failedSince": 0, "status": "PASSED", "testActions": [], "stdout": null, "className": "thrift_tests.TestMutations", "stderr": null, "errorDetails": null, "skippedMessage": null}, {"skipped": false, "errorStackTrace": null, "duration": 6.726, "name": "test_range_with_remove", "age": 0, "failedSince": 0, "status": "PASSED", "testActions": [], "stdout": null, "className": "thrift_tests.TestMutations", "stderr": null, "errorDetails": null, "skippedMessage": null}, {"skipped": false, "errorStackTrace": null, "duration": 22.892, "name": "test_data_change_impacting_later_page", "age": 0, "failedSince": 0, "status": "PASSED", "testActions": [], "stdout": null, "className": "paging_test.TestPagingDatasetChanges", "stderr": null, "errorDetails": null, "skippedMessage": null}, {"skipped": false, "errorStackTrace": null, "duration": 20.835, "name": "test_with_equal_results_to_page_size", "age": 0, "failedSince": 0, "status": "PASSED", "testActions": [], "stdout": null, "className": "paging_test.TestPagingSize", "stderr": null, "errorDetails": null, "skippedMessage": null}, {"skipped": false, "errorStackTrace": null, "duration": 20.661, "name": "test_paging_with_in_orderby_and_two_partition_keys", "age": 0, "failedSince": 0, "status": "PASSED", "testActions": [], "stdout": null, "className": "paging_test.TestPagingData", "stderr": null, "errorDetails": null, "skippedMessage": null}, {"skipped": false, "errorStackTrace": null, "duration": 23.332, "name": "test_decommission_after_drain_is_invalid", "age": 0, "failedSince": 0, "status": "PASSED", "testActions": [], "stdout": null, "className": "nodetool_test.TestNodetool", "stderr": null, "errorDetails": null, "skippedMessage": null}, {"skipped": false, "errorStackTrace": null, "duration": 16.298, "name": "conditional_create_drop_user_test", "age": 0, "failedSince": 0, "status": "PASSED", "testActions": [], "stdout": null, "className": "auth_test.TestAuth", "stderr": null, "errorDetails": null, "skippedMessage": null}, {"skipped": false, "errorStackTrace": null, "duration": 16.147, "name": "user_cant_drop_themselves_test", "age": 0, "failedSince": 0, "status": "PASSED", "testActions": [], "stdout": null, "className": "auth_test.TestAuth", "stderr": null, "errorDetails": null, "skippedMessage": null}, {"skipped": false, "errorStackTrace": null, "duration": 14.095, "name": "cfid_test", "age": 0, "failedSince": 0, "status": "PASSED", "testActions": [], "stdout": null, "className": "cfid_test.TestCFID", "stderr": null, "errorDetails": null, "skippedMessage": null}, {"skipped": false, "errorStackTrace": null, "duration": 9.372, "name": "simple_schema_test", "age": 0, "failedSince": 0, "status": "PASSED", "testActions": [], "stdout": null, "className": "json_test.JsonFullRowInsertSelect", "stderr": null, "errorDetails": null, "skippedMessage": null}, {"skipped": false, "errorStackTrace": "  File \"/usr/lib/python2.7/unittest/case.py\", line 329, in run\n    testMethod()\n  File \"/home/automaton/cassandra-dtest/cqlsh_tests/cqlsh_copy_tests.py\", line 749, in test_all_datatypes_round_trip\n    assert len(imported_results) == 1\n'\\n-------------------- >> begin captured logging << --------------------\\ndtest: DEBUG: cluster ccm directory: /mnt/tmp/dtest-3E1ntL\\ndtest: DEBUG: Exporting to csv file: /mnt/tmp/tmpJZCChx\\n--------------------- >> end captured logging << ---------------------'", "duration": 7.118, "name": "test_all_datatypes_round_trip", "age": 13, "failedSince": 316, "status": "FAILED", "testActions": [], "stdout": "(EE)  (EE)  <stdin>:2:(EE)  'QueryMessage' object has no attribute 'to_binary'(EE)  <stdin>:2:Aborting import at record #1. Previously inserted records are still present, and some records after that may be present as well.(EE)  ", "className": "cqlsh_tests.cqlsh_copy_tests.CqlshCopyTest", "stderr": null, "errorDetails": "\n-------------------- >> begin captured logging << --------------------\ndtest: DEBUG: cluster ccm directory: /mnt/tmp/dtest-3E1ntL\ndtest: DEBUG: Exporting to csv file: /mnt/tmp/tmpJZCChx\n--------------------- >> end captured logging << ---------------------", "skippedMessage": null}, {"skipped": false, "errorStackTrace": null, "duration": 7.953, "name": "test_tuple_data", "age": 0, "failedSince": 0, "status": "PASSED", "testActions": [], "stdout": "(EE)  ", "className": "cqlsh_tests.cqlsh_copy_tests.CqlshCopyTest", "stderr": null, "errorDetails": null, "skippedMessage": null}, {"skipped": false, "errorStackTrace": null, "duration": 6.693, "name": "test_quoted_column_names_writing_specify_names", "age": 0, "failedSince": 0, "status": "PASSED", "testActions": [], "stdout": "(EE)  ", "className": "cqlsh_tests.cqlsh_copy_tests.CqlshCopyTest", "stderr": null, "errorDetails": null, "skippedMessage": null}, {"skipped": false, "errorStackTrace": null, "duration": 7.226, "name": "test_source_glass", "age": 0, "failedSince": 0, "status": "PASSED", "testActions": [], "stdout": "(EE)  ", "className": "cqlsh_tests.cqlsh_tests.TestCqlsh", "stderr": null, "errorDetails": null, "skippedMessage": null}, {"skipped": false, "errorStackTrace": null, "duration": 6.76, "name": "test_insert", "age": 0, "failedSince": 0, "status": "PASSED", "testActions": [], "stdout": "(EE)  ", "className": "cqlsh_tests.cqlsh_tests.CqlshSmokeTest", "stderr": null, "errorDetails": null, "skippedMessage": null}, {"skipped": false, "errorStackTrace": null, "duration": 6.894, "name": "unlogged_batch_rejects_counter_mutations_test", "age": 0, "failedSince": 0, "status": "PASSED", "testActions": [], "stdout": null, "className": "batch_test.TestBatch", "stderr": null, "errorDetails": null, "skippedMessage": null}, {"skipped": false, "errorStackTrace": null, "duration": 6.907, "name": "each_statement_in_batch_uses_proper_timestamp_test", "age": 0, "failedSince": 0, "status": "PASSED", "testActions": [], "stdout": null, "className": "batch_test.TestBatch", "stderr": null, "errorDetails": null, "skippedMessage": null}, {"skipped": false, "errorStackTrace": null, "duration": 6.407, "name": "cql3_insert_thrift_test", "age": 0, "failedSince": 0, "status": "PASSED", "testActions": [], "stdout": null, "className": "cql_tests.MiscellaneousCQLTester", "stderr": null, "errorDetails": null, "skippedMessage": null}, {"skipped": false, "errorStackTrace": null, "duration": 6.861, "name": "uda_test", "age": 0, "failedSince": 0, "status": "PASSED", "testActions": [], "stdout": null, "className": "schema_metadata_test.TestSchemaMetadata", "stderr": null, "errorDetails": null, "skippedMessage": null}, {"skipped": false, "errorStackTrace": null, "duration": 418.501, "name": "local_quorum_bootstrap_test", "age": 0, "failedSince": 0, "status": "PASSED", "testActions": [], "stdout": null, "className": "bootstrap_test.TestBootstrap", "stderr": null, "errorDetails": null, "skippedMessage": null}, {"skipped": false, "errorStackTrace": null, "duration": 155.513, "name": "replace_first_boot_test", "age": 0, "failedSince": 0, "status": "PASSED", "testActions": [], "stdout": null, "className": "replace_address_test.TestReplaceAddress", "stderr": null, "errorDetails": null, "skippedMessage": null}, {"skipped": false, "errorStackTrace": null, "duration": 97.871, "name": "test_network_topology_strategy_counters", "age": 0, "failedSince": 0, "status": "PASSED", "testActions": [], "stdout": null, "className": "consistency_test.TestAccuracy", "stderr": null, "errorDetails": null, "skippedMessage": null}, {"skipped": false, "errorStackTrace": "  File \"/usr/lib/python2.7/unittest/case.py\", line 329, in run\n    testMethod()\n  File \"/home/automaton/cassandra-dtest/concurrent_schema_changes_test.py\", line 240, in create_lots_of_indexes_concurrently_test\n    self.assertEqual(1, len(session.execute(\"select * from base_{0} where c2 = {1}\".format(n, ins))))\n  File \"cassandra/cluster.py\", line 1623, in cassandra.cluster.Session.execute (cassandra/cluster.c:27566)\n    result = future.result()\n  File \"cassandra/cluster.py\", line 3205, in cassandra.cluster.ResponseFuture.result (cassandra/cluster.c:61306)\n    raise self._final_exception\n'code=1300 [Replica(s) failed to execute read] message=\"Operation failed - received 0 responses and 1 failures\" info={\\'failures\\': 1, \\'received_responses\\': 0, \\'required_responses\\': 1, \\'consistency\\': \\'ONE\\'}\\n-------------------- >> begin captured logging << --------------------\\ndtest: DEBUG: cluster ccm directory: /mnt/tmp/dtest-aWz7jP\\ndtest: DEBUG: creating indexes\\ndtest: DEBUG: validating schema and index list\\ndtest: DEBUG: validate_schema_consistent() node1\\ndtest: DEBUG: validate_schema_consistent() node2\\ndtest: DEBUG: waiting for indexes to fill in\\ndtest: DEBUG: querying all values by secondary index\\n--------------------- >> end captured logging << ---------------------'", "duration": 108.667, "name": "create_lots_of_indexes_concurrently_test", "age": 1, "failedSince": 328, "status": "REGRESSION", "testActions": [], "stdout": null, "className": "concurrent_schema_changes_test.TestConcurrentSchemaChanges", "stderr": null, "errorDetails": "code=1300 [Replica(s) failed to execute read] message=\"Operation failed - received 0 responses and 1 failures\" info={'failures': 1, 'received_responses': 0, 'required_responses': 1, 'consistency': 'ONE'}\n-------------------- >> begin captured logging << --------------------\ndtest: DEBUG: cluster ccm directory: /mnt/tmp/dtest-aWz7jP\ndtest: DEBUG: creating indexes\ndtest: DEBUG: validating schema and index list\ndtest: DEBUG: validate_schema_consistent() node1\ndtest: DEBUG: validate_schema_consistent() node2\ndtest: DEBUG: waiting for indexes to fill in\ndtest: DEBUG: querying all values by secondary index\n--------------------- >> end captured logging << ---------------------", "skippedMessage": null}, {"skipped": false, "errorStackTrace": null, "duration": 79.781, "name": "sstableloader_compression_snappy_to_deflate_test", "age": 0, "failedSince": 0, "status": "PASSED", "testActions": [], "stdout": null, "className": "sstable_generation_loading_test.TestSSTableGenerationAndLoading", "stderr": null, "errorDetails": null, "skippedMessage": null}, {"skipped": false, "errorStackTrace": null, "duration": 75.316, "name": "test_refresh_schema_on_timeout_error", "age": 0, "failedSince": 0, "status": "PASSED", "testActions": [], "stdout": null, "className": "cqlsh_tests.cqlsh_tests.TestCqlsh", "stderr": null, "errorDetails": null, "skippedMessage": null}, {"skipped": false, "errorStackTrace": null, "duration": 5.911, "name": "test_connect_timeout", "age": 0, "failedSince": 0, "status": "PASSED", "testActions": [], "stdout": null, "className": "cqlsh_tests.cqlsh_tests.TestCqlsh", "stderr": null, "errorDetails": null, "skippedMessage": null}, {"skipped": false, "errorStackTrace": null, "duration": 17.158, "name": "test_login_rejects_bad_pass", "age": 0, "failedSince": 0, "status": "PASSED", "testActions": [], "stdout": "(EE)  <stdin>:2:('Unable to connect to any servers', {'127.0.0.1': AuthenticationFailed(u'Failed to authenticate to 127.0.0.1: code=0100 [Bad credentials] message=\"Username and/or password are incorrect\"',)})(EE)  ", "className": "cqlsh_tests.cqlsh_tests.CqlLoginTest", "stderr": null, "errorDetails": null, "skippedMessage": null}, {"skipped": false, "errorStackTrace": "  File \"/usr/lib/python2.7/unittest/case.py\", line 329, in run\n    testMethod()\n  File \"/home/automaton/cassandra-dtest/cqlsh_tests/cqlsh_copy_tests.py\", line 419, in test_reading_use_header\n    [tuple(r) for r in rows_to_list(result)])\n  File \"/usr/lib/python2.7/unittest/case.py\", line 901, in assertItemsEqual\n    self.fail(msg)\n  File \"/usr/lib/python2.7/unittest/case.py\", line 410, in fail\n    raise self.failureException(msg)\n'Element counts were not equal:\\nFirst has 1, Second has 0:  (1, 20)\\nFirst has 1, Second has 0:  (2, 40)\\nFirst has 1, Second has 0:  (3, 60)\\nFirst has 1, Second has 0:  (4, 80)\\n-------------------- >> begin captured logging << --------------------\\ndtest: DEBUG: cluster ccm directory: /mnt/tmp/dtest-n4y930\\n--------------------- >> end captured logging << ---------------------'", "duration": 6.609, "name": "test_reading_use_header", "age": 4, "failedSince": 325, "status": "FAILED", "testActions": [], "stdout": "(EE)  <stdin>:2:(EE)  'QueryMessage' object has no attribute 'to_binary'(EE)  <stdin>:2:Aborting import at record #3. Previously inserted records are still present, and some records after that may be present as well.(EE)  ", "className": "cqlsh_tests.cqlsh_copy_tests.CqlshCopyTest", "stderr": null, "errorDetails": "Element counts were not equal:\nFirst has 1, Second has 0:  (1, 20)\nFirst has 1, Second has 0:  (2, 40)\nFirst has 1, Second has 0:  (3, 60)\nFirst has 1, Second has 0:  (4, 80)\n-------------------- >> begin captured logging << --------------------\ndtest: DEBUG: cluster ccm directory: /mnt/tmp/dtest-n4y930\n--------------------- >> end captured logging << ---------------------", "skippedMessage": null}, {"skipped": false, "errorStackTrace": "  File \"/usr/lib/python2.7/unittest/case.py\", line 329, in run\n    testMethod()\n  File \"/home/automaton/cassandra-dtest/cqlsh_tests/cqlsh_copy_tests.py\", line 715, in test_all_datatypes_read\n    self.assertCsvResultEqual(self.tempfile.name, results)\n  File \"/home/automaton/cassandra-dtest/cqlsh_tests/cqlsh_copy_tests.py\", line 167, in assertCsvResultEqual\n    raise e\n\"Element counts were not equal:\\nFirst has 1, Second has 0:  ['ascii', '1099511627776', '0xbeef', 'True', '3.140000000000000124344978758017532527446746826171875', '2.444', '1.1', '127.0.0.1', '25', '\\\\xe3\\\\x83\\\\xbd(\\\\xc2\\\\xb4\\\\xe3\\\\x83\\\\xbc\\\\xef\\\\xbd\\\\x80)\\\\xe3\\\\x83\\\\x8e', '2005-07-14 12:30:00', 'a983fd20-7198-11e5-9dda-0a84cdbf2e3f', 'c76a7809-e519-4b0a-87a7-3cb890daaa03', 'asdf', '36893488147419103232']\\n-------------------- >> begin captured logging << --------------------\\ndtest: DEBUG: cluster ccm directory: /mnt/tmp/dtest-HSlrJ_\\ndtest: DEBUG: Importing from csv file: /mnt/tmp/tmpOnNcMn\\ndtest: WARNING: Different # of entries. CSV: 1 vs results: 0\\n--------------------- >> end captured logging << ---------------------\"", "duration": 6.72, "name": "test_all_datatypes_read", "age": 13, "failedSince": 316, "status": "FAILED", "testActions": [], "stdout": "(EE)  <stdin>:2:(EE)  'QueryMessage' object has no attribute 'to_binary'(EE)  <stdin>:2:Aborting import at record #1. Previously inserted records are still present, and some records after that may be present as well.(EE)  ", "className": "cqlsh_tests.cqlsh_copy_tests.CqlshCopyTest", "stderr": null, "errorDetails": "Element counts were not equal:\nFirst has 1, Second has 0:  ['ascii', '1099511627776', '0xbeef', 'True', '3.140000000000000124344978758017532527446746826171875', '2.444', '1.1', '127.0.0.1', '25', '\\xe3\\x83\\xbd(\\xc2\\xb4\\xe3\\x83\\xbc\\xef\\xbd\\x80)\\xe3\\x83\\x8e', '2005-07-14 12:30:00', 'a983fd20-7198-11e5-9dda-0a84cdbf2e3f', 'c76a7809-e519-4b0a-87a7-3cb890daaa03', 'asdf', '36893488147419103232']\n-------------------- >> begin captured logging << --------------------\ndtest: DEBUG: cluster ccm directory: /mnt/tmp/dtest-HSlrJ_\ndtest: DEBUG: Importing from csv file: /mnt/tmp/tmpOnNcMn\ndtest: WARNING: Different # of entries. CSV: 1 vs results: 0\n--------------------- >> end captured logging << ---------------------", "skippedMessage": null}, {"skipped": false, "errorStackTrace": null, "duration": 6.492, "name": "test_all_datatypes_write", "age": 0, "failedSince": 0, "status": "PASSED", "testActions": [], "stdout": "(EE)  ", "className": "cqlsh_tests.cqlsh_copy_tests.CqlshCopyTest", "stderr": null, "errorDetails": null, "skippedMessage": null}, {"skipped": false, "errorStackTrace": null, "duration": 53.946, "name": "default_compressed_segment_size_test", "age": 0, "failedSince": 0, "status": "PASSED", "testActions": [], "stdout": null, "className": "commitlog_test.TestCommitLog", "stderr": null, "errorDetails": null, "skippedMessage": null}, {"skipped": false, "errorStackTrace": null, "duration": 19.394, "name": "die_failure_policy_test", "age": 0, "failedSince": 0, "status": "PASSED", "testActions": [], "stdout": null, "className": "commitlog_test.TestCommitLog", "stderr": null, "errorDetails": null, "skippedMessage": null}, {"skipped": false, "errorStackTrace": null, "duration": 50.378, "name": "test_6924_dropping_cf", "age": 0, "failedSince": 0, "status": "PASSED", "testActions": [], "stdout": null, "className": "secondary_indexes_test.TestSecondaryIndexes", "stderr": null, "errorDetails": null, "skippedMessage": null}, {"skipped": false, "errorStackTrace": null, "duration": 46.719, "name": "test_paging_across_multi_wide_rows", "age": 0, "failedSince": 0, "status": "PASSED", "testActions": [], "stdout": null, "className": "paging_test.TestPagingData", "stderr": null, "errorDetails": null, "skippedMessage": null}, {"skipped": false, "errorStackTrace": null, "duration": 38.543, "name": "compaction_strategy_switching_test", "age": 0, "failedSince": 0, "status": "PASSED", "testActions": [], "stdout": null, "className": "compaction_test.TestCompaction_with_DateTieredCompactionStrategy", "stderr": null, "errorDetails": null, "skippedMessage": null}, {"skipped": false, "errorStackTrace": null, "duration": 23.125, "name": "disable_autocompaction_nodetool_test", "age": 0, "failedSince": 0, "status": "PASSED", "testActions": [], "stdout": null, "className": "compaction_test.TestCompaction_with_DateTieredCompactionStrategy", "stderr": null, "errorDetails": null, "skippedMessage": null}, {"skipped": false, "errorStackTrace": null, "duration": 32.193, "name": "putget_test", "age": 0, "failedSince": 0, "status": "PASSED", "testActions": [], "stdout": null, "className": "putget_test.TestPutGet", "stderr": null, "errorDetails": null, "skippedMessage": null}, {"skipped": false, "errorStackTrace": null, "duration": 26.35, "name": "non_local_read_test", "age": 0, "failedSince": 0, "status": "PASSED", "testActions": [], "stdout": null, "className": "putget_test.TestPutGet", "stderr": null, "errorDetails": null, "skippedMessage": null}, {"skipped": false, "errorStackTrace": null, "duration": 26.759, "name": "logged_batch_doesnt_throw_uae_test", "age": 0, "failedSince": 0, "status": "PASSED", "testActions": [], "stdout": null, "className": "batch_test.TestBatch", "stderr": null, "errorDetails": null, "skippedMessage": null}, {"skipped": false, "errorStackTrace": null, "duration": 6.569, "name": "logged_batch_rejects_counter_mutations_test", "age": 0, "failedSince": 0, "status": "PASSED", "testActions": [], "stdout": null, "className": "batch_test.TestBatch", "stderr": null, "errorDetails": null, "skippedMessage": null}, {"skipped": false, "errorStackTrace": null, "duration": 23.085, "name": "test_nested_type_dropping", "age": 0, "failedSince": 0, "status": "PASSED", "testActions": [], "stdout": null, "className": "user_types_test.TestUserTypes", "stderr": null, "errorDetails": null, "skippedMessage": null}, {"skipped": false, "errorStackTrace": null, "duration": 18.207, "name": "collection_list_ttl_test", "age": 0, "failedSince": 0, "status": "PASSED", "testActions": [], "stdout": null, "className": "ttl_test.TestTTL", "stderr": null, "errorDetails": null, "skippedMessage": null}, {"skipped": false, "errorStackTrace": null, "duration": 16.008, "name": "update_column_ttl_with_default_ttl_test", "age": 0, "failedSince": 0, "status": "PASSED", "testActions": [], "stdout": null, "className": "ttl_test.TestTTL", "stderr": null, "errorDetails": null, "skippedMessage": null}, {"skipped": false, "errorStackTrace": null, "duration": 13.606, "name": "ghosts_test", "age": 0, "failedSince": 0, "status": "PASSED", "testActions": [], "stdout": null, "className": "range_ghost_test.TestRangeGhosts", "stderr": null, "errorDetails": null, "skippedMessage": null}, {"skipped": false, "errorStackTrace": null, "duration": 9.377, "name": "test_simple_expiration", "age": 0, "failedSince": 0, "status": "PASSED", "testActions": [], "stdout": null, "className": "thrift_tests.TestMutations", "stderr": null, "errorDetails": null, "skippedMessage": null}, {"skipped": false, "errorStackTrace": null, "duration": 7.878, "name": "test_update_expiring", "age": 0, "failedSince": 0, "status": "PASSED", "testActions": [], "stdout": null, "className": "thrift_tests.TestMutations", "stderr": null, "errorDetails": null, "skippedMessage": null}, {"skipped": false, "errorStackTrace": null, "duration": 7.083, "name": "test_system_column_family_operations", "age": 0, "failedSince": 0, "status": "PASSED", "testActions": [], "stdout": null, "className": "thrift_tests.TestMutations", "stderr": null, "errorDetails": null, "skippedMessage": null}, {"skipped": false, "errorStackTrace": null, "duration": 6.553, "name": "test_create_then_drop_ks", "age": 0, "failedSince": 0, "status": "PASSED", "testActions": [], "stdout": null, "className": "thrift_tests.TestMutations", "stderr": null, "errorDetails": null, "skippedMessage": null}, {"skipped": false, "errorStackTrace": null, "duration": 6.405, "name": "test_long_remove", "age": 0, "failedSince": 0, "status": "PASSED", "testActions": [], "stdout": null, "className": "thrift_tests.TestMutations", "stderr": null, "errorDetails": null, "skippedMessage": null}, {"skipped": false, "errorStackTrace": null, "duration": 6.482, "name": "test_super_reinsert", "age": 0, "failedSince": 0, "status": "PASSED", "testActions": [], "stdout": null, "className": "thrift_tests.TestMutations", "stderr": null, "errorDetails": null, "skippedMessage": null}, {"skipped": false, "errorStackTrace": null, "duration": 6.396, "name": "test_range_deletion", "age": 0, "failedSince": 0, "status": "PASSED", "testActions": [], "stdout": null, "className": "thrift_tests.TestMutations", "stderr": null, "errorDetails": null, "skippedMessage": null}, {"skipped": false, "errorStackTrace": null, "duration": 6.369, "name": "test_get_range_slice", "age": 0, "failedSince": 0, "status": "PASSED", "testActions": [], "stdout": null, "className": "thrift_tests.TestMutations", "stderr": null, "errorDetails": null, "skippedMessage": null}, {"skipped": false, "errorStackTrace": null, "duration": 7.84, "name": "basic_data_types_test", "age": 0, "failedSince": 0, "status": "PASSED", "testActions": [], "stdout": null, "className": "json_test.ToJsonSelectTests", "stderr": null, "errorDetails": null, "skippedMessage": null}, {"skipped": false, "errorStackTrace": null, "duration": 6.383, "name": "dropped_index_test", "age": 0, "failedSince": 0, "status": "PASSED", "testActions": [], "stdout": "Number of matching rows: 10\nExecuting prepared statement with dropped index...\ncode=2200 [Invalid query] message=\"No secondary indexes on the restricted columns support the provided operators: \"\n", "className": "prepared_statements_test.TestPreparedStatements", "stderr": null, "errorDetails": null, "skippedMessage": null}, {"skipped": false, "errorStackTrace": null, "duration": 6.417, "name": "creating_and_dropping_user_types_test", "age": 0, "failedSince": 0, "status": "PASSED", "testActions": [], "stdout": null, "className": "schema_metadata_test.TestSchemaMetadata", "stderr": null, "errorDetails": null, "skippedMessage": null}, {"skipped": false, "errorStackTrace": null, "duration": 5.987, "name": "compact_storage_test", "age": 0, "failedSince": 0, "status": "PASSED", "testActions": [], "stdout": null, "className": "schema_metadata_test.TestSchemaMetadata", "stderr": null, "errorDetails": null, "skippedMessage": null}, {"skipped": false, "errorStackTrace": null, "duration": 182.637, "name": "decommissioned_wiped_node_can_join_test", "age": 0, "failedSince": 0, "status": "PASSED", "testActions": [], "stdout": null, "className": "bootstrap_test.TestBootstrap", "stderr": null, "errorDetails": null, "skippedMessage": null}, {"skipped": false, "errorStackTrace": null, "duration": 197.243, "name": "local_dc_repair_test", "age": 0, "failedSince": 0, "status": "PASSED", "testActions": [], "stdout": null, "className": "repair_test.TestRepair", "stderr": null, "errorDetails": null, "skippedMessage": null}, {"skipped": false, "errorStackTrace": null, "duration": 80.14, "name": "empty_vs_gcable_parallel_repair_test", "age": 0, "failedSince": 0, "status": "PASSED", "testActions": [], "stdout": null, "className": "repair_test.TestRepair", "stderr": null, "errorDetails": null, "skippedMessage": null}, {"skipped": false, "errorStackTrace": null, "duration": 130.78, "name": "replace_stopped_node_test", "age": 0, "failedSince": 0, "status": "PASSED", "testActions": [], "stdout": null, "className": "replace_address_test.TestReplaceAddress", "stderr": null, "errorDetails": null, "skippedMessage": null}, {"skipped": false, "errorStackTrace": null, "duration": 85.947, "name": "test_rf_collapse_gossiping_property_file_snitch_multi_dc", "age": 0, "failedSince": 0, "status": "PASSED", "testActions": [], "stdout": null, "className": "replication_test.SnitchConfigurationUpdateTest", "stderr": null, "errorDetails": null, "skippedMessage": null}, {"skipped": false, "errorStackTrace": null, "duration": 75.528, "name": "test_rf_collapse_property_file_snitch", "age": 0, "failedSince": 0, "status": "PASSED", "testActions": [], "stdout": null, "className": "replication_test.SnitchConfigurationUpdateTest", "stderr": null, "errorDetails": null, "skippedMessage": null}, {"skipped": false, "errorStackTrace": null, "duration": 79.68, "name": "test_archive_commitlog", "age": 0, "failedSince": 0, "status": "PASSED", "testActions": [], "stdout": null, "className": "snapshot_test.TestArchiveCommitlog", "stderr": null, "errorDetails": null, "skippedMessage": null}, {"skipped": false, "errorStackTrace": null, "duration": 57.169, "name": "test_query_isolation", "age": 0, "failedSince": 0, "status": "PASSED", "testActions": [], "stdout": null, "className": "paging_test.TestPagingQueryIsolation", "stderr": null, "errorDetails": null, "skippedMessage": null}, {"skipped": false, "errorStackTrace": null, "duration": 42.313, "name": "test_undefined_page_size_default", "age": 0, "failedSince": 0, "status": "PASSED", "testActions": [], "stdout": null, "className": "paging_test.TestPagingSize", "stderr": null, "errorDetails": null, "skippedMessage": null}, {"skipped": false, "errorStackTrace": null, "duration": 25.93, "name": "test_single_cell_deletions", "age": 0, "failedSince": 0, "status": "PASSED", "testActions": [], "stdout": null, "className": "paging_test.TestPagingWithDeletions", "stderr": null, "errorDetails": null, "skippedMessage": null}, {"skipped": false, "errorStackTrace": null, "duration": 24.738, "name": "test_multiple_cell_deletions", "age": 0, "failedSince": 0, "status": "PASSED", "testActions": [], "stdout": null, "className": "paging_test.TestPagingWithDeletions", "stderr": null, "errorDetails": null, "skippedMessage": null}, {"skipped": false, "errorStackTrace": null, "duration": 21.912, "name": "test_with_order_by", "age": 0, "failedSince": 0, "status": "PASSED", "testActions": [], "stdout": null, "className": "paging_test.TestPagingWithModifiers", "stderr": null, "errorDetails": null, "skippedMessage": null}, {"skipped": false, "errorStackTrace": null, "duration": 56.608, "name": "test_counter", "age": 0, "failedSince": 0, "status": "PASSED", "testActions": [], "stdout": null, "className": "write_failures_test.TestWriteFailures", "stderr": null, "errorDetails": null, "skippedMessage": null}, {"skipped": false, "errorStackTrace": null, "duration": 36.667, "name": "login_test", "age": 0, "failedSince": 0, "status": "PASSED", "testActions": [], "stdout": null, "className": "auth_test.TestAuth", "stderr": null, "errorDetails": null, "skippedMessage": null}, {"skipped": false, "errorStackTrace": null, "duration": 16.934, "name": "drop_cf_auth_test", "age": 0, "failedSince": 0, "status": "PASSED", "testActions": [], "stdout": null, "className": "auth_test.TestAuth", "stderr": null, "errorDetails": null, "skippedMessage": null}, {"skipped": false, "errorStackTrace": null, "duration": 16.366, "name": "grant_revoke_validation_test", "age": 0, "failedSince": 0, "status": "PASSED", "testActions": [], "stdout": null, "className": "auth_test.TestAuth", "stderr": null, "errorDetails": null, "skippedMessage": null}, {"skipped": false, "errorStackTrace": null, "duration": 31.772, "name": "putget_snappy_test", "age": 0, "failedSince": 0, "status": "PASSED", "testActions": [], "stdout": null, "className": "putget_test.TestPutGet", "stderr": null, "errorDetails": null, "skippedMessage": null}, {"skipped": false, "errorStackTrace": null, "duration": 26.422, "name": "test_incr_standard_remove", "age": 0, "failedSince": 0, "status": "PASSED", "testActions": [], "stdout": null, "className": "thrift_tests.TestMutations", "stderr": null, "errorDetails": null, "skippedMessage": null}, {"skipped": false, "errorStackTrace": null, "duration": 6.54, "name": "test_incr_decr_standard_muliget_slice", "age": 0, "failedSince": 0, "status": "PASSED", "testActions": [], "stdout": null, "className": "thrift_tests.TestMutations", "stderr": null, "errorDetails": null, "skippedMessage": null}, {"skipped": false, "errorStackTrace": null, "duration": 6.623, "name": "test_range_collation", "age": 0, "failedSince": 0, "status": "PASSED", "testActions": [], "stdout": null, "className": "thrift_tests.TestMutations", "stderr": null, "errorDetails": null, "skippedMessage": null}, {"skipped": false, "errorStackTrace": null, "duration": 6.467, "name": "test_super_insert", "age": 0, "failedSince": 0, "status": "PASSED", "testActions": [], "stdout": null, "className": "thrift_tests.TestMutations", "stderr": null, "errorDetails": null, "skippedMessage": null}, {"skipped": false, "errorStackTrace": null, "duration": 6.261, "name": "test_batch_insert_super_blocking", "age": 0, "failedSince": 0, "status": "PASSED", "testActions": [], "stdout": null, "className": "thrift_tests.TestMutations", "stderr": null, "errorDetails": null, "skippedMessage": null}, {"skipped": false, "errorStackTrace": null, "duration": 20.354, "name": "force_repair_async_2_test", "age": 0, "failedSince": 0, "status": "PASSED", "testActions": [], "stdout": null, "className": "deprecated_repair_test.TestDeprecatedRepairAPI", "stderr": null, "errorDetails": null, "skippedMessage": null}, {"skipped": false, "errorStackTrace": null, "duration": 18.546, "name": "test_standalone_scrub_essential_files_only", "age": 0, "failedSince": 0, "status": "PASSED", "testActions": [], "stdout": null, "className": "scrub_test.TestScrub", "stderr": null, "errorDetails": null, "skippedMessage": null}, {"skipped": false, "errorStackTrace": null, "duration": 12.549, "name": "sstableexpiredblockers_test", "age": 0, "failedSince": 0, "status": "PASSED", "testActions": [], "stdout": null, "className": "offline_tools_test.TestOfflineTools", "stderr": null, "errorDetails": null, "skippedMessage": null}, {"skipped": false, "errorStackTrace": null, "duration": 10.032, "name": "sstable_deletion_test", "age": 0, "failedSince": 0, "status": "PASSED", "testActions": [], "stdout": null, "className": "compaction_test.TestCompaction_with_SizeTieredCompactionStrategy", "stderr": null, "errorDetails": null, "skippedMessage": null}, {"skipped": false, "errorStackTrace": null, "duration": 7.949, "name": "select_using_secondary_index_test", "age": 0, "failedSince": 0, "status": "PASSED", "testActions": [], "stdout": null, "className": "json_test.FromJsonSelectTests", "stderr": null, "errorDetails": null, "skippedMessage": null}, {"skipped": false, "errorStackTrace": null, "duration": 7.585, "name": "tracing_from_system_traces_test", "age": 0, "failedSince": 0, "status": "PASSED", "testActions": [], "stdout": null, "className": "cqlsh_tests.cqlsh_tests.TestCqlsh", "stderr": null, "errorDetails": null, "skippedMessage": null}, {"skipped": false, "errorStackTrace": null, "duration": 6.848, "name": "test_int_values", "age": 0, "failedSince": 0, "status": "PASSED", "testActions": [], "stdout": null, "className": "cqlsh_tests.cqlsh_tests.TestCqlsh", "stderr": null, "errorDetails": null, "skippedMessage": null}, {"skipped": false, "errorStackTrace": null, "duration": 21.526, "name": "test_colon_delimiter", "age": 0, "failedSince": 0, "status": "PASSED", "testActions": [], "stdout": "(EE)  ", "className": "cqlsh_tests.cqlsh_copy_tests.CqlshCopyTest", "stderr": null, "errorDetails": null, "skippedMessage": null}, {"skipped": false, "errorStackTrace": "  File \"/usr/lib/python2.7/unittest/case.py\", line 329, in run\n    testMethod()\n  File \"/home/automaton/cassandra-dtest/cqlsh_tests/cqlsh_copy_tests.py\", line 648, in test_read_invalid_float\n    self.data_validation_on_read_template(2.14, expect_invalid=True)\n  File \"/home/automaton/cassandra-dtest/cqlsh_tests/cqlsh_copy_tests.py\", line 628, in data_validation_on_read_template\n    self.assertRegexpMatches('Bad [Rr]equest', err)\n  File \"/usr/lib/python2.7/unittest/case.py\", line 1002, in assertRegexpMatches\n    raise self.failureException(msg)\n'Regexp didn\\'t match: \"<stdin>:2:\\\\n\\'QueryMessage\\' object has no attribute \\'to_binary\\'\\\\n<stdin>:2:Aborting import at record #1. Previously inserted records are still present, and some records after that may be present as well.\\\\n\" not found in \\'Bad [Rr]equest\\'\\n-------------------- >> begin captured logging << --------------------\\ndtest: DEBUG: cluster ccm directory: /mnt/tmp/dtest-dnVn_v\\n--------------------- >> end captured logging << ---------------------'", "duration": 6.672, "name": "test_read_invalid_float", "age": 4, "failedSince": 325, "status": "FAILED", "testActions": [], "stdout": "(EE)  <stdin>:2:(EE)  'QueryMessage' object has no attribute 'to_binary'(EE)  <stdin>:2:Aborting import at record #1. Previously inserted records are still present, and some records after that may be present as well.(EE)  ", "className": "cqlsh_tests.cqlsh_copy_tests.CqlshCopyTest", "stderr": null, "errorDetails": "Regexp didn't match: \"<stdin>:2:\\n'QueryMessage' object has no attribute 'to_binary'\\n<stdin>:2:Aborting import at record #1. Previously inserted records are still present, and some records after that may be present as well.\\n\" not found in 'Bad [Rr]equest'\n-------------------- >> begin captured logging << --------------------\ndtest: DEBUG: cluster ccm directory: /mnt/tmp/dtest-dnVn_v\n--------------------- >> end captured logging << ---------------------", "skippedMessage": null}, {"skipped": false, "errorStackTrace": null, "duration": 6.755, "name": "test_drop_keyspace", "age": 0, "failedSince": 0, "status": "PASSED", "testActions": [], "stdout": "(EE)  ", "className": "cqlsh_tests.cqlsh_tests.CqlshSmokeTest", "stderr": null, "errorDetails": null, "skippedMessage": null}, {"skipped": false, "errorStackTrace": null, "duration": 6.597, "name": "test_update", "age": 0, "failedSince": 0, "status": "PASSED", "testActions": [], "stdout": "(EE)  ", "className": "cqlsh_tests.cqlsh_tests.CqlshSmokeTest", "stderr": null, "errorDetails": null, "skippedMessage": null}, {"skipped": false, "errorStackTrace": null, "duration": 6.627, "name": "bug3367_test", "age": 0, "failedSince": 0, "status": "PASSED", "testActions": [], "stdout": null, "className": "secondary_indexes_test.TestSecondaryIndexes", "stderr": null, "errorDetails": null, "skippedMessage": null}, {"skipped": false, "errorStackTrace": null, "duration": 6.017, "name": "compact_storage_composite_test", "age": 0, "failedSince": 0, "status": "PASSED", "testActions": [], "stdout": null, "className": "schema_metadata_test.TestSchemaMetadata", "stderr": null, "errorDetails": null, "skippedMessage": null}, {"skipped": false, "errorStackTrace": null, "duration": 6.063, "name": "test_user_type_isolation", "age": 0, "failedSince": 0, "status": "PASSED", "testActions": [], "stdout": null, "className": "user_types_test.TestUserTypes", "stderr": null, "errorDetails": null, "skippedMessage": null}, {"skipped": false, "errorStackTrace": null, "duration": 6.103, "name": "batch_test", "age": 0, "failedSince": 0, "status": "PASSED", "testActions": [], "stdout": null, "className": "cql_tests.StorageProxyCQLTester", "stderr": null, "errorDetails": null, "skippedMessage": null}, {"skipped": false, "errorStackTrace": null, "duration": 6.121, "name": "batch_preparation_test", "age": 0, "failedSince": 0, "status": "PASSED", "testActions": [], "stdout": null, "className": "cql_prepared_test.TestCQL", "stderr": null, "errorDetails": null, "skippedMessage": null}, {"skipped": false, "errorStackTrace": null, "duration": 466.46, "name": "single_file_split_test", "age": 0, "failedSince": 0, "status": "PASSED", "testActions": [], "stdout": "-- la-56-big-Data.db-----\n-- la-35-big-Data.db-----\n-- la-26-big-Data.db-----\n-- la-60-big-Data.db-----\n-- la-15-big-Data.db-----\n-- la-28-big-Data.db-----\n-- la-49-big-Data.db-----\n-- la-27-big-Data.db-----\n-- la-48-big-Data.db-----\n-- la-58-big-Data.db-----\n-- la-34-big-Data.db-----\n-- la-19-big-Data.db-----\n-- la-21-big-Data.db-----\n-- la-31-big-Data.db-----\n-- la-18-big-Data.db-----\n-- la-14-big-Data.db-----\n-- la-11-big-Data.db-----\n-- la-46-big-Data.db-----\n-- la-16-big-Data.db-----\n-- la-\n...[truncated 14 chars]...\n-----\n-- la-62-big-Data.db-----\n-- la-24-big-Data.db-----\n-- la-53-big-Data.db-----\n-- la-13-big-Data.db-----\n-- la-37-big-Data.db-----\n-- la-23-big-Data.db-----\n-- la-32-big-Data.db-----\n-- la-39-big-Data.db-----\n-- la-25-big-Data.db-----\n-- la-10-big-Data.db-----\n-- la-12-big-Data.db-----\n-- la-42-big-Data.db-----\n-- la-51-big-Data.db-----\n-- la-41-big-Data.db-----\n-- la-54-big-Data.db-----\n-- la-17-big-Data.db-----\n-- la-20-big-Data.db-----\n-- la-44-big-Data.db-----\n-- la-29-big-Data.db-----\n", "className": "sstablesplit_test.TestSSTableSplit", "stderr": null, "errorDetails": null, "skippedMessage": null}, {"skipped": false, "errorStackTrace": null, "duration": 130.667, "name": "simple_parallel_repair_test", "age": 0, "failedSince": 0, "status": "PASSED", "testActions": [], "stdout": null, "className": "repair_test.TestRepair", "stderr": null, "errorDetails": null, "skippedMessage": null}, {"skipped": false, "errorStackTrace": null, "duration": 89.603, "name": "test_archive_commitlog_point_in_time_with_active_commitlog", "age": 0, "failedSince": 0, "status": "PASSED", "testActions": [], "stdout": null, "className": "snapshot_test.TestArchiveCommitlog", "stderr": null, "errorDetails": null, "skippedMessage": null}, {"skipped": false, "errorStackTrace": null, "duration": 84.679, "name": "ignore_failure_policy_test", "age": 0, "failedSince": 0, "status": "PASSED", "testActions": [], "stdout": null, "className": "commitlog_test.TestCommitLog", "stderr": null, "errorDetails": null, "skippedMessage": null}, {"skipped": false, "errorStackTrace": null, "duration": 81.611, "name": "stop_commit_failure_policy_test", "age": 0, "failedSince": 0, "status": "PASSED", "testActions": [], "stdout": null, "className": "commitlog_test.TestCommitLog", "stderr": null, "errorDetails": null, "skippedMessage": null}, {"skipped": false, "errorStackTrace": null, "duration": 55.792, "name": "default_segment_size_test", "age": 0, "failedSince": 0, "status": "PASSED", "testActions": [], "stdout": null, "className": "commitlog_test.TestCommitLog", "stderr": null, "errorDetails": null, "skippedMessage": null}, {"skipped": false, "errorStackTrace": null, "duration": 21.189, "name": "stop_failure_policy_test", "age": 0, "failedSince": 0, "status": "PASSED", "testActions": [], "stdout": null, "className": "commitlog_test.TestCommitLog", "stderr": null, "errorDetails": null, "skippedMessage": null}, {"skipped": false, "errorStackTrace": null, "duration": 59.716, "name": "test_6924_dropping_ks", "age": 0, "failedSince": 0, "status": "PASSED", "testActions": [], "stdout": null, "className": "secondary_indexes_test.TestSecondaryIndexes", "stderr": null, "errorDetails": null, "skippedMessage": null}, {"skipped": false, "errorStackTrace": null, "duration": 50.365, "name": "test_simple_strategy", "age": 0, "failedSince": 0, "status": "PASSED", "testActions": [], "stdout": null, "className": "consistency_test.TestAvailability", "stderr": null, "errorDetails": null, "skippedMessage": null}, {"skipped": false, "errorStackTrace": null, "duration": 25.7, "name": "quorum_available_during_failure_test", "age": 0, "failedSince": 0, "status": "PASSED", "testActions": [], "stdout": null, "className": "consistency_test.TestConsistency", "stderr": null, "errorDetails": null, "skippedMessage": null}, {"skipped": false, "errorStackTrace": null, "duration": 42.69, "name": "rangeputget_test", "age": 0, "failedSince": 0, "status": "PASSED", "testActions": [], "stdout": null, "className": "putget_test.TestPutGet", "stderr": null, "errorDetails": null, "skippedMessage": null}, {"skipped": false, "errorStackTrace": null, "duration": 34.448, "name": "delete_insert_search_test", "age": 0, "failedSince": 0, "status": "PASSED", "testActions": [], "stdout": null, "className": "delete_insert_test.DeleteInsertTest", "stderr": null, "errorDetails": null, "skippedMessage": null}, {"skipped": false, "errorStackTrace": null, "duration": 32.03, "name": "test_standalone_scrub", "age": 0, "failedSince": 0, "status": "PASSED", "testActions": [], "stdout": null, "className": "scrub_test.TestScrubIndexes", "stderr": null, "errorDetails": null, "skippedMessage": null}, {"skipped": false, "errorStackTrace": null, "duration": 25.158, "name": "test_single_row_deletions", "age": 0, "failedSince": 0, "status": "PASSED", "testActions": [], "stdout": null, "className": "paging_test.TestPagingWithDeletions", "stderr": null, "errorDetails": null, "skippedMessage": null}, {"skipped": false, "errorStackTrace": null, "duration": 24.155, "name": "udt_test", "age": 0, "failedSince": 0, "status": "PASSED", "testActions": [], "stdout": null, "className": "udtencoding_test.TestUDTEncoding", "stderr": null, "errorDetails": null, "skippedMessage": null}, {"skipped": false, "errorStackTrace": null, "duration": 22.059, "name": "test_type_as_clustering_col", "age": 0, "failedSince": 0, "status": "PASSED", "testActions": [], "stdout": null, "className": "user_types_test.TestUserTypes", "stderr": null, "errorDetails": null, "skippedMessage": null}, {"skipped": false, "errorStackTrace": null, "duration": 5.949, "name": "test_no_counters_in_user_types", "age": 0, "failedSince": 0, "status": "PASSED", "testActions": [], "stdout": null, "className": "user_types_test.TestUserTypes", "stderr": null, "errorDetails": null, "skippedMessage": null}, {"skipped": false, "errorStackTrace": null, "duration": 17.057, "name": "modify_and_select_auth_test", "age": 0, "failedSince": 0, "status": "PASSED", "testActions": [], "stdout": null, "className": "auth_test.TestAuth", "stderr": null, "errorDetails": null, "skippedMessage": null}, {"skipped": false, "errorStackTrace": null, "duration": 17.467, "name": "grant_revoke_cleanup_test", "age": 0, "failedSince": 0, "status": "PASSED", "testActions": [], "stdout": null, "className": "auth_test.TestAuth", "stderr": null, "errorDetails": null, "skippedMessage": null}, {"skipped": false, "errorStackTrace": null, "duration": 16.181, "name": "users_cant_alter_their_superuser_status_test", "age": 0, "failedSince": 0, "status": "PASSED", "testActions": [], "stdout": null, "className": "auth_test.TestAuth", "stderr": null, "errorDetails": null, "skippedMessage": null}, {"skipped": false, "errorStackTrace": null, "duration": 11.117, "name": "gc_test", "age": 0, "failedSince": 0, "status": "PASSED", "testActions": [], "stdout": null, "className": "deletion_test.TestDeletion", "stderr": null, "errorDetails": null, "skippedMessage": null}, {"skipped": false, "errorStackTrace": null, "duration": 11.148, "name": "update_single_column_ttl_test", "age": 0, "failedSince": 0, "status": "PASSED", "testActions": [], "stdout": null, "className": "ttl_test.TestTTL", "stderr": null, "errorDetails": null, "skippedMessage": null}, {"skipped": false, "errorStackTrace": null, "duration": 8.11, "name": "test_float_formatting", "age": 0, "failedSince": 0, "status": "PASSED", "testActions": [], "stdout": null, "className": "cqlsh_tests.cqlsh_tests.TestCqlsh", "stderr": null, "errorDetails": null, "skippedMessage": null}, {"skipped": false, "errorStackTrace": null, "duration": 6.757, "name": "test_with_empty_values", "age": 0, "failedSince": 0, "status": "PASSED", "testActions": [], "stdout": "(EE)  ", "className": "cqlsh_tests.cqlsh_tests.TestCqlsh", "stderr": null, "errorDetails": null, "skippedMessage": null}, {"skipped": false, "errorStackTrace": null, "duration": 6.678, "name": "test_quoted_column_names_writing_dont_specify_names", "age": 0, "failedSince": 0, "status": "PASSED", "testActions": [], "stdout": "(EE)  ", "className": "cqlsh_tests.cqlsh_copy_tests.CqlshCopyTest", "stderr": null, "errorDetails": null, "skippedMessage": null}, {"skipped": false, "errorStackTrace": null, "duration": 6.969, "name": "test_wrong_number_of_columns", "age": 0, "failedSince": 0, "status": "PASSED", "testActions": [], "stdout": "(EE)  <stdin>:2:(EE)  list index out of range(EE)  <stdin>:2:Aborting import at record #1. Previously inserted records are still present, and some records after that may be present as well.(EE)  ", "className": "cqlsh_tests.cqlsh_copy_tests.CqlshCopyTest", "stderr": null, "errorDetails": null, "skippedMessage": null}, {"skipped": false, "errorStackTrace": null, "duration": 6.52, "name": "test_explicit_column_order_writing", "age": 0, "failedSince": 0, "status": "PASSED", "testActions": [], "stdout": "(EE)  ", "className": "cqlsh_tests.cqlsh_copy_tests.CqlshCopyTest", "stderr": null, "errorDetails": null, "skippedMessage": null}, {"skipped": false, "errorStackTrace": null, "duration": 7.736, "name": "basic_data_types_test", "age": 0, "failedSince": 0, "status": "PASSED", "testActions": [], "stdout": null, "className": "json_test.FromJsonInsertTests", "stderr": null, "errorDetails": null, "skippedMessage": null}, {"skipped": false, "errorStackTrace": null, "duration": 6.953, "name": "pkey_requirement_test", "age": 0, "failedSince": 0, "status": "PASSED", "testActions": [], "stdout": null, "className": "json_test.JsonFullRowInsertSelect", "stderr": null, "errorDetails": null, "skippedMessage": null}, {"skipped": false, "errorStackTrace": null, "duration": 6.988, "name": "test_batch_mutate_remove_super_columns_entire_row", "age": 0, "failedSince": 0, "status": "PASSED", "testActions": [], "stdout": null, "className": "thrift_tests.TestMutations", "stderr": null, "errorDetails": null, "skippedMessage": null}, {"skipped": false, "errorStackTrace": null, "duration": 6.926, "name": "test_batch_mutate_remove_super_columns_with_none_given_underneath", "age": 0, "failedSince": 0, "status": "PASSED", "testActions": [], "stdout": null, "className": "thrift_tests.TestMutations", "stderr": null, "errorDetails": null, "skippedMessage": null}, {"skipped": false, "errorStackTrace": null, "duration": 6.776, "name": "test_missing_super", "age": 0, "failedSince": 0, "status": "PASSED", "testActions": [], "stdout": null, "className": "thrift_tests.TestMutations", "stderr": null, "errorDetails": null, "skippedMessage": null}, {"skipped": false, "errorStackTrace": null, "duration": 6.587, "name": "test_get_slice_range", "age": 0, "failedSince": 0, "status": "PASSED", "testActions": [], "stdout": null, "className": "thrift_tests.TestMutations", "stderr": null, "errorDetails": null, "skippedMessage": null}, {"skipped": false, "errorStackTrace": null, "duration": 6.574, "name": "test_batch_mutate_insertions_and_deletions", "age": 0, "failedSince": 0, "status": "PASSED", "testActions": [], "stdout": null, "className": "thrift_tests.TestMutations", "stderr": null, "errorDetails": null, "skippedMessage": null}, {"skipped": false, "errorStackTrace": null, "duration": 6.48, "name": "test_describe_keyspace", "age": 0, "failedSince": 0, "status": "PASSED", "testActions": [], "stdout": null, "className": "thrift_tests.TestMutations", "stderr": null, "errorDetails": null, "skippedMessage": null}, {"skipped": false, "errorStackTrace": null, "duration": 6.855, "name": "only_one_timestamp_is_valid_test", "age": 0, "failedSince": 0, "status": "PASSED", "testActions": [], "stdout": null, "className": "batch_test.TestBatch", "stderr": null, "errorDetails": null, "skippedMessage": null}, {"skipped": false, "errorStackTrace": null, "duration": 6.262, "name": "sc_with_row_cache_test", "age": 0, "failedSince": 0, "status": "PASSED", "testActions": [], "stdout": null, "className": "super_column_cache_test.TestSCCache", "stderr": null, "errorDetails": null, "skippedMessage": null}, {"skipped": false, "errorStackTrace": null, "duration": 2517.715, "name": "cfhistograms_test", "age": 0, "failedSince": 0, "status": "PASSED", "testActions": [], "stdout": null, "className": "jmx_test.TestJMX", "stderr": null, "errorDetails": null, "skippedMessage": null}], "name": "nosetests"}], "passCount": 370, "duration": 16124.956, "failCount": 16}}
